info|2019-12-13 22:37:54.600817|[INITIALIZER][initGlobalConfig],enableCompress=true,compatibilityVersion=2.1.0,versionNumber=33619968,chainId=1
info|2019-12-13 22:37:54.704219|[NETWORK][Host]Connecting to node,endpoint=127.0.0.1:30300
info|2019-12-13 22:37:54.704540|[NETWORK][Host]P2P StartAccept,Host=0.0.0.0:30300
info|2019-12-13 22:37:54.705982|[NETWORK][Host]Connecting to node,endpoint=127.0.0.1:30301
info|2019-12-13 22:37:54.706162|[NETWORK][Host]Connecting to node,endpoint=127.0.0.1:30302
info|2019-12-13 22:37:54.706291|[NETWORK][Host]Connecting to node,endpoint=127.0.0.1:30303
info|2019-12-13 22:37:54.706407|[P2P][Service] heartBeat,connected count=0
info|2019-12-13 22:37:54.709877|[CHANNEL]ChannelRPCServer started
info|2019-12-13 22:37:54.709941|[INITIALIZER][RPCInitializer]ChannelRPCHttpServer started.
info|2019-12-13 22:37:54.709995|[LedgerInitializer],groupConfigPath=conf/
info|2019-12-13 22:37:54.707428|[NETWORK][ASIO]asyncResolveConnect,endpoint=127.0.0.1:30300
info|2019-12-13 22:37:54.710999|[INITIALIZER][initSingleLedger] [GroupId]:  1
info|2019-12-13 22:37:54.711067|[g:1][LEDGER]LedgerConstructor,configPath=conf/group.1.genesis,baseDir=data//group1
info|2019-12-13 22:37:54.711096|[g:1][LEDGER][initGenesisConfig]initConsensusConfig/initDBConfig/initTxConfig,configFile=conf/group.1.genesis
info|2019-12-13 22:37:54.711471|[g:1][LEDGER][initConsensusConfig],it.first=3f806b74841629d37e779f7a16561f4795128b422719444dee6e48722102bad01a03dfcadf6e8d7b25d32d9cd72f07d35f577d57e6f154ef60dfef0f2871167e
info|2019-12-13 22:37:54.711503|[NETWORK][ASIO]asyncResolveConnect,endpoint=127.0.0.1:30301
info|2019-12-13 22:37:54.711572|[g:1][LEDGER][initConsensusConfig],it.first=729ae2cc88cbfd90be04d286d54cd5281ebd8d448483ffd6bf10f229b3c35f98333a78bf0598277a577e3f79de477f9fe987ed96188d54a81dba946f6facddae
info|2019-12-13 22:37:54.711630|[g:1][LEDGER][initConsensusConfig],it.first=e441c30060737d3968cd6b17533d74a8d04b2268bcc02f5cab296e57a5ca0ee34190c4cfa4d72a7b51061361e093cd83b2e42e0cc6619907aa42b7bfa7496aaa
info|2019-12-13 22:37:54.711691|[g:1][LEDGER][initConsensusConfig],it.first=8d7b93e87e42afb39b5fcb0158fbd2afaa0b15ddb98a26fbb9f6a00d7aa9bcb3567944a9668175e31aed1e4a539d73b9a2c29d711e0f9c60f8ad9fa38b62feed
info|2019-12-13 22:37:54.711880|[g:1][LEDGER][initIniConfig]initTxPoolConfig/initSyncConfig/initTxExecuteConfig,configFile=conf/group.1.ini
info|2019-12-13 22:37:54.711992|[NETWORK][ASIO]asyncResolveConnect,endpoint=127.0.0.1:30302
info|2019-12-13 22:37:54.712215|[NETWORK][ASIO]asyncResolveConnect,endpoint=127.0.0.1:30303
info|2019-12-13 22:37:54.712712|[NETWORK][Host]P2P Recv Connect, From=127.0.0.1:42746
info|2019-12-13 22:37:54.712879|[NETWORK][Host]P2P StartAccept,Host=0.0.0.0:30300
info|2019-12-13 22:37:54.714173|[g:1][LEDGER][initLedger][DBInitializer]
info|2019-12-13 22:37:54.714253|[g:1][DBINITIALIZER] [initRocksDBStorage]
info|2019-12-13 22:37:54.717111|[g:1][ROCKSDB]open rocksDB handler
info|2019-12-13 22:37:54.724529|[NETWORK][Host]P2P Recv Connect, From=127.0.0.1:42750
info|2019-12-13 22:37:54.724850|[NETWORK][Host]P2P StartAccept,Host=0.0.0.0:30300
info|2019-12-13 22:37:54.731290|[NETWORK][Host]P2P Recv Connect, From=127.0.0.1:42748
info|2019-12-13 22:37:54.731439|[NETWORK][Host]P2P StartAccept,Host=0.0.0.0:30300
info|2019-12-13 22:37:54.746860|[NETWORK][Host]P2P Recv Connect, From=127.0.0.1:42756
info|2019-12-13 22:37:54.746943|[NETWORK][Host]P2P StartAccept,Host=0.0.0.0:30300
info|2019-12-13 22:37:54.778958|[NETWORK][Host]startPeerSession, From=127.0.0.1:42746,nodeID=3f806b74...
info|2019-12-13 22:37:54.785550|[g:1][g:0][STORAGE][CachedStorage]Init flushStorage thread
info|2019-12-13 22:37:54.786621|[NETWORK][Host]startPeerSession, From=127.0.0.1:30300,nodeID=3f806b74...
info|2019-12-13 22:37:54.789002|[NETWORK][Host]startPeerSession, From=127.0.0.1:42750,nodeID=729ae2cc...
info|2019-12-13 22:37:54.789075|[P2P][Service] Connection established,nodeID=729ae2cc...,endpoint=127.0.0.1:42750
info|2019-12-13 22:37:54.789175|[NETWORK][Host]startPeerSession, From=127.0.0.1:30301,nodeID=729ae2cc...
info|2019-12-13 22:37:54.789240|[NETWORK][Host]startPeerSession, From=127.0.0.1:30303,nodeID=8d7b93e8...
info|2019-12-13 22:37:54.789274|[P2P][Service] Connection established,nodeID=8d7b93e8...,endpoint=127.0.0.1:30303
info|2019-12-13 22:37:54.789312|[NETWORK][Host]startPeerSession, From=127.0.0.1:42748,nodeID=e441c300...
info|2019-12-13 22:37:54.789320|[P2P][Service] Connection established,nodeID=e441c300...,endpoint=127.0.0.1:42748
info|2019-12-13 22:37:54.789921|[g:1][BLOCKCHAIN][#checkAndBuildGenesisBlock]Already have the 0th block, 0th groupMark is equal to file groupMark.
info|2019-12-13 22:37:54.791054|[NETWORK][Host]startPeerSession, From=127.0.0.1:30302,nodeID=e441c300...
info|2019-12-13 22:37:54.796325|[NETWORK][Host]startPeerSession, From=127.0.0.1:42756,nodeID=8d7b93e8...
warning|2019-12-13 22:37:54.796405|[NETWORK][Session]doRead error,endpoint=127.0.0.1:42750,message=stream truncated
info|2019-12-13 22:37:54.796415|[NETWORK][Session]drop, call and erase all callbackFunc in this session!,endpoint=127.0.0.1:42750
warning|2019-12-13 22:37:54.796426|[NETWORK][Session][drop] closing remote 0.0.0.0:0,reason=Low-level TCP communication error.,endpoint=127.0.0.1:42750
warning|2019-12-13 22:37:54.796431|[P2P][Service] disconnect error P2PSession,nodeID=729ae2cc...,endpoint=127.0.0.1:42750,errorCode=3,what=Disconnect
warning|2019-12-13 22:37:54.796447|[P2P][Service] onDisconnect,errorCode=3,what=Dynamic exception type: dev::network::NetworkException
std::exception::what: Disconnect

warning|2019-12-13 22:37:54.796484|[NETWORK][Session]doRead error,endpoint=127.0.0.1:42748,message=stream truncated
info|2019-12-13 22:37:54.796492|[NETWORK][Session]drop, call and erase all callbackFunc in this session!,endpoint=127.0.0.1:42748
warning|2019-12-13 22:37:54.796502|[NETWORK][Session][drop] closing remote 0.0.0.0:0,reason=Low-level TCP communication error.,endpoint=127.0.0.1:42748
warning|2019-12-13 22:37:54.796506|[P2P][Service] disconnect error P2PSession,nodeID=e441c300...,endpoint=127.0.0.1:42748,errorCode=3,what=Disconnect
warning|2019-12-13 22:37:54.796517|[P2P][Service] onDisconnect,errorCode=3,what=Dynamic exception type: dev::network::NetworkException
std::exception::what: Disconnect

warning|2019-12-13 22:37:54.796529|[NETWORK][Session][drop] shutdown failed ,errorValue=9,message=错误的文件描述符
warning|2019-12-13 22:37:54.796540|[NETWORK][Session][drop] shutdown failed ,errorValue=9,message=错误的文件描述符
info|2019-12-13 22:37:54.798879|[g:1][CONSENSUS][PBFT]Register handler for PBFTEngine
info|2019-12-13 22:37:54.798894|[g:1][CONSENSUS][PBFT],minBlockGenerationTime=500
info|2019-12-13 22:37:54.798910|[LedgerInitializer init group succ],groupID=1
info|2019-12-13 22:37:54.799073|[INITIALIZER][RPCInitializer]JsonrpcHttpServer started.
info|2019-12-13 22:37:54.799083|[g:1][LEDGER]startAll...
info|2019-12-13 22:37:54.799596|[g:1][CONSENSUS][PBFT]^^^^^^^^Report,num=141,sealerIdx=3,hash=42223d64...,next=142,tx=1,nodeIdx=0
info|2019-12-13 22:37:54.838256|[g:1][CONSENSUS][PBFT][PBFT init env successfully]
info|2019-12-13 22:37:54.838308|[g:1][CONSENSUS][ConsensusEngine][Start ConsensusEngineBase]
info|2019-12-13 22:37:54.839242|[g:1][CONSENSUS][PBFT][Start PBFTEngine...]
info|2019-12-13 22:37:54.839308|[g:1][CONSENSUS][SEALER][Start sealer module]
info|2019-12-13 22:37:54.840673|[g:1][EVENT][EventLogFilterManager]start,m_maxBlockRange=0,m_maxBlockPerLoopFilter=3
info|2019-12-13 22:37:55.844082|[g:1][CONSENSUS]addRawPrepare,height=142,reqIdx=1,hash=1e5fc904...
info|2019-12-13 22:37:55.846032|[g:1][CONSENSUS][PBFT]checkTimeout Succ,view=0,toView=1,nodeIdx=0,changeCycle=0,myNode=3f806b74...,timecost=1.661
info|2019-12-13 22:37:55.851421|[g:1][CONSENSUS][PBFT]checkAndChangeView: Reach consensus,org_view=0,org_changeCycle=0,cur_changeCycle=0,to_view=1
info|2019-12-13 22:37:56.854121|[g:1][CONSENSUS]addRawPrepare,height=142,reqIdx=2,hash=6b15a0e5...
info|2019-12-13 22:37:56.856224|[g:1][CONSENSUS][PBFT]checkTimeout Succ,view=1,toView=2,nodeIdx=0,changeCycle=0,myNode=3f806b74...,timecost=1.91
info|2019-12-13 22:37:56.905693|[g:1][CONSENSUS][PBFT]checkAndChangeView: Reach consensus,org_view=1,org_changeCycle=0,cur_changeCycle=0,to_view=2
info|2019-12-13 22:37:57.867368|[g:1][CONSENSUS]addRawPrepare,height=142,reqIdx=3,hash=ffb77b5b...
info|2019-12-13 22:37:57.869562|[g:1][CONSENSUS][PBFT]checkTimeout Succ,view=2,toView=3,nodeIdx=0,changeCycle=0,myNode=3f806b74...,timecost=1.967
info|2019-12-13 22:37:57.874253|[g:1][CONSENSUS][PBFT]checkAndChangeView: Reach consensus,org_view=2,org_changeCycle=0,cur_changeCycle=0,to_view=3
info|2019-12-13 22:37:58.875118|[g:1][CONSENSUS][SEALER]++++++++++++++++ Generating seal on,blkNum=142,tx=0,nodeIdx=0,hash=b020c548...
info|2019-12-13 22:37:58.881062|[g:1][CONSENSUS][PBFT]checkTimeout Succ,view=3,toView=4,nodeIdx=0,changeCycle=0,myNode=3f806b74...,timecost=2.102
info|2019-12-13 22:37:58.888725|[g:1][CONSENSUS][PBFT]checkAndChangeView: Reach consensus,org_view=3,org_changeCycle=0,cur_changeCycle=0,to_view=4
info|2019-12-13 22:37:59.888452|[g:1][CONSENSUS]addRawPrepare,height=142,reqIdx=1,hash=9d062469...
info|2019-12-13 22:37:59.889208|[g:1][CONSENSUS][PBFT]checkTimeout Succ,view=4,toView=5,nodeIdx=0,changeCycle=0,myNode=3f806b74...,timecost=0.703
info|2019-12-13 22:37:59.890254|[g:1][CONSENSUS][PBFT]checkAndChangeView: Reach consensus,org_view=4,org_changeCycle=0,cur_changeCycle=0,to_view=5
info|2019-12-13 22:38:00.890719|[g:1][CONSENSUS]addRawPrepare,height=142,reqIdx=2,hash=ff56cf25...
info|2019-12-13 22:38:00.891268|[g:1][CONSENSUS][PBFT]checkTimeout Succ,view=5,toView=6,nodeIdx=0,changeCycle=0,myNode=3f806b74...,timecost=0.501
info|2019-12-13 22:38:00.932508|[g:1][CONSENSUS][PBFT]checkAndChangeView: Reach consensus,org_view=5,org_changeCycle=0,cur_changeCycle=0,to_view=6
info|2019-12-13 22:38:01.894975|[g:1][CONSENSUS]addRawPrepare,height=142,reqIdx=3,hash=8be9b496...
info|2019-12-13 22:38:01.895347|[g:1][CONSENSUS][PBFT]checkTimeout Succ,view=6,toView=7,nodeIdx=0,changeCycle=0,myNode=3f806b74...,timecost=0.336
info|2019-12-13 22:38:01.896671|[g:1][CONSENSUS][PBFT]checkAndChangeView: Reach consensus,org_view=6,org_changeCycle=0,cur_changeCycle=0,to_view=7
info|2019-12-13 22:38:02.896911|[g:1][CONSENSUS][SEALER]++++++++++++++++ Generating seal on,blkNum=142,tx=0,nodeIdx=0,hash=5da0f3f7...
info|2019-12-13 22:38:02.897840|[g:1][CONSENSUS][PBFT]checkTimeout Succ,view=7,toView=8,nodeIdx=0,changeCycle=0,myNode=3f806b74...,timecost=0.367
info|2019-12-13 22:38:02.901649|[g:1][CONSENSUS][PBFT]checkAndChangeView: Reach consensus,org_view=7,org_changeCycle=0,cur_changeCycle=0,to_view=8
info|2019-12-13 22:38:03.903704|[g:1][CONSENSUS]addRawPrepare,height=142,reqIdx=1,hash=4e759a03...
info|2019-12-13 22:38:03.903990|[g:1][CONSENSUS][PBFT]checkTimeout Succ,view=8,toView=9,nodeIdx=0,changeCycle=0,myNode=3f806b74...,timecost=0.256
info|2019-12-13 22:38:03.905293|[g:1][CONSENSUS][PBFT]checkAndChangeView: Reach consensus,org_view=8,org_changeCycle=0,cur_changeCycle=0,to_view=9
info|2019-12-13 22:38:04.706467|[NETWORK][Host]Connecting to node,endpoint=127.0.0.1:30301
info|2019-12-13 22:38:04.706501|[NETWORK][Host]Connecting to node,endpoint=127.0.0.1:30302
info|2019-12-13 22:38:04.706525|[P2P][Service] heartBeat,connected count=1
info|2019-12-13 22:38:04.706627|[NETWORK][ASIO]asyncResolveConnect,endpoint=127.0.0.1:30301
info|2019-12-13 22:38:04.706663|[NETWORK][ASIO]asyncResolveConnect,endpoint=127.0.0.1:30302
info|2019-12-13 22:38:04.706685|[NETWORK][Host]P2P Recv Connect, From=127.0.0.1:42784
info|2019-12-13 22:38:04.706713|[NETWORK][Host]P2P StartAccept,Host=0.0.0.0:30300
info|2019-12-13 22:38:04.708991|[NETWORK][Host]P2P Recv Connect, From=127.0.0.1:42782
info|2019-12-13 22:38:04.709015|[NETWORK][Host]P2P StartAccept,Host=0.0.0.0:30300
info|2019-12-13 22:38:04.723101|[P2P][Service] Connection established,nodeID=729ae2cc...,endpoint=127.0.0.1:30301
info|2019-12-13 22:38:04.723116|[NETWORK][Host]startPeerSession, From=127.0.0.1:30301,nodeID=729ae2cc...
info|2019-12-13 22:38:04.723171|[NETWORK][Host]startPeerSession, From=127.0.0.1:30302,nodeID=e441c300...
info|2019-12-13 22:38:04.723200|[P2P][Service] Connection established,nodeID=e441c300...,endpoint=127.0.0.1:30302
info|2019-12-13 22:38:04.723251|[NETWORK][Host]startPeerSession, From=127.0.0.1:42784,nodeID=e441c300...
info|2019-12-13 22:38:04.723325|[NETWORK][Host]startPeerSession, From=127.0.0.1:42782,nodeID=729ae2cc...
info|2019-12-13 22:38:04.910315|[g:1][CONSENSUS]addRawPrepare,height=142,reqIdx=2,hash=7386fa80...
info|2019-12-13 22:38:04.910762|[g:1][CONSENSUS][PBFT]checkTimeout Succ,view=9,toView=10,nodeIdx=0,changeCycle=0,myNode=3f806b74...,timecost=0.321
info|2019-12-13 22:38:04.912840|[g:1][CONSENSUS][PBFT]checkAndChangeView: Reach consensus,org_view=9,org_changeCycle=0,cur_changeCycle=0,to_view=10
info|2019-12-13 22:38:05.913958|[g:1][CONSENSUS]addRawPrepare,height=142,reqIdx=3,hash=a6798214...
info|2019-12-13 22:38:05.914757|[g:1][CONSENSUS][PBFT]checkTimeout Succ,view=10,toView=11,nodeIdx=0,changeCycle=0,myNode=3f806b74...,timecost=0.709
info|2019-12-13 22:38:05.915650|[g:1][CONSENSUS][PBFT]checkAndChangeView: Reach consensus,org_view=10,org_changeCycle=0,cur_changeCycle=0,to_view=11
info|2019-12-13 22:38:06.916003|[g:1][CONSENSUS][SEALER]++++++++++++++++ Generating seal on,blkNum=142,tx=0,nodeIdx=0,hash=ef0c1f6c...
info|2019-12-13 22:38:06.918298|[g:1][CONSENSUS][PBFT]checkTimeout Succ,view=11,toView=12,nodeIdx=0,changeCycle=0,myNode=3f806b74...,timecost=0.347
info|2019-12-13 22:38:06.918816|[g:1][CONSENSUS][PBFT]checkAndChangeView: Reach consensus,org_view=11,org_changeCycle=0,cur_changeCycle=0,to_view=12
info|2019-12-13 22:38:07.922752|[g:1][CONSENSUS]addRawPrepare,height=142,reqIdx=1,hash=ccfb7d97...
info|2019-12-13 22:38:07.925255|[g:1][CONSENSUS][PBFT]checkTimeout Succ,view=12,toView=13,nodeIdx=0,changeCycle=0,myNode=3f806b74...,timecost=1.961
info|2019-12-13 22:38:07.927491|[g:1][CONSENSUS][PBFT]checkAndChangeView: Reach consensus,org_view=12,org_changeCycle=0,cur_changeCycle=0,to_view=13
info|2019-12-13 22:38:08.932616|[g:1][CONSENSUS]addRawPrepare,height=142,reqIdx=2,hash=71ceaa05...
info|2019-12-13 22:38:08.932898|[g:1][CONSENSUS][PBFT]checkTimeout Succ,view=13,toView=14,nodeIdx=0,changeCycle=0,myNode=3f806b74...,timecost=0.248
info|2019-12-13 22:38:08.934883|[g:1][CONSENSUS][PBFT]checkAndChangeView: Reach consensus,org_view=13,org_changeCycle=0,cur_changeCycle=0,to_view=14
info|2019-12-13 22:38:09.942231|[g:1][CONSENSUS]addRawPrepare,height=142,reqIdx=3,hash=8c48c797...
info|2019-12-13 22:38:09.942643|[g:1][CONSENSUS][PBFT]checkTimeout Succ,view=14,toView=15,nodeIdx=0,changeCycle=0,myNode=3f806b74...,timecost=0.321
info|2019-12-13 22:38:09.945482|[g:1][CONSENSUS][PBFT]checkAndChangeView: Reach consensus,org_view=14,org_changeCycle=0,cur_changeCycle=0,to_view=15
info|2019-12-13 22:38:10.945621|[g:1][CONSENSUS][SEALER]++++++++++++++++ Generating seal on,blkNum=142,tx=0,nodeIdx=0,hash=4affb5a1...
info|2019-12-13 22:38:10.946271|[g:1][CONSENSUS][PBFT]checkTimeout Succ,view=15,toView=16,nodeIdx=0,changeCycle=0,myNode=3f806b74...,timecost=0.274
info|2019-12-13 22:38:10.950952|[g:1][CONSENSUS][PBFT]checkAndChangeView: Reach consensus,org_view=15,org_changeCycle=0,cur_changeCycle=0,to_view=16
info|2019-12-13 22:38:11.950871|[g:1][CONSENSUS]addRawPrepare,height=142,reqIdx=1,hash=a55efd98...
info|2019-12-13 22:38:11.951251|[g:1][CONSENSUS][PBFT]checkTimeout Succ,view=16,toView=17,nodeIdx=0,changeCycle=0,myNode=3f806b74...,timecost=0.268
info|2019-12-13 22:38:11.954467|[g:1][CONSENSUS][PBFT]checkAndChangeView: Reach consensus,org_view=16,org_changeCycle=0,cur_changeCycle=0,to_view=17
info|2019-12-13 22:38:12.955225|[g:1][CONSENSUS]addRawPrepare,height=142,reqIdx=2,hash=b9d2c051...
info|2019-12-13 22:38:12.955545|[g:1][CONSENSUS][PBFT]checkTimeout Succ,view=17,toView=18,nodeIdx=0,changeCycle=0,myNode=3f806b74...,timecost=0.28
info|2019-12-13 22:38:12.958037|[g:1][CONSENSUS][PBFT]checkAndChangeView: Reach consensus,org_view=17,org_changeCycle=0,cur_changeCycle=0,to_view=18
info|2019-12-13 22:38:13.959522|[g:1][CONSENSUS]addRawPrepare,height=142,reqIdx=3,hash=a33a65c9...
info|2019-12-13 22:38:13.959892|[g:1][CONSENSUS][PBFT]checkTimeout Succ,view=18,toView=19,nodeIdx=0,changeCycle=0,myNode=3f806b74...,timecost=0.273
info|2019-12-13 22:38:13.962313|[g:1][CONSENSUS][PBFT]checkAndChangeView: Reach consensus,org_view=18,org_changeCycle=0,cur_changeCycle=0,to_view=19
info|2019-12-13 22:38:14.706562|[P2P][Service] heartBeat,connected count=3
info|2019-12-13 22:38:14.962989|[g:1][CONSENSUS][SEALER]++++++++++++++++ Generating seal on,blkNum=142,tx=0,nodeIdx=0,hash=c5078af7...
info|2019-12-13 22:38:14.967384|[g:1][CONSENSUS][PBFT]checkTimeout Succ,view=19,toView=20,nodeIdx=0,changeCycle=0,myNode=3f806b74...,timecost=0.283
info|2019-12-13 22:38:14.970182|[g:1][CONSENSUS][PBFT]checkAndChangeView: Reach consensus,org_view=19,org_changeCycle=0,cur_changeCycle=0,to_view=20
info|2019-12-13 22:38:15.969316|[g:1][CONSENSUS]addRawPrepare,height=142,reqIdx=1,hash=823c0d31...
info|2019-12-13 22:38:15.969687|[g:1][CONSENSUS][PBFT]checkTimeout Succ,view=20,toView=21,nodeIdx=0,changeCycle=0,myNode=3f806b74...,timecost=0.288
info|2019-12-13 22:38:15.972163|[g:1][CONSENSUS][PBFT]checkAndChangeView: Reach consensus,org_view=20,org_changeCycle=0,cur_changeCycle=0,to_view=21
info|2019-12-13 22:38:16.974526|[g:1][CONSENSUS]addRawPrepare,height=142,reqIdx=2,hash=94341e2a...
info|2019-12-13 22:38:16.974832|[g:1][CONSENSUS][PBFT]checkTimeout Succ,view=21,toView=22,nodeIdx=0,changeCycle=0,myNode=3f806b74...,timecost=0.271
info|2019-12-13 22:38:16.977293|[g:1][CONSENSUS][PBFT]checkAndChangeView: Reach consensus,org_view=21,org_changeCycle=0,cur_changeCycle=0,to_view=22
info|2019-12-13 22:38:17.978594|[g:1][CONSENSUS]addRawPrepare,height=142,reqIdx=3,hash=0eb721e3...
info|2019-12-13 22:38:17.978934|[g:1][CONSENSUS][PBFT]checkTimeout Succ,view=22,toView=23,nodeIdx=0,changeCycle=0,myNode=3f806b74...,timecost=0.262
info|2019-12-13 22:38:17.980834|[g:1][CONSENSUS][PBFT]checkAndChangeView: Reach consensus,org_view=22,org_changeCycle=0,cur_changeCycle=0,to_view=23
info|2019-12-13 22:38:18.980821|[g:1][CONSENSUS][SEALER]++++++++++++++++ Generating seal on,blkNum=142,tx=0,nodeIdx=0,hash=b75fb5c8...
info|2019-12-13 22:38:18.983933|[g:1][CONSENSUS][PBFT]checkTimeout Succ,view=23,toView=24,nodeIdx=0,changeCycle=0,myNode=3f806b74...,timecost=0.276
info|2019-12-13 22:38:18.984703|[g:1][CONSENSUS][PBFT]checkAndChangeView: Reach consensus,org_view=23,org_changeCycle=0,cur_changeCycle=0,to_view=24
info|2019-12-13 22:38:19.990324|[g:1][CONSENSUS]addRawPrepare,height=142,reqIdx=1,hash=d0921d59...
info|2019-12-13 22:38:19.998793|[g:1][CONSENSUS][PBFT]checkTimeout Succ,view=24,toView=25,nodeIdx=0,changeCycle=0,myNode=3f806b74...,timecost=8.055
info|2019-12-13 22:38:20.018194|[g:1][CONSENSUS][PBFT]checkAndChangeView: Reach consensus,org_view=24,org_changeCycle=0,cur_changeCycle=0,to_view=25
info|2019-12-13 22:38:21.024452|[g:1][CONSENSUS]addRawPrepare,height=142,reqIdx=2,hash=5e3c0cac...
info|2019-12-13 22:38:21.024758|[g:1][CONSENSUS][PBFT]checkTimeout Succ,view=25,toView=26,nodeIdx=0,changeCycle=0,myNode=3f806b74...,timecost=0.274
info|2019-12-13 22:38:21.026696|[g:1][CONSENSUS][PBFT]checkAndChangeView: Reach consensus,org_view=25,org_changeCycle=0,cur_changeCycle=0,to_view=26
info|2019-12-13 22:38:22.028654|[g:1][CONSENSUS]addRawPrepare,height=142,reqIdx=3,hash=73f387f3...
info|2019-12-13 22:38:22.029208|[g:1][CONSENSUS][PBFT]checkTimeout Succ,view=26,toView=27,nodeIdx=0,changeCycle=0,myNode=3f806b74...,timecost=0.452
info|2019-12-13 22:38:22.030204|[g:1][CONSENSUS][PBFT]checkAndChangeView: Reach consensus,org_view=26,org_changeCycle=0,cur_changeCycle=0,to_view=27
warning|2019-12-13 22:38:22.145246|[CHANNEL]SSL handshake error,message=sslv3 alert certificate unknown
info|2019-12-13 22:38:23.030965|[g:1][CONSENSUS][SEALER]++++++++++++++++ Generating seal on,blkNum=142,tx=0,nodeIdx=0,hash=ef5db3e8...
info|2019-12-13 22:38:23.034498|[g:1][CONSENSUS][PBFT]checkTimeout Succ,view=27,toView=28,nodeIdx=0,changeCycle=0,myNode=3f806b74...,timecost=1.394
info|2019-12-13 22:38:23.055359|[g:1][CONSENSUS][PBFT]checkAndChangeView: Reach consensus,org_view=27,org_changeCycle=0,cur_changeCycle=0,to_view=28
warning|2019-12-13 22:38:23.931668|[CHANNEL]SSL handshake error,message=sslv3 alert certificate unknown
info|2019-12-13 22:38:24.051737|[g:1][CONSENSUS]addRawPrepare,height=142,reqIdx=1,hash=c69addd7...
info|2019-12-13 22:38:24.053389|[g:1][CONSENSUS][PBFT]checkTimeout Succ,view=28,toView=29,nodeIdx=0,changeCycle=0,myNode=3f806b74...,timecost=1.317
info|2019-12-13 22:38:24.059767|[g:1][CONSENSUS][PBFT]checkAndChangeView: Reach consensus,org_view=28,org_changeCycle=0,cur_changeCycle=0,to_view=29
info|2019-12-13 22:38:24.706785|[P2P][Service] heartBeat,connected count=3
info|2019-12-13 22:38:25.067777|[g:1][CONSENSUS]addRawPrepare,height=142,reqIdx=2,hash=5bfce8a3...
info|2019-12-13 22:38:25.070573|[g:1][CONSENSUS][PBFT]checkTimeout Succ,view=29,toView=30,nodeIdx=0,changeCycle=0,myNode=3f806b74...,timecost=1.869
info|2019-12-13 22:38:25.076767|[g:1][CONSENSUS][PBFT]checkAndChangeView: Reach consensus,org_view=29,org_changeCycle=0,cur_changeCycle=0,to_view=30
warning|2019-12-13 22:38:25.913467|[CHANNEL]SSL handshake error,message=sslv3 alert certificate unknown
info|2019-12-13 22:38:26.080797|[g:1][CONSENSUS]addRawPrepare,height=142,reqIdx=3,hash=383c6c47...
info|2019-12-13 22:38:26.086671|[g:1][CONSENSUS][PBFT]checkTimeout Succ,view=30,toView=31,nodeIdx=0,changeCycle=0,myNode=3f806b74...,timecost=2.867
info|2019-12-13 22:38:26.091194|[g:1][CONSENSUS][PBFT]checkAndChangeView: Reach consensus,org_view=30,org_changeCycle=0,cur_changeCycle=0,to_view=31
info|2019-12-13 22:38:27.092068|[g:1][CONSENSUS][SEALER]++++++++++++++++ Generating seal on,blkNum=142,tx=0,nodeIdx=0,hash=0580e76e...
info|2019-12-13 22:38:27.095775|[g:1][CONSENSUS][PBFT]checkTimeout Succ,view=31,toView=32,nodeIdx=0,changeCycle=0,myNode=3f806b74...,timecost=0.558
info|2019-12-13 22:38:27.096629|[g:1][CONSENSUS][PBFT]checkAndChangeView: Reach consensus,org_view=31,org_changeCycle=0,cur_changeCycle=0,to_view=32
warning|2019-12-13 22:38:27.863818|[CHANNEL]SSL handshake error,message=sslv3 alert certificate unknown
info|2019-12-13 22:38:28.097697|[g:1][CONSENSUS]addRawPrepare,height=142,reqIdx=1,hash=47d4f9bd...
info|2019-12-13 22:38:28.098093|[g:1][CONSENSUS][PBFT]checkTimeout Succ,view=32,toView=33,nodeIdx=0,changeCycle=0,myNode=3f806b74...,timecost=0.304
info|2019-12-13 22:38:28.098968|[g:1][CONSENSUS][PBFT]checkAndChangeView: Reach consensus,org_view=32,org_changeCycle=0,cur_changeCycle=0,to_view=33
info|2019-12-13 22:38:29.104338|[g:1][CONSENSUS]addRawPrepare,height=142,reqIdx=2,hash=18bd0d96...
info|2019-12-13 22:38:29.113608|[g:1][CONSENSUS][PBFT]checkTimeout Succ,view=33,toView=34,nodeIdx=0,changeCycle=0,myNode=3f806b74...,timecost=7.772
info|2019-12-13 22:38:29.118441|[g:1][CONSENSUS][PBFT]checkAndChangeView: Reach consensus,org_view=33,org_changeCycle=0,cur_changeCycle=0,to_view=34
warning|2019-12-13 22:38:29.897488|[CHANNEL]SSL handshake error,message=sslv3 alert certificate unknown
info|2019-12-13 22:38:30.116984|[g:1][CONSENSUS]addRawPrepare,height=142,reqIdx=3,hash=4726a945...
info|2019-12-13 22:38:30.118853|[g:1][CONSENSUS][PBFT]checkTimeout Succ,view=34,toView=35,nodeIdx=0,changeCycle=0,myNode=3f806b74...,timecost=1.489
info|2019-12-13 22:38:30.126884|[g:1][CONSENSUS][PBFT]checkAndChangeView: Reach consensus,org_view=34,org_changeCycle=0,cur_changeCycle=0,to_view=35
info|2019-12-13 22:38:31.128120|[g:1][CONSENSUS][SEALER]++++++++++++++++ Generating seal on,blkNum=142,tx=0,nodeIdx=0,hash=0c1447e0...
info|2019-12-13 22:38:31.133138|[g:1][CONSENSUS][PBFT]checkTimeout Succ,view=35,toView=36,nodeIdx=0,changeCycle=0,myNode=3f806b74...,timecost=2.683
info|2019-12-13 22:38:31.141010|[g:1][CONSENSUS][PBFT]checkAndChangeView: Reach consensus,org_view=35,org_changeCycle=0,cur_changeCycle=0,to_view=36
warning|2019-12-13 22:38:31.917097|[CHANNEL]SSL handshake error,message=sslv3 alert certificate unknown
info|2019-12-13 22:38:32.148901|[g:1][CONSENSUS]addRawPrepare,height=142,reqIdx=1,hash=a2725556...
info|2019-12-13 22:38:32.155635|[g:1][CONSENSUS][PBFT]checkTimeout Succ,view=36,toView=37,nodeIdx=0,changeCycle=0,myNode=3f806b74...,timecost=6.205
info|2019-12-13 22:38:32.168706|[g:1][CONSENSUS][PBFT]checkAndChangeView: Reach consensus,org_view=36,org_changeCycle=0,cur_changeCycle=0,to_view=37
info|2019-12-13 22:38:33.174064|[g:1][CONSENSUS]addRawPrepare,height=142,reqIdx=2,hash=f2b7d4a0...
info|2019-12-13 22:38:33.176520|[g:1][CONSENSUS][PBFT]checkTimeout Succ,view=37,toView=38,nodeIdx=0,changeCycle=0,myNode=3f806b74...,timecost=1.505
info|2019-12-13 22:38:33.183659|[g:1][CONSENSUS][PBFT]checkAndChangeView: Reach consensus,org_view=37,org_changeCycle=0,cur_changeCycle=0,to_view=38
info|2019-12-13 22:38:34.192061|[g:1][CONSENSUS]addRawPrepare,height=142,reqIdx=3,hash=749f20d7...
info|2019-12-13 22:38:34.194092|[g:1][CONSENSUS][PBFT]checkTimeout Succ,view=38,toView=39,nodeIdx=0,changeCycle=0,myNode=3f806b74...,timecost=1.519
info|2019-12-13 22:38:34.201879|[g:1][CONSENSUS][PBFT]checkAndChangeView: Reach consensus,org_view=38,org_changeCycle=0,cur_changeCycle=0,to_view=39
info|2019-12-13 22:38:34.707165|[P2P][Service] heartBeat,connected count=3
info|2019-12-13 22:38:35.202975|[g:1][CONSENSUS][SEALER]++++++++++++++++ Generating seal on,blkNum=142,tx=0,nodeIdx=0,hash=b7bf407a...
info|2019-12-13 22:38:35.211204|[g:1][CONSENSUS][PBFT]checkTimeout Succ,view=39,toView=40,nodeIdx=0,changeCycle=0,myNode=3f806b74...,timecost=1.559
info|2019-12-13 22:38:35.224654|[g:1][CONSENSUS][PBFT]checkAndChangeView: Reach consensus,org_view=39,org_changeCycle=0,cur_changeCycle=0,to_view=40
info|2019-12-13 22:38:36.225164|[g:1][CONSENSUS]addRawPrepare,height=142,reqIdx=1,hash=c36d9c24...
info|2019-12-13 22:38:36.226976|[g:1][CONSENSUS][PBFT]checkTimeout Succ,view=40,toView=41,nodeIdx=0,changeCycle=0,myNode=3f806b74...,timecost=0.584
info|2019-12-13 22:38:36.228836|[g:1][CONSENSUS][PBFT]checkAndChangeView: Reach consensus,org_view=40,org_changeCycle=0,cur_changeCycle=0,to_view=41
info|2019-12-13 22:38:37.230779|[g:1][CONSENSUS]addRawPrepare,height=142,reqIdx=2,hash=f49473cc...
info|2019-12-13 22:38:37.231113|[g:1][CONSENSUS][PBFT]checkTimeout Succ,view=41,toView=42,nodeIdx=0,changeCycle=0,myNode=3f806b74...,timecost=0.261
info|2019-12-13 22:38:37.233640|[g:1][CONSENSUS][PBFT]checkAndChangeView: Reach consensus,org_view=41,org_changeCycle=0,cur_changeCycle=0,to_view=42
info|2019-12-13 22:38:38.233740|[g:1][CONSENSUS]addRawPrepare,height=142,reqIdx=3,hash=2979f36f...
info|2019-12-13 22:38:38.234280|[g:1][CONSENSUS][PBFT]checkTimeout Succ,view=42,toView=43,nodeIdx=0,changeCycle=0,myNode=3f806b74...,timecost=0.346
info|2019-12-13 22:38:38.236953|[g:1][CONSENSUS][PBFT]checkAndChangeView: Reach consensus,org_view=42,org_changeCycle=0,cur_changeCycle=0,to_view=43
info|2019-12-13 22:38:39.237266|[g:1][CONSENSUS][SEALER]++++++++++++++++ Generating seal on,blkNum=142,tx=0,nodeIdx=0,hash=95704be9...
info|2019-12-13 22:38:39.240683|[g:1][CONSENSUS][PBFT]checkTimeout Succ,view=43,toView=44,nodeIdx=0,changeCycle=0,myNode=3f806b74...,timecost=0.384
info|2019-12-13 22:38:39.241313|[g:1][CONSENSUS][PBFT]checkAndChangeView: Reach consensus,org_view=43,org_changeCycle=0,cur_changeCycle=0,to_view=44
info|2019-12-13 22:38:40.246449|[g:1][CONSENSUS]addRawPrepare,height=142,reqIdx=1,hash=9618cffe...
info|2019-12-13 22:38:40.249681|[g:1][CONSENSUS][PBFT]checkTimeout Succ,view=44,toView=45,nodeIdx=0,changeCycle=0,myNode=3f806b74...,timecost=2.706
info|2019-12-13 22:38:40.255840|[g:1][CONSENSUS][PBFT]checkAndChangeView: Reach consensus,org_view=44,org_changeCycle=0,cur_changeCycle=0,to_view=45
info|2019-12-13 22:38:41.261900|[g:1][CONSENSUS]addRawPrepare,height=142,reqIdx=2,hash=5036b760...
info|2019-12-13 22:38:41.265321|[g:1][CONSENSUS][PBFT]checkTimeout Succ,view=45,toView=46,nodeIdx=0,changeCycle=0,myNode=3f806b74...,timecost=2.763
info|2019-12-13 22:38:41.268375|[g:1][CONSENSUS][PBFT]checkAndChangeView: Reach consensus,org_view=45,org_changeCycle=0,cur_changeCycle=0,to_view=46
info|2019-12-13 22:38:42.267863|[g:1][CONSENSUS]addRawPrepare,height=142,reqIdx=3,hash=f4966a5c...
info|2019-12-13 22:38:42.268260|[g:1][CONSENSUS][PBFT]checkTimeout Succ,view=46,toView=47,nodeIdx=0,changeCycle=0,myNode=3f806b74...,timecost=0.332
info|2019-12-13 22:38:42.269324|[g:1][CONSENSUS][PBFT]checkAndChangeView: Reach consensus,org_view=46,org_changeCycle=0,cur_changeCycle=0,to_view=47
info|2019-12-13 22:38:43.269582|[g:1][CONSENSUS][SEALER]++++++++++++++++ Generating seal on,blkNum=142,tx=0,nodeIdx=0,hash=c00e9de4...
info|2019-12-13 22:38:43.275882|[g:1][CONSENSUS][PBFT]checkTimeout Succ,view=47,toView=48,nodeIdx=0,changeCycle=0,myNode=3f806b74...,timecost=1.94
info|2019-12-13 22:38:43.277195|[g:1][CONSENSUS][PBFT]checkAndChangeView: Reach consensus,org_view=47,org_changeCycle=0,cur_changeCycle=0,to_view=48
info|2019-12-13 22:38:44.279727|[g:1][CONSENSUS]addRawPrepare,height=142,reqIdx=1,hash=15b68bc8...
info|2019-12-13 22:38:44.282189|[g:1][CONSENSUS][PBFT]checkTimeout Succ,view=48,toView=49,nodeIdx=0,changeCycle=0,myNode=3f806b74...,timecost=2.336
info|2019-12-13 22:38:44.283159|[g:1][CONSENSUS][PBFT]checkAndChangeView: Reach consensus,org_view=48,org_changeCycle=0,cur_changeCycle=0,to_view=49
info|2019-12-13 22:38:44.707535|[P2P][Service] heartBeat,connected count=3
info|2019-12-13 22:38:45.286060|[g:1][CONSENSUS]addRawPrepare,height=142,reqIdx=2,hash=666c114e...
info|2019-12-13 22:38:45.286444|[g:1][CONSENSUS][PBFT]checkTimeout Succ,view=49,toView=50,nodeIdx=0,changeCycle=0,myNode=3f806b74...,timecost=0.354
info|2019-12-13 22:38:45.290303|[g:1][CONSENSUS][PBFT]checkAndChangeView: Reach consensus,org_view=49,org_changeCycle=0,cur_changeCycle=0,to_view=50
info|2019-12-13 22:38:46.294526|[g:1][CONSENSUS]addRawPrepare,height=142,reqIdx=3,hash=5f40f37f...
info|2019-12-13 22:38:46.297075|[g:1][CONSENSUS][PBFT]checkTimeout Succ,view=50,toView=51,nodeIdx=0,changeCycle=0,myNode=3f806b74...,timecost=2.063
info|2019-12-13 22:38:46.311188|[g:1][CONSENSUS][PBFT]checkAndChangeView: Reach consensus,org_view=50,org_changeCycle=0,cur_changeCycle=0,to_view=51
info|2019-12-13 22:38:47.311292|[g:1][CONSENSUS][SEALER]++++++++++++++++ Generating seal on,blkNum=142,tx=0,nodeIdx=0,hash=c2e0d44f...
info|2019-12-13 22:38:47.312376|[g:1][CONSENSUS][PBFT]checkTimeout Succ,view=51,toView=52,nodeIdx=0,changeCycle=0,myNode=3f806b74...,timecost=0.327
info|2019-12-13 22:38:47.314833|[g:1][CONSENSUS][PBFT]checkAndChangeView: Reach consensus,org_view=51,org_changeCycle=0,cur_changeCycle=0,to_view=52
info|2019-12-13 22:38:48.320848|[g:1][CONSENSUS]addRawPrepare,height=142,reqIdx=1,hash=fa314d32...
info|2019-12-13 22:38:48.325483|[g:1][CONSENSUS][PBFT]checkTimeout Succ,view=52,toView=53,nodeIdx=0,changeCycle=0,myNode=3f806b74...,timecost=4.118
info|2019-12-13 22:38:48.341217|[g:1][CONSENSUS][PBFT]checkAndChangeView: Reach consensus,org_view=52,org_changeCycle=0,cur_changeCycle=0,to_view=53
info|2019-12-13 22:38:49.356015|[g:1][CONSENSUS]addRawPrepare,height=142,reqIdx=2,hash=8af6fcdb...
info|2019-12-13 22:38:49.357815|[g:1][CONSENSUS][PBFT]checkTimeout Succ,view=53,toView=54,nodeIdx=0,changeCycle=0,myNode=3f806b74...,timecost=1.584
info|2019-12-13 22:38:49.377746|[g:1][CONSENSUS][PBFT]checkAndChangeView: Reach consensus,org_view=53,org_changeCycle=0,cur_changeCycle=0,to_view=54
info|2019-12-13 22:38:50.370499|[g:1][CONSENSUS]addRawPrepare,height=142,reqIdx=3,hash=675147da...
info|2019-12-13 22:38:50.371285|[g:1][CONSENSUS][PBFT]checkTimeout Succ,view=54,toView=55,nodeIdx=0,changeCycle=0,myNode=3f806b74...,timecost=0.662
info|2019-12-13 22:38:50.413148|[g:1][CONSENSUS][PBFT]checkAndChangeView: Reach consensus,org_view=54,org_changeCycle=0,cur_changeCycle=0,to_view=55
info|2019-12-13 22:38:51.413301|[g:1][CONSENSUS][SEALER]++++++++++++++++ Generating seal on,blkNum=142,tx=0,nodeIdx=0,hash=260b5d88...
info|2019-12-13 22:38:51.415064|[g:1][CONSENSUS][PBFT]checkTimeout Succ,view=55,toView=56,nodeIdx=0,changeCycle=0,myNode=3f806b74...,timecost=1.511
info|2019-12-13 22:38:51.416037|[g:1][CONSENSUS][PBFT]checkAndChangeView: Reach consensus,org_view=55,org_changeCycle=0,cur_changeCycle=0,to_view=56
info|2019-12-13 22:38:52.420671|[g:1][CONSENSUS]addRawPrepare,height=142,reqIdx=1,hash=265ed646...
info|2019-12-13 22:38:52.425367|[g:1][CONSENSUS][PBFT]checkTimeout Succ,view=56,toView=57,nodeIdx=0,changeCycle=0,myNode=3f806b74...,timecost=3.476
info|2019-12-13 22:38:52.429047|[g:1][CONSENSUS][PBFT]checkAndChangeView: Reach consensus,org_view=56,org_changeCycle=0,cur_changeCycle=0,to_view=57
info|2019-12-13 22:38:53.433474|[g:1][CONSENSUS]addRawPrepare,height=142,reqIdx=2,hash=6d496ae8...
info|2019-12-13 22:38:53.436267|[g:1][CONSENSUS][PBFT]checkTimeout Succ,view=57,toView=58,nodeIdx=0,changeCycle=0,myNode=3f806b74...,timecost=2.334
info|2019-12-13 22:38:53.440954|[g:1][CONSENSUS][PBFT]checkAndChangeView: Reach consensus,org_view=57,org_changeCycle=0,cur_changeCycle=0,to_view=58
info|2019-12-13 22:38:54.446794|[g:1][CONSENSUS]addRawPrepare,height=142,reqIdx=3,hash=07a0dd12...
info|2019-12-13 22:38:54.450822|[g:1][CONSENSUS][PBFT]checkTimeout Succ,view=58,toView=59,nodeIdx=0,changeCycle=0,myNode=3f806b74...,timecost=3.681
info|2019-12-13 22:38:54.460459|[g:1][CONSENSUS][PBFT]checkAndChangeView: Reach consensus,org_view=58,org_changeCycle=0,cur_changeCycle=0,to_view=59
info|2019-12-13 22:38:54.707779|[P2P][Service] heartBeat,connected count=3
info|2019-12-13 22:38:55.461112|[g:1][CONSENSUS][SEALER]++++++++++++++++ Generating seal on,blkNum=142,tx=0,nodeIdx=0,hash=633e6d9d...
info|2019-12-13 22:38:55.465373|[g:1][CONSENSUS][PBFT]checkTimeout Succ,view=59,toView=60,nodeIdx=0,changeCycle=0,myNode=3f806b74...,timecost=2.481
info|2019-12-13 22:38:55.479891|[g:1][CONSENSUS][PBFT]checkAndChangeView: Reach consensus,org_view=59,org_changeCycle=0,cur_changeCycle=0,to_view=60
info|2019-12-13 22:38:56.484852|[g:1][CONSENSUS]addRawPrepare,height=142,reqIdx=1,hash=e8cdfdbf...
info|2019-12-13 22:38:56.495090|[g:1][CONSENSUS][PBFT]checkTimeout Succ,view=60,toView=61,nodeIdx=0,changeCycle=0,myNode=3f806b74...,timecost=9.687
info|2019-12-13 22:38:56.499626|[g:1][CONSENSUS][PBFT]checkAndChangeView: Reach consensus,org_view=60,org_changeCycle=0,cur_changeCycle=0,to_view=61
info|2019-12-13 22:38:57.499138|[g:1][CONSENSUS]addRawPrepare,height=142,reqIdx=2,hash=b4092c79...
info|2019-12-13 22:38:57.504301|[g:1][CONSENSUS][PBFT]checkTimeout Succ,view=61,toView=62,nodeIdx=0,changeCycle=0,myNode=3f806b74...,timecost=3.948
info|2019-12-13 22:38:57.511947|[g:1][CONSENSUS][PBFT]checkAndChangeView: Reach consensus,org_view=61,org_changeCycle=0,cur_changeCycle=0,to_view=62
info|2019-12-13 22:38:58.512908|[g:1][CONSENSUS]addRawPrepare,height=142,reqIdx=3,hash=7b6012eb...
info|2019-12-13 22:38:58.514725|[g:1][CONSENSUS][PBFT]checkTimeout Succ,view=62,toView=63,nodeIdx=0,changeCycle=0,myNode=3f806b74...,timecost=0.454
info|2019-12-13 22:38:58.515808|[g:1][CONSENSUS][PBFT]checkAndChangeView: Reach consensus,org_view=62,org_changeCycle=0,cur_changeCycle=0,to_view=63
info|2019-12-13 22:38:59.515410|[g:1][CONSENSUS][SEALER]++++++++++++++++ Generating seal on,blkNum=142,tx=0,nodeIdx=0,hash=49231296...
info|2019-12-13 22:38:59.520216|[g:1][CONSENSUS][PBFT]checkTimeout Succ,view=63,toView=64,nodeIdx=0,changeCycle=0,myNode=3f806b74...,timecost=3.579
info|2019-12-13 22:38:59.527061|[g:1][CONSENSUS][PBFT]checkAndChangeView: Reach consensus,org_view=63,org_changeCycle=0,cur_changeCycle=0,to_view=64
info|2019-12-13 22:39:00.538234|[g:1][CONSENSUS]addRawPrepare,height=142,reqIdx=1,hash=f59475a2...
info|2019-12-13 22:39:00.543381|[g:1][CONSENSUS][PBFT]checkTimeout Succ,view=64,toView=65,nodeIdx=0,changeCycle=0,myNode=3f806b74...,timecost=1.661
info|2019-12-13 22:39:00.548218|[g:1][CONSENSUS][PBFT]checkAndChangeView: Reach consensus,org_view=64,org_changeCycle=0,cur_changeCycle=0,to_view=65
info|2019-12-13 22:39:01.551646|[g:1][CONSENSUS]addRawPrepare,height=142,reqIdx=2,hash=294879ea...
info|2019-12-13 22:39:01.552582|[g:1][CONSENSUS][PBFT]checkTimeout Succ,view=65,toView=66,nodeIdx=0,changeCycle=0,myNode=3f806b74...,timecost=0.704
info|2019-12-13 22:39:01.556442|[g:1][CONSENSUS][PBFT]checkAndChangeView: Reach consensus,org_view=65,org_changeCycle=0,cur_changeCycle=0,to_view=66
info|2019-12-13 22:39:02.559146|[g:1][CONSENSUS]addRawPrepare,height=142,reqIdx=3,hash=cf9b1c50...
info|2019-12-13 22:39:02.561378|[g:1][CONSENSUS][PBFT]checkTimeout Succ,view=66,toView=67,nodeIdx=0,changeCycle=0,myNode=3f806b74...,timecost=1.67
info|2019-12-13 22:39:02.566006|[g:1][CONSENSUS][PBFT]checkAndChangeView: Reach consensus,org_view=66,org_changeCycle=0,cur_changeCycle=0,to_view=67
info|2019-12-13 22:39:03.567034|[g:1][CONSENSUS][SEALER]++++++++++++++++ Generating seal on,blkNum=142,tx=0,nodeIdx=0,hash=9275fe64...
info|2019-12-13 22:39:03.569098|[g:1][CONSENSUS][PBFT]checkTimeout Succ,view=67,toView=68,nodeIdx=0,changeCycle=0,myNode=3f806b74...,timecost=1.244
info|2019-12-13 22:39:03.577661|[g:1][CONSENSUS][PBFT]checkAndChangeView: Reach consensus,org_view=67,org_changeCycle=0,cur_changeCycle=0,to_view=68
info|2019-12-13 22:39:04.580638|[g:1][CONSENSUS]addRawPrepare,height=142,reqIdx=1,hash=dfd10a86...
info|2019-12-13 22:39:04.581270|[g:1][CONSENSUS][PBFT]checkTimeout Succ,view=68,toView=69,nodeIdx=0,changeCycle=0,myNode=3f806b74...,timecost=0.546
info|2019-12-13 22:39:04.582539|[g:1][CONSENSUS][PBFT]checkAndChangeView: Reach consensus,org_view=68,org_changeCycle=0,cur_changeCycle=0,to_view=69
info|2019-12-13 22:39:04.707961|[P2P][Service] heartBeat,connected count=3
info|2019-12-13 22:39:05.588321|[g:1][CONSENSUS]addRawPrepare,height=142,reqIdx=2,hash=8bfecb25...
info|2019-12-13 22:39:05.591041|[g:1][CONSENSUS][PBFT]checkTimeout Succ,view=69,toView=70,nodeIdx=0,changeCycle=0,myNode=3f806b74...,timecost=2.297
info|2019-12-13 22:39:05.596447|[g:1][CONSENSUS][PBFT]checkAndChangeView: Reach consensus,org_view=69,org_changeCycle=0,cur_changeCycle=0,to_view=70
info|2019-12-13 22:39:06.601178|[g:1][CONSENSUS]addRawPrepare,height=142,reqIdx=3,hash=0557af97...
info|2019-12-13 22:39:06.601639|[g:1][CONSENSUS][PBFT]checkTimeout Succ,view=70,toView=71,nodeIdx=0,changeCycle=0,myNode=3f806b74...,timecost=0.36
info|2019-12-13 22:39:06.603862|[g:1][CONSENSUS][PBFT]checkAndChangeView: Reach consensus,org_view=70,org_changeCycle=0,cur_changeCycle=0,to_view=71
info|2019-12-13 22:39:07.603790|[g:1][CONSENSUS][SEALER]++++++++++++++++ Generating seal on,blkNum=142,tx=0,nodeIdx=0,hash=36cda69e...
info|2019-12-13 22:39:07.605326|[g:1][CONSENSUS][PBFT]checkTimeout Succ,view=71,toView=72,nodeIdx=0,changeCycle=0,myNode=3f806b74...,timecost=0.782
info|2019-12-13 22:39:07.608737|[g:1][CONSENSUS][PBFT]checkAndChangeView: Reach consensus,org_view=71,org_changeCycle=0,cur_changeCycle=0,to_view=72
info|2019-12-13 22:39:08.612130|[g:1][CONSENSUS]addRawPrepare,height=142,reqIdx=1,hash=5e95ff85...
info|2019-12-13 22:39:08.613862|[g:1][CONSENSUS][PBFT]checkTimeout Succ,view=72,toView=73,nodeIdx=0,changeCycle=0,myNode=3f806b74...,timecost=1.396
info|2019-12-13 22:39:08.620223|[g:1][CONSENSUS][PBFT]checkAndChangeView: Reach consensus,org_view=72,org_changeCycle=0,cur_changeCycle=0,to_view=73
info|2019-12-13 22:39:09.627768|[g:1][CONSENSUS]addRawPrepare,height=142,reqIdx=2,hash=24d78c2a...
info|2019-12-13 22:39:09.633050|[g:1][CONSENSUS][PBFT]checkTimeout Succ,view=73,toView=74,nodeIdx=0,changeCycle=0,myNode=3f806b74...,timecost=1.647
info|2019-12-13 22:39:09.636444|[g:1][CONSENSUS][PBFT]checkAndChangeView: Reach consensus,org_view=73,org_changeCycle=0,cur_changeCycle=0,to_view=74
info|2019-12-13 22:39:10.635738|[g:1][CONSENSUS]addRawPrepare,height=142,reqIdx=3,hash=df18a880...
info|2019-12-13 22:39:10.641364|[g:1][CONSENSUS][PBFT]checkTimeout Succ,view=74,toView=75,nodeIdx=0,changeCycle=0,myNode=3f806b74...,timecost=4.408
info|2019-12-13 22:39:10.646518|[g:1][CONSENSUS][PBFT]checkAndChangeView: Reach consensus,org_view=74,org_changeCycle=0,cur_changeCycle=0,to_view=75
info|2019-12-13 22:39:11.646323|[g:1][CONSENSUS][SEALER]++++++++++++++++ Generating seal on,blkNum=142,tx=0,nodeIdx=0,hash=1c3632a8...
info|2019-12-13 22:39:11.648743|[g:1][CONSENSUS][PBFT]checkTimeout Succ,view=75,toView=76,nodeIdx=0,changeCycle=0,myNode=3f806b74...,timecost=1.449
info|2019-12-13 22:39:11.656472|[g:1][CONSENSUS][PBFT]checkAndChangeView: Reach consensus,org_view=75,org_changeCycle=0,cur_changeCycle=0,to_view=76
info|2019-12-13 22:39:12.662123|[g:1][CONSENSUS]addRawPrepare,height=142,reqIdx=1,hash=cc333563...
info|2019-12-13 22:39:12.665069|[g:1][CONSENSUS][PBFT]checkTimeout Succ,view=76,toView=77,nodeIdx=0,changeCycle=0,myNode=3f806b74...,timecost=2.59
info|2019-12-13 22:39:12.674532|[g:1][CONSENSUS][PBFT]checkAndChangeView: Reach consensus,org_view=76,org_changeCycle=0,cur_changeCycle=0,to_view=77
info|2019-12-13 22:39:13.674596|[g:1][CONSENSUS]addRawPrepare,height=142,reqIdx=2,hash=fdf0c721...
info|2019-12-13 22:39:13.675194|[g:1][CONSENSUS][PBFT]checkTimeout Succ,view=77,toView=78,nodeIdx=0,changeCycle=0,myNode=3f806b74...,timecost=0.434
info|2019-12-13 22:39:13.677281|[g:1][CONSENSUS][PBFT]checkAndChangeView: Reach consensus,org_view=77,org_changeCycle=0,cur_changeCycle=0,to_view=78
info|2019-12-13 22:39:14.678779|[g:1][CONSENSUS]addRawPrepare,height=142,reqIdx=3,hash=5c5ba1e8...
info|2019-12-13 22:39:14.679164|[g:1][CONSENSUS][PBFT]checkTimeout Succ,view=78,toView=79,nodeIdx=0,changeCycle=0,myNode=3f806b74...,timecost=0.285
info|2019-12-13 22:39:14.680001|[g:1][CONSENSUS][PBFT]checkAndChangeView: Reach consensus,org_view=78,org_changeCycle=0,cur_changeCycle=0,to_view=79
info|2019-12-13 22:39:14.708221|[P2P][Service] heartBeat,connected count=3
info|2019-12-13 22:39:15.680633|[g:1][CONSENSUS][SEALER]++++++++++++++++ Generating seal on,blkNum=142,tx=0,nodeIdx=0,hash=11c44586...
info|2019-12-13 22:39:15.689248|[g:1][CONSENSUS][PBFT]checkTimeout Succ,view=79,toView=80,nodeIdx=0,changeCycle=0,myNode=3f806b74...,timecost=1.35
info|2019-12-13 22:39:15.694072|[g:1][CONSENSUS][PBFT]checkAndChangeView: Reach consensus,org_view=79,org_changeCycle=0,cur_changeCycle=0,to_view=80
info|2019-12-13 22:39:16.697997|[g:1][CONSENSUS]addRawPrepare,height=142,reqIdx=1,hash=a4f4e161...
info|2019-12-13 22:39:16.699645|[g:1][CONSENSUS][PBFT]checkTimeout Succ,view=80,toView=81,nodeIdx=0,changeCycle=0,myNode=3f806b74...,timecost=1.298
info|2019-12-13 22:39:16.705057|[g:1][CONSENSUS][PBFT]checkAndChangeView: Reach consensus,org_view=80,org_changeCycle=0,cur_changeCycle=0,to_view=81
info|2019-12-13 22:39:17.710680|[g:1][CONSENSUS]addRawPrepare,height=142,reqIdx=2,hash=f5a762fb...
info|2019-12-13 22:39:17.714896|[g:1][CONSENSUS][PBFT]checkTimeout Succ,view=81,toView=82,nodeIdx=0,changeCycle=0,myNode=3f806b74...,timecost=2.708
info|2019-12-13 22:39:17.720088|[g:1][CONSENSUS][PBFT]checkAndChangeView: Reach consensus,org_view=81,org_changeCycle=0,cur_changeCycle=0,to_view=82
info|2019-12-13 22:39:18.721717|[g:1][CONSENSUS]addRawPrepare,height=142,reqIdx=3,hash=2ff91a52...
info|2019-12-13 22:39:18.723576|[g:1][CONSENSUS][PBFT]checkTimeout Succ,view=82,toView=83,nodeIdx=0,changeCycle=0,myNode=3f806b74...,timecost=1.51
info|2019-12-13 22:39:18.732317|[g:1][CONSENSUS][PBFT]checkAndChangeView: Reach consensus,org_view=82,org_changeCycle=0,cur_changeCycle=0,to_view=83
info|2019-12-13 22:39:19.732880|[g:1][CONSENSUS][SEALER]++++++++++++++++ Generating seal on,blkNum=142,tx=0,nodeIdx=0,hash=57700a6f...
info|2019-12-13 22:39:19.736937|[g:1][CONSENSUS][PBFT]checkTimeout Succ,view=83,toView=84,nodeIdx=0,changeCycle=0,myNode=3f806b74...,timecost=3.064
info|2019-12-13 22:39:19.743003|[g:1][CONSENSUS][PBFT]checkAndChangeView: Reach consensus,org_view=83,org_changeCycle=0,cur_changeCycle=0,to_view=84
info|2019-12-13 22:39:20.750054|[g:1][CONSENSUS]addRawPrepare,height=142,reqIdx=1,hash=5ae001bb...
info|2019-12-13 22:39:20.751896|[g:1][CONSENSUS][PBFT]checkTimeout Succ,view=84,toView=85,nodeIdx=0,changeCycle=0,myNode=3f806b74...,timecost=1.296
info|2019-12-13 22:39:20.756656|[g:1][CONSENSUS][PBFT]checkAndChangeView: Reach consensus,org_view=84,org_changeCycle=0,cur_changeCycle=0,to_view=85
info|2019-12-13 22:39:21.764827|[g:1][CONSENSUS]addRawPrepare,height=142,reqIdx=2,hash=89165e15...
info|2019-12-13 22:39:21.767229|[g:1][CONSENSUS][PBFT]checkTimeout Succ,view=85,toView=86,nodeIdx=0,changeCycle=0,myNode=3f806b74...,timecost=1.596
info|2019-12-13 22:39:21.772157|[g:1][CONSENSUS][PBFT]checkAndChangeView: Reach consensus,org_view=85,org_changeCycle=0,cur_changeCycle=0,to_view=86
info|2019-12-13 22:39:22.778850|[g:1][CONSENSUS]addRawPrepare,height=142,reqIdx=3,hash=d5e7c081...
info|2019-12-13 22:39:22.781697|[g:1][CONSENSUS][PBFT]checkTimeout Succ,view=86,toView=87,nodeIdx=0,changeCycle=0,myNode=3f806b74...,timecost=1.861
info|2019-12-13 22:39:22.787914|[g:1][CONSENSUS][PBFT]checkAndChangeView: Reach consensus,org_view=86,org_changeCycle=0,cur_changeCycle=0,to_view=87
info|2019-12-13 22:39:23.787616|[g:1][CONSENSUS][SEALER]++++++++++++++++ Generating seal on,blkNum=142,tx=0,nodeIdx=0,hash=30d00cbd...
info|2019-12-13 22:39:23.790468|[g:1][CONSENSUS][PBFT]checkTimeout Succ,view=87,toView=88,nodeIdx=0,changeCycle=0,myNode=3f806b74...,timecost=1.787
info|2019-12-13 22:39:23.801451|[g:1][CONSENSUS][PBFT]checkAndChangeView: Reach consensus,org_view=87,org_changeCycle=0,cur_changeCycle=0,to_view=88
info|2019-12-13 22:39:24.708527|[P2P][Service] heartBeat,connected count=3
info|2019-12-13 22:39:24.803315|[g:1][CONSENSUS]addRawPrepare,height=142,reqIdx=1,hash=dc50801d...
info|2019-12-13 22:39:24.805370|[g:1][CONSENSUS][PBFT]checkTimeout Succ,view=88,toView=89,nodeIdx=0,changeCycle=0,myNode=3f806b74...,timecost=1.729
info|2019-12-13 22:39:24.810085|[g:1][CONSENSUS][PBFT]checkAndChangeView: Reach consensus,org_view=88,org_changeCycle=0,cur_changeCycle=0,to_view=89
info|2019-12-13 22:39:25.563030|[LEDGER]stop sealer,groupID=1
info|2019-12-13 22:39:25.563044|[CONSENSUS][SEALER]Stop sealer module...
info|2019-12-13 22:39:25.567722|[CONSENSUS][ConsensusEngine][Stop ConsensusEngineBase]
info|2019-12-13 22:39:25.578261|[CONSENSUS][ConsensusEngine]ConsensusEngineBase stopped
info|2019-12-13 22:39:25.578272|[LEDGER]sealer stopped. stop sync,groupID=1
info|2019-12-13 22:39:25.612513|[SYNC][id:3f806b74...]SyncMaster stopped
info|2019-12-13 22:39:25.612527|[LEDGER]ledger stopped,groupID=1
info|2019-12-13 22:39:25.623571|[EVENT][EventLogFilterManager]stop
info|2019-12-13 22:39:25.623592|[LEDGER]event filter manager stopped,groupID=1
info|2019-12-13 22:39:25.623603|[INITIALIZER]ledgerInitializer stopped
info|2019-12-13 22:39:26.624354|[INITIALIZER]ChannelRPCHttpServer deleted.
info|2019-12-13 22:39:26.625154|[INITIALIZER]JsonrpcHttpServer deleted.
info|2019-12-13 22:39:26.625195|[INITIALIZER]RPCInitializer stopped
info|2019-12-13 22:39:26.625275|[NETWORK][Host]Host exit
info|2019-12-13 22:39:26.626668|[INITIALIZER]P2PInitializer stopped
info|2019-12-13 22:39:26.626731|[LEDGER]stop sealer,groupID=1
info|2019-12-13 22:39:26.626766|[LEDGER]sealer stopped. stop sync,groupID=1
info|2019-12-13 22:39:26.626790|[SYNC][id:3f806b74...]SyncMaster stopped
info|2019-12-13 22:39:26.626819|[LEDGER]ledger stopped,groupID=1
info|2019-12-13 22:39:26.626840|[LEDGER]event filter manager stopped,groupID=1
info|2019-12-13 22:39:26.626872|[STORAGE]Stopping flushStorage thread
info|2019-12-13 22:39:26.811142|[STORAGE]flushStorage thread stopped.
info|2019-12-13 22:39:26.811196|[DBINITIALIZER] storage stopped
info|2019-12-13 22:39:26.812664|[SYNC][id:3f806b74...]SyncMaster stopped
