[2019-12-12 10:16:01] Initializing...
FISCO-BCOS Version : 2.1.0
Build Time         : 20190923 13:22:09
Build Type         : Linux/clang/Release
Git Branch         : HEAD
Git Commit Hash    : cb68124d4fbf3df563a57dfff5f0c6eedc1419cc
[2019-12-12 10:16:01] The FISCO-BCOS is running...
[2019-12-12 21:08:44] Initializing...
FISCO-BCOS Version : 2.1.0
Build Time         : 20190923 13:22:09
Build Type         : Linux/clang/Release
Git Branch         : HEAD
Git Commit Hash    : cb68124d4fbf3df563a57dfff5f0c6eedc1419cc
[2019-12-12 21:08:44] The FISCO-BCOS is running...
[2019-12-13 09:47:32] Initializing...
FISCO-BCOS Version : 2.1.0
Build Time         : 20190923 13:22:09
Build Type         : Linux/clang/Release
Git Branch         : HEAD
Git Commit Hash    : cb68124d4fbf3df563a57dfff5f0c6eedc1419cc
[2019-12-13 09:47:33] The FISCO-BCOS is running...
[2019-12-13 21:48:37] FISCO-BCOS program exit normally.
[2019-12-13 22:04:17] Initializing...
FISCO-BCOS Version : 2.1.0
Build Time         : 20190923 13:22:09
Build Type         : Linux/clang/Release
Git Branch         : HEAD
Git Commit Hash    : cb68124d4fbf3df563a57dfff5f0c6eedc1419cc
[2019-12-13 22:04:18] The FISCO-BCOS is running...
[2019-12-13 22:06:24] FISCO-BCOS program exit normally.
[2019-12-13 22:06:37] Initializing...
FISCO-BCOS Version : 2.1.0
Build Time         : 20190923 13:22:09
Build Type         : Linux/clang/Release
Git Branch         : HEAD
Git Commit Hash    : cb68124d4fbf3df563a57dfff5f0c6eedc1419cc
[2019-12-13 22:06:37] The FISCO-BCOS is running...
[2019-12-13 22:07:18] FISCO-BCOS program exit normally.
[2019-12-13 22:07:26] Initializing...
FISCO-BCOS Version : 2.1.0
Build Time         : 20190923 13:22:09
Build Type         : Linux/clang/Release
Git Branch         : HEAD
Git Commit Hash    : cb68124d4fbf3df563a57dfff5f0c6eedc1419cc
[2019-12-13 22:07:27] The FISCO-BCOS is running...
[2019-12-13 22:08:29] FISCO-BCOS program exit normally.
[2019-12-13 22:08:39] Initializing...
FISCO-BCOS Version : 2.1.0
Build Time         : 20190923 13:22:09
Build Type         : Linux/clang/Release
Git Branch         : HEAD
Git Commit Hash    : cb68124d4fbf3df563a57dfff5f0c6eedc1419cc
[2019-12-13 22:08:40] The FISCO-BCOS is running...
[2019-12-13 22:11:24] FISCO-BCOS program exit normally.
[2019-12-13 22:11:31] Initializing...
FISCO-BCOS Version : 2.1.0
Build Time         : 20190923 13:22:09
Build Type         : Linux/clang/Release
Git Branch         : HEAD
Git Commit Hash    : cb68124d4fbf3df563a57dfff5f0c6eedc1419cc
[2019-12-13 22:11:31] The FISCO-BCOS is running...
[2019-12-13 22:14:22] Initializing...
FISCO-BCOS Version : 2.1.0
Build Time         : 20190923 13:22:09
Build Type         : Linux/clang/Release
Git Branch         : HEAD
Git Commit Hash    : cb68124d4fbf3df563a57dfff5f0c6eedc1419cc
[2019-12-13 22:14:23] The FISCO-BCOS is running...
[2019-12-13 22:16:47] FISCO-BCOS program exit normally.
[2019-12-13 22:16:53] Initializing...
FISCO-BCOS Version : 2.1.0
Build Time         : 20190923 13:22:09
Build Type         : Linux/clang/Release
Git Branch         : HEAD
Git Commit Hash    : cb68124d4fbf3df563a57dfff5f0c6eedc1419cc
[2019-12-13 22:16:53] The FISCO-BCOS is running...
[2019-12-13 22:37:54] Initializing...
FISCO-BCOS Version : 2.1.0
Build Time         : 20190923 13:22:09
Build Type         : Linux/clang/Release
Git Branch         : HEAD
Git Commit Hash    : cb68124d4fbf3df563a57dfff5f0c6eedc1419cc
[2019-12-13 22:37:54] The FISCO-BCOS is running...
[2019-12-13 22:39:26] FISCO-BCOS program exit normally.
[2019-12-13 22:59:19] Initializing...
FISCO-BCOS Version : 2.1.0
Build Time         : 20190923 13:22:09
Build Type         : Linux/clang/Release
Git Branch         : HEAD
Git Commit Hash    : cb68124d4fbf3df563a57dfff5f0c6eedc1419cc
[2019-12-13 22:59:20] The FISCO-BCOS is running...
