info|2019-12-13 22:07:26.969065|[INITIALIZER][initGlobalConfig],enableCompress=true,compatibilityVersion=2.1.0,versionNumber=33619968,chainId=1
info|2019-12-13 22:07:26.988117|[NETWORK][Host]Connecting to node,endpoint=127.0.0.1:30300
info|2019-12-13 22:07:26.988199|[NETWORK][Host]Connecting to node,endpoint=127.0.0.1:30301
info|2019-12-13 22:07:26.988231|[NETWORK][Host]Connecting to node,endpoint=127.0.0.1:30302
info|2019-12-13 22:07:26.988256|[NETWORK][Host]Connecting to node,endpoint=127.0.0.1:30303
info|2019-12-13 22:07:26.988282|[P2P][Service] heartBeat,connected count=0
info|2019-12-13 22:07:26.988813|[CHANNEL]ChannelRPCServer started
info|2019-12-13 22:07:26.988822|[INITIALIZER][RPCInitializer]ChannelRPCHttpServer started.
info|2019-12-13 22:07:26.988833|[LedgerInitializer],groupConfigPath=conf/
info|2019-12-13 22:07:26.989025|[INITIALIZER][initSingleLedger] [GroupId]:  1
info|2019-12-13 22:07:26.989042|[g:1][LEDGER]LedgerConstructor,configPath=conf/group.1.genesis,baseDir=data//group1
info|2019-12-13 22:07:26.989051|[g:1][LEDGER][initGenesisConfig]initConsensusConfig/initDBConfig/initTxConfig,configFile=conf/group.1.genesis
info|2019-12-13 22:07:26.989124|[g:1][LEDGER][initConsensusConfig],it.first=3f806b74841629d37e779f7a16561f4795128b422719444dee6e48722102bad01a03dfcadf6e8d7b25d32d9cd72f07d35f577d57e6f154ef60dfef0f2871167e
info|2019-12-13 22:07:26.989139|[g:1][LEDGER][initConsensusConfig],it.first=729ae2cc88cbfd90be04d286d54cd5281ebd8d448483ffd6bf10f229b3c35f98333a78bf0598277a577e3f79de477f9fe987ed96188d54a81dba946f6facddae
info|2019-12-13 22:07:26.989152|[g:1][LEDGER][initConsensusConfig],it.first=e441c30060737d3968cd6b17533d74a8d04b2268bcc02f5cab296e57a5ca0ee34190c4cfa4d72a7b51061361e093cd83b2e42e0cc6619907aa42b7bfa7496aaa
info|2019-12-13 22:07:26.989165|[g:1][LEDGER][initConsensusConfig],it.first=8d7b93e87e42afb39b5fcb0158fbd2afaa0b15ddb98a26fbb9f6a00d7aa9bcb3567944a9668175e31aed1e4a539d73b9a2c29d711e0f9c60f8ad9fa38b62feed
info|2019-12-13 22:07:26.989201|[g:1][LEDGER][initIniConfig]initTxPoolConfig/initSyncConfig/initTxExecuteConfig,configFile=conf/group.1.ini
info|2019-12-13 22:07:26.989292|[g:1][LEDGER][initLedger][DBInitializer]
info|2019-12-13 22:07:26.989306|[g:1][DBINITIALIZER] [initRocksDBStorage]
info|2019-12-13 22:07:26.989334|[g:1][ROCKSDB]open rocksDB handler
info|2019-12-13 22:07:26.990850|[NETWORK][Host]P2P StartAccept,Host=0.0.0.0:30303
info|2019-12-13 22:07:26.990961|[NETWORK][ASIO]asyncResolveConnect,endpoint=127.0.0.1:30300
info|2019-12-13 22:07:26.990997|[NETWORK][ASIO]asyncResolveConnect,endpoint=127.0.0.1:30301
info|2019-12-13 22:07:26.991024|[NETWORK][ASIO]asyncResolveConnect,endpoint=127.0.0.1:30302
info|2019-12-13 22:07:26.991065|[NETWORK][ASIO]asyncResolveConnect,endpoint=127.0.0.1:30303
warning|2019-12-13 22:07:26.991082|[NETWORK][Host]TCP Connection refused by node,endpoint=127.0.0.1:30300,message=拒绝连接
warning|2019-12-13 22:07:26.991106|[NETWORK][Host]TCP Connection refused by node,endpoint=127.0.0.1:30301,message=拒绝连接
warning|2019-12-13 22:07:26.991123|[NETWORK][Host]TCP Connection refused by node,endpoint=127.0.0.1:30302,message=拒绝连接
info|2019-12-13 22:07:26.991250|[NETWORK][Host]P2P Recv Connect, From=127.0.0.1:48424
info|2019-12-13 22:07:26.991288|[NETWORK][Host]P2P StartAccept,Host=0.0.0.0:30303
warning|2019-12-13 22:07:26.993031|[P2P][Service] onConnect,errorCode=5,what=Connect failed
warning|2019-12-13 22:07:26.993045|[P2P][Service] onConnect,errorCode=5,what=Connect failed
warning|2019-12-13 22:07:26.993051|[P2P][Service] onConnect,errorCode=5,what=Connect failed
info|2019-12-13 22:07:26.997915|[NETWORK][Host]P2P Recv Connect, From=127.0.0.1:48432
info|2019-12-13 22:07:26.997953|[NETWORK][Host]P2P StartAccept,Host=0.0.0.0:30303
info|2019-12-13 22:07:26.999898|[NETWORK][Host]startPeerSession, From=127.0.0.1:48424,nodeID=8d7b93e8...
info|2019-12-13 22:07:27.000051|[NETWORK][Host]startPeerSession, From=127.0.0.1:30303,nodeID=8d7b93e8...
info|2019-12-13 22:07:27.001006|[NETWORK][Host]P2P Recv Connect, From=127.0.0.1:48440
info|2019-12-13 22:07:27.001038|[NETWORK][Host]P2P StartAccept,Host=0.0.0.0:30303
info|2019-12-13 22:07:27.005086|[NETWORK][Host]P2P Recv Connect, From=127.0.0.1:48448
info|2019-12-13 22:07:27.005140|[NETWORK][Host]P2P StartAccept,Host=0.0.0.0:30303
info|2019-12-13 22:07:27.015399|[NETWORK][Host]startPeerSession, From=127.0.0.1:48448,nodeID=e441c300...
info|2019-12-13 22:07:27.015479|[P2P][Service] Connection established,nodeID=e441c300...,endpoint=127.0.0.1:48448
info|2019-12-13 22:07:27.017119|[NETWORK][Host]startPeerSession, From=127.0.0.1:48432,nodeID=729ae2cc...
info|2019-12-13 22:07:27.017178|[P2P][Service] Connection established,nodeID=729ae2cc...,endpoint=127.0.0.1:48432
info|2019-12-13 22:07:27.025863|[NETWORK][Host]startPeerSession, From=127.0.0.1:48440,nodeID=3f806b74...
info|2019-12-13 22:07:27.025900|[P2P][Service] Connection established,nodeID=3f806b74...,endpoint=127.0.0.1:48440
info|2019-12-13 22:07:27.036399|[g:1][g:0][STORAGE][CachedStorage]Init flushStorage thread
info|2019-12-13 22:07:27.036854|[g:1][BLOCKCHAIN][#checkAndBuildGenesisBlock]Already have the 0th block, 0th groupMark is equal to file groupMark.
info|2019-12-13 22:07:27.044157|[g:1][CONSENSUS][PBFT]Register handler for PBFTEngine
info|2019-12-13 22:07:27.044180|[g:1][CONSENSUS][PBFT],minBlockGenerationTime=500
info|2019-12-13 22:07:27.044196|[LedgerInitializer init group succ],groupID=1
info|2019-12-13 22:07:27.044384|[INITIALIZER][RPCInitializer]JsonrpcHttpServer started.
info|2019-12-13 22:07:27.044396|[g:1][LEDGER]startAll...
warning|2019-12-13 22:07:27.047440|[SYNC][id:8d7b93e8...][Status]Peer data not found,nodeId=3f806b74...
info|2019-12-13 22:07:27.048097|[g:1][CONSENSUS][PBFT]^^^^^^^^Report,num=141,sealerIdx=3,hash=42223d64...,next=142,tx=1,nodeIdx=2
info|2019-12-13 22:07:27.081318|[g:1][CONSENSUS][PBFT][PBFT init env successfully]
info|2019-12-13 22:07:27.081332|[g:1][CONSENSUS][ConsensusEngine][Start ConsensusEngineBase]
info|2019-12-13 22:07:27.081438|[g:1][CONSENSUS][PBFT][Start PBFTEngine...]
info|2019-12-13 22:07:27.081448|[g:1][CONSENSUS][SEALER][Start sealer module]
info|2019-12-13 22:07:27.081690|[g:1][EVENT][EventLogFilterManager]start,m_maxBlockRange=0,m_maxBlockPerLoopFilter=3
info|2019-12-13 22:07:28.076391|[g:1][CONSENSUS]addRawPrepare,height=142,reqIdx=1,hash=ad0b1084...
info|2019-12-13 22:07:28.077045|[g:1][CONSENSUS][PBFT]checkTimeout Succ,view=0,toView=1,nodeIdx=2,changeCycle=0,myNode=8d7b93e8...,timecost=0.548
info|2019-12-13 22:07:28.078645|[g:1][CONSENSUS][PBFT]checkAndChangeView: Reach consensus,org_view=0,org_changeCycle=0,cur_changeCycle=0,to_view=1
info|2019-12-13 22:07:29.078706|[g:1][CONSENSUS][SEALER]++++++++++++++++ Generating seal on,blkNum=142,tx=0,nodeIdx=2,hash=6c1e2789...
info|2019-12-13 22:07:29.082310|[g:1][CONSENSUS][PBFT]checkTimeout Succ,view=1,toView=2,nodeIdx=2,changeCycle=0,myNode=8d7b93e8...,timecost=2.169
info|2019-12-13 22:07:29.095363|[g:1][CONSENSUS][PBFT]checkAndChangeView: Reach consensus,org_view=1,org_changeCycle=0,cur_changeCycle=0,to_view=2
info|2019-12-13 22:07:30.102287|[g:1][CONSENSUS]addRawPrepare,height=142,reqIdx=3,hash=ac9dc332...
info|2019-12-13 22:07:30.105778|[g:1][CONSENSUS][PBFT]checkTimeout Succ,view=2,toView=3,nodeIdx=2,changeCycle=0,myNode=8d7b93e8...,timecost=1.839
info|2019-12-13 22:07:30.110918|[g:1][CONSENSUS][PBFT]checkAndChangeView: Reach consensus,org_view=2,org_changeCycle=0,cur_changeCycle=0,to_view=3
info|2019-12-13 22:07:31.112490|[g:1][CONSENSUS]addRawPrepare,height=142,reqIdx=0,hash=c3a26595...
info|2019-12-13 22:07:31.113040|[g:1][CONSENSUS][PBFT]checkTimeout Succ,view=3,toView=4,nodeIdx=2,changeCycle=0,myNode=8d7b93e8...,timecost=0.474
info|2019-12-13 22:07:31.113935|[g:1][CONSENSUS][PBFT]checkAndChangeView: Reach consensus,org_view=3,org_changeCycle=0,cur_changeCycle=0,to_view=4
info|2019-12-13 22:07:32.116804|[g:1][CONSENSUS]addRawPrepare,height=142,reqIdx=1,hash=ba8a9b87...
info|2019-12-13 22:07:32.117165|[g:1][CONSENSUS][PBFT]checkTimeout Succ,view=4,toView=5,nodeIdx=2,changeCycle=0,myNode=8d7b93e8...,timecost=0.298
info|2019-12-13 22:07:32.118209|[g:1][CONSENSUS][PBFT]checkAndChangeView: Reach consensus,org_view=4,org_changeCycle=0,cur_changeCycle=0,to_view=5
info|2019-12-13 22:07:33.118510|[g:1][CONSENSUS][SEALER]++++++++++++++++ Generating seal on,blkNum=142,tx=0,nodeIdx=2,hash=afdcd9cb...
info|2019-12-13 22:07:33.125935|[g:1][CONSENSUS][PBFT]checkTimeout Succ,view=5,toView=6,nodeIdx=2,changeCycle=0,myNode=8d7b93e8...,timecost=0.499
info|2019-12-13 22:07:33.127094|[g:1][CONSENSUS][PBFT]checkAndChangeView: Reach consensus,org_view=5,org_changeCycle=0,cur_changeCycle=0,to_view=6
info|2019-12-13 22:07:34.125894|[g:1][CONSENSUS]addRawPrepare,height=142,reqIdx=3,hash=703fd66b...
info|2019-12-13 22:07:34.126246|[g:1][CONSENSUS][PBFT]checkTimeout Succ,view=6,toView=7,nodeIdx=2,changeCycle=0,myNode=8d7b93e8...,timecost=0.315
info|2019-12-13 22:07:34.128026|[g:1][CONSENSUS][PBFT]checkAndChangeView: Reach consensus,org_view=6,org_changeCycle=0,cur_changeCycle=0,to_view=7
info|2019-12-13 22:07:35.132012|[g:1][CONSENSUS]addRawPrepare,height=142,reqIdx=0,hash=0036a0f5...
info|2019-12-13 22:07:35.134850|[g:1][CONSENSUS][PBFT]checkTimeout Succ,view=7,toView=8,nodeIdx=2,changeCycle=0,myNode=8d7b93e8...,timecost=1.519
info|2019-12-13 22:07:35.141290|[g:1][CONSENSUS][PBFT]checkAndChangeView: Reach consensus,org_view=7,org_changeCycle=0,cur_changeCycle=0,to_view=8
info|2019-12-13 22:07:36.148648|[g:1][CONSENSUS]addRawPrepare,height=142,reqIdx=1,hash=66ad15de...
info|2019-12-13 22:07:36.150865|[g:1][CONSENSUS][PBFT]checkTimeout Succ,view=8,toView=9,nodeIdx=2,changeCycle=0,myNode=8d7b93e8...,timecost=1.719
info|2019-12-13 22:07:36.155587|[g:1][CONSENSUS][PBFT]checkAndChangeView: Reach consensus,org_view=8,org_changeCycle=0,cur_changeCycle=0,to_view=9
info|2019-12-13 22:07:36.988512|[NETWORK][Host]Connecting to node,endpoint=127.0.0.1:30300
info|2019-12-13 22:07:36.988694|[NETWORK][Host]Connecting to node,endpoint=127.0.0.1:30301
info|2019-12-13 22:07:36.988824|[NETWORK][Host]Connecting to node,endpoint=127.0.0.1:30302
info|2019-12-13 22:07:36.989043|[P2P][Service] heartBeat,connected count=3
info|2019-12-13 22:07:36.989255|[NETWORK][ASIO]asyncResolveConnect,endpoint=127.0.0.1:30300
info|2019-12-13 22:07:36.989437|[NETWORK][ASIO]asyncResolveConnect,endpoint=127.0.0.1:30301
info|2019-12-13 22:07:36.989646|[NETWORK][ASIO]asyncResolveConnect,endpoint=127.0.0.1:30302
info|2019-12-13 22:07:37.041601|[NETWORK][Host]startPeerSession, From=127.0.0.1:30300,nodeID=3f806b74...
info|2019-12-13 22:07:37.041853|[NETWORK][Host]startPeerSession, From=127.0.0.1:30301,nodeID=729ae2cc...
info|2019-12-13 22:07:37.044657|[NETWORK][Host]startPeerSession, From=127.0.0.1:30302,nodeID=e441c300...
info|2019-12-13 22:07:37.156333|[g:1][CONSENSUS][SEALER]++++++++++++++++ Generating seal on,blkNum=142,tx=0,nodeIdx=2,hash=839f0ac8...
info|2019-12-13 22:07:37.167503|[g:1][CONSENSUS][PBFT]checkTimeout Succ,view=9,toView=10,nodeIdx=2,changeCycle=0,myNode=8d7b93e8...,timecost=1.246
info|2019-12-13 22:07:37.171902|[g:1][CONSENSUS][PBFT]checkAndChangeView: Reach consensus,org_view=9,org_changeCycle=0,cur_changeCycle=0,to_view=10
info|2019-12-13 22:07:38.178503|[g:1][CONSENSUS]addRawPrepare,height=142,reqIdx=3,hash=6d952fa1...
info|2019-12-13 22:07:38.182116|[g:1][CONSENSUS][PBFT]checkTimeout Succ,view=10,toView=11,nodeIdx=2,changeCycle=0,myNode=8d7b93e8...,timecost=2.572
info|2019-12-13 22:07:38.191083|[g:1][CONSENSUS][PBFT]checkAndChangeView: Reach consensus,org_view=10,org_changeCycle=0,cur_changeCycle=0,to_view=11
info|2019-12-13 22:07:39.192034|[g:1][CONSENSUS]addRawPrepare,height=142,reqIdx=0,hash=08f7e2fb...
info|2019-12-13 22:07:39.193979|[g:1][CONSENSUS][PBFT]checkTimeout Succ,view=11,toView=12,nodeIdx=2,changeCycle=0,myNode=8d7b93e8...,timecost=1.466
info|2019-12-13 22:07:39.200491|[g:1][CONSENSUS][PBFT]checkAndChangeView: Reach consensus,org_view=11,org_changeCycle=0,cur_changeCycle=0,to_view=12
info|2019-12-13 22:07:40.203573|[g:1][CONSENSUS]addRawPrepare,height=142,reqIdx=1,hash=fd0ae254...
info|2019-12-13 22:07:40.209248|[g:1][CONSENSUS][PBFT]checkTimeout Succ,view=12,toView=13,nodeIdx=2,changeCycle=0,myNode=8d7b93e8...,timecost=4.991
info|2019-12-13 22:07:40.216045|[g:1][CONSENSUS][PBFT]checkAndChangeView: Reach consensus,org_view=12,org_changeCycle=0,cur_changeCycle=0,to_view=13
info|2019-12-13 22:07:41.216429|[g:1][CONSENSUS][SEALER]++++++++++++++++ Generating seal on,blkNum=142,tx=0,nodeIdx=2,hash=f3d986f6...
info|2019-12-13 22:07:41.224408|[g:1][CONSENSUS][PBFT]checkTimeout Succ,view=13,toView=14,nodeIdx=2,changeCycle=0,myNode=8d7b93e8...,timecost=2.567
info|2019-12-13 22:07:41.230650|[g:1][CONSENSUS][PBFT]checkAndChangeView: Reach consensus,org_view=13,org_changeCycle=0,cur_changeCycle=0,to_view=14
info|2019-12-13 22:07:42.233376|[g:1][CONSENSUS]addRawPrepare,height=142,reqIdx=3,hash=61b07e29...
info|2019-12-13 22:07:42.237922|[g:1][CONSENSUS][PBFT]checkTimeout Succ,view=14,toView=15,nodeIdx=2,changeCycle=0,myNode=8d7b93e8...,timecost=2.381
info|2019-12-13 22:07:42.243112|[g:1][CONSENSUS][PBFT]checkAndChangeView: Reach consensus,org_view=14,org_changeCycle=0,cur_changeCycle=0,to_view=15
info|2019-12-13 22:07:43.246624|[g:1][CONSENSUS]addRawPrepare,height=142,reqIdx=0,hash=18f35eb4...
info|2019-12-13 22:07:43.250038|[g:1][CONSENSUS][PBFT]checkTimeout Succ,view=15,toView=16,nodeIdx=2,changeCycle=0,myNode=8d7b93e8...,timecost=2.461
info|2019-12-13 22:07:43.256101|[g:1][CONSENSUS][PBFT]checkAndChangeView: Reach consensus,org_view=15,org_changeCycle=0,cur_changeCycle=0,to_view=16
info|2019-12-13 22:07:44.262263|[g:1][CONSENSUS]addRawPrepare,height=142,reqIdx=1,hash=a5a0dcfb...
info|2019-12-13 22:07:44.264683|[g:1][CONSENSUS][PBFT]checkTimeout Succ,view=16,toView=17,nodeIdx=2,changeCycle=0,myNode=8d7b93e8...,timecost=1.924
info|2019-12-13 22:07:44.284213|[g:1][CONSENSUS][PBFT]checkAndChangeView: Reach consensus,org_view=16,org_changeCycle=0,cur_changeCycle=0,to_view=17
info|2019-12-13 22:07:45.284657|[g:1][CONSENSUS][SEALER]++++++++++++++++ Generating seal on,blkNum=142,tx=0,nodeIdx=2,hash=3ea3ec3b...
info|2019-12-13 22:07:45.296420|[g:1][CONSENSUS][PBFT]checkTimeout Succ,view=17,toView=18,nodeIdx=2,changeCycle=0,myNode=8d7b93e8...,timecost=3.42
info|2019-12-13 22:07:45.301166|[g:1][CONSENSUS][PBFT]checkAndChangeView: Reach consensus,org_view=17,org_changeCycle=0,cur_changeCycle=0,to_view=18
info|2019-12-13 22:07:46.308023|[g:1][CONSENSUS]addRawPrepare,height=142,reqIdx=3,hash=8a296b63...
info|2019-12-13 22:07:46.309719|[g:1][CONSENSUS][PBFT]checkTimeout Succ,view=18,toView=19,nodeIdx=2,changeCycle=0,myNode=8d7b93e8...,timecost=1.369
info|2019-12-13 22:07:46.317082|[g:1][CONSENSUS][PBFT]checkAndChangeView: Reach consensus,org_view=18,org_changeCycle=0,cur_changeCycle=0,to_view=19
info|2019-12-13 22:07:46.989277|[P2P][Service] heartBeat,connected count=3
info|2019-12-13 22:07:47.321059|[g:1][CONSENSUS]addRawPrepare,height=142,reqIdx=0,hash=64e9a734...
info|2019-12-13 22:07:47.323076|[g:1][CONSENSUS][PBFT]checkTimeout Succ,view=19,toView=20,nodeIdx=2,changeCycle=0,myNode=8d7b93e8...,timecost=1.162
info|2019-12-13 22:07:47.327537|[g:1][CONSENSUS][PBFT]checkAndChangeView: Reach consensus,org_view=19,org_changeCycle=0,cur_changeCycle=0,to_view=20
info|2019-12-13 22:07:48.339642|[g:1][CONSENSUS]addRawPrepare,height=142,reqIdx=1,hash=39292846...
info|2019-12-13 22:07:48.341972|[g:1][CONSENSUS][PBFT]checkTimeout Succ,view=20,toView=21,nodeIdx=2,changeCycle=0,myNode=8d7b93e8...,timecost=1.63
info|2019-12-13 22:07:48.353881|[g:1][CONSENSUS][PBFT]checkAndChangeView: Reach consensus,org_view=20,org_changeCycle=0,cur_changeCycle=0,to_view=21
info|2019-12-13 22:07:49.355212|[g:1][CONSENSUS][SEALER]++++++++++++++++ Generating seal on,blkNum=142,tx=0,nodeIdx=2,hash=11172cec...
info|2019-12-13 22:07:49.363070|[g:1][CONSENSUS][PBFT]checkTimeout Succ,view=21,toView=22,nodeIdx=2,changeCycle=0,myNode=8d7b93e8...,timecost=1.404
info|2019-12-13 22:07:49.368019|[g:1][CONSENSUS][PBFT]checkAndChangeView: Reach consensus,org_view=21,org_changeCycle=0,cur_changeCycle=0,to_view=22
info|2019-12-13 22:07:50.377964|[g:1][CONSENSUS]addRawPrepare,height=142,reqIdx=3,hash=c0d4c738...
info|2019-12-13 22:07:50.387032|[g:1][CONSENSUS][PBFT]checkTimeout Succ,view=22,toView=23,nodeIdx=2,changeCycle=0,myNode=8d7b93e8...,timecost=8.894
info|2019-12-13 22:07:50.403213|[g:1][CONSENSUS][PBFT]checkAndChangeView: Reach consensus,org_view=22,org_changeCycle=0,cur_changeCycle=0,to_view=23
info|2019-12-13 22:07:51.413744|[g:1][CONSENSUS]addRawPrepare,height=142,reqIdx=0,hash=6dca234f...
info|2019-12-13 22:07:51.422399|[g:1][CONSENSUS][PBFT]checkTimeout Succ,view=23,toView=24,nodeIdx=2,changeCycle=0,myNode=8d7b93e8...,timecost=5.41
info|2019-12-13 22:07:51.426782|[g:1][CONSENSUS][PBFT]checkAndChangeView: Reach consensus,org_view=23,org_changeCycle=0,cur_changeCycle=0,to_view=24
info|2019-12-13 22:07:52.436983|[g:1][CONSENSUS]addRawPrepare,height=142,reqIdx=1,hash=181375f1...
info|2019-12-13 22:07:52.447868|[g:1][CONSENSUS][PBFT]checkTimeout Succ,view=24,toView=25,nodeIdx=2,changeCycle=0,myNode=8d7b93e8...,timecost=4.447
info|2019-12-13 22:07:52.457287|[g:1][CONSENSUS][PBFT]checkAndChangeView: Reach consensus,org_view=24,org_changeCycle=0,cur_changeCycle=0,to_view=25
info|2019-12-13 22:07:53.457670|[g:1][CONSENSUS][SEALER]++++++++++++++++ Generating seal on,blkNum=142,tx=0,nodeIdx=2,hash=f21b1ebb...
info|2019-12-13 22:07:53.463570|[g:1][CONSENSUS][PBFT]checkTimeout Succ,view=25,toView=26,nodeIdx=2,changeCycle=0,myNode=8d7b93e8...,timecost=1.037
info|2019-12-13 22:07:53.465929|[g:1][CONSENSUS][PBFT]checkAndChangeView: Reach consensus,org_view=25,org_changeCycle=0,cur_changeCycle=0,to_view=26
info|2019-12-13 22:07:54.467138|[g:1][CONSENSUS]addRawPrepare,height=142,reqIdx=3,hash=1638fc91...
info|2019-12-13 22:07:54.468514|[g:1][CONSENSUS][PBFT]checkTimeout Succ,view=26,toView=27,nodeIdx=2,changeCycle=0,myNode=8d7b93e8...,timecost=1.111
info|2019-12-13 22:07:54.471362|[g:1][CONSENSUS][PBFT]checkAndChangeView: Reach consensus,org_view=26,org_changeCycle=0,cur_changeCycle=0,to_view=27
info|2019-12-13 22:07:55.477123|[g:1][CONSENSUS]addRawPrepare,height=142,reqIdx=0,hash=fa5ae69e...
info|2019-12-13 22:07:55.479504|[g:1][CONSENSUS][PBFT]checkTimeout Succ,view=27,toView=28,nodeIdx=2,changeCycle=0,myNode=8d7b93e8...,timecost=1.978
info|2019-12-13 22:07:55.485024|[g:1][CONSENSUS][PBFT]checkAndChangeView: Reach consensus,org_view=27,org_changeCycle=0,cur_changeCycle=0,to_view=28
info|2019-12-13 22:07:56.492174|[g:1][CONSENSUS]addRawPrepare,height=142,reqIdx=1,hash=89f2fb59...
info|2019-12-13 22:07:56.494443|[g:1][CONSENSUS][PBFT]checkTimeout Succ,view=28,toView=29,nodeIdx=2,changeCycle=0,myNode=8d7b93e8...,timecost=1.851
info|2019-12-13 22:07:56.501592|[g:1][CONSENSUS][PBFT]checkAndChangeView: Reach consensus,org_view=28,org_changeCycle=0,cur_changeCycle=0,to_view=29
info|2019-12-13 22:07:56.989491|[P2P][Service] heartBeat,connected count=3
info|2019-12-13 22:07:57.501344|[g:1][CONSENSUS][SEALER]++++++++++++++++ Generating seal on,blkNum=142,tx=0,nodeIdx=2,hash=d8c29d3b...
info|2019-12-13 22:07:57.512223|[g:1][CONSENSUS][PBFT]checkTimeout Succ,view=29,toView=30,nodeIdx=2,changeCycle=0,myNode=8d7b93e8...,timecost=3.864
info|2019-12-13 22:07:57.518774|[g:1][CONSENSUS][PBFT]checkAndChangeView: Reach consensus,org_view=29,org_changeCycle=0,cur_changeCycle=0,to_view=30
info|2019-12-13 22:07:58.527942|[g:1][CONSENSUS]addRawPrepare,height=142,reqIdx=3,hash=e49959d8...
info|2019-12-13 22:07:58.530695|[g:1][CONSENSUS][PBFT]checkTimeout Succ,view=30,toView=31,nodeIdx=2,changeCycle=0,myNode=8d7b93e8...,timecost=1.487
info|2019-12-13 22:07:58.538469|[g:1][CONSENSUS][PBFT]checkAndChangeView: Reach consensus,org_view=30,org_changeCycle=0,cur_changeCycle=0,to_view=31
info|2019-12-13 22:07:59.547264|[g:1][CONSENSUS]addRawPrepare,height=142,reqIdx=0,hash=db2a0988...
info|2019-12-13 22:07:59.547925|[g:1][CONSENSUS][PBFT]checkTimeout Succ,view=31,toView=32,nodeIdx=2,changeCycle=0,myNode=8d7b93e8...,timecost=0.493
info|2019-12-13 22:07:59.551656|[g:1][CONSENSUS][PBFT]checkAndChangeView: Reach consensus,org_view=31,org_changeCycle=0,cur_changeCycle=0,to_view=32
info|2019-12-13 22:08:00.547734|[g:1][CONSENSUS]addRawPrepare,height=142,reqIdx=1,hash=20a6ab97...
info|2019-12-13 22:08:00.548320|[g:1][CONSENSUS][PBFT]checkTimeout Succ,view=32,toView=33,nodeIdx=2,changeCycle=0,myNode=8d7b93e8...,timecost=0.487
info|2019-12-13 22:08:00.549231|[g:1][CONSENSUS][PBFT]checkAndChangeView: Reach consensus,org_view=32,org_changeCycle=0,cur_changeCycle=0,to_view=33
info|2019-12-13 22:08:01.549806|[g:1][CONSENSUS][SEALER]++++++++++++++++ Generating seal on,blkNum=142,tx=0,nodeIdx=2,hash=f8942b6d...
info|2019-12-13 22:08:01.557831|[g:1][CONSENSUS][PBFT]checkTimeout Succ,view=33,toView=34,nodeIdx=2,changeCycle=0,myNode=8d7b93e8...,timecost=2.56
info|2019-12-13 22:08:01.567723|[g:1][CONSENSUS][PBFT]checkAndChangeView: Reach consensus,org_view=33,org_changeCycle=0,cur_changeCycle=0,to_view=34
info|2019-12-13 22:08:02.579590|[g:1][CONSENSUS]addRawPrepare,height=142,reqIdx=3,hash=ba9347a8...
info|2019-12-13 22:08:02.583317|[g:1][CONSENSUS][PBFT]checkTimeout Succ,view=34,toView=35,nodeIdx=2,changeCycle=0,myNode=8d7b93e8...,timecost=5.271
info|2019-12-13 22:08:02.593146|[g:1][CONSENSUS][PBFT]checkAndChangeView: Reach consensus,org_view=34,org_changeCycle=0,cur_changeCycle=0,to_view=35
info|2019-12-13 22:08:03.589367|[g:1][CONSENSUS]addRawPrepare,height=142,reqIdx=0,hash=64848e97...
info|2019-12-13 22:08:03.590625|[g:1][CONSENSUS][PBFT]checkTimeout Succ,view=35,toView=36,nodeIdx=2,changeCycle=0,myNode=8d7b93e8...,timecost=1.081
info|2019-12-13 22:08:03.594583|[g:1][CONSENSUS][PBFT]checkAndChangeView: Reach consensus,org_view=35,org_changeCycle=0,cur_changeCycle=0,to_view=36
info|2019-12-13 22:08:04.598673|[g:1][CONSENSUS]addRawPrepare,height=142,reqIdx=1,hash=25c66594...
info|2019-12-13 22:08:04.603869|[g:1][CONSENSUS][PBFT]checkTimeout Succ,view=36,toView=37,nodeIdx=2,changeCycle=0,myNode=8d7b93e8...,timecost=2.3
info|2019-12-13 22:08:04.609935|[g:1][CONSENSUS][PBFT]checkAndChangeView: Reach consensus,org_view=36,org_changeCycle=0,cur_changeCycle=0,to_view=37
info|2019-12-13 22:08:05.609465|[g:1][CONSENSUS][SEALER]++++++++++++++++ Generating seal on,blkNum=142,tx=0,nodeIdx=2,hash=6c6a46a1...
info|2019-12-13 22:08:05.617678|[g:1][CONSENSUS][PBFT]checkTimeout Succ,view=37,toView=38,nodeIdx=2,changeCycle=0,myNode=8d7b93e8...,timecost=1.244
info|2019-12-13 22:08:05.620705|[g:1][CONSENSUS][PBFT]checkAndChangeView: Reach consensus,org_view=37,org_changeCycle=0,cur_changeCycle=0,to_view=38
info|2019-12-13 22:08:06.629200|[g:1][CONSENSUS]addRawPrepare,height=142,reqIdx=3,hash=aeb9c988...
info|2019-12-13 22:08:06.630263|[g:1][CONSENSUS][PBFT]checkTimeout Succ,view=38,toView=39,nodeIdx=2,changeCycle=0,myNode=8d7b93e8...,timecost=0.813
info|2019-12-13 22:08:06.638215|[g:1][CONSENSUS][PBFT]checkAndChangeView: Reach consensus,org_view=38,org_changeCycle=0,cur_changeCycle=0,to_view=39
info|2019-12-13 22:08:06.989735|[P2P][Service] heartBeat,connected count=3
info|2019-12-13 22:08:07.637667|[g:1][CONSENSUS]addRawPrepare,height=142,reqIdx=0,hash=0372eacd...
info|2019-12-13 22:08:07.638783|[g:1][CONSENSUS][PBFT]checkTimeout Succ,view=39,toView=40,nodeIdx=2,changeCycle=0,myNode=8d7b93e8...,timecost=0.876
info|2019-12-13 22:08:07.643471|[g:1][CONSENSUS][PBFT]checkAndChangeView: Reach consensus,org_view=39,org_changeCycle=0,cur_changeCycle=0,to_view=40
info|2019-12-13 22:08:08.643509|[g:1][CONSENSUS]addRawPrepare,height=142,reqIdx=1,hash=192baa89...
info|2019-12-13 22:08:08.645712|[g:1][CONSENSUS][PBFT]checkTimeout Succ,view=40,toView=41,nodeIdx=2,changeCycle=0,myNode=8d7b93e8...,timecost=0.415
info|2019-12-13 22:08:08.647208|[g:1][CONSENSUS][PBFT]checkAndChangeView: Reach consensus,org_view=40,org_changeCycle=0,cur_changeCycle=0,to_view=41
info|2019-12-13 22:08:09.647470|[g:1][CONSENSUS][SEALER]++++++++++++++++ Generating seal on,blkNum=142,tx=0,nodeIdx=2,hash=5b44c4c7...
info|2019-12-13 22:08:09.649456|[g:1][CONSENSUS][PBFT]checkTimeout Succ,view=41,toView=42,nodeIdx=2,changeCycle=0,myNode=8d7b93e8...,timecost=1.071
info|2019-12-13 22:08:09.656671|[g:1][CONSENSUS][PBFT]checkAndChangeView: Reach consensus,org_view=41,org_changeCycle=0,cur_changeCycle=0,to_view=42
info|2019-12-13 22:08:10.658949|[g:1][CONSENSUS]addRawPrepare,height=142,reqIdx=3,hash=0b9a9237...
info|2019-12-13 22:08:10.659218|[g:1][CONSENSUS][PBFT]checkTimeout Succ,view=42,toView=43,nodeIdx=2,changeCycle=0,myNode=8d7b93e8...,timecost=0.201
info|2019-12-13 22:08:10.661209|[g:1][CONSENSUS][PBFT]checkAndChangeView: Reach consensus,org_view=42,org_changeCycle=0,cur_changeCycle=0,to_view=43
info|2019-12-13 22:08:11.664750|[g:1][CONSENSUS]addRawPrepare,height=142,reqIdx=0,hash=e0dc537c...
info|2019-12-13 22:08:11.667544|[g:1][CONSENSUS][PBFT]checkTimeout Succ,view=43,toView=44,nodeIdx=2,changeCycle=0,myNode=8d7b93e8...,timecost=2.428
info|2019-12-13 22:08:11.673932|[g:1][CONSENSUS][PBFT]checkAndChangeView: Reach consensus,org_view=43,org_changeCycle=0,cur_changeCycle=0,to_view=44
info|2019-12-13 22:08:12.676471|[g:1][CONSENSUS]addRawPrepare,height=142,reqIdx=1,hash=8d28776d...
info|2019-12-13 22:08:12.677372|[g:1][CONSENSUS][PBFT]checkTimeout Succ,view=44,toView=45,nodeIdx=2,changeCycle=0,myNode=8d7b93e8...,timecost=0.815
info|2019-12-13 22:08:12.681349|[g:1][CONSENSUS][PBFT]checkAndChangeView: Reach consensus,org_view=44,org_changeCycle=0,cur_changeCycle=0,to_view=45
info|2019-12-13 22:08:13.681474|[g:1][CONSENSUS][SEALER]++++++++++++++++ Generating seal on,blkNum=142,tx=0,nodeIdx=2,hash=579c1f1a...
info|2019-12-13 22:08:13.684721|[g:1][CONSENSUS][PBFT]checkTimeout Succ,view=45,toView=46,nodeIdx=2,changeCycle=0,myNode=8d7b93e8...,timecost=1.606
info|2019-12-13 22:08:13.695620|[g:1][CONSENSUS][PBFT]checkAndChangeView: Reach consensus,org_view=45,org_changeCycle=0,cur_changeCycle=0,to_view=46
info|2019-12-13 22:08:14.695113|[g:1][CONSENSUS]addRawPrepare,height=142,reqIdx=3,hash=50b92bda...
info|2019-12-13 22:08:14.696493|[g:1][CONSENSUS][PBFT]checkTimeout Succ,view=46,toView=47,nodeIdx=2,changeCycle=0,myNode=8d7b93e8...,timecost=1.12
info|2019-12-13 22:08:14.706739|[g:1][CONSENSUS][PBFT]checkAndChangeView: Reach consensus,org_view=46,org_changeCycle=0,cur_changeCycle=0,to_view=47
info|2019-12-13 22:08:15.708632|[g:1][CONSENSUS]addRawPrepare,height=142,reqIdx=0,hash=fdcf5c47...
info|2019-12-13 22:08:15.711066|[g:1][CONSENSUS][PBFT]checkTimeout Succ,view=47,toView=48,nodeIdx=2,changeCycle=0,myNode=8d7b93e8...,timecost=1.967
info|2019-12-13 22:08:15.719295|[g:1][CONSENSUS][PBFT]checkAndChangeView: Reach consensus,org_view=47,org_changeCycle=0,cur_changeCycle=0,to_view=48
info|2019-12-13 22:08:16.728580|[g:1][CONSENSUS]addRawPrepare,height=142,reqIdx=1,hash=b9ef532b...
info|2019-12-13 22:08:16.738132|[g:1][CONSENSUS][PBFT]checkTimeout Succ,view=48,toView=49,nodeIdx=2,changeCycle=0,myNode=8d7b93e8...,timecost=3.051
info|2019-12-13 22:08:16.740755|[g:1][CONSENSUS][PBFT]checkAndChangeView: Reach consensus,org_view=48,org_changeCycle=0,cur_changeCycle=0,to_view=49
info|2019-12-13 22:08:16.989985|[P2P][Service] heartBeat,connected count=3
info|2019-12-13 22:08:17.741123|[g:1][CONSENSUS][SEALER]++++++++++++++++ Generating seal on,blkNum=142,tx=0,nodeIdx=2,hash=668169f0...
info|2019-12-13 22:08:17.750674|[g:1][CONSENSUS][PBFT]checkTimeout Succ,view=49,toView=50,nodeIdx=2,changeCycle=0,myNode=8d7b93e8...,timecost=1.449
info|2019-12-13 22:08:17.759157|[g:1][CONSENSUS][PBFT]checkAndChangeView: Reach consensus,org_view=49,org_changeCycle=0,cur_changeCycle=0,to_view=50
info|2019-12-13 22:08:18.757346|[g:1][CONSENSUS]addRawPrepare,height=142,reqIdx=3,hash=ecd93a81...
info|2019-12-13 22:08:18.758522|[g:1][CONSENSUS][PBFT]checkTimeout Succ,view=50,toView=51,nodeIdx=2,changeCycle=0,myNode=8d7b93e8...,timecost=0.989
info|2019-12-13 22:08:18.762262|[g:1][CONSENSUS][PBFT]checkAndChangeView: Reach consensus,org_view=50,org_changeCycle=0,cur_changeCycle=0,to_view=51
info|2019-12-13 22:08:19.766067|[g:1][CONSENSUS]addRawPrepare,height=142,reqIdx=0,hash=9be9f0e4...
info|2019-12-13 22:08:19.770101|[g:1][CONSENSUS][PBFT]checkTimeout Succ,view=51,toView=52,nodeIdx=2,changeCycle=0,myNode=8d7b93e8...,timecost=2.983
info|2019-12-13 22:08:19.775551|[g:1][CONSENSUS][PBFT]checkAndChangeView: Reach consensus,org_view=51,org_changeCycle=0,cur_changeCycle=0,to_view=52
info|2019-12-13 22:08:20.781785|[g:1][CONSENSUS]addRawPrepare,height=142,reqIdx=1,hash=6389e5d7...
info|2019-12-13 22:08:20.788457|[g:1][CONSENSUS][PBFT]checkTimeout Succ,view=52,toView=53,nodeIdx=2,changeCycle=0,myNode=8d7b93e8...,timecost=5.023
info|2019-12-13 22:08:20.794186|[g:1][CONSENSUS][PBFT]checkAndChangeView: Reach consensus,org_view=52,org_changeCycle=0,cur_changeCycle=0,to_view=53
info|2019-12-13 22:08:21.795205|[g:1][CONSENSUS][SEALER]++++++++++++++++ Generating seal on,blkNum=142,tx=0,nodeIdx=2,hash=e54f11a9...
info|2019-12-13 22:08:21.801732|[g:1][CONSENSUS][PBFT]checkTimeout Succ,view=53,toView=54,nodeIdx=2,changeCycle=0,myNode=8d7b93e8...,timecost=5.359
info|2019-12-13 22:08:21.806718|[g:1][CONSENSUS][PBFT]checkAndChangeView: Reach consensus,org_view=53,org_changeCycle=0,cur_changeCycle=0,to_view=54
info|2019-12-13 22:08:22.814782|[g:1][CONSENSUS]addRawPrepare,height=142,reqIdx=3,hash=353c2694...
info|2019-12-13 22:08:22.818430|[g:1][CONSENSUS][PBFT]checkTimeout Succ,view=54,toView=55,nodeIdx=2,changeCycle=0,myNode=8d7b93e8...,timecost=3.281
info|2019-12-13 22:08:22.823789|[g:1][CONSENSUS][PBFT]checkAndChangeView: Reach consensus,org_view=54,org_changeCycle=0,cur_changeCycle=0,to_view=55
info|2019-12-13 22:08:23.824869|[g:1][CONSENSUS]addRawPrepare,height=142,reqIdx=0,hash=5887d577...
info|2019-12-13 22:08:23.826799|[g:1][CONSENSUS][PBFT]checkTimeout Succ,view=55,toView=56,nodeIdx=2,changeCycle=0,myNode=8d7b93e8...,timecost=1.533
info|2019-12-13 22:08:23.840499|[g:1][CONSENSUS][PBFT]checkAndChangeView: Reach consensus,org_view=55,org_changeCycle=0,cur_changeCycle=0,to_view=56
info|2019-12-13 22:08:24.840418|[g:1][CONSENSUS]addRawPrepare,height=142,reqIdx=1,hash=e49810e5...
info|2019-12-13 22:08:24.844113|[g:1][CONSENSUS][PBFT]checkTimeout Succ,view=56,toView=57,nodeIdx=2,changeCycle=0,myNode=8d7b93e8...,timecost=2.465
info|2019-12-13 22:08:24.852906|[g:1][CONSENSUS][PBFT]checkAndChangeView: Reach consensus,org_view=56,org_changeCycle=0,cur_changeCycle=0,to_view=57
info|2019-12-13 22:08:25.852793|[g:1][CONSENSUS][SEALER]++++++++++++++++ Generating seal on,blkNum=142,tx=0,nodeIdx=2,hash=f8c5064f...
info|2019-12-13 22:08:25.855980|[g:1][CONSENSUS][PBFT]checkTimeout Succ,view=57,toView=58,nodeIdx=2,changeCycle=0,myNode=8d7b93e8...,timecost=2.152
info|2019-12-13 22:08:25.863898|[g:1][CONSENSUS][PBFT]checkAndChangeView: Reach consensus,org_view=57,org_changeCycle=0,cur_changeCycle=0,to_view=58
info|2019-12-13 22:08:26.869400|[g:1][CONSENSUS]addRawPrepare,height=142,reqIdx=3,hash=929aeec5...
info|2019-12-13 22:08:26.871836|[g:1][CONSENSUS][PBFT]checkTimeout Succ,view=58,toView=59,nodeIdx=2,changeCycle=0,myNode=8d7b93e8...,timecost=2.062
info|2019-12-13 22:08:26.878353|[g:1][CONSENSUS][PBFT]checkAndChangeView: Reach consensus,org_view=58,org_changeCycle=0,cur_changeCycle=0,to_view=59
info|2019-12-13 22:08:26.990095|[P2P][Service] heartBeat,connected count=3
info|2019-12-13 22:08:27.059039|[LEDGER]stop sealer,groupID=1
info|2019-12-13 22:08:27.059051|[CONSENSUS][SEALER]Stop sealer module...
info|2019-12-13 22:08:27.066568|[CONSENSUS][ConsensusEngine][Stop ConsensusEngineBase]
info|2019-12-13 22:08:27.068190|[CONSENSUS][ConsensusEngine]ConsensusEngineBase stopped
info|2019-12-13 22:08:27.068201|[LEDGER]sealer stopped. stop sync,groupID=1
info|2019-12-13 22:08:27.080726|[SYNC][id:8d7b93e8...]SyncMaster stopped
info|2019-12-13 22:08:27.080745|[LEDGER]ledger stopped,groupID=1
info|2019-12-13 22:08:27.112604|[EVENT][EventLogFilterManager]stop
info|2019-12-13 22:08:27.112648|[LEDGER]event filter manager stopped,groupID=1
info|2019-12-13 22:08:27.112663|[INITIALIZER]ledgerInitializer stopped
warning|2019-12-13 22:08:27.112732|[CHANNEL]Accept failed,message=操作已取消
info|2019-12-13 22:08:28.113318|[INITIALIZER]ChannelRPCHttpServer deleted.
info|2019-12-13 22:08:28.114005|[INITIALIZER]JsonrpcHttpServer deleted.
info|2019-12-13 22:08:28.114047|[INITIALIZER]RPCInitializer stopped
info|2019-12-13 22:08:28.114138|[NETWORK][Host]Host exit
info|2019-12-13 22:08:28.114938|[INITIALIZER]P2PInitializer stopped
info|2019-12-13 22:08:28.114998|[LEDGER]stop sealer,groupID=1
info|2019-12-13 22:08:28.115019|[LEDGER]sealer stopped. stop sync,groupID=1
info|2019-12-13 22:08:28.115037|[SYNC][id:8d7b93e8...]SyncMaster stopped
info|2019-12-13 22:08:28.115055|[LEDGER]ledger stopped,groupID=1
info|2019-12-13 22:08:28.115071|[LEDGER]event filter manager stopped,groupID=1
info|2019-12-13 22:08:28.115103|[STORAGE]Stopping flushStorage thread
info|2019-12-13 22:08:29.053220|[STORAGE]flushStorage thread stopped.
info|2019-12-13 22:08:29.053274|[DBINITIALIZER] storage stopped
info|2019-12-13 22:08:29.054284|[SYNC][id:8d7b93e8...]SyncMaster stopped
