info|2019-12-13 22:59:19.864055|[INITIALIZER][initGlobalConfig],enableCompress=true,compatibilityVersion=2.1.0,versionNumber=33619968,chainId=1
info|2019-12-13 22:59:19.963038|[NETWORK][Host]Connecting to node,endpoint=127.0.0.1:30300
info|2019-12-13 22:59:19.963421|[NETWORK][Host]P2P StartAccept,Host=0.0.0.0:30303
info|2019-12-13 22:59:19.964619|[NETWORK][Host]Connecting to node,endpoint=127.0.0.1:30301
info|2019-12-13 22:59:19.964748|[NETWORK][Host]Connecting to node,endpoint=127.0.0.1:30302
info|2019-12-13 22:59:19.964820|[NETWORK][Host]Connecting to node,endpoint=127.0.0.1:30303
info|2019-12-13 22:59:19.964887|[P2P][Service] heartBeat,connected count=0
info|2019-12-13 22:59:19.965669|[NETWORK][ASIO]asyncResolveConnect,endpoint=127.0.0.1:30300
info|2019-12-13 22:59:19.968886|[NETWORK][ASIO]asyncResolveConnect,endpoint=127.0.0.1:30301
info|2019-12-13 22:59:19.968976|[NETWORK][ASIO]asyncResolveConnect,endpoint=127.0.0.1:30302
info|2019-12-13 22:59:19.969058|[NETWORK][ASIO]asyncResolveConnect,endpoint=127.0.0.1:30303
info|2019-12-13 22:59:19.969287|[NETWORK][Host]P2P Recv Connect, From=127.0.0.1:35474
info|2019-12-13 22:59:19.969353|[NETWORK][Host]P2P StartAccept,Host=0.0.0.0:30303
info|2019-12-13 22:59:19.973705|[CHANNEL]ChannelRPCServer started
info|2019-12-13 22:59:19.973725|[INITIALIZER][RPCInitializer]ChannelRPCHttpServer started.
info|2019-12-13 22:59:19.973750|[LedgerInitializer],groupConfigPath=conf/
info|2019-12-13 22:59:19.974459|[INITIALIZER][initSingleLedger] [GroupId]:  1
info|2019-12-13 22:59:19.974491|[g:1][LEDGER]LedgerConstructor,configPath=conf/group.1.genesis,baseDir=data//group1
info|2019-12-13 22:59:19.974503|[g:1][LEDGER][initGenesisConfig]initConsensusConfig/initDBConfig/initTxConfig,configFile=conf/group.1.genesis
info|2019-12-13 22:59:19.974660|[g:1][LEDGER][initConsensusConfig],it.first=3f806b74841629d37e779f7a16561f4795128b422719444dee6e48722102bad01a03dfcadf6e8d7b25d32d9cd72f07d35f577d57e6f154ef60dfef0f2871167e
info|2019-12-13 22:59:19.974716|[g:1][LEDGER][initConsensusConfig],it.first=729ae2cc88cbfd90be04d286d54cd5281ebd8d448483ffd6bf10f229b3c35f98333a78bf0598277a577e3f79de477f9fe987ed96188d54a81dba946f6facddae
info|2019-12-13 22:59:19.974741|[g:1][LEDGER][initConsensusConfig],it.first=e441c30060737d3968cd6b17533d74a8d04b2268bcc02f5cab296e57a5ca0ee34190c4cfa4d72a7b51061361e093cd83b2e42e0cc6619907aa42b7bfa7496aaa
info|2019-12-13 22:59:19.974769|[g:1][LEDGER][initConsensusConfig],it.first=8d7b93e87e42afb39b5fcb0158fbd2afaa0b15ddb98a26fbb9f6a00d7aa9bcb3567944a9668175e31aed1e4a539d73b9a2c29d711e0f9c60f8ad9fa38b62feed
info|2019-12-13 22:59:19.974835|[NETWORK][Host]P2P Recv Connect, From=127.0.0.1:35480
info|2019-12-13 22:59:19.974918|[NETWORK][Host]P2P StartAccept,Host=0.0.0.0:30303
info|2019-12-13 22:59:19.975093|[g:1][LEDGER][initIniConfig]initTxPoolConfig/initSyncConfig/initTxExecuteConfig,configFile=conf/group.1.ini
info|2019-12-13 22:59:19.975521|[g:1][LEDGER][initLedger][DBInitializer]
info|2019-12-13 22:59:19.975559|[g:1][DBINITIALIZER] [initRocksDBStorage]
info|2019-12-13 22:59:19.978452|[g:1][ROCKSDB]open rocksDB handler
info|2019-12-13 22:59:19.980171|[NETWORK][Host]P2P Recv Connect, From=127.0.0.1:35486
info|2019-12-13 22:59:19.980253|[NETWORK][Host]P2P StartAccept,Host=0.0.0.0:30303
info|2019-12-13 22:59:19.983911|[NETWORK][Host]P2P Recv Connect, From=127.0.0.1:35492
info|2019-12-13 22:59:19.983989|[NETWORK][Host]P2P StartAccept,Host=0.0.0.0:30303
info|2019-12-13 22:59:20.005294|[NETWORK][Host]startPeerSession, From=127.0.0.1:35474,nodeID=729ae2cc...
info|2019-12-13 22:59:20.005386|[P2P][Service] Connection established,nodeID=729ae2cc...,endpoint=127.0.0.1:35474
info|2019-12-13 22:59:20.005422|[NETWORK][Host]startPeerSession, From=127.0.0.1:35486,nodeID=8d7b93e8...
info|2019-12-13 22:59:20.019276|[NETWORK][Host]startPeerSession, From=127.0.0.1:30303,nodeID=8d7b93e8...
info|2019-12-13 22:59:20.019430|[P2P][Service] Connection established,nodeID=e441c300...,endpoint=127.0.0.1:35480
info|2019-12-13 22:59:20.019457|[NETWORK][Host]startPeerSession, From=127.0.0.1:35480,nodeID=e441c300...
info|2019-12-13 22:59:20.019520|[P2P][Service] Connection established,nodeID=3f806b74...,endpoint=127.0.0.1:35492
info|2019-12-13 22:59:20.019547|[NETWORK][Host]startPeerSession, From=127.0.0.1:35492,nodeID=3f806b74...
info|2019-12-13 22:59:20.019698|[NETWORK][Host]startPeerSession, From=127.0.0.1:30301,nodeID=729ae2cc...
info|2019-12-13 22:59:20.022949|[NETWORK][Host]startPeerSession, From=127.0.0.1:30302,nodeID=e441c300...
info|2019-12-13 22:59:20.024555|[NETWORK][Host]startPeerSession, From=127.0.0.1:30300,nodeID=3f806b74...
info|2019-12-13 22:59:20.033202|[g:1][g:0][STORAGE][CachedStorage]Init flushStorage thread
info|2019-12-13 22:59:20.049522|[g:1][BLOCKCHAIN][#checkAndBuildGenesisBlock]Already have the 0th block, 0th groupMark is equal to file groupMark.
info|2019-12-13 22:59:20.058937|[g:1][CONSENSUS][PBFT]Register handler for PBFTEngine
info|2019-12-13 22:59:20.059758|[g:1][CONSENSUS][PBFT],minBlockGenerationTime=500
info|2019-12-13 22:59:20.059915|[LedgerInitializer init group succ],groupID=1
info|2019-12-13 22:59:20.060122|[INITIALIZER][RPCInitializer]JsonrpcHttpServer started.
info|2019-12-13 22:59:20.060143|[g:1][LEDGER]startAll...
warning|2019-12-13 22:59:20.060830|[SYNC][id:8d7b93e8...][Status]Peer data not found,nodeId=729ae2cc...
warning|2019-12-13 22:59:20.060883|[SYNC][id:8d7b93e8...][Status]Peer data not found,nodeId=3f806b74...
warning|2019-12-13 22:59:20.060982|[SYNC][id:8d7b93e8...][Status]Peer data not found,nodeId=e441c300...
info|2019-12-13 22:59:20.061784|[g:1][CONSENSUS][PBFT]^^^^^^^^Report,num=141,sealerIdx=3,hash=42223d64...,next=142,tx=1,nodeIdx=2
info|2019-12-13 22:59:20.101512|[g:1][CONSENSUS][PBFT][PBFT init env successfully]
info|2019-12-13 22:59:20.101525|[g:1][CONSENSUS][ConsensusEngine][Start ConsensusEngineBase]
info|2019-12-13 22:59:20.101589|[g:1][CONSENSUS][PBFT][Start PBFTEngine...]
info|2019-12-13 22:59:20.101600|[g:1][CONSENSUS][SEALER][Start sealer module]
info|2019-12-13 22:59:20.101768|[g:1][EVENT][EventLogFilterManager]start,m_maxBlockRange=0,m_maxBlockPerLoopFilter=3
info|2019-12-13 22:59:21.099561|[g:1][CONSENSUS]addRawPrepare,height=142,reqIdx=1,hash=c03caca5...
info|2019-12-13 22:59:21.102093|[g:1][CONSENSUS][PBFT]checkTimeout Succ,view=0,toView=1,nodeIdx=2,changeCycle=0,myNode=8d7b93e8...,timecost=2.166
info|2019-12-13 22:59:21.107028|[g:1][CONSENSUS][PBFT]checkAndChangeView: Reach consensus,org_view=0,org_changeCycle=0,cur_changeCycle=0,to_view=1
info|2019-12-13 22:59:22.107676|[g:1][CONSENSUS][SEALER]++++++++++++++++ Generating seal on,blkNum=142,tx=0,nodeIdx=2,hash=e3b15bf5...
info|2019-12-13 22:59:22.114923|[g:1][CONSENSUS][PBFT]checkTimeout Succ,view=1,toView=2,nodeIdx=2,changeCycle=0,myNode=8d7b93e8...,timecost=1.68
info|2019-12-13 22:59:22.119648|[g:1][CONSENSUS][PBFT]checkAndChangeView: Reach consensus,org_view=1,org_changeCycle=0,cur_changeCycle=0,to_view=2
info|2019-12-13 22:59:23.166224|[g:1][CONSENSUS]addRawPrepare,height=142,reqIdx=3,hash=23738c65...
info|2019-12-13 22:59:23.168020|[g:1][CONSENSUS][PBFT]checkTimeout Succ,view=2,toView=3,nodeIdx=2,changeCycle=0,myNode=8d7b93e8...,timecost=1.5
info|2019-12-13 22:59:23.173112|[g:1][CONSENSUS][PBFT]checkAndChangeView: Reach consensus,org_view=2,org_changeCycle=0,cur_changeCycle=0,to_view=3
info|2019-12-13 22:59:24.178135|[g:1][CONSENSUS]addRawPrepare,height=142,reqIdx=0,hash=830868cd...
info|2019-12-13 22:59:24.181311|[g:1][CONSENSUS][PBFT]checkTimeout Succ,view=3,toView=4,nodeIdx=2,changeCycle=0,myNode=8d7b93e8...,timecost=2.285
info|2019-12-13 22:59:24.188861|[g:1][CONSENSUS][PBFT]checkAndChangeView: Reach consensus,org_view=3,org_changeCycle=0,cur_changeCycle=0,to_view=4
info|2019-12-13 22:59:25.189066|[g:1][CONSENSUS]addRawPrepare,height=142,reqIdx=1,hash=45ef9c48...
info|2019-12-13 22:59:25.189951|[g:1][CONSENSUS][PBFT]checkTimeout Succ,view=4,toView=5,nodeIdx=2,changeCycle=0,myNode=8d7b93e8...,timecost=0.8
info|2019-12-13 22:59:25.190946|[g:1][CONSENSUS][PBFT]checkAndChangeView: Reach consensus,org_view=4,org_changeCycle=0,cur_changeCycle=0,to_view=5
info|2019-12-13 22:59:26.190468|[g:1][CONSENSUS][SEALER]++++++++++++++++ Generating seal on,blkNum=142,tx=0,nodeIdx=2,hash=13348dec...
info|2019-12-13 22:59:26.192563|[g:1][CONSENSUS][PBFT]checkTimeout Succ,view=5,toView=6,nodeIdx=2,changeCycle=0,myNode=8d7b93e8...,timecost=0.42
info|2019-12-13 22:59:26.193528|[g:1][CONSENSUS][PBFT]checkAndChangeView: Reach consensus,org_view=5,org_changeCycle=0,cur_changeCycle=0,to_view=6
info|2019-12-13 22:59:27.237885|[g:1][CONSENSUS]addRawPrepare,height=142,reqIdx=3,hash=92f8e8f8...
info|2019-12-13 22:59:27.238309|[g:1][CONSENSUS][PBFT]checkTimeout Succ,view=6,toView=7,nodeIdx=2,changeCycle=0,myNode=8d7b93e8...,timecost=0.323
info|2019-12-13 22:59:27.239708|[g:1][CONSENSUS][PBFT]checkAndChangeView: Reach consensus,org_view=6,org_changeCycle=0,cur_changeCycle=0,to_view=7
info|2019-12-13 22:59:28.241220|[g:1][CONSENSUS]addRawPrepare,height=142,reqIdx=0,hash=eab65237...
info|2019-12-13 22:59:28.242269|[g:1][CONSENSUS][PBFT]checkTimeout Succ,view=7,toView=8,nodeIdx=2,changeCycle=0,myNode=8d7b93e8...,timecost=0.981
info|2019-12-13 22:59:28.243320|[g:1][CONSENSUS][PBFT]checkAndChangeView: Reach consensus,org_view=7,org_changeCycle=0,cur_changeCycle=0,to_view=8
info|2019-12-13 22:59:29.245343|[g:1][CONSENSUS]addRawPrepare,height=142,reqIdx=1,hash=29a20d47...
info|2019-12-13 22:59:29.246288|[g:1][CONSENSUS][PBFT]checkTimeout Succ,view=8,toView=9,nodeIdx=2,changeCycle=0,myNode=8d7b93e8...,timecost=0.878
info|2019-12-13 22:59:29.247106|[g:1][CONSENSUS][PBFT]checkAndChangeView: Reach consensus,org_view=8,org_changeCycle=0,cur_changeCycle=0,to_view=9
info|2019-12-13 22:59:29.964982|[P2P][Service] heartBeat,connected count=3
info|2019-12-13 22:59:30.247900|[g:1][CONSENSUS][SEALER]++++++++++++++++ Generating seal on,blkNum=142,tx=0,nodeIdx=2,hash=40e74786...
info|2019-12-13 22:59:30.251288|[g:1][CONSENSUS][PBFT]checkTimeout Succ,view=9,toView=10,nodeIdx=2,changeCycle=0,myNode=8d7b93e8...,timecost=1.178
info|2019-12-13 22:59:30.259390|[g:1][CONSENSUS][PBFT]checkAndChangeView: Reach consensus,org_view=9,org_changeCycle=0,cur_changeCycle=0,to_view=10
info|2019-12-13 22:59:31.262930|[g:1][CONSENSUS]addRawPrepare,height=142,reqIdx=3,hash=dc712448...
info|2019-12-13 22:59:31.263430|[g:1][CONSENSUS][PBFT]checkTimeout Succ,view=10,toView=11,nodeIdx=2,changeCycle=0,myNode=8d7b93e8...,timecost=0.389
info|2019-12-13 22:59:31.266981|[g:1][CONSENSUS][PBFT]checkAndChangeView: Reach consensus,org_view=10,org_changeCycle=0,cur_changeCycle=0,to_view=11
info|2019-12-13 22:59:32.271831|[g:1][CONSENSUS]addRawPrepare,height=142,reqIdx=0,hash=8eb339a0...
info|2019-12-13 22:59:32.273771|[g:1][CONSENSUS][PBFT]checkTimeout Succ,view=11,toView=12,nodeIdx=2,changeCycle=0,myNode=8d7b93e8...,timecost=1.648
info|2019-12-13 22:59:32.284820|[g:1][CONSENSUS][PBFT]checkAndChangeView: Reach consensus,org_view=11,org_changeCycle=0,cur_changeCycle=0,to_view=12
info|2019-12-13 22:59:33.295938|[g:1][CONSENSUS]addRawPrepare,height=142,reqIdx=1,hash=97da1872...
info|2019-12-13 22:59:33.297399|[g:1][CONSENSUS][PBFT]checkTimeout Succ,view=12,toView=13,nodeIdx=2,changeCycle=0,myNode=8d7b93e8...,timecost=1.145
info|2019-12-13 22:59:33.298644|[g:1][CONSENSUS][PBFT]checkAndChangeView: Reach consensus,org_view=12,org_changeCycle=0,cur_changeCycle=0,to_view=13
info|2019-12-13 22:59:34.298881|[g:1][CONSENSUS][SEALER]++++++++++++++++ Generating seal on,blkNum=142,tx=0,nodeIdx=2,hash=b99b161e...
info|2019-12-13 22:59:34.300838|[g:1][CONSENSUS][PBFT]checkTimeout Succ,view=13,toView=14,nodeIdx=2,changeCycle=0,myNode=8d7b93e8...,timecost=0.357
info|2019-12-13 22:59:34.301758|[g:1][CONSENSUS][PBFT]checkAndChangeView: Reach consensus,org_view=13,org_changeCycle=0,cur_changeCycle=0,to_view=14
info|2019-12-13 22:59:35.304542|[g:1][CONSENSUS]addRawPrepare,height=142,reqIdx=3,hash=81e89cab...
info|2019-12-13 22:59:35.311394|[g:1][CONSENSUS][PBFT]checkTimeout Succ,view=14,toView=15,nodeIdx=2,changeCycle=0,myNode=8d7b93e8...,timecost=3.7
info|2019-12-13 22:59:35.313769|[g:1][CONSENSUS][PBFT]checkAndChangeView: Reach consensus,org_view=14,org_changeCycle=0,cur_changeCycle=0,to_view=15
info|2019-12-13 22:59:36.315512|[g:1][CONSENSUS]addRawPrepare,height=142,reqIdx=0,hash=1a36deb2...
info|2019-12-13 22:59:36.317788|[g:1][CONSENSUS][PBFT]checkTimeout Succ,view=15,toView=16,nodeIdx=2,changeCycle=0,myNode=8d7b93e8...,timecost=1.624
info|2019-12-13 22:59:36.319518|[g:1][CONSENSUS][PBFT]checkAndChangeView: Reach consensus,org_view=15,org_changeCycle=0,cur_changeCycle=0,to_view=16
info|2019-12-13 22:59:37.326183|[g:1][CONSENSUS]addRawPrepare,height=142,reqIdx=1,hash=71fa488a...
info|2019-12-13 22:59:37.328965|[g:1][CONSENSUS][PBFT]checkTimeout Succ,view=16,toView=17,nodeIdx=2,changeCycle=0,myNode=8d7b93e8...,timecost=2.213
info|2019-12-13 22:59:37.330093|[g:1][CONSENSUS][PBFT]checkAndChangeView: Reach consensus,org_view=16,org_changeCycle=0,cur_changeCycle=0,to_view=17
info|2019-12-13 22:59:38.330571|[g:1][CONSENSUS][SEALER]++++++++++++++++ Generating seal on,blkNum=142,tx=0,nodeIdx=2,hash=d4233758...
info|2019-12-13 22:59:38.333066|[g:1][CONSENSUS][PBFT]checkTimeout Succ,view=17,toView=18,nodeIdx=2,changeCycle=0,myNode=8d7b93e8...,timecost=0.254
info|2019-12-13 22:59:38.336913|[g:1][CONSENSUS][PBFT]checkAndChangeView: Reach consensus,org_view=17,org_changeCycle=0,cur_changeCycle=0,to_view=18
info|2019-12-13 22:59:39.338533|[g:1][CONSENSUS]addRawPrepare,height=142,reqIdx=3,hash=9db66a83...
info|2019-12-13 22:59:39.339293|[g:1][CONSENSUS][PBFT]checkTimeout Succ,view=18,toView=19,nodeIdx=2,changeCycle=0,myNode=8d7b93e8...,timecost=0.594
info|2019-12-13 22:59:39.344292|[g:1][CONSENSUS][PBFT]checkAndChangeView: Reach consensus,org_view=18,org_changeCycle=0,cur_changeCycle=0,to_view=19
info|2019-12-13 22:59:39.965065|[P2P][Service] heartBeat,connected count=3
info|2019-12-13 22:59:40.347099|[g:1][CONSENSUS]addRawPrepare,height=142,reqIdx=0,hash=16dc89b3...
info|2019-12-13 22:59:40.347462|[g:1][CONSENSUS][PBFT]checkTimeout Succ,view=19,toView=20,nodeIdx=2,changeCycle=0,myNode=8d7b93e8...,timecost=0.27
info|2019-12-13 22:59:40.349312|[g:1][CONSENSUS][PBFT]checkAndChangeView: Reach consensus,org_view=19,org_changeCycle=0,cur_changeCycle=0,to_view=20
info|2019-12-13 22:59:41.352812|[g:1][CONSENSUS]addRawPrepare,height=142,reqIdx=1,hash=040fe834...
info|2019-12-13 22:59:41.353125|[g:1][CONSENSUS][PBFT]checkTimeout Succ,view=20,toView=21,nodeIdx=2,changeCycle=0,myNode=8d7b93e8...,timecost=0.275
info|2019-12-13 22:59:41.359281|[g:1][CONSENSUS][PBFT]checkAndChangeView: Reach consensus,org_view=20,org_changeCycle=0,cur_changeCycle=0,to_view=21
info|2019-12-13 22:59:42.359370|[g:1][CONSENSUS][SEALER]++++++++++++++++ Generating seal on,blkNum=142,tx=0,nodeIdx=2,hash=b6d2b78f...
info|2019-12-13 22:59:42.361663|[g:1][CONSENSUS][PBFT]checkTimeout Succ,view=21,toView=22,nodeIdx=2,changeCycle=0,myNode=8d7b93e8...,timecost=0.261
info|2019-12-13 22:59:42.362726|[g:1][CONSENSUS][PBFT]checkAndChangeView: Reach consensus,org_view=21,org_changeCycle=0,cur_changeCycle=0,to_view=22
info|2019-12-13 22:59:43.366634|[g:1][CONSENSUS]addRawPrepare,height=142,reqIdx=3,hash=9791b018...
info|2019-12-13 22:59:43.367126|[g:1][CONSENSUS][PBFT]checkTimeout Succ,view=22,toView=23,nodeIdx=2,changeCycle=0,myNode=8d7b93e8...,timecost=0.444
info|2019-12-13 22:59:43.368569|[g:1][CONSENSUS][PBFT]checkAndChangeView: Reach consensus,org_view=22,org_changeCycle=0,cur_changeCycle=0,to_view=23
info|2019-12-13 22:59:44.369573|[g:1][CONSENSUS]addRawPrepare,height=142,reqIdx=0,hash=fa1c8db8...
info|2019-12-13 22:59:44.370034|[g:1][CONSENSUS][PBFT]checkTimeout Succ,view=23,toView=24,nodeIdx=2,changeCycle=0,myNode=8d7b93e8...,timecost=0.347
info|2019-12-13 22:59:44.371611|[g:1][CONSENSUS][PBFT]checkAndChangeView: Reach consensus,org_view=23,org_changeCycle=0,cur_changeCycle=0,to_view=24
info|2019-12-13 22:59:45.374570|[g:1][CONSENSUS]addRawPrepare,height=142,reqIdx=1,hash=9e887ab5...
info|2019-12-13 22:59:45.375121|[g:1][CONSENSUS][PBFT]checkTimeout Succ,view=24,toView=25,nodeIdx=2,changeCycle=0,myNode=8d7b93e8...,timecost=0.469
info|2019-12-13 22:59:45.376034|[g:1][CONSENSUS][PBFT]checkAndChangeView: Reach consensus,org_view=24,org_changeCycle=0,cur_changeCycle=0,to_view=25
info|2019-12-13 22:59:46.377092|[g:1][CONSENSUS][SEALER]++++++++++++++++ Generating seal on,blkNum=142,tx=0,nodeIdx=2,hash=cd40fc96...
info|2019-12-13 22:59:46.381039|[g:1][CONSENSUS][PBFT]checkTimeout Succ,view=25,toView=26,nodeIdx=2,changeCycle=0,myNode=8d7b93e8...,timecost=1.47
info|2019-12-13 22:59:46.381552|[g:1][CONSENSUS][PBFT]checkAndChangeView: Reach consensus,org_view=25,org_changeCycle=0,cur_changeCycle=0,to_view=26
info|2019-12-13 22:59:47.385816|[g:1][CONSENSUS]addRawPrepare,height=142,reqIdx=3,hash=0bf6cade...
info|2019-12-13 22:59:47.390663|[g:1][CONSENSUS][PBFT]checkTimeout Succ,view=26,toView=27,nodeIdx=2,changeCycle=0,myNode=8d7b93e8...,timecost=3.22
info|2019-12-13 22:59:47.396603|[g:1][CONSENSUS][PBFT]checkAndChangeView: Reach consensus,org_view=26,org_changeCycle=0,cur_changeCycle=0,to_view=27
info|2019-12-13 22:59:47.900365|[g:1][CONSENSUS]addRawPrepare,height=142,reqIdx=0,hash=311abc8e...
info|2019-12-13 22:59:47.901336|[g:1][CONSENSUS][PBFT]I am the next leader = 2, filter trans size = 1, total trans = 1
info|2019-12-13 22:59:47.903099|[g:1][BLOCKVERIFIER][executeBlock]Executing block,txNum=1,num=142,parentHash=42223d64e8b7b2f0c3a566a14f547fa4b31c5a86414a12c62bb4fd06f1bd3f80,parentNum=141,parentStateRoot=2cb46b235d23dd418c4ecac8fe8e0964476de72aa74781bac10a142e67b6fb58
error|2019-12-13 22:59:47.912711|[g:1][STORAGE][MemoryTableFactory2]table already exist in _sys_tables_,table name=_user_t_asset
error|2019-12-13 22:59:47.913145|[g:1][STORAGE][MemoryTableFactory2]table already exist in _sys_tables_,table name=_user_t_transaction
info|2019-12-13 22:59:47.917789|[g:1][CONSENSUS][PBFT]execBlock,blkNum=142,reqIdx=0,hash=38598735...,nodeIdx=2,myNode=8d7b93e8...,decodeCost=1,checkCost=0,notifyCost=0,noteSealingCost=1,currentCycle=0,verifyAndSetSenderCost=0,execCost=15,execPerTx=15,totalCost=17
info|2019-12-13 22:59:47.927225|[g:1][CONSENSUS][PBFT]handlePrepareMsg Succ,Timecost=28.731,INFO=handlePrepareMsg,reqIdx=0,view=27,reqNum=142,curNum=141,consNum=142,fromIp=127.0.0.1:35492,hash=311abc8e...,nodeIdx=2,myNode=8d7b93e8...,curChangeCycle=0
info|2019-12-13 22:59:47.929436|[g:1][CONSENSUS][PBFT]handleSignMsg Succ,Timecost=1.685,INFO=handleSignMsg,num=142,curNum=141,GenIdx=0,Sview=27,view=27,fromIdx=0,fromNode=3f806b74...,fromIp=127.0.0.1:35492,hash=38598735...,nodeIdx=2,myNode=8d7b93e8...
info|2019-12-13 22:59:47.935299|[g:1][CONSENSUS][PBFT]checkAndCommit: backup/updateCommittedPrepare,reqNum=142,hash=311abc8e...,nodeIdx=2,myNode=8d7b93e8...
info|2019-12-13 22:59:47.939714|[g:1][CONSENSUS][PBFT]handleSignMsg Succ,Timecost=6.311,INFO=handleSignMsg,num=142,curNum=141,GenIdx=1,Sview=27,view=27,fromIdx=1,fromNode=729ae2cc...,fromIp=127.0.0.1:35474,hash=38598735...,nodeIdx=2,myNode=8d7b93e8...
info|2019-12-13 22:59:47.943526|[g:1][CONSENSUS][PBFT]handleCommitMsg Succ,INFO=handleCommitMsg,reqNum=142,curNum=141,GenIdx=0,Cview=27,view=27,fromIdx=0,fromNode=3f806b74...,fromIp=127.0.0.1:35492,hash=38598735...,nodeIdx=2,myNode=8d7b93e8...,Timecost=1.637
info|2019-12-13 22:59:47.953865|[g:1][CONSENSUS][PBFT]checkAndSave: CommitReq enough,prepareHeight=142,commitSize=3,hash=38598735...,nodeIdx=2,myNode=8d7b93e8...
info|2019-12-13 22:59:47.959157|[g:1][g:1][STORAGE][CachedStorage]CachedStorage commit: 8 hash: 385987353b24f990cd1cd4e7d406cf751b3b77b037636e2727ab4b778ec98123 num: 142
info|2019-12-13 22:59:47.998374|[g:1][STORAGE]Submited block task: 142, current syncd block: 0
info|2019-12-13 22:59:47.998425|[STORAGE]Start commit block: 142 to backend storage
info|2019-12-13 22:59:47.998465|[g:1][g:1][STORAGE][CachedStorage]Current block number: 142 greater than syncd block number: 0, waiting...
info|2019-12-13 22:59:47.998490|[g:1][g:1][STORAGE][CachedStorage]Current block number: 142 greater than syncd block number: 0, waiting...
info|2019-12-13 22:59:47.998505|[g:1][g:1][STORAGE][CachedStorage]Current block number: 142 greater than syncd block number: 0, waiting...
info|2019-12-13 22:59:47.998520|[g:1][g:1][STORAGE][CachedStorage]Current block number: 142 greater than syncd block number: 0, waiting...
info|2019-12-13 22:59:47.998535|[g:1][g:1][STORAGE][CachedStorage]Current block number: 142 greater than syncd block number: 0, waiting...
info|2019-12-13 22:59:47.998551|[g:1][g:1][STORAGE][CachedStorage]Current block number: 142 greater than syncd block number: 0, waiting...
info|2019-12-13 22:59:48.009064|[STORAGE][g:1]
---------------------------------------------------------------------
Commit block: 142 to backend storage finished, current cached block: 142
Flush elapsed time: 0.0107s
---------------------------------------------------------------------

info|2019-12-13 22:59:48.248979|[g:1]Push block notify: 1-142
info|2019-12-13 22:59:48.249324|[g:1][CONSENSUS][PBFT]CommitBlock Succ,prepareHeight=142,reqIdx=0,hash=38598735...,nodeIdx=2,myNode=8d7b93e8...,genSigTimeCost=0,commitBlockTimeCost=296,dropTxsTimeCost=0,noteSealingTimeCost=0,totalTimeCost=296
info|2019-12-13 22:59:48.249397|[g:1][CONSENSUS][PBFT]handleCommitMsg Succ,INFO=handleCommitMsg,reqNum=142,curNum=141,GenIdx=1,Cview=27,view=27,fromIdx=1,fromNode=729ae2cc...,fromIp=127.0.0.1:35474,hash=38598735...,nodeIdx=2,myNode=8d7b93e8...,Timecost=297.065
info|2019-12-13 22:59:48.256092|[g:1][CONSENSUS][PBFT]checkReq: Recv future request,prepHash=00000000...,INFO=handleSignMsg,num=142,curNum=141,GenIdx=3,Sview=27,view=27,fromIdx=3,fromNode=e441c300...,fromIp=127.0.0.1:35480,hash=38598735...,nodeIdx=2,myNode=8d7b93e8...
info|2019-12-13 22:59:48.256153|[g:1][CONSENSUS][PBFT]FutureBlock,INFO=handleSignMsg,num=142,curNum=141,GenIdx=3,Sview=27,view=27,fromIdx=3,fromNode=e441c300...,fromIp=127.0.0.1:35480,hash=38598735...,nodeIdx=2,myNode=8d7b93e8...
info|2019-12-13 22:59:48.258833|[g:1][CONSENSUS][PBFT]checkReq: Recv future request,prepHash=00000000...,INFO=handleSignMsg,num=142,curNum=141,GenIdx=0,Sview=27,view=27,fromIdx=1,fromNode=729ae2cc...,fromIp=127.0.0.1:35474,hash=38598735...,nodeIdx=2,myNode=8d7b93e8...
info|2019-12-13 22:59:48.258884|[g:1][CONSENSUS][PBFT]FutureBlock,INFO=handleSignMsg,num=142,curNum=141,GenIdx=0,Sview=27,view=27,fromIdx=1,fromNode=729ae2cc...,fromIp=127.0.0.1:35474,hash=38598735...,nodeIdx=2,myNode=8d7b93e8...
info|2019-12-13 22:59:48.259193|[g:1][CONSENSUS][SEALER]increase maxNoTimeoutTx,maxNoTimeoutTx=1
info|2019-12-13 22:59:48.259230|[g:1][CONSENSUS][PBFT]^^^^^^^^Report,num=142,sealerIdx=0,hash=38598735...,next=143,tx=1,nodeIdx=2
info|2019-12-13 22:59:49.259217|[g:1][CONSENSUS][SEALER]++++++++++++++++ Generating seal on,blkNum=143,tx=0,nodeIdx=2,hash=e959b606...
info|2019-12-13 22:59:49.268146|[g:1][CONSENSUS][PBFT]checkTimeout Succ,view=0,toView=1,nodeIdx=2,changeCycle=0,myNode=8d7b93e8...,timecost=2.533
info|2019-12-13 22:59:49.273954|[g:1][CONSENSUS][PBFT]checkAndChangeView: Reach consensus,org_view=0,org_changeCycle=0,cur_changeCycle=0,to_view=1
info|2019-12-13 22:59:49.965206|[P2P][Service] heartBeat,connected count=3
info|2019-12-13 22:59:50.283000|[g:1][CONSENSUS]addRawPrepare,height=143,reqIdx=3,hash=5be8facb...
info|2019-12-13 22:59:50.288203|[g:1][CONSENSUS][PBFT]checkTimeout Succ,view=1,toView=2,nodeIdx=2,changeCycle=0,myNode=8d7b93e8...,timecost=2.901
info|2019-12-13 22:59:50.293914|[g:1][CONSENSUS][PBFT]checkAndChangeView: Reach consensus,org_view=1,org_changeCycle=0,cur_changeCycle=0,to_view=2
info|2019-12-13 22:59:50.689420|[NETWORK][Session]Received topic: [1	_block_notify_1] from 3f806b74841629d37e779f7a16561f4795128b422719444dee6e48722102bad01a03dfcadf6e8d7b25d32d9cd72f07d35f577d57e6f154ef60dfef0f2871167e
info|2019-12-13 22:59:51.301570|[g:1][CONSENSUS]addRawPrepare,height=143,reqIdx=0,hash=1cf47073...
info|2019-12-13 22:59:51.305301|[g:1][CONSENSUS][PBFT]checkTimeout Succ,view=2,toView=3,nodeIdx=2,changeCycle=0,myNode=8d7b93e8...,timecost=3.7
info|2019-12-13 22:59:51.305828|[g:1][CONSENSUS][PBFT]checkAndChangeView: Reach consensus,org_view=2,org_changeCycle=0,cur_changeCycle=0,to_view=3
info|2019-12-13 22:59:52.311479|[g:1][CONSENSUS]addRawPrepare,height=143,reqIdx=1,hash=befc84dd...
info|2019-12-13 22:59:52.314475|[g:1][CONSENSUS][PBFT]checkTimeout Succ,view=3,toView=4,nodeIdx=2,changeCycle=0,myNode=8d7b93e8...,timecost=2.367
info|2019-12-13 22:59:52.318640|[g:1][CONSENSUS][PBFT]checkAndChangeView: Reach consensus,org_view=3,org_changeCycle=0,cur_changeCycle=0,to_view=4
info|2019-12-13 22:59:53.318680|[g:1][CONSENSUS][SEALER]++++++++++++++++ Generating seal on,blkNum=143,tx=0,nodeIdx=2,hash=7f4564cb...
info|2019-12-13 22:59:53.320225|[g:1][CONSENSUS][PBFT]checkTimeout Succ,view=4,toView=5,nodeIdx=2,changeCycle=0,myNode=8d7b93e8...,timecost=0.608
info|2019-12-13 22:59:53.323913|[g:1][CONSENSUS][PBFT]checkAndChangeView: Reach consensus,org_view=4,org_changeCycle=0,cur_changeCycle=0,to_view=5
info|2019-12-13 22:59:54.327100|[g:1][CONSENSUS]addRawPrepare,height=143,reqIdx=3,hash=ca2a1619...
info|2019-12-13 22:59:54.328537|[g:1][CONSENSUS][PBFT]checkTimeout Succ,view=5,toView=6,nodeIdx=2,changeCycle=0,myNode=8d7b93e8...,timecost=0.906
info|2019-12-13 22:59:54.334279|[g:1][CONSENSUS][PBFT]checkAndChangeView: Reach consensus,org_view=5,org_changeCycle=0,cur_changeCycle=0,to_view=6
info|2019-12-13 22:59:55.340061|[g:1][CONSENSUS]addRawPrepare,height=143,reqIdx=0,hash=225a708a...
info|2019-12-13 22:59:55.340563|[g:1][CONSENSUS][PBFT]checkTimeout Succ,view=6,toView=7,nodeIdx=2,changeCycle=0,myNode=8d7b93e8...,timecost=0.292
info|2019-12-13 22:59:55.341398|[g:1][CONSENSUS][PBFT]checkAndChangeView: Reach consensus,org_view=6,org_changeCycle=0,cur_changeCycle=0,to_view=7
info|2019-12-13 22:59:56.345029|[g:1][CONSENSUS]addRawPrepare,height=143,reqIdx=1,hash=c88b369b...
info|2019-12-13 22:59:56.346695|[g:1][CONSENSUS][PBFT]checkTimeout Succ,view=7,toView=8,nodeIdx=2,changeCycle=0,myNode=8d7b93e8...,timecost=1.37
info|2019-12-13 22:59:56.350225|[g:1][CONSENSUS][PBFT]checkAndChangeView: Reach consensus,org_view=7,org_changeCycle=0,cur_changeCycle=0,to_view=8
info|2019-12-13 22:59:57.351060|[g:1][CONSENSUS][SEALER]++++++++++++++++ Generating seal on,blkNum=143,tx=0,nodeIdx=2,hash=1f7f19df...
info|2019-12-13 22:59:57.353442|[g:1][CONSENSUS][PBFT]checkTimeout Succ,view=8,toView=9,nodeIdx=2,changeCycle=0,myNode=8d7b93e8...,timecost=1.298
info|2019-12-13 22:59:57.365288|[g:1][CONSENSUS][PBFT]checkAndChangeView: Reach consensus,org_view=8,org_changeCycle=0,cur_changeCycle=0,to_view=9
info|2019-12-13 22:59:58.366458|[g:1][CONSENSUS]addRawPrepare,height=143,reqIdx=3,hash=188bd0bb...
info|2019-12-13 22:59:58.368682|[g:1][CONSENSUS][PBFT]checkTimeout Succ,view=9,toView=10,nodeIdx=2,changeCycle=0,myNode=8d7b93e8...,timecost=0.738
info|2019-12-13 22:59:58.370524|[g:1][CONSENSUS][PBFT]checkAndChangeView: Reach consensus,org_view=9,org_changeCycle=0,cur_changeCycle=0,to_view=10
info|2019-12-13 22:59:59.374171|[g:1][CONSENSUS]addRawPrepare,height=143,reqIdx=0,hash=ede40706...
info|2019-12-13 22:59:59.375338|[g:1][CONSENSUS][PBFT]checkTimeout Succ,view=10,toView=11,nodeIdx=2,changeCycle=0,myNode=8d7b93e8...,timecost=0.875
info|2019-12-13 22:59:59.377185|[g:1][CONSENSUS][PBFT]checkAndChangeView: Reach consensus,org_view=10,org_changeCycle=0,cur_changeCycle=0,to_view=11
info|2019-12-13 22:59:59.965453|[P2P][Service] heartBeat,connected count=3
