info|2019-12-13 22:08:39.968872|[INITIALIZER][initGlobalConfig],enableCompress=true,compatibilityVersion=2.1.0,versionNumber=33619968,chainId=1
info|2019-12-13 22:08:39.992940|[NETWORK][Host]Connecting to node,endpoint=127.0.0.1:30300
info|2019-12-13 22:08:39.993016|[NETWORK][Host]Connecting to node,endpoint=127.0.0.1:30301
info|2019-12-13 22:08:39.993050|[NETWORK][Host]Connecting to node,endpoint=127.0.0.1:30302
info|2019-12-13 22:08:39.993079|[NETWORK][Host]Connecting to node,endpoint=127.0.0.1:30303
info|2019-12-13 22:08:39.993107|[P2P][Service] heartBeat,connected count=0
info|2019-12-13 22:08:39.993851|[CHANNEL]ChannelRPCServer started
info|2019-12-13 22:08:39.993862|[INITIALIZER][RPCInitializer]ChannelRPCHttpServer started.
info|2019-12-13 22:08:39.993874|[LedgerInitializer],groupConfigPath=conf/
info|2019-12-13 22:08:39.993964|[INITIALIZER][initSingleLedger] [GroupId]:  1
info|2019-12-13 22:08:39.993980|[g:1][LEDGER]LedgerConstructor,configPath=conf/group.1.genesis,baseDir=data//group1
info|2019-12-13 22:08:39.993986|[g:1][LEDGER][initGenesisConfig]initConsensusConfig/initDBConfig/initTxConfig,configFile=conf/group.1.genesis
info|2019-12-13 22:08:39.994057|[g:1][LEDGER][initConsensusConfig],it.first=3f806b74841629d37e779f7a16561f4795128b422719444dee6e48722102bad01a03dfcadf6e8d7b25d32d9cd72f07d35f577d57e6f154ef60dfef0f2871167e
info|2019-12-13 22:08:39.994071|[g:1][LEDGER][initConsensusConfig],it.first=729ae2cc88cbfd90be04d286d54cd5281ebd8d448483ffd6bf10f229b3c35f98333a78bf0598277a577e3f79de477f9fe987ed96188d54a81dba946f6facddae
info|2019-12-13 22:08:39.994083|[g:1][LEDGER][initConsensusConfig],it.first=e441c30060737d3968cd6b17533d74a8d04b2268bcc02f5cab296e57a5ca0ee34190c4cfa4d72a7b51061361e093cd83b2e42e0cc6619907aa42b7bfa7496aaa
info|2019-12-13 22:08:39.994096|[g:1][LEDGER][initConsensusConfig],it.first=8d7b93e87e42afb39b5fcb0158fbd2afaa0b15ddb98a26fbb9f6a00d7aa9bcb3567944a9668175e31aed1e4a539d73b9a2c29d711e0f9c60f8ad9fa38b62feed
info|2019-12-13 22:08:39.994131|[g:1][LEDGER][initIniConfig]initTxPoolConfig/initSyncConfig/initTxExecuteConfig,configFile=conf/group.1.ini
info|2019-12-13 22:08:39.994219|[g:1][LEDGER][initLedger][DBInitializer]
info|2019-12-13 22:08:39.994232|[g:1][DBINITIALIZER] [initRocksDBStorage]
info|2019-12-13 22:08:39.994256|[g:1][ROCKSDB]open rocksDB handler
info|2019-12-13 22:08:39.995110|[NETWORK][Host]P2P StartAccept,Host=0.0.0.0:30303
info|2019-12-13 22:08:39.995580|[NETWORK][Host]P2P Recv Connect, From=127.0.0.1:48638
info|2019-12-13 22:08:39.995644|[NETWORK][Host]P2P StartAccept,Host=0.0.0.0:30303
info|2019-12-13 22:08:39.995741|[NETWORK][ASIO]asyncResolveConnect,endpoint=127.0.0.1:30300
info|2019-12-13 22:08:39.995794|[NETWORK][ASIO]asyncResolveConnect,endpoint=127.0.0.1:30301
info|2019-12-13 22:08:39.995839|[NETWORK][ASIO]asyncResolveConnect,endpoint=127.0.0.1:30302
info|2019-12-13 22:08:39.995882|[NETWORK][ASIO]asyncResolveConnect,endpoint=127.0.0.1:30303
warning|2019-12-13 22:08:39.995908|[NETWORK][Host]TCP Connection refused by node,endpoint=127.0.0.1:30300,message=拒绝连接
info|2019-12-13 22:08:39.996137|[NETWORK][Host]P2P Recv Connect, From=127.0.0.1:48646
info|2019-12-13 22:08:39.996183|[NETWORK][Host]P2P StartAccept,Host=0.0.0.0:30303
warning|2019-12-13 22:08:39.996237|[P2P][Service] onConnect,errorCode=5,what=Connect failed
info|2019-12-13 22:08:40.017533|[NETWORK][Host]startPeerSession, From=127.0.0.1:48646,nodeID=8d7b93e8...
info|2019-12-13 22:08:40.017588|[NETWORK][Host]P2P Recv Connect, From=127.0.0.1:48654
info|2019-12-13 22:08:40.017627|[NETWORK][Host]P2P StartAccept,Host=0.0.0.0:30303
info|2019-12-13 22:08:40.021467|[NETWORK][Host]startPeerSession, From=127.0.0.1:30303,nodeID=8d7b93e8...
info|2019-12-13 22:08:40.023675|[P2P][Service] Connection established,nodeID=e441c300...,endpoint=127.0.0.1:48638
info|2019-12-13 22:08:40.023705|[NETWORK][Host]startPeerSession, From=127.0.0.1:48638,nodeID=e441c300...
info|2019-12-13 22:08:40.023870|[NETWORK][Host]startPeerSession, From=127.0.0.1:30302,nodeID=e441c300...
info|2019-12-13 22:08:40.024113|[P2P][Service] Connection established,nodeID=729ae2cc...,endpoint=127.0.0.1:30301
info|2019-12-13 22:08:40.024149|[NETWORK][Host]startPeerSession, From=127.0.0.1:30301,nodeID=729ae2cc...
warning|2019-12-13 22:08:40.024176|[NETWORK][Session]doRead error,endpoint=127.0.0.1:48638,message=stream truncated
info|2019-12-13 22:08:40.024193|[NETWORK][Session]drop, call and erase all callbackFunc in this session!,endpoint=127.0.0.1:48638
warning|2019-12-13 22:08:40.024216|[P2P][Service] disconnect error P2PSession,nodeID=e441c300...,endpoint=127.0.0.1:48638,errorCode=3,what=Disconnect
warning|2019-12-13 22:08:40.024228|[P2P][Service] onDisconnect,errorCode=3,what=Dynamic exception type: dev::network::NetworkException
std::exception::what: Disconnect

warning|2019-12-13 22:08:40.024259|[NETWORK][Session][drop] closing remote 0.0.0.0:0,reason=Low-level TCP communication error.,endpoint=127.0.0.1:48638
warning|2019-12-13 22:08:40.024322|[NETWORK][Session][drop] shutdown failed ,errorValue=9,message=错误的文件描述符
info|2019-12-13 22:08:40.029438|[NETWORK][Host]startPeerSession, From=127.0.0.1:48654,nodeID=3f806b74...
info|2019-12-13 22:08:40.029496|[P2P][Service] Connection established,nodeID=3f806b74...,endpoint=127.0.0.1:48654
info|2019-12-13 22:08:40.054248|[g:1][g:0][STORAGE][CachedStorage]Init flushStorage thread
info|2019-12-13 22:08:40.056849|[g:1][BLOCKCHAIN][#checkAndBuildGenesisBlock]Already have the 0th block, 0th groupMark is equal to file groupMark.
info|2019-12-13 22:08:40.084801|[g:1][CONSENSUS][PBFT]Register handler for PBFTEngine
info|2019-12-13 22:08:40.084856|[g:1][CONSENSUS][PBFT],minBlockGenerationTime=500
info|2019-12-13 22:08:40.085013|[LedgerInitializer init group succ],groupID=1
info|2019-12-13 22:08:40.085405|[INITIALIZER][RPCInitializer]JsonrpcHttpServer started.
info|2019-12-13 22:08:40.085481|[g:1][LEDGER]startAll...
info|2019-12-13 22:08:40.086064|[g:1][CONSENSUS][PBFT]^^^^^^^^Report,num=141,sealerIdx=3,hash=42223d64...,next=142,tx=1,nodeIdx=2
info|2019-12-13 22:08:40.117146|[g:1][CONSENSUS][PBFT][PBFT init env successfully]
info|2019-12-13 22:08:40.117173|[g:1][CONSENSUS][ConsensusEngine][Start ConsensusEngineBase]
info|2019-12-13 22:08:40.117331|[g:1][CONSENSUS][PBFT][Start PBFTEngine...]
info|2019-12-13 22:08:40.117361|[g:1][CONSENSUS][SEALER][Start sealer module]
info|2019-12-13 22:08:40.117827|[g:1][EVENT][EventLogFilterManager]start,m_maxBlockRange=0,m_maxBlockPerLoopFilter=3
info|2019-12-13 22:08:41.079813|[g:1][CONSENSUS]addRawPrepare,height=142,reqIdx=1,hash=a3302465...
info|2019-12-13 22:08:41.081929|[g:1][CONSENSUS][PBFT]checkTimeout Succ,view=0,toView=1,nodeIdx=2,changeCycle=0,myNode=8d7b93e8...,timecost=1.776
info|2019-12-13 22:08:41.089418|[g:1][CONSENSUS][PBFT]checkAndChangeView: Reach consensus,org_view=0,org_changeCycle=0,cur_changeCycle=0,to_view=1
info|2019-12-13 22:08:42.089574|[g:1][CONSENSUS][SEALER]++++++++++++++++ Generating seal on,blkNum=142,tx=0,nodeIdx=2,hash=2930d1d8...
info|2019-12-13 22:08:42.101968|[g:1][CONSENSUS][PBFT]checkTimeout Succ,view=1,toView=2,nodeIdx=2,changeCycle=0,myNode=8d7b93e8...,timecost=4.015
info|2019-12-13 22:08:42.104891|[g:1][CONSENSUS][PBFT]checkAndChangeView: Reach consensus,org_view=1,org_changeCycle=0,cur_changeCycle=0,to_view=2
info|2019-12-13 22:08:43.117631|[g:1][CONSENSUS]addRawPrepare,height=142,reqIdx=3,hash=06d6cab8...
info|2019-12-13 22:08:43.120901|[g:1][CONSENSUS][PBFT]checkTimeout Succ,view=2,toView=3,nodeIdx=2,changeCycle=0,myNode=8d7b93e8...,timecost=3.492
info|2019-12-13 22:08:43.127701|[g:1][CONSENSUS][PBFT]checkAndChangeView: Reach consensus,org_view=2,org_changeCycle=0,cur_changeCycle=0,to_view=3
info|2019-12-13 22:08:44.126973|[g:1][CONSENSUS]addRawPrepare,height=142,reqIdx=0,hash=6d55ad80...
info|2019-12-13 22:08:44.128068|[g:1][CONSENSUS][PBFT]checkTimeout Succ,view=3,toView=4,nodeIdx=2,changeCycle=0,myNode=8d7b93e8...,timecost=0.761
info|2019-12-13 22:08:44.131129|[g:1][CONSENSUS][PBFT]checkAndChangeView: Reach consensus,org_view=3,org_changeCycle=0,cur_changeCycle=0,to_view=4
info|2019-12-13 22:08:45.132102|[g:1][CONSENSUS]addRawPrepare,height=142,reqIdx=1,hash=ca0591d8...
info|2019-12-13 22:08:45.132598|[g:1][CONSENSUS][PBFT]checkTimeout Succ,view=4,toView=5,nodeIdx=2,changeCycle=0,myNode=8d7b93e8...,timecost=0.396
info|2019-12-13 22:08:45.135929|[g:1][CONSENSUS][PBFT]checkAndChangeView: Reach consensus,org_view=4,org_changeCycle=0,cur_changeCycle=0,to_view=5
info|2019-12-13 22:08:46.135830|[g:1][CONSENSUS][SEALER]++++++++++++++++ Generating seal on,blkNum=142,tx=0,nodeIdx=2,hash=36d6e05e...
info|2019-12-13 22:08:46.141366|[g:1][CONSENSUS][PBFT]checkTimeout Succ,view=5,toView=6,nodeIdx=2,changeCycle=0,myNode=8d7b93e8...,timecost=0.272
info|2019-12-13 22:08:46.142421|[g:1][CONSENSUS][PBFT]checkAndChangeView: Reach consensus,org_view=5,org_changeCycle=0,cur_changeCycle=0,to_view=6
info|2019-12-13 22:08:47.147938|[g:1][CONSENSUS]addRawPrepare,height=142,reqIdx=3,hash=7544d4fd...
info|2019-12-13 22:08:47.151360|[g:1][CONSENSUS][PBFT]checkTimeout Succ,view=6,toView=7,nodeIdx=2,changeCycle=0,myNode=8d7b93e8...,timecost=3.29
info|2019-12-13 22:08:47.158013|[g:1][CONSENSUS][PBFT]checkAndChangeView: Reach consensus,org_view=6,org_changeCycle=0,cur_changeCycle=0,to_view=7
info|2019-12-13 22:08:48.157186|[g:1][CONSENSUS]addRawPrepare,height=142,reqIdx=0,hash=c05a03dc...
info|2019-12-13 22:08:48.159073|[g:1][CONSENSUS][PBFT]checkTimeout Succ,view=7,toView=8,nodeIdx=2,changeCycle=0,myNode=8d7b93e8...,timecost=0.273
info|2019-12-13 22:08:48.160470|[g:1][CONSENSUS][PBFT]checkAndChangeView: Reach consensus,org_view=7,org_changeCycle=0,cur_changeCycle=0,to_view=8
info|2019-12-13 22:08:49.164226|[g:1][CONSENSUS]addRawPrepare,height=142,reqIdx=1,hash=05b5778d...
info|2019-12-13 22:08:49.164642|[g:1][CONSENSUS][PBFT]checkTimeout Succ,view=8,toView=9,nodeIdx=2,changeCycle=0,myNode=8d7b93e8...,timecost=0.283
info|2019-12-13 22:08:49.168964|[g:1][CONSENSUS][PBFT]checkAndChangeView: Reach consensus,org_view=8,org_changeCycle=0,cur_changeCycle=0,to_view=9
info|2019-12-13 22:08:49.992666|[NETWORK][Host]P2P Recv Connect, From=127.0.0.1:48670
info|2019-12-13 22:08:49.992725|[NETWORK][Host]P2P StartAccept,Host=0.0.0.0:30303
info|2019-12-13 22:08:49.993313|[NETWORK][Host]P2P Recv Connect, From=127.0.0.1:48674
info|2019-12-13 22:08:49.993348|[NETWORK][Host]P2P StartAccept,Host=0.0.0.0:30303
info|2019-12-13 22:08:49.993383|[NETWORK][Host]Connecting to node,endpoint=127.0.0.1:30300
info|2019-12-13 22:08:49.993418|[NETWORK][Host]Connecting to node,endpoint=127.0.0.1:30302
info|2019-12-13 22:08:49.993451|[P2P][Service] heartBeat,connected count=2
info|2019-12-13 22:08:49.996549|[NETWORK][ASIO]asyncResolveConnect,endpoint=127.0.0.1:30300
info|2019-12-13 22:08:49.996612|[NETWORK][ASIO]asyncResolveConnect,endpoint=127.0.0.1:30302
info|2019-12-13 22:08:50.006459|[P2P][Service] Connection established,nodeID=e441c300...,endpoint=127.0.0.1:48674
info|2019-12-13 22:08:50.007875|[NETWORK][Host]startPeerSession, From=127.0.0.1:48674,nodeID=e441c300...
info|2019-12-13 22:08:50.035583|[NETWORK][Host]startPeerSession, From=127.0.0.1:30302,nodeID=e441c300...
info|2019-12-13 22:08:50.038555|[NETWORK][Host]startPeerSession, From=127.0.0.1:30300,nodeID=3f806b74...
info|2019-12-13 22:08:50.038877|[NETWORK][Host]startPeerSession, From=127.0.0.1:48670,nodeID=729ae2cc...
warning|2019-12-13 22:08:50.167844|[SYNC][id:8d7b93e8...][Status]Peer data not found,nodeId=e441c300...
info|2019-12-13 22:08:50.170517|[g:1][CONSENSUS][SEALER]++++++++++++++++ Generating seal on,blkNum=142,tx=0,nodeIdx=2,hash=20612c44...
info|2019-12-13 22:08:50.171576|[g:1][CONSENSUS][PBFT]checkTimeout Succ,view=9,toView=10,nodeIdx=2,changeCycle=0,myNode=8d7b93e8...,timecost=0.551
info|2019-12-13 22:08:50.173432|[g:1][CONSENSUS][PBFT]checkAndChangeView: Reach consensus,org_view=9,org_changeCycle=0,cur_changeCycle=0,to_view=10
info|2019-12-13 22:08:51.176453|[g:1][CONSENSUS]addRawPrepare,height=142,reqIdx=3,hash=5e70a4fa...
info|2019-12-13 22:08:51.176747|[g:1][CONSENSUS][PBFT]checkTimeout Succ,view=10,toView=11,nodeIdx=2,changeCycle=0,myNode=8d7b93e8...,timecost=0.223
info|2019-12-13 22:08:51.181371|[g:1][CONSENSUS][PBFT]checkAndChangeView: Reach consensus,org_view=10,org_changeCycle=0,cur_changeCycle=0,to_view=11
info|2019-12-13 22:08:52.183818|[g:1][CONSENSUS]addRawPrepare,height=142,reqIdx=0,hash=6d67970d...
info|2019-12-13 22:08:52.184099|[g:1][CONSENSUS][PBFT]checkTimeout Succ,view=11,toView=12,nodeIdx=2,changeCycle=0,myNode=8d7b93e8...,timecost=0.196
info|2019-12-13 22:08:52.185419|[g:1][CONSENSUS][PBFT]checkAndChangeView: Reach consensus,org_view=11,org_changeCycle=0,cur_changeCycle=0,to_view=12
info|2019-12-13 22:08:53.186833|[g:1][CONSENSUS]addRawPrepare,height=142,reqIdx=1,hash=821fe713...
info|2019-12-13 22:08:53.187203|[g:1][CONSENSUS][PBFT]checkTimeout Succ,view=12,toView=13,nodeIdx=2,changeCycle=0,myNode=8d7b93e8...,timecost=0.278
info|2019-12-13 22:08:53.188115|[g:1][CONSENSUS][PBFT]checkAndChangeView: Reach consensus,org_view=12,org_changeCycle=0,cur_changeCycle=0,to_view=13
info|2019-12-13 22:08:54.188942|[g:1][CONSENSUS][SEALER]++++++++++++++++ Generating seal on,blkNum=142,tx=0,nodeIdx=2,hash=18c8865a...
info|2019-12-13 22:08:54.189705|[g:1][CONSENSUS][PBFT]checkTimeout Succ,view=13,toView=14,nodeIdx=2,changeCycle=0,myNode=8d7b93e8...,timecost=0.285
info|2019-12-13 22:08:54.193250|[g:1][CONSENSUS][PBFT]checkAndChangeView: Reach consensus,org_view=13,org_changeCycle=0,cur_changeCycle=0,to_view=14
info|2019-12-13 22:08:55.197867|[g:1][CONSENSUS]addRawPrepare,height=142,reqIdx=3,hash=65923147...
info|2019-12-13 22:08:55.200444|[g:1][CONSENSUS][PBFT]checkTimeout Succ,view=14,toView=15,nodeIdx=2,changeCycle=0,myNode=8d7b93e8...,timecost=2.499
info|2019-12-13 22:08:55.201212|[g:1][CONSENSUS][PBFT]checkAndChangeView: Reach consensus,org_view=14,org_changeCycle=0,cur_changeCycle=0,to_view=15
info|2019-12-13 22:08:56.201862|[g:1][CONSENSUS]addRawPrepare,height=142,reqIdx=0,hash=889a227e...
info|2019-12-13 22:08:56.202236|[g:1][CONSENSUS][PBFT]checkTimeout Succ,view=15,toView=16,nodeIdx=2,changeCycle=0,myNode=8d7b93e8...,timecost=0.279
info|2019-12-13 22:08:56.205610|[g:1][CONSENSUS][PBFT]checkAndChangeView: Reach consensus,org_view=15,org_changeCycle=0,cur_changeCycle=0,to_view=16
info|2019-12-13 22:08:57.208898|[g:1][CONSENSUS]addRawPrepare,height=142,reqIdx=1,hash=4014849b...
info|2019-12-13 22:08:57.209268|[g:1][CONSENSUS][PBFT]checkTimeout Succ,view=16,toView=17,nodeIdx=2,changeCycle=0,myNode=8d7b93e8...,timecost=0.273
info|2019-12-13 22:08:57.210677|[g:1][CONSENSUS][PBFT]checkAndChangeView: Reach consensus,org_view=16,org_changeCycle=0,cur_changeCycle=0,to_view=17
info|2019-12-13 22:08:58.210234|[g:1][CONSENSUS][SEALER]++++++++++++++++ Generating seal on,blkNum=142,tx=0,nodeIdx=2,hash=f4b146db...
info|2019-12-13 22:08:58.210973|[g:1][CONSENSUS][PBFT]checkTimeout Succ,view=17,toView=18,nodeIdx=2,changeCycle=0,myNode=8d7b93e8...,timecost=0.303
info|2019-12-13 22:08:58.213910|[g:1][CONSENSUS][PBFT]checkAndChangeView: Reach consensus,org_view=17,org_changeCycle=0,cur_changeCycle=0,to_view=18
info|2019-12-13 22:08:59.219552|[g:1][CONSENSUS]addRawPrepare,height=142,reqIdx=3,hash=0df7de84...
info|2019-12-13 22:08:59.221469|[g:1][CONSENSUS][PBFT]checkTimeout Succ,view=18,toView=19,nodeIdx=2,changeCycle=0,myNode=8d7b93e8...,timecost=1.038
info|2019-12-13 22:08:59.223923|[g:1][CONSENSUS][PBFT]checkAndChangeView: Reach consensus,org_view=18,org_changeCycle=0,cur_changeCycle=0,to_view=19
info|2019-12-13 22:08:59.993596|[P2P][Service] heartBeat,connected count=3
info|2019-12-13 22:09:00.232380|[g:1][CONSENSUS]addRawPrepare,height=142,reqIdx=0,hash=e343ecdc...
info|2019-12-13 22:09:00.235717|[g:1][CONSENSUS][PBFT]checkTimeout Succ,view=19,toView=20,nodeIdx=2,changeCycle=0,myNode=8d7b93e8...,timecost=3.126
info|2019-12-13 22:09:00.240936|[g:1][CONSENSUS][PBFT]checkAndChangeView: Reach consensus,org_view=19,org_changeCycle=0,cur_changeCycle=0,to_view=20
info|2019-12-13 22:09:01.241671|[g:1][CONSENSUS]addRawPrepare,height=142,reqIdx=1,hash=9c2beffd...
info|2019-12-13 22:09:01.245777|[g:1][CONSENSUS][PBFT]checkTimeout Succ,view=20,toView=21,nodeIdx=2,changeCycle=0,myNode=8d7b93e8...,timecost=3.05
info|2019-12-13 22:09:01.251449|[g:1][CONSENSUS][PBFT]checkAndChangeView: Reach consensus,org_view=20,org_changeCycle=0,cur_changeCycle=0,to_view=21
info|2019-12-13 22:09:02.252220|[g:1][CONSENSUS][SEALER]++++++++++++++++ Generating seal on,blkNum=142,tx=0,nodeIdx=2,hash=f6566a8e...
info|2019-12-13 22:09:02.255701|[g:1][CONSENSUS][PBFT]checkTimeout Succ,view=21,toView=22,nodeIdx=2,changeCycle=0,myNode=8d7b93e8...,timecost=2.309
info|2019-12-13 22:09:02.266297|[g:1][CONSENSUS][PBFT]checkAndChangeView: Reach consensus,org_view=21,org_changeCycle=0,cur_changeCycle=0,to_view=22
info|2019-12-13 22:09:03.269515|[g:1][CONSENSUS]addRawPrepare,height=142,reqIdx=3,hash=724e28f8...
info|2019-12-13 22:09:03.272184|[g:1][CONSENSUS][PBFT]checkTimeout Succ,view=22,toView=23,nodeIdx=2,changeCycle=0,myNode=8d7b93e8...,timecost=2.071
info|2019-12-13 22:09:03.277005|[g:1][CONSENSUS][PBFT]checkAndChangeView: Reach consensus,org_view=22,org_changeCycle=0,cur_changeCycle=0,to_view=23
info|2019-12-13 22:09:04.284151|[g:1][CONSENSUS]addRawPrepare,height=142,reqIdx=0,hash=5433edb3...
info|2019-12-13 22:09:04.288797|[g:1][CONSENSUS][PBFT]checkTimeout Succ,view=23,toView=24,nodeIdx=2,changeCycle=0,myNode=8d7b93e8...,timecost=3.487
info|2019-12-13 22:09:04.294250|[g:1][CONSENSUS][PBFT]checkAndChangeView: Reach consensus,org_view=23,org_changeCycle=0,cur_changeCycle=0,to_view=24
info|2019-12-13 22:09:05.294426|[g:1][CONSENSUS]addRawPrepare,height=142,reqIdx=1,hash=8bcba93b...
info|2019-12-13 22:09:05.299480|[g:1][CONSENSUS][PBFT]checkTimeout Succ,view=24,toView=25,nodeIdx=2,changeCycle=0,myNode=8d7b93e8...,timecost=4.078
info|2019-12-13 22:09:05.305299|[g:1][CONSENSUS][PBFT]checkAndChangeView: Reach consensus,org_view=24,org_changeCycle=0,cur_changeCycle=0,to_view=25
info|2019-12-13 22:09:06.305404|[g:1][CONSENSUS][SEALER]++++++++++++++++ Generating seal on,blkNum=142,tx=0,nodeIdx=2,hash=86022b34...
info|2019-12-13 22:09:06.308015|[g:1][CONSENSUS][PBFT]checkTimeout Succ,view=25,toView=26,nodeIdx=2,changeCycle=0,myNode=8d7b93e8...,timecost=1.326
info|2019-12-13 22:09:06.316997|[g:1][CONSENSUS][PBFT]checkAndChangeView: Reach consensus,org_view=25,org_changeCycle=0,cur_changeCycle=0,to_view=26
info|2019-12-13 22:09:07.321964|[g:1][CONSENSUS]addRawPrepare,height=142,reqIdx=3,hash=4696a59a...
info|2019-12-13 22:09:07.324007|[g:1][CONSENSUS][PBFT]checkTimeout Succ,view=26,toView=27,nodeIdx=2,changeCycle=0,myNode=8d7b93e8...,timecost=1.641
info|2019-12-13 22:09:07.330921|[g:1][CONSENSUS][PBFT]checkAndChangeView: Reach consensus,org_view=26,org_changeCycle=0,cur_changeCycle=0,to_view=27
info|2019-12-13 22:09:08.336407|[g:1][CONSENSUS]addRawPrepare,height=142,reqIdx=0,hash=fbf081d9...
info|2019-12-13 22:09:08.338051|[g:1][CONSENSUS][PBFT]checkTimeout Succ,view=27,toView=28,nodeIdx=2,changeCycle=0,myNode=8d7b93e8...,timecost=1.258
info|2019-12-13 22:09:08.349546|[g:1][CONSENSUS][PBFT]checkAndChangeView: Reach consensus,org_view=27,org_changeCycle=0,cur_changeCycle=0,to_view=28
info|2019-12-13 22:09:09.351921|[g:1][CONSENSUS]addRawPrepare,height=142,reqIdx=1,hash=0df1e381...
info|2019-12-13 22:09:09.354423|[g:1][CONSENSUS][PBFT]checkTimeout Succ,view=28,toView=29,nodeIdx=2,changeCycle=0,myNode=8d7b93e8...,timecost=1.93
info|2019-12-13 22:09:09.365826|[g:1][CONSENSUS][PBFT]checkAndChangeView: Reach consensus,org_view=28,org_changeCycle=0,cur_changeCycle=0,to_view=29
info|2019-12-13 22:09:09.993751|[P2P][Service] heartBeat,connected count=3
info|2019-12-13 22:09:10.365784|[g:1][CONSENSUS][SEALER]++++++++++++++++ Generating seal on,blkNum=142,tx=0,nodeIdx=2,hash=d31b97e4...
info|2019-12-13 22:09:10.369898|[g:1][CONSENSUS][PBFT]checkTimeout Succ,view=29,toView=30,nodeIdx=2,changeCycle=0,myNode=8d7b93e8...,timecost=2.61
info|2019-12-13 22:09:10.377877|[g:1][CONSENSUS][PBFT]checkAndChangeView: Reach consensus,org_view=29,org_changeCycle=0,cur_changeCycle=0,to_view=30
info|2019-12-13 22:09:11.381975|[g:1][CONSENSUS]addRawPrepare,height=142,reqIdx=3,hash=58a81215...
info|2019-12-13 22:09:11.387633|[g:1][CONSENSUS][PBFT]checkTimeout Succ,view=30,toView=31,nodeIdx=2,changeCycle=0,myNode=8d7b93e8...,timecost=1.861
info|2019-12-13 22:09:11.388657|[g:1][CONSENSUS][PBFT]checkAndChangeView: Reach consensus,org_view=30,org_changeCycle=0,cur_changeCycle=0,to_view=31
info|2019-12-13 22:09:12.392590|[g:1][CONSENSUS]addRawPrepare,height=142,reqIdx=0,hash=75e31a02...
info|2019-12-13 22:09:12.395504|[g:1][CONSENSUS][PBFT]checkTimeout Succ,view=31,toView=32,nodeIdx=2,changeCycle=0,myNode=8d7b93e8...,timecost=2.532
info|2019-12-13 22:09:12.401073|[g:1][CONSENSUS][PBFT]checkAndChangeView: Reach consensus,org_view=31,org_changeCycle=0,cur_changeCycle=0,to_view=32
info|2019-12-13 22:09:13.403405|[g:1][CONSENSUS]addRawPrepare,height=142,reqIdx=1,hash=9aa0535e...
info|2019-12-13 22:09:13.406251|[g:1][CONSENSUS][PBFT]checkTimeout Succ,view=32,toView=33,nodeIdx=2,changeCycle=0,myNode=8d7b93e8...,timecost=1.693
info|2019-12-13 22:09:13.410936|[g:1][CONSENSUS][PBFT]checkAndChangeView: Reach consensus,org_view=32,org_changeCycle=0,cur_changeCycle=0,to_view=33
info|2019-12-13 22:09:14.411828|[g:1][CONSENSUS][SEALER]++++++++++++++++ Generating seal on,blkNum=142,tx=0,nodeIdx=2,hash=e867c300...
info|2019-12-13 22:09:14.415218|[g:1][CONSENSUS][PBFT]checkTimeout Succ,view=33,toView=34,nodeIdx=2,changeCycle=0,myNode=8d7b93e8...,timecost=2.34
info|2019-12-13 22:09:14.427262|[g:1][CONSENSUS][PBFT]checkAndChangeView: Reach consensus,org_view=33,org_changeCycle=0,cur_changeCycle=0,to_view=34
info|2019-12-13 22:09:15.436273|[g:1][CONSENSUS]addRawPrepare,height=142,reqIdx=3,hash=e8da321d...
info|2019-12-13 22:09:15.439530|[g:1][CONSENSUS][PBFT]checkTimeout Succ,view=34,toView=35,nodeIdx=2,changeCycle=0,myNode=8d7b93e8...,timecost=2.862
info|2019-12-13 22:09:15.454350|[g:1][CONSENSUS][PBFT]checkAndChangeView: Reach consensus,org_view=34,org_changeCycle=0,cur_changeCycle=0,to_view=35
info|2019-12-13 22:09:16.452863|[g:1][CONSENSUS]addRawPrepare,height=142,reqIdx=0,hash=48ddec61...
info|2019-12-13 22:09:16.455418|[g:1][CONSENSUS][PBFT]checkTimeout Succ,view=35,toView=36,nodeIdx=2,changeCycle=0,myNode=8d7b93e8...,timecost=2.077
info|2019-12-13 22:09:16.460763|[g:1][CONSENSUS][PBFT]checkAndChangeView: Reach consensus,org_view=35,org_changeCycle=0,cur_changeCycle=0,to_view=36
info|2019-12-13 22:09:17.464474|[g:1][CONSENSUS]addRawPrepare,height=142,reqIdx=1,hash=7947c1d4...
info|2019-12-13 22:09:17.467155|[g:1][CONSENSUS][PBFT]checkTimeout Succ,view=36,toView=37,nodeIdx=2,changeCycle=0,myNode=8d7b93e8...,timecost=1.825
info|2019-12-13 22:09:17.473417|[g:1][CONSENSUS][PBFT]checkAndChangeView: Reach consensus,org_view=36,org_changeCycle=0,cur_changeCycle=0,to_view=37
info|2019-12-13 22:09:18.473970|[g:1][CONSENSUS][SEALER]++++++++++++++++ Generating seal on,blkNum=142,tx=0,nodeIdx=2,hash=8573c751...
info|2019-12-13 22:09:18.476415|[g:1][CONSENSUS][PBFT]checkTimeout Succ,view=37,toView=38,nodeIdx=2,changeCycle=0,myNode=8d7b93e8...,timecost=1.228
info|2019-12-13 22:09:18.484456|[g:1][CONSENSUS][PBFT]checkAndChangeView: Reach consensus,org_view=37,org_changeCycle=0,cur_changeCycle=0,to_view=38
info|2019-12-13 22:09:19.491709|[g:1][CONSENSUS]addRawPrepare,height=142,reqIdx=3,hash=69aa168c...
info|2019-12-13 22:09:19.493942|[g:1][CONSENSUS][PBFT]checkTimeout Succ,view=38,toView=39,nodeIdx=2,changeCycle=0,myNode=8d7b93e8...,timecost=1.907
info|2019-12-13 22:09:19.498192|[g:1][CONSENSUS][PBFT]checkAndChangeView: Reach consensus,org_view=38,org_changeCycle=0,cur_changeCycle=0,to_view=39
info|2019-12-13 22:09:19.993854|[P2P][Service] heartBeat,connected count=3
info|2019-12-13 22:09:20.508641|[g:1][CONSENSUS]addRawPrepare,height=142,reqIdx=0,hash=8ed23bb9...
info|2019-12-13 22:09:20.522401|[g:1][CONSENSUS][PBFT]checkTimeout Succ,view=39,toView=40,nodeIdx=2,changeCycle=0,myNode=8d7b93e8...,timecost=10.412
info|2019-12-13 22:09:20.528824|[g:1][CONSENSUS][PBFT]checkAndChangeView: Reach consensus,org_view=39,org_changeCycle=0,cur_changeCycle=0,to_view=40
info|2019-12-13 22:09:21.532724|[g:1][CONSENSUS]addRawPrepare,height=142,reqIdx=1,hash=11a1bf9f...
info|2019-12-13 22:09:21.548819|[g:1][CONSENSUS][PBFT]checkTimeout Succ,view=40,toView=41,nodeIdx=2,changeCycle=0,myNode=8d7b93e8...,timecost=12.968
info|2019-12-13 22:09:21.567337|[g:1][CONSENSUS][PBFT]checkAndChangeView: Reach consensus,org_view=40,org_changeCycle=0,cur_changeCycle=0,to_view=41
info|2019-12-13 22:09:22.568776|[g:1][CONSENSUS][SEALER]++++++++++++++++ Generating seal on,blkNum=142,tx=0,nodeIdx=2,hash=2cc22d19...
info|2019-12-13 22:09:22.572056|[g:1][CONSENSUS][PBFT]checkTimeout Succ,view=41,toView=42,nodeIdx=2,changeCycle=0,myNode=8d7b93e8...,timecost=1.34
info|2019-12-13 22:09:22.595119|[g:1][CONSENSUS][PBFT]checkAndChangeView: Reach consensus,org_view=41,org_changeCycle=0,cur_changeCycle=0,to_view=42
info|2019-12-13 22:09:23.587183|[g:1][CONSENSUS]addRawPrepare,height=142,reqIdx=3,hash=c477323a...
info|2019-12-13 22:09:23.593222|[g:1][CONSENSUS][PBFT]checkTimeout Succ,view=42,toView=43,nodeIdx=2,changeCycle=0,myNode=8d7b93e8...,timecost=5.801
info|2019-12-13 22:09:23.598775|[g:1][CONSENSUS][PBFT]checkAndChangeView: Reach consensus,org_view=42,org_changeCycle=0,cur_changeCycle=0,to_view=43
info|2019-12-13 22:09:24.600302|[g:1][CONSENSUS]addRawPrepare,height=142,reqIdx=0,hash=5c38eb52...
info|2019-12-13 22:09:24.602859|[g:1][CONSENSUS][PBFT]checkTimeout Succ,view=43,toView=44,nodeIdx=2,changeCycle=0,myNode=8d7b93e8...,timecost=1.979
info|2019-12-13 22:09:24.608970|[g:1][CONSENSUS][PBFT]checkAndChangeView: Reach consensus,org_view=43,org_changeCycle=0,cur_changeCycle=0,to_view=44
info|2019-12-13 22:09:25.611588|[g:1][CONSENSUS]addRawPrepare,height=142,reqIdx=1,hash=4b137d7f...
info|2019-12-13 22:09:25.613855|[g:1][CONSENSUS][PBFT]checkTimeout Succ,view=44,toView=45,nodeIdx=2,changeCycle=0,myNode=8d7b93e8...,timecost=1.76
info|2019-12-13 22:09:25.621166|[g:1][CONSENSUS][PBFT]checkAndChangeView: Reach consensus,org_view=44,org_changeCycle=0,cur_changeCycle=0,to_view=45
info|2019-12-13 22:09:26.621399|[g:1][CONSENSUS][SEALER]++++++++++++++++ Generating seal on,blkNum=142,tx=0,nodeIdx=2,hash=c35bed7c...
info|2019-12-13 22:09:26.628802|[g:1][CONSENSUS][PBFT]checkTimeout Succ,view=45,toView=46,nodeIdx=2,changeCycle=0,myNode=8d7b93e8...,timecost=1.457
info|2019-12-13 22:09:26.634031|[g:1][CONSENSUS][PBFT]checkAndChangeView: Reach consensus,org_view=45,org_changeCycle=0,cur_changeCycle=0,to_view=46
info|2019-12-13 22:09:27.636345|[g:1][CONSENSUS]addRawPrepare,height=142,reqIdx=3,hash=42fb0a22...
info|2019-12-13 22:09:27.639686|[g:1][CONSENSUS][PBFT]checkTimeout Succ,view=46,toView=47,nodeIdx=2,changeCycle=0,myNode=8d7b93e8...,timecost=2.128
info|2019-12-13 22:09:27.646313|[g:1][CONSENSUS][PBFT]checkAndChangeView: Reach consensus,org_view=46,org_changeCycle=0,cur_changeCycle=0,to_view=47
info|2019-12-13 22:09:28.652563|[g:1][CONSENSUS]addRawPrepare,height=142,reqIdx=0,hash=1105a4cf...
info|2019-12-13 22:09:28.658705|[g:1][CONSENSUS][PBFT]checkTimeout Succ,view=47,toView=48,nodeIdx=2,changeCycle=0,myNode=8d7b93e8...,timecost=4.414
info|2019-12-13 22:09:28.664792|[g:1][CONSENSUS][PBFT]checkAndChangeView: Reach consensus,org_view=47,org_changeCycle=0,cur_changeCycle=0,to_view=48
info|2019-12-13 22:09:29.666491|[g:1][CONSENSUS]addRawPrepare,height=142,reqIdx=1,hash=1091e657...
info|2019-12-13 22:09:29.670176|[g:1][CONSENSUS][PBFT]checkTimeout Succ,view=48,toView=49,nodeIdx=2,changeCycle=0,myNode=8d7b93e8...,timecost=1.862
info|2019-12-13 22:09:29.677359|[g:1][CONSENSUS][PBFT]checkAndChangeView: Reach consensus,org_view=48,org_changeCycle=0,cur_changeCycle=0,to_view=49
info|2019-12-13 22:09:29.993962|[P2P][Service] heartBeat,connected count=3
info|2019-12-13 22:09:30.677445|[g:1][CONSENSUS][SEALER]++++++++++++++++ Generating seal on,blkNum=142,tx=0,nodeIdx=2,hash=9d53d704...
info|2019-12-13 22:09:30.682838|[g:1][CONSENSUS][PBFT]checkTimeout Succ,view=49,toView=50,nodeIdx=2,changeCycle=0,myNode=8d7b93e8...,timecost=1.789
info|2019-12-13 22:09:30.685396|[g:1][CONSENSUS][PBFT]checkAndChangeView: Reach consensus,org_view=49,org_changeCycle=0,cur_changeCycle=0,to_view=50
info|2019-12-13 22:09:31.690139|[g:1][CONSENSUS]addRawPrepare,height=142,reqIdx=3,hash=ec61f346...
info|2019-12-13 22:09:31.691992|[g:1][CONSENSUS][PBFT]checkTimeout Succ,view=50,toView=51,nodeIdx=2,changeCycle=0,myNode=8d7b93e8...,timecost=1.538
info|2019-12-13 22:09:31.696582|[g:1][CONSENSUS][PBFT]checkAndChangeView: Reach consensus,org_view=50,org_changeCycle=0,cur_changeCycle=0,to_view=51
info|2019-12-13 22:09:32.705331|[g:1][CONSENSUS]addRawPrepare,height=142,reqIdx=0,hash=528638a2...
info|2019-12-13 22:09:32.708405|[g:1][CONSENSUS][PBFT]checkTimeout Succ,view=51,toView=52,nodeIdx=2,changeCycle=0,myNode=8d7b93e8...,timecost=2.255
info|2019-12-13 22:09:32.714676|[g:1][CONSENSUS][PBFT]checkAndChangeView: Reach consensus,org_view=51,org_changeCycle=0,cur_changeCycle=0,to_view=52
info|2019-12-13 22:09:33.718248|[g:1][CONSENSUS]addRawPrepare,height=142,reqIdx=1,hash=e3281781...
info|2019-12-13 22:09:33.720996|[g:1][CONSENSUS][PBFT]checkTimeout Succ,view=52,toView=53,nodeIdx=2,changeCycle=0,myNode=8d7b93e8...,timecost=1.972
info|2019-12-13 22:09:33.725683|[g:1][CONSENSUS][PBFT]checkAndChangeView: Reach consensus,org_view=52,org_changeCycle=0,cur_changeCycle=0,to_view=53
info|2019-12-13 22:09:34.725348|[g:1][CONSENSUS][SEALER]++++++++++++++++ Generating seal on,blkNum=142,tx=0,nodeIdx=2,hash=a74520a8...
info|2019-12-13 22:09:34.727856|[g:1][CONSENSUS][PBFT]checkTimeout Succ,view=53,toView=54,nodeIdx=2,changeCycle=0,myNode=8d7b93e8...,timecost=1.271
info|2019-12-13 22:09:34.735365|[g:1][CONSENSUS][PBFT]checkAndChangeView: Reach consensus,org_view=53,org_changeCycle=0,cur_changeCycle=0,to_view=54
info|2019-12-13 22:09:35.743735|[g:1][CONSENSUS]addRawPrepare,height=142,reqIdx=3,hash=b78f7897...
info|2019-12-13 22:09:35.747628|[g:1][CONSENSUS][PBFT]checkTimeout Succ,view=54,toView=55,nodeIdx=2,changeCycle=0,myNode=8d7b93e8...,timecost=3.433
info|2019-12-13 22:09:35.754202|[g:1][CONSENSUS][PBFT]checkAndChangeView: Reach consensus,org_view=54,org_changeCycle=0,cur_changeCycle=0,to_view=55
info|2019-12-13 22:09:36.757849|[g:1][CONSENSUS]addRawPrepare,height=142,reqIdx=0,hash=9c83de82...
info|2019-12-13 22:09:36.761924|[g:1][CONSENSUS][PBFT]checkTimeout Succ,view=55,toView=56,nodeIdx=2,changeCycle=0,myNode=8d7b93e8...,timecost=2.946
info|2019-12-13 22:09:36.767763|[g:1][CONSENSUS][PBFT]checkAndChangeView: Reach consensus,org_view=55,org_changeCycle=0,cur_changeCycle=0,to_view=56
info|2019-12-13 22:09:37.769239|[g:1][CONSENSUS]addRawPrepare,height=142,reqIdx=1,hash=b5188a0e...
info|2019-12-13 22:09:37.772194|[g:1][CONSENSUS][PBFT]checkTimeout Succ,view=56,toView=57,nodeIdx=2,changeCycle=0,myNode=8d7b93e8...,timecost=1.684
info|2019-12-13 22:09:37.776781|[g:1][CONSENSUS][PBFT]checkAndChangeView: Reach consensus,org_view=56,org_changeCycle=0,cur_changeCycle=0,to_view=57
info|2019-12-13 22:09:38.776843|[g:1][CONSENSUS][SEALER]++++++++++++++++ Generating seal on,blkNum=142,tx=0,nodeIdx=2,hash=a109b820...
info|2019-12-13 22:09:38.784624|[g:1][CONSENSUS][PBFT]checkTimeout Succ,view=57,toView=58,nodeIdx=2,changeCycle=0,myNode=8d7b93e8...,timecost=1.341
info|2019-12-13 22:09:38.788782|[g:1][CONSENSUS][PBFT]checkAndChangeView: Reach consensus,org_view=57,org_changeCycle=0,cur_changeCycle=0,to_view=58
info|2019-12-13 22:09:39.794726|[g:1][CONSENSUS]addRawPrepare,height=142,reqIdx=3,hash=e6ef1689...
info|2019-12-13 22:09:39.796828|[g:1][CONSENSUS][PBFT]checkTimeout Succ,view=58,toView=59,nodeIdx=2,changeCycle=0,myNode=8d7b93e8...,timecost=1.409
info|2019-12-13 22:09:39.801579|[g:1][CONSENSUS][PBFT]checkAndChangeView: Reach consensus,org_view=58,org_changeCycle=0,cur_changeCycle=0,to_view=59
info|2019-12-13 22:09:39.994078|[P2P][Service] heartBeat,connected count=3
info|2019-12-13 22:09:40.808847|[g:1][CONSENSUS]addRawPrepare,height=142,reqIdx=0,hash=afbb5130...
info|2019-12-13 22:09:40.812457|[g:1][CONSENSUS][PBFT]checkTimeout Succ,view=59,toView=60,nodeIdx=2,changeCycle=0,myNode=8d7b93e8...,timecost=1.862
info|2019-12-13 22:09:40.821735|[g:1][CONSENSUS][PBFT]checkAndChangeView: Reach consensus,org_view=59,org_changeCycle=0,cur_changeCycle=0,to_view=60
info|2019-12-13 22:09:41.819623|[g:1][CONSENSUS]addRawPrepare,height=142,reqIdx=1,hash=84c788a7...
info|2019-12-13 22:09:41.822247|[g:1][CONSENSUS][PBFT]checkTimeout Succ,view=60,toView=61,nodeIdx=2,changeCycle=0,myNode=8d7b93e8...,timecost=2.287
info|2019-12-13 22:09:41.826907|[g:1][CONSENSUS][PBFT]checkAndChangeView: Reach consensus,org_view=60,org_changeCycle=0,cur_changeCycle=0,to_view=61
info|2019-12-13 22:09:42.827177|[g:1][CONSENSUS][SEALER]++++++++++++++++ Generating seal on,blkNum=142,tx=0,nodeIdx=2,hash=e27228e5...
info|2019-12-13 22:09:42.832578|[g:1][CONSENSUS][PBFT]checkTimeout Succ,view=61,toView=62,nodeIdx=2,changeCycle=0,myNode=8d7b93e8...,timecost=4.315
info|2019-12-13 22:09:42.840027|[g:1][CONSENSUS][PBFT]checkAndChangeView: Reach consensus,org_view=61,org_changeCycle=0,cur_changeCycle=0,to_view=62
info|2019-12-13 22:09:43.842908|[g:1][CONSENSUS]addRawPrepare,height=142,reqIdx=3,hash=ddee4df5...
info|2019-12-13 22:09:43.846092|[g:1][CONSENSUS][PBFT]checkTimeout Succ,view=62,toView=63,nodeIdx=2,changeCycle=0,myNode=8d7b93e8...,timecost=2.347
info|2019-12-13 22:09:43.851473|[g:1][CONSENSUS][PBFT]checkAndChangeView: Reach consensus,org_view=62,org_changeCycle=0,cur_changeCycle=0,to_view=63
info|2019-12-13 22:09:44.856830|[g:1][CONSENSUS]addRawPrepare,height=142,reqIdx=0,hash=ea09e162...
info|2019-12-13 22:09:44.858906|[g:1][CONSENSUS][PBFT]checkTimeout Succ,view=63,toView=64,nodeIdx=2,changeCycle=0,myNode=8d7b93e8...,timecost=1.258
info|2019-12-13 22:09:44.866491|[g:1][CONSENSUS][PBFT]checkAndChangeView: Reach consensus,org_view=63,org_changeCycle=0,cur_changeCycle=0,to_view=64
info|2019-12-13 22:09:45.868782|[g:1][CONSENSUS]addRawPrepare,height=142,reqIdx=1,hash=1a66fceb...
info|2019-12-13 22:09:45.874003|[g:1][CONSENSUS][PBFT]checkTimeout Succ,view=64,toView=65,nodeIdx=2,changeCycle=0,myNode=8d7b93e8...,timecost=3.251
info|2019-12-13 22:09:45.879350|[g:1][CONSENSUS][PBFT]checkAndChangeView: Reach consensus,org_view=64,org_changeCycle=0,cur_changeCycle=0,to_view=65
info|2019-12-13 22:09:46.879601|[g:1][CONSENSUS][SEALER]++++++++++++++++ Generating seal on,blkNum=142,tx=0,nodeIdx=2,hash=1c7423d2...
info|2019-12-13 22:09:46.882682|[g:1][CONSENSUS][PBFT]checkTimeout Succ,view=65,toView=66,nodeIdx=2,changeCycle=0,myNode=8d7b93e8...,timecost=2.108
info|2019-12-13 22:09:46.890562|[g:1][CONSENSUS][PBFT]checkAndChangeView: Reach consensus,org_view=65,org_changeCycle=0,cur_changeCycle=0,to_view=66
info|2019-12-13 22:09:47.894977|[g:1][CONSENSUS]addRawPrepare,height=142,reqIdx=3,hash=1395ff83...
info|2019-12-13 22:09:47.896709|[g:1][CONSENSUS][PBFT]checkTimeout Succ,view=66,toView=67,nodeIdx=2,changeCycle=0,myNode=8d7b93e8...,timecost=1.39
info|2019-12-13 22:09:47.902293|[g:1][CONSENSUS][PBFT]checkAndChangeView: Reach consensus,org_view=66,org_changeCycle=0,cur_changeCycle=0,to_view=67
info|2019-12-13 22:09:48.905476|[g:1][CONSENSUS]addRawPrepare,height=142,reqIdx=0,hash=10e3aea7...
info|2019-12-13 22:09:48.906253|[g:1][CONSENSUS][PBFT]checkTimeout Succ,view=67,toView=68,nodeIdx=2,changeCycle=0,myNode=8d7b93e8...,timecost=0.644
info|2019-12-13 22:09:48.910059|[g:1][CONSENSUS][PBFT]checkAndChangeView: Reach consensus,org_view=67,org_changeCycle=0,cur_changeCycle=0,to_view=68
info|2019-12-13 22:09:49.913279|[g:1][CONSENSUS]addRawPrepare,height=142,reqIdx=1,hash=1662347d...
info|2019-12-13 22:09:49.914957|[g:1][CONSENSUS][PBFT]checkTimeout Succ,view=68,toView=69,nodeIdx=2,changeCycle=0,myNode=8d7b93e8...,timecost=1.332
info|2019-12-13 22:09:49.924140|[g:1][CONSENSUS][PBFT]checkAndChangeView: Reach consensus,org_view=68,org_changeCycle=0,cur_changeCycle=0,to_view=69
info|2019-12-13 22:09:49.994224|[P2P][Service] heartBeat,connected count=3
info|2019-12-13 22:09:50.925251|[g:1][CONSENSUS][SEALER]++++++++++++++++ Generating seal on,blkNum=142,tx=0,nodeIdx=2,hash=f70a9209...
info|2019-12-13 22:09:50.929601|[g:1][CONSENSUS][PBFT]checkTimeout Succ,view=69,toView=70,nodeIdx=2,changeCycle=0,myNode=8d7b93e8...,timecost=3.142
info|2019-12-13 22:09:50.936866|[g:1][CONSENSUS][PBFT]checkAndChangeView: Reach consensus,org_view=69,org_changeCycle=0,cur_changeCycle=0,to_view=70
info|2019-12-13 22:09:51.941378|[g:1][CONSENSUS]addRawPrepare,height=142,reqIdx=3,hash=f91a249c...
info|2019-12-13 22:09:51.942934|[g:1][CONSENSUS][PBFT]checkTimeout Succ,view=70,toView=71,nodeIdx=2,changeCycle=0,myNode=8d7b93e8...,timecost=1.257
info|2019-12-13 22:09:51.950549|[g:1][CONSENSUS][PBFT]checkAndChangeView: Reach consensus,org_view=70,org_changeCycle=0,cur_changeCycle=0,to_view=71
info|2019-12-13 22:09:52.955083|[g:1][CONSENSUS]addRawPrepare,height=142,reqIdx=0,hash=d6c3f056...
info|2019-12-13 22:09:52.957146|[g:1][CONSENSUS][PBFT]checkTimeout Succ,view=71,toView=72,nodeIdx=2,changeCycle=0,myNode=8d7b93e8...,timecost=1.752
info|2019-12-13 22:09:52.966974|[g:1][CONSENSUS][PBFT]checkAndChangeView: Reach consensus,org_view=71,org_changeCycle=0,cur_changeCycle=0,to_view=72
info|2019-12-13 22:09:53.967011|[g:1][CONSENSUS]addRawPrepare,height=142,reqIdx=1,hash=edce3727...
info|2019-12-13 22:09:53.969556|[g:1][CONSENSUS][PBFT]checkTimeout Succ,view=72,toView=73,nodeIdx=2,changeCycle=0,myNode=8d7b93e8...,timecost=2.118
info|2019-12-13 22:09:53.974629|[g:1][CONSENSUS][PBFT]checkAndChangeView: Reach consensus,org_view=72,org_changeCycle=0,cur_changeCycle=0,to_view=73
info|2019-12-13 22:09:54.974528|[g:1][CONSENSUS][SEALER]++++++++++++++++ Generating seal on,blkNum=142,tx=0,nodeIdx=2,hash=2c153553...
info|2019-12-13 22:09:54.986929|[g:1][CONSENSUS][PBFT]checkTimeout Succ,view=73,toView=74,nodeIdx=2,changeCycle=0,myNode=8d7b93e8...,timecost=2.114
info|2019-12-13 22:09:54.989672|[g:1][CONSENSUS][PBFT]checkAndChangeView: Reach consensus,org_view=73,org_changeCycle=0,cur_changeCycle=0,to_view=74
info|2019-12-13 22:09:55.993547|[g:1][CONSENSUS]addRawPrepare,height=142,reqIdx=3,hash=65ff6609...
info|2019-12-13 22:09:55.995780|[g:1][CONSENSUS][PBFT]checkTimeout Succ,view=74,toView=75,nodeIdx=2,changeCycle=0,myNode=8d7b93e8...,timecost=1.802
info|2019-12-13 22:09:56.001397|[g:1][CONSENSUS][PBFT]checkAndChangeView: Reach consensus,org_view=74,org_changeCycle=0,cur_changeCycle=0,to_view=75
info|2019-12-13 22:09:57.004688|[g:1][CONSENSUS]addRawPrepare,height=142,reqIdx=0,hash=fc571b56...
info|2019-12-13 22:09:57.007270|[g:1][CONSENSUS][PBFT]checkTimeout Succ,view=75,toView=76,nodeIdx=2,changeCycle=0,myNode=8d7b93e8...,timecost=2.203
info|2019-12-13 22:09:57.012299|[g:1][CONSENSUS][PBFT]checkAndChangeView: Reach consensus,org_view=75,org_changeCycle=0,cur_changeCycle=0,to_view=76
info|2019-12-13 22:09:58.019571|[g:1][CONSENSUS]addRawPrepare,height=142,reqIdx=1,hash=265fe25b...
info|2019-12-13 22:09:58.023420|[g:1][CONSENSUS][PBFT]checkTimeout Succ,view=76,toView=77,nodeIdx=2,changeCycle=0,myNode=8d7b93e8...,timecost=2.746
info|2019-12-13 22:09:58.029106|[g:1][CONSENSUS][PBFT]checkAndChangeView: Reach consensus,org_view=76,org_changeCycle=0,cur_changeCycle=0,to_view=77
info|2019-12-13 22:09:59.030252|[g:1][CONSENSUS][SEALER]++++++++++++++++ Generating seal on,blkNum=142,tx=0,nodeIdx=2,hash=107c2156...
info|2019-12-13 22:09:59.038915|[g:1][CONSENSUS][PBFT]checkTimeout Succ,view=77,toView=78,nodeIdx=2,changeCycle=0,myNode=8d7b93e8...,timecost=2.391
info|2019-12-13 22:09:59.044461|[g:1][CONSENSUS][PBFT]checkAndChangeView: Reach consensus,org_view=77,org_changeCycle=0,cur_changeCycle=0,to_view=78
info|2019-12-13 22:09:59.994380|[P2P][Service] heartBeat,connected count=3
info|2019-12-13 22:10:00.045290|[g:1][CONSENSUS]addRawPrepare,height=142,reqIdx=3,hash=1acf9a5b...
info|2019-12-13 22:10:00.046849|[g:1][CONSENSUS][PBFT]checkTimeout Succ,view=78,toView=79,nodeIdx=2,changeCycle=0,myNode=8d7b93e8...,timecost=1.218
info|2019-12-13 22:10:00.054272|[g:1][CONSENSUS][PBFT]checkAndChangeView: Reach consensus,org_view=78,org_changeCycle=0,cur_changeCycle=0,to_view=79
info|2019-12-13 22:10:01.060035|[g:1][CONSENSUS]addRawPrepare,height=142,reqIdx=0,hash=2ca6c56d...
info|2019-12-13 22:10:01.061566|[g:1][CONSENSUS][PBFT]checkTimeout Succ,view=79,toView=80,nodeIdx=2,changeCycle=0,myNode=8d7b93e8...,timecost=1.24
info|2019-12-13 22:10:01.070489|[g:1][CONSENSUS][PBFT]checkAndChangeView: Reach consensus,org_view=79,org_changeCycle=0,cur_changeCycle=0,to_view=80
info|2019-12-13 22:10:02.071910|[g:1][CONSENSUS]addRawPrepare,height=142,reqIdx=1,hash=17aa0276...
info|2019-12-13 22:10:02.074316|[g:1][CONSENSUS][PBFT]checkTimeout Succ,view=80,toView=81,nodeIdx=2,changeCycle=0,myNode=8d7b93e8...,timecost=2.112
info|2019-12-13 22:10:02.081243|[g:1][CONSENSUS][PBFT]checkAndChangeView: Reach consensus,org_view=80,org_changeCycle=0,cur_changeCycle=0,to_view=81
info|2019-12-13 22:10:03.082090|[g:1][CONSENSUS][SEALER]++++++++++++++++ Generating seal on,blkNum=142,tx=0,nodeIdx=2,hash=eed9d2ea...
info|2019-12-13 22:10:03.083834|[g:1][CONSENSUS][PBFT]checkTimeout Succ,view=81,toView=82,nodeIdx=2,changeCycle=0,myNode=8d7b93e8...,timecost=1.059
info|2019-12-13 22:10:03.088276|[g:1][CONSENSUS][PBFT]checkAndChangeView: Reach consensus,org_view=81,org_changeCycle=0,cur_changeCycle=0,to_view=82
info|2019-12-13 22:10:04.091045|[g:1][CONSENSUS]addRawPrepare,height=142,reqIdx=3,hash=623b609d...
info|2019-12-13 22:10:04.092742|[g:1][CONSENSUS][PBFT]checkTimeout Succ,view=82,toView=83,nodeIdx=2,changeCycle=0,myNode=8d7b93e8...,timecost=1.242
info|2019-12-13 22:10:04.098257|[g:1][CONSENSUS][PBFT]checkAndChangeView: Reach consensus,org_view=82,org_changeCycle=0,cur_changeCycle=0,to_view=83
info|2019-12-13 22:10:05.105523|[g:1][CONSENSUS]addRawPrepare,height=142,reqIdx=0,hash=b91eb9d1...
info|2019-12-13 22:10:05.109105|[g:1][CONSENSUS][PBFT]checkTimeout Succ,view=83,toView=84,nodeIdx=2,changeCycle=0,myNode=8d7b93e8...,timecost=2.718
info|2019-12-13 22:10:05.116041|[g:1][CONSENSUS][PBFT]checkAndChangeView: Reach consensus,org_view=83,org_changeCycle=0,cur_changeCycle=0,to_view=84
info|2019-12-13 22:10:06.124603|[g:1][CONSENSUS]addRawPrepare,height=142,reqIdx=1,hash=718c8daa...
info|2019-12-13 22:10:06.126708|[g:1][CONSENSUS][PBFT]checkTimeout Succ,view=84,toView=85,nodeIdx=2,changeCycle=0,myNode=8d7b93e8...,timecost=1.729
info|2019-12-13 22:10:06.131416|[g:1][CONSENSUS][PBFT]checkAndChangeView: Reach consensus,org_view=84,org_changeCycle=0,cur_changeCycle=0,to_view=85
info|2019-12-13 22:10:07.132284|[g:1][CONSENSUS][SEALER]++++++++++++++++ Generating seal on,blkNum=142,tx=0,nodeIdx=2,hash=4a055699...
info|2019-12-13 22:10:07.134615|[g:1][CONSENSUS][PBFT]checkTimeout Succ,view=85,toView=86,nodeIdx=2,changeCycle=0,myNode=8d7b93e8...,timecost=1.271
info|2019-12-13 22:10:07.143271|[g:1][CONSENSUS][PBFT]checkAndChangeView: Reach consensus,org_view=85,org_changeCycle=0,cur_changeCycle=0,to_view=86
info|2019-12-13 22:10:08.149777|[g:1][CONSENSUS]addRawPrepare,height=142,reqIdx=3,hash=a39c25cb...
info|2019-12-13 22:10:08.152217|[g:1][CONSENSUS][PBFT]checkTimeout Succ,view=86,toView=87,nodeIdx=2,changeCycle=0,myNode=8d7b93e8...,timecost=2.063
info|2019-12-13 22:10:08.159506|[g:1][CONSENSUS][PBFT]checkAndChangeView: Reach consensus,org_view=86,org_changeCycle=0,cur_changeCycle=0,to_view=87
info|2019-12-13 22:10:09.162198|[g:1][CONSENSUS]addRawPrepare,height=142,reqIdx=0,hash=b3cc8a4f...
info|2019-12-13 22:10:09.162811|[g:1][CONSENSUS][PBFT]checkTimeout Succ,view=87,toView=88,nodeIdx=2,changeCycle=0,myNode=8d7b93e8...,timecost=0.464
info|2019-12-13 22:10:09.164192|[g:1][CONSENSUS][PBFT]checkAndChangeView: Reach consensus,org_view=87,org_changeCycle=0,cur_changeCycle=0,to_view=88
info|2019-12-13 22:10:09.994549|[P2P][Service] heartBeat,connected count=3
info|2019-12-13 22:10:10.169752|[g:1][CONSENSUS]addRawPrepare,height=142,reqIdx=1,hash=390b5f5f...
info|2019-12-13 22:10:10.171775|[g:1][CONSENSUS][PBFT]checkTimeout Succ,view=88,toView=89,nodeIdx=2,changeCycle=0,myNode=8d7b93e8...,timecost=1.115
info|2019-12-13 22:10:10.177554|[g:1][CONSENSUS][PBFT]checkAndChangeView: Reach consensus,org_view=88,org_changeCycle=0,cur_changeCycle=0,to_view=89
info|2019-12-13 22:10:11.177498|[g:1][CONSENSUS][SEALER]++++++++++++++++ Generating seal on,blkNum=142,tx=0,nodeIdx=2,hash=9cf6a57c...
info|2019-12-13 22:10:11.180517|[g:1][CONSENSUS][PBFT]checkTimeout Succ,view=89,toView=90,nodeIdx=2,changeCycle=0,myNode=8d7b93e8...,timecost=1.977
info|2019-12-13 22:10:11.190475|[g:1][CONSENSUS][PBFT]checkAndChangeView: Reach consensus,org_view=89,org_changeCycle=0,cur_changeCycle=0,to_view=90
info|2019-12-13 22:10:12.199433|[g:1][CONSENSUS]addRawPrepare,height=142,reqIdx=3,hash=9c2a5c64...
info|2019-12-13 22:10:12.203939|[g:1][CONSENSUS][PBFT]checkTimeout Succ,view=90,toView=91,nodeIdx=2,changeCycle=0,myNode=8d7b93e8...,timecost=2.449
info|2019-12-13 22:10:12.210902|[g:1][CONSENSUS][PBFT]checkAndChangeView: Reach consensus,org_view=90,org_changeCycle=0,cur_changeCycle=0,to_view=91
info|2019-12-13 22:10:13.209505|[g:1][CONSENSUS]addRawPrepare,height=142,reqIdx=0,hash=30117f29...
info|2019-12-13 22:10:13.209876|[g:1][CONSENSUS][PBFT]checkTimeout Succ,view=91,toView=92,nodeIdx=2,changeCycle=0,myNode=8d7b93e8...,timecost=0.279
info|2019-12-13 22:10:13.212292|[g:1][CONSENSUS][PBFT]checkAndChangeView: Reach consensus,org_view=91,org_changeCycle=0,cur_changeCycle=0,to_view=92
info|2019-12-13 22:10:14.217666|[g:1][CONSENSUS]addRawPrepare,height=142,reqIdx=1,hash=28a6e961...
info|2019-12-13 22:10:14.219223|[g:1][CONSENSUS][PBFT]checkTimeout Succ,view=92,toView=93,nodeIdx=2,changeCycle=0,myNode=8d7b93e8...,timecost=1.276
info|2019-12-13 22:10:14.226503|[g:1][CONSENSUS][PBFT]checkAndChangeView: Reach consensus,org_view=92,org_changeCycle=0,cur_changeCycle=0,to_view=93
info|2019-12-13 22:10:15.226452|[g:1][CONSENSUS][SEALER]++++++++++++++++ Generating seal on,blkNum=142,tx=0,nodeIdx=2,hash=bfafc2cd...
info|2019-12-13 22:10:15.229062|[g:1][CONSENSUS][PBFT]checkTimeout Succ,view=93,toView=94,nodeIdx=2,changeCycle=0,myNode=8d7b93e8...,timecost=1.641
info|2019-12-13 22:10:15.237966|[g:1][CONSENSUS][PBFT]checkAndChangeView: Reach consensus,org_view=93,org_changeCycle=0,cur_changeCycle=0,to_view=94
info|2019-12-13 22:10:16.241105|[g:1][CONSENSUS]addRawPrepare,height=142,reqIdx=3,hash=9d0531da...
info|2019-12-13 22:10:16.243571|[g:1][CONSENSUS][PBFT]checkTimeout Succ,view=94,toView=95,nodeIdx=2,changeCycle=0,myNode=8d7b93e8...,timecost=1.092
info|2019-12-13 22:10:16.246238|[g:1][CONSENSUS][PBFT]checkAndChangeView: Reach consensus,org_view=94,org_changeCycle=0,cur_changeCycle=0,to_view=95
info|2019-12-13 22:10:17.282929|[g:1][CONSENSUS]addRawPrepare,height=142,reqIdx=0,hash=658c7368...
info|2019-12-13 22:10:17.283821|[g:1][CONSENSUS][PBFT]checkTimeout Succ,view=95,toView=96,nodeIdx=2,changeCycle=0,myNode=8d7b93e8...,timecost=0.495
info|2019-12-13 22:10:17.284851|[g:1][CONSENSUS][PBFT]checkAndChangeView: Reach consensus,org_view=95,org_changeCycle=0,cur_changeCycle=0,to_view=96
info|2019-12-13 22:10:18.287437|[g:1][CONSENSUS]addRawPrepare,height=142,reqIdx=1,hash=78b9fb3c...
info|2019-12-13 22:10:18.289181|[g:1][CONSENSUS][PBFT]checkTimeout Succ,view=96,toView=97,nodeIdx=2,changeCycle=0,myNode=8d7b93e8...,timecost=1.458
info|2019-12-13 22:10:18.295677|[g:1][CONSENSUS][PBFT]checkAndChangeView: Reach consensus,org_view=96,org_changeCycle=0,cur_changeCycle=0,to_view=97
info|2019-12-13 22:10:19.295645|[g:1][CONSENSUS][SEALER]++++++++++++++++ Generating seal on,blkNum=142,tx=0,nodeIdx=2,hash=c15ab96c...
info|2019-12-13 22:10:19.304404|[g:1][CONSENSUS][PBFT]checkTimeout Succ,view=97,toView=98,nodeIdx=2,changeCycle=0,myNode=8d7b93e8...,timecost=2.623
info|2019-12-13 22:10:19.309963|[g:1][CONSENSUS][PBFT]checkAndChangeView: Reach consensus,org_view=97,org_changeCycle=0,cur_changeCycle=0,to_view=98
info|2019-12-13 22:10:19.994760|[P2P][Service] heartBeat,connected count=3
info|2019-12-13 22:10:20.314717|[g:1][CONSENSUS]addRawPrepare,height=142,reqIdx=3,hash=c2e15d6f...
info|2019-12-13 22:10:20.317185|[g:1][CONSENSUS][PBFT]checkTimeout Succ,view=98,toView=99,nodeIdx=2,changeCycle=0,myNode=8d7b93e8...,timecost=1.973
info|2019-12-13 22:10:20.323505|[g:1][CONSENSUS][PBFT]checkAndChangeView: Reach consensus,org_view=98,org_changeCycle=0,cur_changeCycle=0,to_view=99
info|2019-12-13 22:10:21.331219|[g:1][CONSENSUS]addRawPrepare,height=142,reqIdx=0,hash=54238521...
info|2019-12-13 22:10:21.333132|[g:1][CONSENSUS][PBFT]checkTimeout Succ,view=99,toView=100,nodeIdx=2,changeCycle=0,myNode=8d7b93e8...,timecost=1.581
info|2019-12-13 22:10:21.338670|[g:1][CONSENSUS][PBFT]checkAndChangeView: Reach consensus,org_view=99,org_changeCycle=0,cur_changeCycle=0,to_view=100
info|2019-12-13 22:10:22.347650|[g:1][CONSENSUS]addRawPrepare,height=142,reqIdx=1,hash=79228f07...
info|2019-12-13 22:10:22.352159|[g:1][CONSENSUS][PBFT]checkTimeout Succ,view=100,toView=101,nodeIdx=2,changeCycle=0,myNode=8d7b93e8...,timecost=2.337
info|2019-12-13 22:10:22.357702|[g:1][CONSENSUS][PBFT]checkAndChangeView: Reach consensus,org_view=100,org_changeCycle=0,cur_changeCycle=0,to_view=101
info|2019-12-13 22:10:23.357769|[g:1][CONSENSUS][SEALER]++++++++++++++++ Generating seal on,blkNum=142,tx=0,nodeIdx=2,hash=506d7145...
info|2019-12-13 22:10:23.364835|[g:1][CONSENSUS][PBFT]checkTimeout Succ,view=101,toView=102,nodeIdx=2,changeCycle=0,myNode=8d7b93e8...,timecost=1.23
info|2019-12-13 22:10:23.368823|[g:1][CONSENSUS][PBFT]checkAndChangeView: Reach consensus,org_view=101,org_changeCycle=0,cur_changeCycle=0,to_view=102
info|2019-12-13 22:10:24.373949|[g:1][CONSENSUS]addRawPrepare,height=142,reqIdx=3,hash=41d1ce13...
info|2019-12-13 22:10:24.375714|[g:1][CONSENSUS][PBFT]checkTimeout Succ,view=102,toView=103,nodeIdx=2,changeCycle=0,myNode=8d7b93e8...,timecost=1.386
info|2019-12-13 22:10:24.380736|[g:1][CONSENSUS][PBFT]checkAndChangeView: Reach consensus,org_view=102,org_changeCycle=0,cur_changeCycle=0,to_view=103
info|2019-12-13 22:10:25.385722|[g:1][CONSENSUS]addRawPrepare,height=142,reqIdx=0,hash=c57519c2...
info|2019-12-13 22:10:25.387512|[g:1][CONSENSUS][PBFT]checkTimeout Succ,view=103,toView=104,nodeIdx=2,changeCycle=0,myNode=8d7b93e8...,timecost=0.996
info|2019-12-13 22:10:25.389611|[g:1][CONSENSUS][PBFT]checkAndChangeView: Reach consensus,org_view=103,org_changeCycle=0,cur_changeCycle=0,to_view=104
info|2019-12-13 22:10:26.394898|[g:1][CONSENSUS]addRawPrepare,height=142,reqIdx=1,hash=83fe442a...
info|2019-12-13 22:10:26.397009|[g:1][CONSENSUS][PBFT]checkTimeout Succ,view=104,toView=105,nodeIdx=2,changeCycle=0,myNode=8d7b93e8...,timecost=1.656
info|2019-12-13 22:10:26.402054|[g:1][CONSENSUS][PBFT]checkAndChangeView: Reach consensus,org_view=104,org_changeCycle=0,cur_changeCycle=0,to_view=105
info|2019-12-13 22:10:27.403386|[g:1][CONSENSUS][SEALER]++++++++++++++++ Generating seal on,blkNum=142,tx=0,nodeIdx=2,hash=3441aef5...
info|2019-12-13 22:10:27.412756|[g:1][CONSENSUS][PBFT]checkTimeout Succ,view=105,toView=106,nodeIdx=2,changeCycle=0,myNode=8d7b93e8...,timecost=1.739
info|2019-12-13 22:10:27.419994|[g:1][CONSENSUS][PBFT]checkAndChangeView: Reach consensus,org_view=105,org_changeCycle=0,cur_changeCycle=0,to_view=106
info|2019-12-13 22:10:28.420108|[g:1][CONSENSUS]addRawPrepare,height=142,reqIdx=3,hash=a02f5a31...
info|2019-12-13 22:10:28.422516|[g:1][CONSENSUS][PBFT]checkTimeout Succ,view=106,toView=107,nodeIdx=2,changeCycle=0,myNode=8d7b93e8...,timecost=1.522
info|2019-12-13 22:10:28.427832|[g:1][CONSENSUS][PBFT]checkAndChangeView: Reach consensus,org_view=106,org_changeCycle=0,cur_changeCycle=0,to_view=107
info|2019-12-13 22:10:29.432533|[g:1][CONSENSUS]addRawPrepare,height=142,reqIdx=0,hash=ff66577e...
info|2019-12-13 22:10:29.437436|[g:1][CONSENSUS][PBFT]checkTimeout Succ,view=107,toView=108,nodeIdx=2,changeCycle=0,myNode=8d7b93e8...,timecost=3.785
info|2019-12-13 22:10:29.444569|[g:1][CONSENSUS][PBFT]checkAndChangeView: Reach consensus,org_view=107,org_changeCycle=0,cur_changeCycle=0,to_view=108
info|2019-12-13 22:10:29.994915|[P2P][Service] heartBeat,connected count=3
info|2019-12-13 22:10:30.442690|[g:1][CONSENSUS]addRawPrepare,height=142,reqIdx=1,hash=dbe74efb...
info|2019-12-13 22:10:30.443103|[g:1][CONSENSUS][PBFT]checkTimeout Succ,view=108,toView=109,nodeIdx=2,changeCycle=0,myNode=8d7b93e8...,timecost=0.278
info|2019-12-13 22:10:30.445787|[g:1][CONSENSUS][PBFT]checkAndChangeView: Reach consensus,org_view=108,org_changeCycle=0,cur_changeCycle=0,to_view=109
info|2019-12-13 22:10:31.445367|[g:1][CONSENSUS][SEALER]++++++++++++++++ Generating seal on,blkNum=142,tx=0,nodeIdx=2,hash=23a1ca05...
info|2019-12-13 22:10:31.459221|[g:1][CONSENSUS][PBFT]checkTimeout Succ,view=109,toView=110,nodeIdx=2,changeCycle=0,myNode=8d7b93e8...,timecost=6.946
info|2019-12-13 22:10:31.463437|[g:1][CONSENSUS][PBFT]checkAndChangeView: Reach consensus,org_view=109,org_changeCycle=0,cur_changeCycle=0,to_view=110
info|2019-12-13 22:10:32.463986|[g:1][CONSENSUS]addRawPrepare,height=142,reqIdx=3,hash=57156249...
info|2019-12-13 22:10:32.466800|[g:1][CONSENSUS][PBFT]checkTimeout Succ,view=110,toView=111,nodeIdx=2,changeCycle=0,myNode=8d7b93e8...,timecost=2.21
info|2019-12-13 22:10:32.472541|[g:1][CONSENSUS][PBFT]checkAndChangeView: Reach consensus,org_view=110,org_changeCycle=0,cur_changeCycle=0,to_view=111
info|2019-12-13 22:10:33.479183|[g:1][CONSENSUS]addRawPrepare,height=142,reqIdx=0,hash=6061a898...
info|2019-12-13 22:10:33.482854|[g:1][CONSENSUS][PBFT]checkTimeout Succ,view=111,toView=112,nodeIdx=2,changeCycle=0,myNode=8d7b93e8...,timecost=1.885
info|2019-12-13 22:10:33.487886|[g:1][CONSENSUS][PBFT]checkAndChangeView: Reach consensus,org_view=111,org_changeCycle=0,cur_changeCycle=0,to_view=112
info|2019-12-13 22:10:34.493234|[g:1][CONSENSUS]addRawPrepare,height=142,reqIdx=1,hash=bff85da1...
info|2019-12-13 22:10:34.495348|[g:1][CONSENSUS][PBFT]checkTimeout Succ,view=112,toView=113,nodeIdx=2,changeCycle=0,myNode=8d7b93e8...,timecost=1.509
info|2019-12-13 22:10:34.500030|[g:1][CONSENSUS][PBFT]checkAndChangeView: Reach consensus,org_view=112,org_changeCycle=0,cur_changeCycle=0,to_view=113
info|2019-12-13 22:10:35.501392|[g:1][CONSENSUS][SEALER]++++++++++++++++ Generating seal on,blkNum=142,tx=0,nodeIdx=2,hash=f610023f...
info|2019-12-13 22:10:35.504206|[g:1][CONSENSUS][PBFT]checkTimeout Succ,view=113,toView=114,nodeIdx=2,changeCycle=0,myNode=8d7b93e8...,timecost=1.872
info|2019-12-13 22:10:35.518179|[g:1][CONSENSUS][PBFT]checkAndChangeView: Reach consensus,org_view=113,org_changeCycle=0,cur_changeCycle=0,to_view=114
info|2019-12-13 22:10:36.525067|[g:1][CONSENSUS]addRawPrepare,height=142,reqIdx=3,hash=f0d485c9...
info|2019-12-13 22:10:36.535063|[g:1][CONSENSUS][PBFT]checkTimeout Succ,view=114,toView=115,nodeIdx=2,changeCycle=0,myNode=8d7b93e8...,timecost=9.275
info|2019-12-13 22:10:36.544164|[g:1][CONSENSUS][PBFT]checkAndChangeView: Reach consensus,org_view=114,org_changeCycle=0,cur_changeCycle=0,to_view=115
info|2019-12-13 22:10:37.547079|[g:1][CONSENSUS]addRawPrepare,height=142,reqIdx=0,hash=608840bb...
info|2019-12-13 22:10:37.547423|[g:1][CONSENSUS][PBFT]checkTimeout Succ,view=115,toView=116,nodeIdx=2,changeCycle=0,myNode=8d7b93e8...,timecost=0.27
info|2019-12-13 22:10:37.549429|[g:1][CONSENSUS][PBFT]checkAndChangeView: Reach consensus,org_view=115,org_changeCycle=0,cur_changeCycle=0,to_view=116
info|2019-12-13 22:10:38.549615|[g:1][CONSENSUS]addRawPrepare,height=142,reqIdx=1,hash=043dce31...
info|2019-12-13 22:10:38.550701|[g:1][CONSENSUS][PBFT]checkTimeout Succ,view=116,toView=117,nodeIdx=2,changeCycle=0,myNode=8d7b93e8...,timecost=0.701
info|2019-12-13 22:10:38.553566|[g:1][CONSENSUS][PBFT]checkAndChangeView: Reach consensus,org_view=116,org_changeCycle=0,cur_changeCycle=0,to_view=117
info|2019-12-13 22:10:39.553318|[g:1][CONSENSUS][SEALER]++++++++++++++++ Generating seal on,blkNum=142,tx=0,nodeIdx=2,hash=ed3c108c...
info|2019-12-13 22:10:39.556740|[g:1][CONSENSUS][PBFT]checkTimeout Succ,view=117,toView=118,nodeIdx=2,changeCycle=0,myNode=8d7b93e8...,timecost=0.565
info|2019-12-13 22:10:39.557403|[g:1][CONSENSUS][PBFT]checkAndChangeView: Reach consensus,org_view=117,org_changeCycle=0,cur_changeCycle=0,to_view=118
info|2019-12-13 22:10:39.995044|[P2P][Service] heartBeat,connected count=3
info|2019-12-13 22:10:40.561896|[g:1][CONSENSUS]addRawPrepare,height=142,reqIdx=3,hash=dda8cc32...
info|2019-12-13 22:10:40.562441|[g:1][CONSENSUS][PBFT]checkTimeout Succ,view=118,toView=119,nodeIdx=2,changeCycle=0,myNode=8d7b93e8...,timecost=0.437
info|2019-12-13 22:10:40.564852|[g:1][CONSENSUS][PBFT]checkAndChangeView: Reach consensus,org_view=118,org_changeCycle=0,cur_changeCycle=0,to_view=119
info|2019-12-13 22:10:41.566912|[g:1][CONSENSUS]addRawPrepare,height=142,reqIdx=0,hash=556b790f...
info|2019-12-13 22:10:41.567455|[g:1][CONSENSUS][PBFT]checkTimeout Succ,view=119,toView=120,nodeIdx=2,changeCycle=0,myNode=8d7b93e8...,timecost=0.443
info|2019-12-13 22:10:41.568820|[g:1][CONSENSUS][PBFT]checkAndChangeView: Reach consensus,org_view=119,org_changeCycle=0,cur_changeCycle=0,to_view=120
info|2019-12-13 22:10:42.574160|[g:1][CONSENSUS]addRawPrepare,height=142,reqIdx=1,hash=cca87dbf...
info|2019-12-13 22:10:42.578463|[g:1][CONSENSUS][PBFT]checkTimeout Succ,view=120,toView=121,nodeIdx=2,changeCycle=0,myNode=8d7b93e8...,timecost=3.469
info|2019-12-13 22:10:42.584587|[g:1][CONSENSUS][PBFT]checkAndChangeView: Reach consensus,org_view=120,org_changeCycle=0,cur_changeCycle=0,to_view=121
info|2019-12-13 22:10:43.584960|[g:1][CONSENSUS][SEALER]++++++++++++++++ Generating seal on,blkNum=142,tx=0,nodeIdx=2,hash=59e0c662...
info|2019-12-13 22:10:43.585798|[g:1][CONSENSUS][PBFT]checkTimeout Succ,view=121,toView=122,nodeIdx=2,changeCycle=0,myNode=8d7b93e8...,timecost=0.438
info|2019-12-13 22:10:43.587174|[g:1][CONSENSUS][PBFT]checkAndChangeView: Reach consensus,org_view=121,org_changeCycle=0,cur_changeCycle=0,to_view=122
info|2019-12-13 22:10:44.593553|[g:1][CONSENSUS]addRawPrepare,height=142,reqIdx=3,hash=a85e51b7...
info|2019-12-13 22:10:44.598141|[g:1][CONSENSUS][PBFT]checkTimeout Succ,view=122,toView=123,nodeIdx=2,changeCycle=0,myNode=8d7b93e8...,timecost=3.156
info|2019-12-13 22:10:44.603769|[g:1][CONSENSUS][PBFT]checkAndChangeView: Reach consensus,org_view=122,org_changeCycle=0,cur_changeCycle=0,to_view=123
info|2019-12-13 22:10:45.606668|[g:1][CONSENSUS]addRawPrepare,height=142,reqIdx=0,hash=ee70044e...
info|2019-12-13 22:10:45.611160|[g:1][CONSENSUS][PBFT]checkTimeout Succ,view=123,toView=124,nodeIdx=2,changeCycle=0,myNode=8d7b93e8...,timecost=3.035
info|2019-12-13 22:10:45.612564|[g:1][CONSENSUS][PBFT]checkAndChangeView: Reach consensus,org_view=123,org_changeCycle=0,cur_changeCycle=0,to_view=124
info|2019-12-13 22:10:46.612752|[g:1][CONSENSUS]addRawPrepare,height=142,reqIdx=1,hash=7f02fbdd...
info|2019-12-13 22:10:46.613559|[g:1][CONSENSUS][PBFT]checkTimeout Succ,view=124,toView=125,nodeIdx=2,changeCycle=0,myNode=8d7b93e8...,timecost=0.632
info|2019-12-13 22:10:46.614962|[g:1][CONSENSUS][PBFT]checkAndChangeView: Reach consensus,org_view=124,org_changeCycle=0,cur_changeCycle=0,to_view=125
info|2019-12-13 22:10:47.614892|[g:1][CONSENSUS][SEALER]++++++++++++++++ Generating seal on,blkNum=142,tx=0,nodeIdx=2,hash=45c72d5f...
info|2019-12-13 22:10:47.615559|[g:1][CONSENSUS][PBFT]checkTimeout Succ,view=125,toView=126,nodeIdx=2,changeCycle=0,myNode=8d7b93e8...,timecost=0.26
info|2019-12-13 22:10:47.623280|[g:1][CONSENSUS][PBFT]checkAndChangeView: Reach consensus,org_view=125,org_changeCycle=0,cur_changeCycle=0,to_view=126
info|2019-12-13 22:10:48.621456|[g:1][CONSENSUS]addRawPrepare,height=142,reqIdx=3,hash=4217f76f...
info|2019-12-13 22:10:48.622363|[g:1][CONSENSUS][PBFT]checkTimeout Succ,view=126,toView=127,nodeIdx=2,changeCycle=0,myNode=8d7b93e8...,timecost=0.819
info|2019-12-13 22:10:48.623362|[g:1][CONSENSUS][PBFT]checkAndChangeView: Reach consensus,org_view=126,org_changeCycle=0,cur_changeCycle=0,to_view=127
info|2019-12-13 22:10:49.625998|[g:1][CONSENSUS]addRawPrepare,height=142,reqIdx=0,hash=8e8b2bff...
info|2019-12-13 22:10:49.626343|[g:1][CONSENSUS][PBFT]checkTimeout Succ,view=127,toView=128,nodeIdx=2,changeCycle=0,myNode=8d7b93e8...,timecost=0.269
info|2019-12-13 22:10:49.627211|[g:1][CONSENSUS][PBFT]checkAndChangeView: Reach consensus,org_view=127,org_changeCycle=0,cur_changeCycle=0,to_view=128
info|2019-12-13 22:10:49.995168|[P2P][Service] heartBeat,connected count=3
info|2019-12-13 22:10:50.631155|[g:1][CONSENSUS]addRawPrepare,height=142,reqIdx=1,hash=b84c1422...
info|2019-12-13 22:10:50.633595|[g:1][CONSENSUS][PBFT]checkTimeout Succ,view=128,toView=129,nodeIdx=2,changeCycle=0,myNode=8d7b93e8...,timecost=1.965
info|2019-12-13 22:10:50.638515|[g:1][CONSENSUS][PBFT]checkAndChangeView: Reach consensus,org_view=128,org_changeCycle=0,cur_changeCycle=0,to_view=129
info|2019-12-13 22:10:51.638506|[g:1][CONSENSUS][SEALER]++++++++++++++++ Generating seal on,blkNum=142,tx=0,nodeIdx=2,hash=c59d687f...
info|2019-12-13 22:10:51.639644|[g:1][CONSENSUS][PBFT]checkTimeout Succ,view=129,toView=130,nodeIdx=2,changeCycle=0,myNode=8d7b93e8...,timecost=0.752
info|2019-12-13 22:10:51.643212|[g:1][CONSENSUS][PBFT]checkAndChangeView: Reach consensus,org_view=129,org_changeCycle=0,cur_changeCycle=0,to_view=130
info|2019-12-13 22:10:52.648328|[g:1][CONSENSUS]addRawPrepare,height=142,reqIdx=3,hash=fccbef99...
info|2019-12-13 22:10:52.651092|[g:1][CONSENSUS][PBFT]checkTimeout Succ,view=130,toView=131,nodeIdx=2,changeCycle=0,myNode=8d7b93e8...,timecost=1.74
info|2019-12-13 22:10:52.656103|[g:1][CONSENSUS][PBFT]checkAndChangeView: Reach consensus,org_view=130,org_changeCycle=0,cur_changeCycle=0,to_view=131
info|2019-12-13 22:10:53.660209|[g:1][CONSENSUS]addRawPrepare,height=142,reqIdx=0,hash=97c8484f...
info|2019-12-13 22:10:53.668227|[g:1][CONSENSUS][PBFT]checkTimeout Succ,view=131,toView=132,nodeIdx=2,changeCycle=0,myNode=8d7b93e8...,timecost=1.191
info|2019-12-13 22:10:53.681755|[g:1][CONSENSUS][PBFT]checkAndChangeView: Reach consensus,org_view=131,org_changeCycle=0,cur_changeCycle=0,to_view=132
info|2019-12-13 22:10:54.675587|[g:1][CONSENSUS]addRawPrepare,height=142,reqIdx=1,hash=7e9b4b1e...
info|2019-12-13 22:10:54.676056|[g:1][CONSENSUS][PBFT]checkTimeout Succ,view=132,toView=133,nodeIdx=2,changeCycle=0,myNode=8d7b93e8...,timecost=0.371
info|2019-12-13 22:10:54.677104|[g:1][CONSENSUS][PBFT]checkAndChangeView: Reach consensus,org_view=132,org_changeCycle=0,cur_changeCycle=0,to_view=133
info|2019-12-13 22:10:55.677489|[g:1][CONSENSUS][SEALER]++++++++++++++++ Generating seal on,blkNum=142,tx=0,nodeIdx=2,hash=9b58cab1...
info|2019-12-13 22:10:55.678856|[g:1][CONSENSUS][PBFT]checkTimeout Succ,view=133,toView=134,nodeIdx=2,changeCycle=0,myNode=8d7b93e8...,timecost=0.443
info|2019-12-13 22:10:55.680138|[g:1][CONSENSUS][PBFT]checkAndChangeView: Reach consensus,org_view=133,org_changeCycle=0,cur_changeCycle=0,to_view=134
info|2019-12-13 22:10:56.685696|[g:1][CONSENSUS]addRawPrepare,height=142,reqIdx=3,hash=63df9d36...
info|2019-12-13 22:10:56.688195|[g:1][CONSENSUS][PBFT]checkTimeout Succ,view=134,toView=135,nodeIdx=2,changeCycle=0,myNode=8d7b93e8...,timecost=1.639
info|2019-12-13 22:10:56.693290|[g:1][CONSENSUS][PBFT]checkAndChangeView: Reach consensus,org_view=134,org_changeCycle=0,cur_changeCycle=0,to_view=135
info|2019-12-13 22:10:57.702872|[g:1][CONSENSUS]addRawPrepare,height=142,reqIdx=0,hash=1277f016...
info|2019-12-13 22:10:57.705306|[g:1][CONSENSUS][PBFT]checkTimeout Succ,view=135,toView=136,nodeIdx=2,changeCycle=0,myNode=8d7b93e8...,timecost=1.603
info|2019-12-13 22:10:57.710771|[g:1][CONSENSUS][PBFT]checkAndChangeView: Reach consensus,org_view=135,org_changeCycle=0,cur_changeCycle=0,to_view=136
info|2019-12-13 22:10:58.712849|[g:1][CONSENSUS]addRawPrepare,height=142,reqIdx=1,hash=e6496372...
info|2019-12-13 22:10:58.715539|[g:1][CONSENSUS][PBFT]checkTimeout Succ,view=136,toView=137,nodeIdx=2,changeCycle=0,myNode=8d7b93e8...,timecost=2.319
info|2019-12-13 22:10:58.720522|[g:1][CONSENSUS][PBFT]checkAndChangeView: Reach consensus,org_view=136,org_changeCycle=0,cur_changeCycle=0,to_view=137
info|2019-12-13 22:10:59.720763|[g:1][CONSENSUS][SEALER]++++++++++++++++ Generating seal on,blkNum=142,tx=0,nodeIdx=2,hash=92f748a4...
info|2019-12-13 22:10:59.723772|[g:1][CONSENSUS][PBFT]checkTimeout Succ,view=137,toView=138,nodeIdx=2,changeCycle=0,myNode=8d7b93e8...,timecost=1.78
info|2019-12-13 22:10:59.731661|[g:1][CONSENSUS][PBFT]checkAndChangeView: Reach consensus,org_view=137,org_changeCycle=0,cur_changeCycle=0,to_view=138
info|2019-12-13 22:10:59.995364|[P2P][Service] heartBeat,connected count=3
info|2019-12-13 22:11:00.736084|[g:1][CONSENSUS]addRawPrepare,height=142,reqIdx=3,hash=27a49fd4...
info|2019-12-13 22:11:00.737763|[g:1][CONSENSUS][PBFT]checkTimeout Succ,view=138,toView=139,nodeIdx=2,changeCycle=0,myNode=8d7b93e8...,timecost=1.3
info|2019-12-13 22:11:00.744714|[g:1][CONSENSUS][PBFT]checkAndChangeView: Reach consensus,org_view=138,org_changeCycle=0,cur_changeCycle=0,to_view=139
info|2019-12-13 22:11:01.750233|[g:1][CONSENSUS]addRawPrepare,height=142,reqIdx=0,hash=b0d9279a...
info|2019-12-13 22:11:01.754712|[g:1][CONSENSUS][PBFT]checkTimeout Succ,view=139,toView=140,nodeIdx=2,changeCycle=0,myNode=8d7b93e8...,timecost=1.763
info|2019-12-13 22:11:01.760275|[g:1][CONSENSUS][PBFT]checkAndChangeView: Reach consensus,org_view=139,org_changeCycle=0,cur_changeCycle=0,to_view=140
info|2019-12-13 22:11:02.762903|[g:1][CONSENSUS]addRawPrepare,height=142,reqIdx=1,hash=572bebc3...
info|2019-12-13 22:11:02.765949|[g:1][CONSENSUS][PBFT]checkTimeout Succ,view=140,toView=141,nodeIdx=2,changeCycle=0,myNode=8d7b93e8...,timecost=2.167
info|2019-12-13 22:11:02.771934|[g:1][CONSENSUS][PBFT]checkAndChangeView: Reach consensus,org_view=140,org_changeCycle=0,cur_changeCycle=0,to_view=141
info|2019-12-13 22:11:03.771693|[g:1][CONSENSUS][SEALER]++++++++++++++++ Generating seal on,blkNum=142,tx=0,nodeIdx=2,hash=8aee8907...
info|2019-12-13 22:11:03.782465|[g:1][CONSENSUS][PBFT]checkTimeout Succ,view=141,toView=142,nodeIdx=2,changeCycle=0,myNode=8d7b93e8...,timecost=4.519
info|2019-12-13 22:11:03.787732|[g:1][CONSENSUS][PBFT]checkAndChangeView: Reach consensus,org_view=141,org_changeCycle=0,cur_changeCycle=0,to_view=142
info|2019-12-13 22:11:04.784630|[g:1][CONSENSUS]addRawPrepare,height=142,reqIdx=3,hash=29233642...
info|2019-12-13 22:11:04.785485|[g:1][CONSENSUS][PBFT]checkTimeout Succ,view=142,toView=143,nodeIdx=2,changeCycle=0,myNode=8d7b93e8...,timecost=0.468
info|2019-12-13 22:11:04.786428|[g:1][CONSENSUS][PBFT]checkAndChangeView: Reach consensus,org_view=142,org_changeCycle=0,cur_changeCycle=0,to_view=143
info|2019-12-13 22:11:05.789590|[g:1][CONSENSUS]addRawPrepare,height=142,reqIdx=0,hash=e1da1d4a...
info|2019-12-13 22:11:05.790177|[g:1][CONSENSUS][PBFT]checkTimeout Succ,view=143,toView=144,nodeIdx=2,changeCycle=0,myNode=8d7b93e8...,timecost=0.485
info|2019-12-13 22:11:05.792458|[g:1][CONSENSUS][PBFT]checkAndChangeView: Reach consensus,org_view=143,org_changeCycle=0,cur_changeCycle=0,to_view=144
info|2019-12-13 22:11:06.799117|[g:1][CONSENSUS]addRawPrepare,height=142,reqIdx=1,hash=4b69e419...
info|2019-12-13 22:11:06.801307|[g:1][CONSENSUS][PBFT]checkTimeout Succ,view=144,toView=145,nodeIdx=2,changeCycle=0,myNode=8d7b93e8...,timecost=1.409
info|2019-12-13 22:11:06.807128|[g:1][CONSENSUS][PBFT]checkAndChangeView: Reach consensus,org_view=144,org_changeCycle=0,cur_changeCycle=0,to_view=145
info|2019-12-13 22:11:07.808184|[g:1][CONSENSUS][SEALER]++++++++++++++++ Generating seal on,blkNum=142,tx=0,nodeIdx=2,hash=3cbc6175...
info|2019-12-13 22:11:07.816405|[g:1][CONSENSUS][PBFT]checkTimeout Succ,view=145,toView=146,nodeIdx=2,changeCycle=0,myNode=8d7b93e8...,timecost=3.16
info|2019-12-13 22:11:07.821299|[g:1][CONSENSUS][PBFT]checkAndChangeView: Reach consensus,org_view=145,org_changeCycle=0,cur_changeCycle=0,to_view=146
info|2019-12-13 22:11:08.825783|[g:1][CONSENSUS]addRawPrepare,height=142,reqIdx=3,hash=77dca4fd...
info|2019-12-13 22:11:08.828868|[g:1][CONSENSUS][PBFT]checkTimeout Succ,view=146,toView=147,nodeIdx=2,changeCycle=0,myNode=8d7b93e8...,timecost=2.42
info|2019-12-13 22:11:08.836593|[g:1][CONSENSUS][PBFT]checkAndChangeView: Reach consensus,org_view=146,org_changeCycle=0,cur_changeCycle=0,to_view=147
info|2019-12-13 22:11:09.841936|[g:1][CONSENSUS]addRawPrepare,height=142,reqIdx=0,hash=2f3a039d...
info|2019-12-13 22:11:09.846327|[g:1][CONSENSUS][PBFT]checkTimeout Succ,view=147,toView=148,nodeIdx=2,changeCycle=0,myNode=8d7b93e8...,timecost=2.748
info|2019-12-13 22:11:09.851167|[g:1][CONSENSUS][PBFT]checkAndChangeView: Reach consensus,org_view=147,org_changeCycle=0,cur_changeCycle=0,to_view=148
info|2019-12-13 22:11:09.995570|[P2P][Service] heartBeat,connected count=3
info|2019-12-13 22:11:10.851051|[g:1][CONSENSUS]addRawPrepare,height=142,reqIdx=1,hash=d387d29b...
info|2019-12-13 22:11:10.852825|[g:1][CONSENSUS][PBFT]checkTimeout Succ,view=148,toView=149,nodeIdx=2,changeCycle=0,myNode=8d7b93e8...,timecost=1.427
info|2019-12-13 22:11:10.858891|[g:1][CONSENSUS][PBFT]checkAndChangeView: Reach consensus,org_view=148,org_changeCycle=0,cur_changeCycle=0,to_view=149
info|2019-12-13 22:11:11.859198|[g:1][CONSENSUS][SEALER]++++++++++++++++ Generating seal on,blkNum=142,tx=0,nodeIdx=2,hash=10d19462...
info|2019-12-13 22:11:11.861662|[g:1][CONSENSUS][PBFT]checkTimeout Succ,view=149,toView=150,nodeIdx=2,changeCycle=0,myNode=8d7b93e8...,timecost=1.305
info|2019-12-13 22:11:11.871182|[g:1][CONSENSUS][PBFT]checkAndChangeView: Reach consensus,org_view=149,org_changeCycle=0,cur_changeCycle=0,to_view=150
info|2019-12-13 22:11:12.878189|[g:1][CONSENSUS]addRawPrepare,height=142,reqIdx=3,hash=ea939f93...
info|2019-12-13 22:11:12.880327|[g:1][CONSENSUS][PBFT]checkTimeout Succ,view=150,toView=151,nodeIdx=2,changeCycle=0,myNode=8d7b93e8...,timecost=1.807
info|2019-12-13 22:11:12.888119|[g:1][CONSENSUS][PBFT]checkAndChangeView: Reach consensus,org_view=150,org_changeCycle=0,cur_changeCycle=0,to_view=151
info|2019-12-13 22:11:13.888737|[g:1][CONSENSUS]addRawPrepare,height=142,reqIdx=0,hash=01df4e60...
info|2019-12-13 22:11:13.891176|[g:1][CONSENSUS][PBFT]checkTimeout Succ,view=151,toView=152,nodeIdx=2,changeCycle=0,myNode=8d7b93e8...,timecost=1.846
info|2019-12-13 22:11:13.896351|[g:1][CONSENSUS][PBFT]checkAndChangeView: Reach consensus,org_view=151,org_changeCycle=0,cur_changeCycle=0,to_view=152
info|2019-12-13 22:11:14.901467|[g:1][CONSENSUS]addRawPrepare,height=142,reqIdx=1,hash=699c52ab...
info|2019-12-13 22:11:14.903154|[g:1][CONSENSUS][PBFT]checkTimeout Succ,view=152,toView=153,nodeIdx=2,changeCycle=0,myNode=8d7b93e8...,timecost=1.38
info|2019-12-13 22:11:14.910231|[g:1][CONSENSUS][PBFT]checkAndChangeView: Reach consensus,org_view=152,org_changeCycle=0,cur_changeCycle=0,to_view=153
info|2019-12-13 22:11:15.910964|[g:1][CONSENSUS][SEALER]++++++++++++++++ Generating seal on,blkNum=142,tx=0,nodeIdx=2,hash=5bdf25be...
info|2019-12-13 22:11:15.919819|[g:1][CONSENSUS][PBFT]checkTimeout Succ,view=153,toView=154,nodeIdx=2,changeCycle=0,myNode=8d7b93e8...,timecost=2.183
info|2019-12-13 22:11:15.925146|[g:1][CONSENSUS][PBFT]checkAndChangeView: Reach consensus,org_view=153,org_changeCycle=0,cur_changeCycle=0,to_view=154
info|2019-12-13 22:11:16.926608|[g:1][CONSENSUS]addRawPrepare,height=142,reqIdx=3,hash=a082d405...
info|2019-12-13 22:11:16.928503|[g:1][CONSENSUS][PBFT]checkTimeout Succ,view=154,toView=155,nodeIdx=2,changeCycle=0,myNode=8d7b93e8...,timecost=1.566
info|2019-12-13 22:11:16.932419|[g:1][CONSENSUS][PBFT]checkAndChangeView: Reach consensus,org_view=154,org_changeCycle=0,cur_changeCycle=0,to_view=155
info|2019-12-13 22:11:17.940491|[g:1][CONSENSUS]addRawPrepare,height=142,reqIdx=0,hash=da04936a...
info|2019-12-13 22:11:17.942767|[g:1][CONSENSUS][PBFT]checkTimeout Succ,view=155,toView=156,nodeIdx=2,changeCycle=0,myNode=8d7b93e8...,timecost=1.945
info|2019-12-13 22:11:17.947402|[g:1][CONSENSUS][PBFT]checkAndChangeView: Reach consensus,org_view=155,org_changeCycle=0,cur_changeCycle=0,to_view=156
info|2019-12-13 22:11:18.953561|[g:1][CONSENSUS]addRawPrepare,height=142,reqIdx=1,hash=6ce3a283...
info|2019-12-13 22:11:18.956207|[g:1][CONSENSUS][PBFT]checkTimeout Succ,view=156,toView=157,nodeIdx=2,changeCycle=0,myNode=8d7b93e8...,timecost=2.186
info|2019-12-13 22:11:18.961056|[g:1][CONSENSUS][PBFT]checkAndChangeView: Reach consensus,org_view=156,org_changeCycle=0,cur_changeCycle=0,to_view=157
info|2019-12-13 22:11:19.961906|[g:1][CONSENSUS][SEALER]++++++++++++++++ Generating seal on,blkNum=142,tx=0,nodeIdx=2,hash=2af4b5c6...
info|2019-12-13 22:11:19.969488|[g:1][CONSENSUS][PBFT]checkTimeout Succ,view=157,toView=158,nodeIdx=2,changeCycle=0,myNode=8d7b93e8...,timecost=1.871
info|2019-12-13 22:11:19.974300|[g:1][CONSENSUS][PBFT]checkAndChangeView: Reach consensus,org_view=157,org_changeCycle=0,cur_changeCycle=0,to_view=158
info|2019-12-13 22:11:19.995802|[P2P][Service] heartBeat,connected count=3
info|2019-12-13 22:11:20.977425|[g:1][CONSENSUS]addRawPrepare,height=142,reqIdx=3,hash=bb4e6d5e...
info|2019-12-13 22:11:20.979280|[g:1][CONSENSUS][PBFT]checkTimeout Succ,view=158,toView=159,nodeIdx=2,changeCycle=0,myNode=8d7b93e8...,timecost=1.38
info|2019-12-13 22:11:20.987695|[g:1][CONSENSUS][PBFT]checkAndChangeView: Reach consensus,org_view=158,org_changeCycle=0,cur_changeCycle=0,to_view=159
info|2019-12-13 22:11:21.989348|[g:1][CONSENSUS]addRawPrepare,height=142,reqIdx=0,hash=722757fb...
info|2019-12-13 22:11:21.993974|[g:1][CONSENSUS][PBFT]checkTimeout Succ,view=159,toView=160,nodeIdx=2,changeCycle=0,myNode=8d7b93e8...,timecost=4.074
info|2019-12-13 22:11:22.002412|[g:1][CONSENSUS][PBFT]checkAndChangeView: Reach consensus,org_view=159,org_changeCycle=0,cur_changeCycle=0,to_view=160
info|2019-12-13 22:11:22.134064|[LEDGER]stop sealer,groupID=1
info|2019-12-13 22:11:22.134079|[CONSENSUS][SEALER]Stop sealer module...
info|2019-12-13 22:11:22.143295|[CONSENSUS][ConsensusEngine][Stop ConsensusEngineBase]
info|2019-12-13 22:11:22.145125|[CONSENSUS][ConsensusEngine]ConsensusEngineBase stopped
info|2019-12-13 22:11:22.145145|[LEDGER]sealer stopped. stop sync,groupID=1
info|2019-12-13 22:11:22.203431|[SYNC][id:8d7b93e8...]SyncMaster stopped
info|2019-12-13 22:11:22.203484|[LEDGER]ledger stopped,groupID=1
info|2019-12-13 22:11:22.257678|[EVENT][EventLogFilterManager]stop
info|2019-12-13 22:11:22.257732|[LEDGER]event filter manager stopped,groupID=1
info|2019-12-13 22:11:22.257758|[INITIALIZER]ledgerInitializer stopped
warning|2019-12-13 22:11:22.257858|[CHANNEL]Accept failed,message=操作已取消
info|2019-12-13 22:11:23.258438|[INITIALIZER]ChannelRPCHttpServer deleted.
info|2019-12-13 22:11:23.259211|[INITIALIZER]JsonrpcHttpServer deleted.
info|2019-12-13 22:11:23.259257|[INITIALIZER]RPCInitializer stopped
info|2019-12-13 22:11:23.259339|[NETWORK][Host]Host exit
info|2019-12-13 22:11:23.260195|[INITIALIZER]P2PInitializer stopped
info|2019-12-13 22:11:23.260239|[LEDGER]stop sealer,groupID=1
info|2019-12-13 22:11:23.260262|[LEDGER]sealer stopped. stop sync,groupID=1
info|2019-12-13 22:11:23.260280|[SYNC][id:8d7b93e8...]SyncMaster stopped
info|2019-12-13 22:11:23.260298|[LEDGER]ledger stopped,groupID=1
info|2019-12-13 22:11:23.260318|[LEDGER]event filter manager stopped,groupID=1
info|2019-12-13 22:11:23.260344|[STORAGE]Stopping flushStorage thread
info|2019-12-13 22:11:24.100300|[STORAGE]flushStorage thread stopped.
info|2019-12-13 22:11:24.100341|[DBINITIALIZER] storage stopped
info|2019-12-13 22:11:24.107059|[SYNC][id:8d7b93e8...]SyncMaster stopped
