info|2019-12-13 22:14:22.814358|[INITIALIZER][initGlobalConfig],enableCompress=true,compatibilityVersion=2.1.0,versionNumber=33619968,chainId=1
info|2019-12-13 22:14:22.906595|[NETWORK][Host]Connecting to node,endpoint=127.0.0.1:30300
info|2019-12-13 22:14:22.907128|[NETWORK][Host]P2P StartAccept,Host=0.0.0.0:30302
info|2019-12-13 22:14:22.908395|[NETWORK][Host]Connecting to node,endpoint=127.0.0.1:30301
info|2019-12-13 22:14:22.908558|[NETWORK][Host]Connecting to node,endpoint=127.0.0.1:30302
info|2019-12-13 22:14:22.908674|[NETWORK][Host]Connecting to node,endpoint=127.0.0.1:30303
info|2019-12-13 22:14:22.908780|[P2P][Service] heartBeat,connected count=0
info|2019-12-13 22:14:22.911959|[CHANNEL]ChannelRPCServer started
info|2019-12-13 22:14:22.912080|[INITIALIZER][RPCInitializer]ChannelRPCHttpServer started.
info|2019-12-13 22:14:22.912190|[LedgerInitializer],groupConfigPath=conf/
info|2019-12-13 22:14:22.909602|[NETWORK][ASIO]asyncResolveConnect,endpoint=127.0.0.1:30300
info|2019-12-13 22:14:22.913001|[INITIALIZER][initSingleLedger] [GroupId]:  1
info|2019-12-13 22:14:22.913108|[g:1][LEDGER]LedgerConstructor,configPath=conf/group.1.genesis,baseDir=data//group1
info|2019-12-13 22:14:22.913168|[g:1][LEDGER][initGenesisConfig]initConsensusConfig/initDBConfig/initTxConfig,configFile=conf/group.1.genesis
info|2019-12-13 22:14:22.913502|[g:1][LEDGER][initConsensusConfig],it.first=3f806b74841629d37e779f7a16561f4795128b422719444dee6e48722102bad01a03dfcadf6e8d7b25d32d9cd72f07d35f577d57e6f154ef60dfef0f2871167e
info|2019-12-13 22:14:22.913620|[g:1][LEDGER][initConsensusConfig],it.first=729ae2cc88cbfd90be04d286d54cd5281ebd8d448483ffd6bf10f229b3c35f98333a78bf0598277a577e3f79de477f9fe987ed96188d54a81dba946f6facddae
info|2019-12-13 22:14:22.913724|[g:1][LEDGER][initConsensusConfig],it.first=e441c30060737d3968cd6b17533d74a8d04b2268bcc02f5cab296e57a5ca0ee34190c4cfa4d72a7b51061361e093cd83b2e42e0cc6619907aa42b7bfa7496aaa
info|2019-12-13 22:14:22.913820|[g:1][LEDGER][initConsensusConfig],it.first=8d7b93e87e42afb39b5fcb0158fbd2afaa0b15ddb98a26fbb9f6a00d7aa9bcb3567944a9668175e31aed1e4a539d73b9a2c29d711e0f9c60f8ad9fa38b62feed
info|2019-12-13 22:14:22.913995|[g:1][LEDGER][initIniConfig]initTxPoolConfig/initSyncConfig/initTxExecuteConfig,configFile=conf/group.1.ini
info|2019-12-13 22:14:22.914204|[NETWORK][ASIO]asyncResolveConnect,endpoint=127.0.0.1:30301
info|2019-12-13 22:14:22.914655|[g:1][LEDGER][initLedger][DBInitializer]
info|2019-12-13 22:14:22.914771|[g:1][DBINITIALIZER] [initRocksDBStorage]
info|2019-12-13 22:14:22.915047|[NETWORK][ASIO]asyncResolveConnect,endpoint=127.0.0.1:30302
info|2019-12-13 22:14:22.915437|[NETWORK][ASIO]asyncResolveConnect,endpoint=127.0.0.1:30303
info|2019-12-13 22:14:22.915981|[NETWORK][Host]P2P Recv Connect, From=127.0.0.1:57424
info|2019-12-13 22:14:22.916186|[NETWORK][Host]P2P StartAccept,Host=0.0.0.0:30302
info|2019-12-13 22:14:22.917083|[g:1][ROCKSDB]open rocksDB handler
info|2019-12-13 22:14:22.917200|[NETWORK][Host]P2P Recv Connect, From=127.0.0.1:57430
info|2019-12-13 22:14:22.917381|[NETWORK][Host]P2P StartAccept,Host=0.0.0.0:30302
info|2019-12-13 22:14:22.935479|[NETWORK][Host]P2P Recv Connect, From=127.0.0.1:57434
info|2019-12-13 22:14:22.935713|[NETWORK][Host]P2P StartAccept,Host=0.0.0.0:30302
info|2019-12-13 22:14:22.943648|[NETWORK][Host]P2P Recv Connect, From=127.0.0.1:57440
info|2019-12-13 22:14:22.943861|[NETWORK][Host]P2P StartAccept,Host=0.0.0.0:30302
info|2019-12-13 22:14:22.981421|[NETWORK][Host]startPeerSession, From=127.0.0.1:57430,nodeID=8d7b93e8...
info|2019-12-13 22:14:22.981488|[P2P][Service] Connection established,nodeID=8d7b93e8...,endpoint=127.0.0.1:57430
info|2019-12-13 22:14:22.981502|[NETWORK][Host]startPeerSession, From=127.0.0.1:57434,nodeID=e441c300...
info|2019-12-13 22:14:22.986860|[NETWORK][Host]startPeerSession, From=127.0.0.1:30302,nodeID=e441c300...
info|2019-12-13 22:14:22.989977|[NETWORK][Host]startPeerSession, From=127.0.0.1:57440,nodeID=729ae2cc...
info|2019-12-13 22:14:22.990068|[NETWORK][Host]startPeerSession, From=127.0.0.1:57424,nodeID=3f806b74...
info|2019-12-13 22:14:22.990096|[P2P][Service] Connection established,nodeID=729ae2cc...,endpoint=127.0.0.1:57440
info|2019-12-13 22:14:22.990153|[P2P][Service] Connection established,nodeID=3f806b74...,endpoint=127.0.0.1:57424
info|2019-12-13 22:14:22.990294|[NETWORK][Host]startPeerSession, From=127.0.0.1:30301,nodeID=729ae2cc...
info|2019-12-13 22:14:22.990409|[NETWORK][Host]startPeerSession, From=127.0.0.1:30303,nodeID=8d7b93e8...
warning|2019-12-13 22:14:22.990468|[NETWORK][Session]doRead error,endpoint=127.0.0.1:57430,message=stream truncated
info|2019-12-13 22:14:22.990491|[NETWORK][Session]drop, call and erase all callbackFunc in this session!,endpoint=127.0.0.1:57430
warning|2019-12-13 22:14:22.990515|[NETWORK][Session][drop] closing remote 0.0.0.0:0,reason=Low-level TCP communication error.,endpoint=127.0.0.1:57430
warning|2019-12-13 22:14:22.990519|[P2P][Service] disconnect error P2PSession,nodeID=8d7b93e8...,endpoint=127.0.0.1:57430,errorCode=3,what=Disconnect
warning|2019-12-13 22:14:22.990530|[P2P][Service] onDisconnect,errorCode=3,what=Dynamic exception type: dev::network::NetworkException
std::exception::what: Disconnect

warning|2019-12-13 22:14:22.990694|[NETWORK][Session][drop] shutdown failed ,errorValue=9,message=错误的文件描述符
warning|2019-12-13 22:14:22.991860|[NETWORK][Session]doRead error,endpoint=127.0.0.1:57440,message=stream truncated
info|2019-12-13 22:14:22.991873|[NETWORK][Session]drop, call and erase all callbackFunc in this session!,endpoint=127.0.0.1:57440
warning|2019-12-13 22:14:22.991885|[P2P][Service] disconnect error P2PSession,nodeID=729ae2cc...,endpoint=127.0.0.1:57440,errorCode=3,what=Disconnect
warning|2019-12-13 22:14:22.991897|[P2P][Service] onDisconnect,errorCode=3,what=Dynamic exception type: dev::network::NetworkException
std::exception::what: Disconnect

warning|2019-12-13 22:14:22.991914|[NETWORK][Session][drop] closing remote 0.0.0.0:0,reason=Low-level TCP communication error.,endpoint=127.0.0.1:57440
info|2019-12-13 22:14:22.992079|[NETWORK][Host]startPeerSession, From=127.0.0.1:30300,nodeID=3f806b74...
warning|2019-12-13 22:14:22.992095|[NETWORK][Session][drop] shutdown failed ,errorValue=9,message=错误的文件描述符
info|2019-12-13 22:14:23.003464|[g:1][g:0][STORAGE][CachedStorage]Init flushStorage thread
info|2019-12-13 22:14:23.004475|[g:1][BLOCKCHAIN][#checkAndBuildGenesisBlock]Already have the 0th block, 0th groupMark is equal to file groupMark.
info|2019-12-13 22:14:23.013765|[g:1][CONSENSUS][PBFT]Register handler for PBFTEngine
info|2019-12-13 22:14:23.013830|[g:1][CONSENSUS][PBFT],minBlockGenerationTime=500
info|2019-12-13 22:14:23.013878|[LedgerInitializer init group succ],groupID=1
info|2019-12-13 22:14:23.014073|[INITIALIZER][RPCInitializer]JsonrpcHttpServer started.
info|2019-12-13 22:14:23.014082|[g:1][LEDGER]startAll...
info|2019-12-13 22:14:23.014323|[g:1][CONSENSUS][PBFT]^^^^^^^^Report,num=141,sealerIdx=3,hash=42223d64...,next=142,tx=1,nodeIdx=3
info|2019-12-13 22:14:23.037978|[g:1][CONSENSUS][PBFT][PBFT init env successfully]
info|2019-12-13 22:14:23.038010|[g:1][CONSENSUS][ConsensusEngine][Start ConsensusEngineBase]
info|2019-12-13 22:14:23.038099|[g:1][CONSENSUS][PBFT][Start PBFTEngine...]
info|2019-12-13 22:14:23.038112|[g:1][CONSENSUS][SEALER][Start sealer module]
info|2019-12-13 22:14:23.038285|[g:1][EVENT][EventLogFilterManager]start,m_maxBlockRange=0,m_maxBlockPerLoopFilter=3
info|2019-12-13 22:14:24.056948|[g:1][CONSENSUS]addRawPrepare,height=142,reqIdx=1,hash=9cb02ae4...
info|2019-12-13 22:14:24.058043|[g:1][CONSENSUS][PBFT]checkTimeout Succ,view=0,toView=1,nodeIdx=3,changeCycle=0,myNode=e441c300...,timecost=0.984
info|2019-12-13 22:14:24.063427|[g:1][CONSENSUS][PBFT]checkAndChangeView: Reach consensus,org_view=0,org_changeCycle=0,cur_changeCycle=0,to_view=1
warning|2019-12-13 22:14:27.063531|[g:1][CONSENSUS][PBFT]ViewChangeWarning: not caused by omit empty block ,v=1,toV=2,curNum=141,hash=42223d64...,nodeIdx=3,myNode=e441c300...
info|2019-12-13 22:14:27.063574|[g:1][CONSENSUS][PBFT]checkTimeout Succ,view=1,toView=2,nodeIdx=3,changeCycle=1,myNode=e441c300...,timecost=0.257
info|2019-12-13 22:14:27.064063|[g:1][CONSENSUS][PBFT]checkAndChangeView: Reach consensus,org_view=1,org_changeCycle=1,cur_changeCycle=1,to_view=2
info|2019-12-13 22:14:28.064285|[g:1][CONSENSUS][SEALER]++++++++++++++++ Generating seal on,blkNum=142,tx=0,nodeIdx=3,hash=0ff811c4...
info|2019-12-13 22:14:28.066633|[g:1][CONSENSUS][PBFT]checkTimeout Succ,view=2,toView=3,nodeIdx=3,changeCycle=0,myNode=e441c300...,timecost=0.267
info|2019-12-13 22:14:28.067790|[g:1][CONSENSUS][PBFT]checkAndChangeView: Reach consensus,org_view=2,org_changeCycle=0,cur_changeCycle=0,to_view=3
info|2019-12-13 22:14:29.067938|[g:1][CONSENSUS]addRawPrepare,height=142,reqIdx=0,hash=b99dbde3...
info|2019-12-13 22:14:29.068231|[g:1][CONSENSUS][PBFT]checkTimeout Succ,view=3,toView=4,nodeIdx=3,changeCycle=0,myNode=e441c300...,timecost=0.25
info|2019-12-13 22:14:29.116639|[g:1][CONSENSUS][PBFT]checkAndChangeView: Reach consensus,org_view=3,org_changeCycle=0,cur_changeCycle=0,to_view=4
info|2019-12-13 22:14:30.077545|[g:1][CONSENSUS]addRawPrepare,height=142,reqIdx=1,hash=8ae94904...
info|2019-12-13 22:14:30.078739|[g:1][CONSENSUS][PBFT]checkTimeout Succ,view=4,toView=5,nodeIdx=3,changeCycle=0,myNode=e441c300...,timecost=1.058
info|2019-12-13 22:14:30.081821|[g:1][CONSENSUS][PBFT]checkAndChangeView: Reach consensus,org_view=4,org_changeCycle=0,cur_changeCycle=0,to_view=5
info|2019-12-13 22:14:32.909095|[NETWORK][Host]Connecting to node,endpoint=127.0.0.1:30301
info|2019-12-13 22:14:32.909251|[NETWORK][Host]Connecting to node,endpoint=127.0.0.1:30303
info|2019-12-13 22:14:32.909374|[P2P][Service] heartBeat,connected count=1
info|2019-12-13 22:14:32.909704|[NETWORK][Host]P2P Recv Connect, From=127.0.0.1:57450
info|2019-12-13 22:14:32.909823|[NETWORK][Host]P2P StartAccept,Host=0.0.0.0:30302
info|2019-12-13 22:14:32.910078|[NETWORK][ASIO]asyncResolveConnect,endpoint=127.0.0.1:30301
info|2019-12-13 22:14:32.910246|[NETWORK][ASIO]asyncResolveConnect,endpoint=127.0.0.1:30303
info|2019-12-13 22:14:32.920932|[NETWORK][Host]P2P Recv Connect, From=127.0.0.1:57464
info|2019-12-13 22:14:32.921067|[NETWORK][Host]P2P StartAccept,Host=0.0.0.0:30302
info|2019-12-13 22:14:32.951245|[NETWORK][Host]startPeerSession, From=127.0.0.1:57450,nodeID=729ae2cc...
info|2019-12-13 22:14:32.951302|[P2P][Service] Connection established,nodeID=729ae2cc...,endpoint=127.0.0.1:57450
info|2019-12-13 22:14:32.958227|[NETWORK][Host]startPeerSession, From=127.0.0.1:30301,nodeID=729ae2cc...
info|2019-12-13 22:14:32.961624|[NETWORK][Host]startPeerSession, From=127.0.0.1:57464,nodeID=8d7b93e8...
info|2019-12-13 22:14:32.961718|[P2P][Service] Connection established,nodeID=8d7b93e8...,endpoint=127.0.0.1:57464
info|2019-12-13 22:14:32.967609|[NETWORK][Host]startPeerSession, From=127.0.0.1:30303,nodeID=8d7b93e8...
warning|2019-12-13 22:14:32.973288|[SYNC][id:e441c300...][Status]Peer data not found,nodeId=8d7b93e8...
warning|2019-12-13 22:14:33.088572|[g:1][CONSENSUS][PBFT]ViewChangeWarning: not caused by omit empty block ,v=5,toV=6,curNum=141,hash=42223d64...,nodeIdx=3,myNode=e441c300...
info|2019-12-13 22:14:33.089180|[g:1][CONSENSUS][PBFT]checkTimeout Succ,view=5,toView=6,nodeIdx=3,changeCycle=1,myNode=e441c300...,timecost=5.939
info|2019-12-13 22:14:33.106780|[g:1][CONSENSUS][PBFT]checkAndChangeView: Reach consensus,org_view=5,org_changeCycle=1,cur_changeCycle=1,to_view=6
info|2019-12-13 22:14:34.109221|[g:1][CONSENSUS][SEALER]++++++++++++++++ Generating seal on,blkNum=142,tx=0,nodeIdx=3,hash=5617d349...
info|2019-12-13 22:14:34.113196|[g:1][CONSENSUS][PBFT]checkTimeout Succ,view=6,toView=7,nodeIdx=3,changeCycle=0,myNode=e441c300...,timecost=2.641
info|2019-12-13 22:14:34.120145|[g:1][CONSENSUS][PBFT]checkAndChangeView: Reach consensus,org_view=6,org_changeCycle=0,cur_changeCycle=0,to_view=7
info|2019-12-13 22:14:35.124394|[g:1][CONSENSUS]addRawPrepare,height=142,reqIdx=0,hash=d2421f85...
info|2019-12-13 22:14:35.125288|[g:1][CONSENSUS][PBFT]checkTimeout Succ,view=7,toView=8,nodeIdx=3,changeCycle=0,myNode=e441c300...,timecost=0.639
info|2019-12-13 22:14:35.127042|[g:1][CONSENSUS][PBFT]checkAndChangeView: Reach consensus,org_view=7,org_changeCycle=0,cur_changeCycle=0,to_view=8
info|2019-12-13 22:14:36.129889|[g:1][CONSENSUS]addRawPrepare,height=142,reqIdx=1,hash=b648e62f...
info|2019-12-13 22:14:36.131654|[g:1][CONSENSUS][PBFT]checkTimeout Succ,view=8,toView=9,nodeIdx=3,changeCycle=0,myNode=e441c300...,timecost=1.424
info|2019-12-13 22:14:36.136733|[g:1][CONSENSUS][PBFT]checkAndChangeView: Reach consensus,org_view=8,org_changeCycle=0,cur_changeCycle=0,to_view=9
info|2019-12-13 22:14:37.139513|[g:1][CONSENSUS]addRawPrepare,height=142,reqIdx=2,hash=58b592b3...
info|2019-12-13 22:14:37.140139|[g:1][CONSENSUS][PBFT]checkTimeout Succ,view=9,toView=10,nodeIdx=3,changeCycle=0,myNode=e441c300...,timecost=0.532
info|2019-12-13 22:14:37.141981|[g:1][CONSENSUS][PBFT]checkAndChangeView: Reach consensus,org_view=9,org_changeCycle=0,cur_changeCycle=0,to_view=10
info|2019-12-13 22:14:38.142266|[g:1][CONSENSUS][SEALER]++++++++++++++++ Generating seal on,blkNum=142,tx=0,nodeIdx=3,hash=98e849e7...
info|2019-12-13 22:14:38.146307|[g:1][CONSENSUS][PBFT]checkTimeout Succ,view=10,toView=11,nodeIdx=3,changeCycle=0,myNode=e441c300...,timecost=2.788
info|2019-12-13 22:14:38.156600|[g:1][CONSENSUS][PBFT]checkAndChangeView: Reach consensus,org_view=10,org_changeCycle=0,cur_changeCycle=0,to_view=11
info|2019-12-13 22:14:39.155813|[g:1][CONSENSUS]addRawPrepare,height=142,reqIdx=0,hash=e299527f...
info|2019-12-13 22:14:39.157403|[g:1][CONSENSUS][PBFT]checkTimeout Succ,view=11,toView=12,nodeIdx=3,changeCycle=0,myNode=e441c300...,timecost=0.834
info|2019-12-13 22:14:39.159563|[g:1][CONSENSUS][PBFT]checkAndChangeView: Reach consensus,org_view=11,org_changeCycle=0,cur_changeCycle=0,to_view=12
info|2019-12-13 22:14:40.162928|[g:1][CONSENSUS]addRawPrepare,height=142,reqIdx=1,hash=34a6df76...
info|2019-12-13 22:14:40.164882|[g:1][CONSENSUS][PBFT]checkTimeout Succ,view=12,toView=13,nodeIdx=3,changeCycle=0,myNode=e441c300...,timecost=1.372
info|2019-12-13 22:14:40.169914|[g:1][CONSENSUS][PBFT]checkAndChangeView: Reach consensus,org_view=12,org_changeCycle=0,cur_changeCycle=0,to_view=13
info|2019-12-13 22:14:41.172947|[g:1][CONSENSUS]addRawPrepare,height=142,reqIdx=2,hash=c53f51fc...
info|2019-12-13 22:14:41.173326|[g:1][CONSENSUS][PBFT]checkTimeout Succ,view=13,toView=14,nodeIdx=3,changeCycle=0,myNode=e441c300...,timecost=0.296
info|2019-12-13 22:14:41.174721|[g:1][CONSENSUS][PBFT]checkAndChangeView: Reach consensus,org_view=13,org_changeCycle=0,cur_changeCycle=0,to_view=14
info|2019-12-13 22:14:42.174463|[g:1][CONSENSUS][SEALER]++++++++++++++++ Generating seal on,blkNum=142,tx=0,nodeIdx=3,hash=dbdb6fc2...
info|2019-12-13 22:14:42.176582|[g:1][CONSENSUS][PBFT]checkTimeout Succ,view=14,toView=15,nodeIdx=3,changeCycle=0,myNode=e441c300...,timecost=0.559
info|2019-12-13 22:14:42.177172|[g:1][CONSENSUS][PBFT]checkAndChangeView: Reach consensus,org_view=14,org_changeCycle=0,cur_changeCycle=0,to_view=15
info|2019-12-13 22:14:42.909586|[P2P][Service] heartBeat,connected count=3
info|2019-12-13 22:14:43.177830|[g:1][CONSENSUS]addRawPrepare,height=142,reqIdx=0,hash=cf6e9048...
info|2019-12-13 22:14:43.178873|[g:1][CONSENSUS][PBFT]checkTimeout Succ,view=15,toView=16,nodeIdx=3,changeCycle=0,myNode=e441c300...,timecost=0.657
info|2019-12-13 22:14:43.180081|[g:1][CONSENSUS][PBFT]checkAndChangeView: Reach consensus,org_view=15,org_changeCycle=0,cur_changeCycle=0,to_view=16
info|2019-12-13 22:14:44.183366|[g:1][CONSENSUS]addRawPrepare,height=142,reqIdx=1,hash=b2bb457b...
info|2019-12-13 22:14:44.185431|[g:1][CONSENSUS][PBFT]checkTimeout Succ,view=16,toView=17,nodeIdx=3,changeCycle=0,myNode=e441c300...,timecost=1.723
info|2019-12-13 22:14:44.192239|[g:1][CONSENSUS][PBFT]checkAndChangeView: Reach consensus,org_view=16,org_changeCycle=0,cur_changeCycle=0,to_view=17
info|2019-12-13 22:14:45.197713|[g:1][CONSENSUS]addRawPrepare,height=142,reqIdx=2,hash=9438f08d...
info|2019-12-13 22:14:45.201966|[g:1][CONSENSUS][PBFT]checkTimeout Succ,view=17,toView=18,nodeIdx=3,changeCycle=0,myNode=e441c300...,timecost=3.354
info|2019-12-13 22:14:45.206718|[g:1][CONSENSUS][PBFT]checkAndChangeView: Reach consensus,org_view=17,org_changeCycle=0,cur_changeCycle=0,to_view=18
info|2019-12-13 22:14:46.206983|[g:1][CONSENSUS][SEALER]++++++++++++++++ Generating seal on,blkNum=142,tx=0,nodeIdx=3,hash=f668b431...
info|2019-12-13 22:14:46.209475|[g:1][CONSENSUS][PBFT]checkTimeout Succ,view=18,toView=19,nodeIdx=3,changeCycle=0,myNode=e441c300...,timecost=1.696
info|2019-12-13 22:14:46.210732|[g:1][CONSENSUS][PBFT]checkAndChangeView: Reach consensus,org_view=18,org_changeCycle=0,cur_changeCycle=0,to_view=19
info|2019-12-13 22:14:47.210322|[g:1][CONSENSUS]addRawPrepare,height=142,reqIdx=0,hash=f3f4c35f...
info|2019-12-13 22:14:47.210978|[g:1][CONSENSUS][PBFT]checkTimeout Succ,view=19,toView=20,nodeIdx=3,changeCycle=0,myNode=e441c300...,timecost=0.584
info|2019-12-13 22:14:47.214041|[g:1][CONSENSUS][PBFT]checkAndChangeView: Reach consensus,org_view=19,org_changeCycle=0,cur_changeCycle=0,to_view=20
info|2019-12-13 22:14:48.213422|[g:1][CONSENSUS]addRawPrepare,height=142,reqIdx=1,hash=9c8a7f37...
info|2019-12-13 22:14:48.214982|[g:1][CONSENSUS][PBFT]checkTimeout Succ,view=20,toView=21,nodeIdx=3,changeCycle=0,myNode=e441c300...,timecost=1.479
info|2019-12-13 22:14:48.216714|[g:1][CONSENSUS][PBFT]checkAndChangeView: Reach consensus,org_view=20,org_changeCycle=0,cur_changeCycle=0,to_view=21
info|2019-12-13 22:14:49.224090|[g:1][CONSENSUS]addRawPrepare,height=142,reqIdx=2,hash=ac86a4d3...
info|2019-12-13 22:14:49.224495|[g:1][CONSENSUS][PBFT]checkTimeout Succ,view=21,toView=22,nodeIdx=3,changeCycle=0,myNode=e441c300...,timecost=0.34
info|2019-12-13 22:14:49.226506|[g:1][CONSENSUS][PBFT]checkAndChangeView: Reach consensus,org_view=21,org_changeCycle=0,cur_changeCycle=0,to_view=22
info|2019-12-13 22:14:50.226253|[g:1][CONSENSUS][SEALER]++++++++++++++++ Generating seal on,blkNum=142,tx=0,nodeIdx=3,hash=91d1a96c...
info|2019-12-13 22:14:50.227451|[g:1][CONSENSUS][PBFT]checkTimeout Succ,view=22,toView=23,nodeIdx=3,changeCycle=0,myNode=e441c300...,timecost=0.546
info|2019-12-13 22:14:50.230640|[g:1][CONSENSUS][PBFT]checkAndChangeView: Reach consensus,org_view=22,org_changeCycle=0,cur_changeCycle=0,to_view=23
info|2019-12-13 22:14:51.237186|[g:1][CONSENSUS]addRawPrepare,height=142,reqIdx=0,hash=01082707...
info|2019-12-13 22:14:51.238841|[g:1][CONSENSUS][PBFT]checkTimeout Succ,view=23,toView=24,nodeIdx=3,changeCycle=0,myNode=e441c300...,timecost=1.248
info|2019-12-13 22:14:51.241248|[g:1][CONSENSUS][PBFT]checkAndChangeView: Reach consensus,org_view=23,org_changeCycle=0,cur_changeCycle=0,to_view=24
info|2019-12-13 22:14:52.240967|[g:1][CONSENSUS]addRawPrepare,height=142,reqIdx=1,hash=ef836386...
info|2019-12-13 22:14:52.241796|[g:1][CONSENSUS][PBFT]checkTimeout Succ,view=24,toView=25,nodeIdx=3,changeCycle=0,myNode=e441c300...,timecost=0.298
info|2019-12-13 22:14:52.243634|[g:1][CONSENSUS][PBFT]checkAndChangeView: Reach consensus,org_view=24,org_changeCycle=0,cur_changeCycle=0,to_view=25
info|2019-12-13 22:14:52.909669|[P2P][Service] heartBeat,connected count=3
info|2019-12-13 22:14:53.246076|[g:1][CONSENSUS]addRawPrepare,height=142,reqIdx=2,hash=47023326...
info|2019-12-13 22:14:53.247118|[g:1][CONSENSUS][PBFT]checkTimeout Succ,view=25,toView=26,nodeIdx=3,changeCycle=0,myNode=e441c300...,timecost=0.477
info|2019-12-13 22:14:53.248466|[g:1][CONSENSUS][PBFT]checkAndChangeView: Reach consensus,org_view=25,org_changeCycle=0,cur_changeCycle=0,to_view=26
info|2019-12-13 22:14:54.248954|[g:1][CONSENSUS][SEALER]++++++++++++++++ Generating seal on,blkNum=142,tx=0,nodeIdx=3,hash=c31583b5...
info|2019-12-13 22:14:54.249678|[g:1][CONSENSUS][PBFT]checkTimeout Succ,view=26,toView=27,nodeIdx=3,changeCycle=0,myNode=e441c300...,timecost=0.389
info|2019-12-13 22:14:54.253143|[g:1][CONSENSUS][PBFT]checkAndChangeView: Reach consensus,org_view=26,org_changeCycle=0,cur_changeCycle=0,to_view=27
info|2019-12-13 22:14:55.253516|[g:1][CONSENSUS]addRawPrepare,height=142,reqIdx=0,hash=1d60227a...
info|2019-12-13 22:14:55.253864|[g:1][CONSENSUS][PBFT]checkTimeout Succ,view=27,toView=28,nodeIdx=3,changeCycle=0,myNode=e441c300...,timecost=0.263
info|2019-12-13 22:14:55.257582|[g:1][CONSENSUS][PBFT]checkAndChangeView: Reach consensus,org_view=27,org_changeCycle=0,cur_changeCycle=0,to_view=28
info|2019-12-13 22:14:56.260103|[g:1][CONSENSUS]addRawPrepare,height=142,reqIdx=1,hash=5638e9c6...
info|2019-12-13 22:14:56.260508|[g:1][CONSENSUS][PBFT]checkTimeout Succ,view=28,toView=29,nodeIdx=3,changeCycle=0,myNode=e441c300...,timecost=0.285
info|2019-12-13 22:14:56.263313|[g:1][CONSENSUS][PBFT]checkAndChangeView: Reach consensus,org_view=28,org_changeCycle=0,cur_changeCycle=0,to_view=29
info|2019-12-13 22:14:57.266479|[g:1][CONSENSUS]addRawPrepare,height=142,reqIdx=2,hash=9c3ec1b8...
info|2019-12-13 22:14:57.266825|[g:1][CONSENSUS][PBFT]checkTimeout Succ,view=29,toView=30,nodeIdx=3,changeCycle=0,myNode=e441c300...,timecost=0.265
info|2019-12-13 22:14:57.268466|[g:1][CONSENSUS][PBFT]checkAndChangeView: Reach consensus,org_view=29,org_changeCycle=0,cur_changeCycle=0,to_view=30
info|2019-12-13 22:14:58.270042|[g:1][CONSENSUS][SEALER]++++++++++++++++ Generating seal on,blkNum=142,tx=0,nodeIdx=3,hash=600c0858...
info|2019-12-13 22:14:58.273977|[g:1][CONSENSUS][PBFT]checkTimeout Succ,view=30,toView=31,nodeIdx=3,changeCycle=0,myNode=e441c300...,timecost=0.398
info|2019-12-13 22:14:58.274930|[g:1][CONSENSUS][PBFT]checkAndChangeView: Reach consensus,org_view=30,org_changeCycle=0,cur_changeCycle=0,to_view=31
info|2019-12-13 22:14:59.281239|[g:1][CONSENSUS]addRawPrepare,height=142,reqIdx=0,hash=7fce3faa...
info|2019-12-13 22:14:59.281555|[g:1][CONSENSUS][PBFT]checkTimeout Succ,view=31,toView=32,nodeIdx=3,changeCycle=0,myNode=e441c300...,timecost=0.284
info|2019-12-13 22:14:59.283678|[g:1][CONSENSUS][PBFT]checkAndChangeView: Reach consensus,org_view=31,org_changeCycle=0,cur_changeCycle=0,to_view=32
info|2019-12-13 22:15:00.283592|[g:1][CONSENSUS]addRawPrepare,height=142,reqIdx=1,hash=e927f0b9...
info|2019-12-13 22:15:00.283948|[g:1][CONSENSUS][PBFT]checkTimeout Succ,view=32,toView=33,nodeIdx=3,changeCycle=0,myNode=e441c300...,timecost=0.271
info|2019-12-13 22:15:00.288285|[g:1][CONSENSUS][PBFT]checkAndChangeView: Reach consensus,org_view=32,org_changeCycle=0,cur_changeCycle=0,to_view=33
info|2019-12-13 22:15:01.288750|[g:1][CONSENSUS]addRawPrepare,height=142,reqIdx=2,hash=51a6cce2...
info|2019-12-13 22:15:01.289097|[g:1][CONSENSUS][PBFT]checkTimeout Succ,view=33,toView=34,nodeIdx=3,changeCycle=0,myNode=e441c300...,timecost=0.26
info|2019-12-13 22:15:01.291301|[g:1][CONSENSUS][PBFT]checkAndChangeView: Reach consensus,org_view=33,org_changeCycle=0,cur_changeCycle=0,to_view=34
info|2019-12-13 22:15:02.292004|[g:1][CONSENSUS][SEALER]++++++++++++++++ Generating seal on,blkNum=142,tx=0,nodeIdx=3,hash=b3aeeeae...
info|2019-12-13 22:15:02.294613|[g:1][CONSENSUS][PBFT]checkTimeout Succ,view=34,toView=35,nodeIdx=3,changeCycle=0,myNode=e441c300...,timecost=0.327
info|2019-12-13 22:15:02.295578|[g:1][CONSENSUS][PBFT]checkAndChangeView: Reach consensus,org_view=34,org_changeCycle=0,cur_changeCycle=0,to_view=35
info|2019-12-13 22:15:02.909708|[P2P][Service] heartBeat,connected count=3
info|2019-12-13 22:15:03.297978|[g:1][CONSENSUS]addRawPrepare,height=142,reqIdx=0,hash=2492e34e...
info|2019-12-13 22:15:03.298418|[g:1][CONSENSUS][PBFT]checkTimeout Succ,view=35,toView=36,nodeIdx=3,changeCycle=0,myNode=e441c300...,timecost=0.338
info|2019-12-13 22:15:03.300555|[g:1][CONSENSUS][PBFT]checkAndChangeView: Reach consensus,org_view=35,org_changeCycle=0,cur_changeCycle=0,to_view=36
info|2019-12-13 22:15:04.301189|[g:1][CONSENSUS]addRawPrepare,height=142,reqIdx=1,hash=1dc41cb5...
info|2019-12-13 22:15:04.303651|[g:1][CONSENSUS][PBFT]checkTimeout Succ,view=36,toView=37,nodeIdx=3,changeCycle=0,myNode=e441c300...,timecost=2.187
info|2019-12-13 22:15:04.304773|[g:1][CONSENSUS][PBFT]checkAndChangeView: Reach consensus,org_view=36,org_changeCycle=0,cur_changeCycle=0,to_view=37
info|2019-12-13 22:15:05.308277|[g:1][CONSENSUS]addRawPrepare,height=142,reqIdx=2,hash=55ce931d...
info|2019-12-13 22:15:05.315141|[g:1][CONSENSUS][PBFT]checkTimeout Succ,view=37,toView=38,nodeIdx=3,changeCycle=0,myNode=e441c300...,timecost=3.775
info|2019-12-13 22:15:05.321065|[g:1][CONSENSUS][PBFT]checkAndChangeView: Reach consensus,org_view=37,org_changeCycle=0,cur_changeCycle=0,to_view=38
info|2019-12-13 22:15:06.321661|[g:1][CONSENSUS][SEALER]++++++++++++++++ Generating seal on,blkNum=142,tx=0,nodeIdx=3,hash=6c376aef...
info|2019-12-13 22:15:06.329170|[g:1][CONSENSUS][PBFT]checkTimeout Succ,view=38,toView=39,nodeIdx=3,changeCycle=0,myNode=e441c300...,timecost=1.94
info|2019-12-13 22:15:06.334768|[g:1][CONSENSUS][PBFT]checkAndChangeView: Reach consensus,org_view=38,org_changeCycle=0,cur_changeCycle=0,to_view=39
info|2019-12-13 22:15:07.339031|[g:1][CONSENSUS]addRawPrepare,height=142,reqIdx=0,hash=a687baf7...
info|2019-12-13 22:15:07.341987|[g:1][CONSENSUS][PBFT]checkTimeout Succ,view=39,toView=40,nodeIdx=3,changeCycle=0,myNode=e441c300...,timecost=2.531
info|2019-12-13 22:15:07.347589|[g:1][CONSENSUS][PBFT]checkAndChangeView: Reach consensus,org_view=39,org_changeCycle=0,cur_changeCycle=0,to_view=40
info|2019-12-13 22:15:08.357766|[g:1][CONSENSUS]addRawPrepare,height=142,reqIdx=1,hash=efe14f53...
info|2019-12-13 22:15:08.359829|[g:1][CONSENSUS][PBFT]checkTimeout Succ,view=40,toView=41,nodeIdx=3,changeCycle=0,myNode=e441c300...,timecost=1.696
info|2019-12-13 22:15:08.366191|[g:1][CONSENSUS][PBFT]checkAndChangeView: Reach consensus,org_view=40,org_changeCycle=0,cur_changeCycle=0,to_view=41
info|2019-12-13 22:15:09.376502|[g:1][CONSENSUS]addRawPrepare,height=142,reqIdx=2,hash=782c2137...
info|2019-12-13 22:15:09.380608|[g:1][CONSENSUS][PBFT]checkTimeout Succ,view=41,toView=42,nodeIdx=3,changeCycle=0,myNode=e441c300...,timecost=2.195
info|2019-12-13 22:15:09.386586|[g:1][CONSENSUS][PBFT]checkAndChangeView: Reach consensus,org_view=41,org_changeCycle=0,cur_changeCycle=0,to_view=42
info|2019-12-13 22:15:10.387230|[g:1][CONSENSUS][SEALER]++++++++++++++++ Generating seal on,blkNum=142,tx=0,nodeIdx=3,hash=beb513b3...
info|2019-12-13 22:15:10.395805|[g:1][CONSENSUS][PBFT]checkTimeout Succ,view=42,toView=43,nodeIdx=3,changeCycle=0,myNode=e441c300...,timecost=2.683
info|2019-12-13 22:15:10.401407|[g:1][CONSENSUS][PBFT]checkAndChangeView: Reach consensus,org_view=42,org_changeCycle=0,cur_changeCycle=0,to_view=43
info|2019-12-13 22:15:11.403705|[g:1][CONSENSUS]addRawPrepare,height=142,reqIdx=0,hash=ce27512e...
info|2019-12-13 22:15:11.408257|[g:1][CONSENSUS][PBFT]checkTimeout Succ,view=43,toView=44,nodeIdx=3,changeCycle=0,myNode=e441c300...,timecost=3.201
info|2019-12-13 22:15:11.415350|[g:1][CONSENSUS][PBFT]checkAndChangeView: Reach consensus,org_view=43,org_changeCycle=0,cur_changeCycle=0,to_view=44
info|2019-12-13 22:15:12.418620|[g:1][CONSENSUS]addRawPrepare,height=142,reqIdx=1,hash=b2a44699...
info|2019-12-13 22:15:12.420806|[g:1][CONSENSUS][PBFT]checkTimeout Succ,view=44,toView=45,nodeIdx=3,changeCycle=0,myNode=e441c300...,timecost=1.702
info|2019-12-13 22:15:12.427975|[g:1][CONSENSUS][PBFT]checkAndChangeView: Reach consensus,org_view=44,org_changeCycle=0,cur_changeCycle=0,to_view=45
info|2019-12-13 22:15:12.909904|[P2P][Service] heartBeat,connected count=3
info|2019-12-13 22:15:13.438307|[g:1][CONSENSUS]addRawPrepare,height=142,reqIdx=2,hash=168014f9...
info|2019-12-13 22:15:13.448964|[g:1][CONSENSUS][PBFT]checkTimeout Succ,view=45,toView=46,nodeIdx=3,changeCycle=0,myNode=e441c300...,timecost=6.2
info|2019-12-13 22:15:13.454350|[g:1][CONSENSUS][PBFT]checkAndChangeView: Reach consensus,org_view=45,org_changeCycle=0,cur_changeCycle=0,to_view=46
info|2019-12-13 22:15:14.455399|[g:1][CONSENSUS][SEALER]++++++++++++++++ Generating seal on,blkNum=142,tx=0,nodeIdx=3,hash=d199ac4c...
info|2019-12-13 22:15:14.459289|[g:1][CONSENSUS][PBFT]checkTimeout Succ,view=46,toView=47,nodeIdx=3,changeCycle=0,myNode=e441c300...,timecost=2.095
info|2019-12-13 22:15:14.466541|[g:1][CONSENSUS][PBFT]checkAndChangeView: Reach consensus,org_view=46,org_changeCycle=0,cur_changeCycle=0,to_view=47
info|2019-12-13 22:15:15.478206|[g:1][CONSENSUS]addRawPrepare,height=142,reqIdx=0,hash=210b960a...
info|2019-12-13 22:15:15.481715|[g:1][CONSENSUS][PBFT]checkTimeout Succ,view=47,toView=48,nodeIdx=3,changeCycle=0,myNode=e441c300...,timecost=2.738
info|2019-12-13 22:15:15.488326|[g:1][CONSENSUS][PBFT]checkAndChangeView: Reach consensus,org_view=47,org_changeCycle=0,cur_changeCycle=0,to_view=48
info|2019-12-13 22:15:16.490771|[g:1][CONSENSUS]addRawPrepare,height=142,reqIdx=1,hash=726765d2...
info|2019-12-13 22:15:16.491840|[g:1][CONSENSUS][PBFT]checkTimeout Succ,view=48,toView=49,nodeIdx=3,changeCycle=0,myNode=e441c300...,timecost=0.85
info|2019-12-13 22:15:16.499365|[g:1][CONSENSUS][PBFT]checkAndChangeView: Reach consensus,org_view=48,org_changeCycle=0,cur_changeCycle=0,to_view=49
info|2019-12-13 22:15:17.503748|[g:1][CONSENSUS]addRawPrepare,height=142,reqIdx=2,hash=5b5d57d3...
info|2019-12-13 22:15:17.506675|[g:1][CONSENSUS][PBFT]checkTimeout Succ,view=49,toView=50,nodeIdx=3,changeCycle=0,myNode=e441c300...,timecost=2.863
info|2019-12-13 22:15:17.507955|[g:1][CONSENSUS][PBFT]checkAndChangeView: Reach consensus,org_view=49,org_changeCycle=0,cur_changeCycle=0,to_view=50
info|2019-12-13 22:15:18.507193|[g:1][CONSENSUS][SEALER]++++++++++++++++ Generating seal on,blkNum=142,tx=0,nodeIdx=3,hash=980410a9...
info|2019-12-13 22:15:18.509979|[g:1][CONSENSUS][PBFT]checkTimeout Succ,view=50,toView=51,nodeIdx=3,changeCycle=0,myNode=e441c300...,timecost=0.787
info|2019-12-13 22:15:18.510659|[g:1][CONSENSUS][PBFT]checkAndChangeView: Reach consensus,org_view=50,org_changeCycle=0,cur_changeCycle=0,to_view=51
info|2019-12-13 22:15:19.558921|[g:1][CONSENSUS]addRawPrepare,height=142,reqIdx=0,hash=9876b342...
info|2019-12-13 22:15:19.559278|[g:1][CONSENSUS][PBFT]checkTimeout Succ,view=51,toView=52,nodeIdx=3,changeCycle=0,myNode=e441c300...,timecost=0.272
info|2019-12-13 22:15:19.560419|[g:1][CONSENSUS][PBFT]checkAndChangeView: Reach consensus,org_view=51,org_changeCycle=0,cur_changeCycle=0,to_view=52
info|2019-12-13 22:15:20.561519|[g:1][CONSENSUS]addRawPrepare,height=142,reqIdx=1,hash=f607e567...
info|2019-12-13 22:15:20.561931|[g:1][CONSENSUS][PBFT]checkTimeout Succ,view=52,toView=53,nodeIdx=3,changeCycle=0,myNode=e441c300...,timecost=0.287
info|2019-12-13 22:15:20.563035|[g:1][CONSENSUS][PBFT]checkAndChangeView: Reach consensus,org_view=52,org_changeCycle=0,cur_changeCycle=0,to_view=53
info|2019-12-13 22:15:21.567811|[g:1][CONSENSUS]addRawPrepare,height=142,reqIdx=2,hash=13ef0124...
info|2019-12-13 22:15:21.568196|[g:1][CONSENSUS][PBFT]checkTimeout Succ,view=53,toView=54,nodeIdx=3,changeCycle=0,myNode=e441c300...,timecost=0.301
info|2019-12-13 22:15:21.569263|[g:1][CONSENSUS][PBFT]checkAndChangeView: Reach consensus,org_view=53,org_changeCycle=0,cur_changeCycle=0,to_view=54
info|2019-12-13 22:15:22.569606|[g:1][CONSENSUS][SEALER]++++++++++++++++ Generating seal on,blkNum=142,tx=0,nodeIdx=3,hash=d8fde32b...
info|2019-12-13 22:15:22.573967|[g:1][CONSENSUS][PBFT]checkTimeout Succ,view=54,toView=55,nodeIdx=3,changeCycle=0,myNode=e441c300...,timecost=0.285
info|2019-12-13 22:15:22.574395|[g:1][CONSENSUS][PBFT]checkAndChangeView: Reach consensus,org_view=54,org_changeCycle=0,cur_changeCycle=0,to_view=55
info|2019-12-13 22:15:22.910019|[P2P][Service] heartBeat,connected count=3
info|2019-12-13 22:15:23.578490|[g:1][CONSENSUS]addRawPrepare,height=142,reqIdx=0,hash=e375d158...
info|2019-12-13 22:15:23.579398|[g:1][CONSENSUS][PBFT]checkTimeout Succ,view=55,toView=56,nodeIdx=3,changeCycle=0,myNode=e441c300...,timecost=0.73
info|2019-12-13 22:15:23.582367|[g:1][CONSENSUS][PBFT]checkAndChangeView: Reach consensus,org_view=55,org_changeCycle=0,cur_changeCycle=0,to_view=56
info|2019-12-13 22:15:24.586133|[g:1][CONSENSUS]addRawPrepare,height=142,reqIdx=1,hash=bc011cbd...
info|2019-12-13 22:15:24.587335|[g:1][CONSENSUS][PBFT]checkTimeout Succ,view=56,toView=57,nodeIdx=3,changeCycle=0,myNode=e441c300...,timecost=0.935
info|2019-12-13 22:15:24.591488|[g:1][CONSENSUS][PBFT]checkAndChangeView: Reach consensus,org_view=56,org_changeCycle=0,cur_changeCycle=0,to_view=57
info|2019-12-13 22:15:25.593667|[g:1][CONSENSUS]addRawPrepare,height=142,reqIdx=2,hash=fa46cf0f...
info|2019-12-13 22:15:25.594089|[g:1][CONSENSUS][PBFT]checkTimeout Succ,view=57,toView=58,nodeIdx=3,changeCycle=0,myNode=e441c300...,timecost=0.277
info|2019-12-13 22:15:25.595503|[g:1][CONSENSUS][PBFT]checkAndChangeView: Reach consensus,org_view=57,org_changeCycle=0,cur_changeCycle=0,to_view=58
info|2019-12-13 22:15:26.596064|[g:1][CONSENSUS][SEALER]++++++++++++++++ Generating seal on,blkNum=142,tx=0,nodeIdx=3,hash=7effd515...
info|2019-12-13 22:15:26.597042|[g:1][CONSENSUS][PBFT]checkTimeout Succ,view=58,toView=59,nodeIdx=3,changeCycle=0,myNode=e441c300...,timecost=0.296
info|2019-12-13 22:15:26.599117|[g:1][CONSENSUS][PBFT]checkAndChangeView: Reach consensus,org_view=58,org_changeCycle=0,cur_changeCycle=0,to_view=59
info|2019-12-13 22:15:27.600626|[g:1][CONSENSUS]addRawPrepare,height=142,reqIdx=0,hash=c4f9b70b...
info|2019-12-13 22:15:27.601004|[g:1][CONSENSUS][PBFT]checkTimeout Succ,view=59,toView=60,nodeIdx=3,changeCycle=0,myNode=e441c300...,timecost=0.299
info|2019-12-13 22:15:27.604636|[g:1][CONSENSUS][PBFT]checkAndChangeView: Reach consensus,org_view=59,org_changeCycle=0,cur_changeCycle=0,to_view=60
info|2019-12-13 22:15:28.604585|[g:1][CONSENSUS]addRawPrepare,height=142,reqIdx=1,hash=dcf786ea...
info|2019-12-13 22:15:28.604970|[g:1][CONSENSUS][PBFT]checkTimeout Succ,view=60,toView=61,nodeIdx=3,changeCycle=0,myNode=e441c300...,timecost=0.303
info|2019-12-13 22:15:28.606367|[g:1][CONSENSUS][PBFT]checkAndChangeView: Reach consensus,org_view=60,org_changeCycle=0,cur_changeCycle=0,to_view=61
info|2019-12-13 22:15:29.612933|[g:1][CONSENSUS]addRawPrepare,height=142,reqIdx=2,hash=accc9dc2...
info|2019-12-13 22:15:29.615744|[g:1][CONSENSUS][PBFT]checkTimeout Succ,view=61,toView=62,nodeIdx=3,changeCycle=0,myNode=e441c300...,timecost=1.927
info|2019-12-13 22:15:29.625605|[g:1][CONSENSUS][PBFT]checkAndChangeView: Reach consensus,org_view=61,org_changeCycle=0,cur_changeCycle=0,to_view=62
info|2019-12-13 22:15:30.625567|[g:1][CONSENSUS][SEALER]++++++++++++++++ Generating seal on,blkNum=142,tx=0,nodeIdx=3,hash=08581e56...
info|2019-12-13 22:15:30.629027|[g:1][CONSENSUS][PBFT]checkTimeout Succ,view=62,toView=63,nodeIdx=3,changeCycle=0,myNode=e441c300...,timecost=0.603
info|2019-12-13 22:15:30.632161|[g:1][CONSENSUS][PBFT]checkAndChangeView: Reach consensus,org_view=62,org_changeCycle=0,cur_changeCycle=0,to_view=63
info|2019-12-13 22:15:31.634085|[g:1][CONSENSUS]addRawPrepare,height=142,reqIdx=0,hash=d66a815f...
info|2019-12-13 22:15:31.634404|[g:1][CONSENSUS][PBFT]checkTimeout Succ,view=63,toView=64,nodeIdx=3,changeCycle=0,myNode=e441c300...,timecost=0.279
info|2019-12-13 22:15:31.637577|[g:1][CONSENSUS][PBFT]checkAndChangeView: Reach consensus,org_view=63,org_changeCycle=0,cur_changeCycle=0,to_view=64
info|2019-12-13 22:15:32.639869|[g:1][CONSENSUS]addRawPrepare,height=142,reqIdx=1,hash=4dcb3973...
info|2019-12-13 22:15:32.640540|[g:1][CONSENSUS][PBFT]checkTimeout Succ,view=64,toView=65,nodeIdx=3,changeCycle=0,myNode=e441c300...,timecost=0.513
info|2019-12-13 22:15:32.644642|[g:1][CONSENSUS][PBFT]checkAndChangeView: Reach consensus,org_view=64,org_changeCycle=0,cur_changeCycle=0,to_view=65
info|2019-12-13 22:15:32.910072|[P2P][Service] heartBeat,connected count=3
info|2019-12-13 22:15:33.644907|[g:1][CONSENSUS]addRawPrepare,height=142,reqIdx=2,hash=8eb163fe...
info|2019-12-13 22:15:33.645380|[g:1][CONSENSUS][PBFT]checkTimeout Succ,view=65,toView=66,nodeIdx=3,changeCycle=0,myNode=e441c300...,timecost=0.387
info|2019-12-13 22:15:33.648686|[g:1][CONSENSUS][PBFT]checkAndChangeView: Reach consensus,org_view=65,org_changeCycle=0,cur_changeCycle=0,to_view=66
info|2019-12-13 22:15:34.648597|[g:1][CONSENSUS][SEALER]++++++++++++++++ Generating seal on,blkNum=142,tx=0,nodeIdx=3,hash=3e5f54a8...
info|2019-12-13 22:15:34.651360|[g:1][CONSENSUS][PBFT]checkTimeout Succ,view=66,toView=67,nodeIdx=3,changeCycle=0,myNode=e441c300...,timecost=0.381
info|2019-12-13 22:15:34.652558|[g:1][CONSENSUS][PBFT]checkAndChangeView: Reach consensus,org_view=66,org_changeCycle=0,cur_changeCycle=0,to_view=67
info|2019-12-13 22:15:35.654622|[g:1][CONSENSUS]addRawPrepare,height=142,reqIdx=0,hash=36616b0f...
info|2019-12-13 22:15:35.655026|[g:1][CONSENSUS][PBFT]checkTimeout Succ,view=67,toView=68,nodeIdx=3,changeCycle=0,myNode=e441c300...,timecost=0.327
info|2019-12-13 22:15:35.655991|[g:1][CONSENSUS][PBFT]checkAndChangeView: Reach consensus,org_view=67,org_changeCycle=0,cur_changeCycle=0,to_view=68
info|2019-12-13 22:15:36.658300|[g:1][CONSENSUS]addRawPrepare,height=142,reqIdx=1,hash=bff72afc...
info|2019-12-13 22:15:36.658683|[g:1][CONSENSUS][PBFT]checkTimeout Succ,view=68,toView=69,nodeIdx=3,changeCycle=0,myNode=e441c300...,timecost=0.308
info|2019-12-13 22:15:36.659991|[g:1][CONSENSUS][PBFT]checkAndChangeView: Reach consensus,org_view=68,org_changeCycle=0,cur_changeCycle=0,to_view=69
info|2019-12-13 22:15:37.662102|[g:1][CONSENSUS]addRawPrepare,height=142,reqIdx=2,hash=c00d7b4c...
info|2019-12-13 22:15:37.663010|[g:1][CONSENSUS][PBFT]checkTimeout Succ,view=69,toView=70,nodeIdx=3,changeCycle=0,myNode=e441c300...,timecost=0.819
info|2019-12-13 22:15:37.663873|[g:1][CONSENSUS][PBFT]checkAndChangeView: Reach consensus,org_view=69,org_changeCycle=0,cur_changeCycle=0,to_view=70
info|2019-12-13 22:15:38.663826|[g:1][CONSENSUS][SEALER]++++++++++++++++ Generating seal on,blkNum=142,tx=0,nodeIdx=3,hash=21725f01...
info|2019-12-13 22:15:38.667661|[g:1][CONSENSUS][PBFT]checkTimeout Succ,view=70,toView=71,nodeIdx=3,changeCycle=0,myNode=e441c300...,timecost=0.342
info|2019-12-13 22:15:38.668390|[g:1][CONSENSUS][PBFT]checkAndChangeView: Reach consensus,org_view=70,org_changeCycle=0,cur_changeCycle=0,to_view=71
info|2019-12-13 22:15:39.669026|[g:1][CONSENSUS]addRawPrepare,height=142,reqIdx=0,hash=dcb93b77...
info|2019-12-13 22:15:39.670568|[g:1][CONSENSUS][PBFT]checkTimeout Succ,view=71,toView=72,nodeIdx=3,changeCycle=0,myNode=e441c300...,timecost=1.345
info|2019-12-13 22:15:39.672758|[g:1][CONSENSUS][PBFT]checkAndChangeView: Reach consensus,org_view=71,org_changeCycle=0,cur_changeCycle=0,to_view=72
info|2019-12-13 22:15:40.675036|[g:1][CONSENSUS]addRawPrepare,height=142,reqIdx=1,hash=dc6db524...
info|2019-12-13 22:15:40.675928|[g:1][CONSENSUS][PBFT]checkTimeout Succ,view=72,toView=73,nodeIdx=3,changeCycle=0,myNode=e441c300...,timecost=0.739
info|2019-12-13 22:15:40.678926|[g:1][CONSENSUS][PBFT]checkAndChangeView: Reach consensus,org_view=72,org_changeCycle=0,cur_changeCycle=0,to_view=73
info|2019-12-13 22:15:41.679304|[g:1][CONSENSUS]addRawPrepare,height=142,reqIdx=2,hash=ab96a12f...
info|2019-12-13 22:15:41.680574|[g:1][CONSENSUS][PBFT]checkTimeout Succ,view=73,toView=74,nodeIdx=3,changeCycle=0,myNode=e441c300...,timecost=0.844
info|2019-12-13 22:15:41.681729|[g:1][CONSENSUS][PBFT]checkAndChangeView: Reach consensus,org_view=73,org_changeCycle=0,cur_changeCycle=0,to_view=74
info|2019-12-13 22:15:42.681532|[g:1][CONSENSUS][SEALER]++++++++++++++++ Generating seal on,blkNum=142,tx=0,nodeIdx=3,hash=e91fc503...
info|2019-12-13 22:15:42.684167|[g:1][CONSENSUS][PBFT]checkTimeout Succ,view=74,toView=75,nodeIdx=3,changeCycle=0,myNode=e441c300...,timecost=0.581
info|2019-12-13 22:15:42.684649|[g:1][CONSENSUS][PBFT]checkAndChangeView: Reach consensus,org_view=74,org_changeCycle=0,cur_changeCycle=0,to_view=75
info|2019-12-13 22:15:42.910206|[P2P][Service] heartBeat,connected count=3
info|2019-12-13 22:15:43.685115|[g:1][CONSENSUS]addRawPrepare,height=142,reqIdx=0,hash=4822fb81...
info|2019-12-13 22:15:43.685938|[g:1][CONSENSUS][PBFT]checkTimeout Succ,view=75,toView=76,nodeIdx=3,changeCycle=0,myNode=e441c300...,timecost=0.719
info|2019-12-13 22:15:43.688007|[g:1][CONSENSUS][PBFT]checkAndChangeView: Reach consensus,org_view=75,org_changeCycle=0,cur_changeCycle=0,to_view=76
info|2019-12-13 22:15:44.689891|[g:1][CONSENSUS]addRawPrepare,height=142,reqIdx=1,hash=2cefc3e3...
info|2019-12-13 22:15:44.690209|[g:1][CONSENSUS][PBFT]checkTimeout Succ,view=76,toView=77,nodeIdx=3,changeCycle=0,myNode=e441c300...,timecost=0.284
info|2019-12-13 22:15:44.692403|[g:1][CONSENSUS][PBFT]checkAndChangeView: Reach consensus,org_view=76,org_changeCycle=0,cur_changeCycle=0,to_view=77
info|2019-12-13 22:15:45.693342|[g:1][CONSENSUS]addRawPrepare,height=142,reqIdx=2,hash=08696789...
info|2019-12-13 22:15:45.694377|[g:1][CONSENSUS][PBFT]checkTimeout Succ,view=77,toView=78,nodeIdx=3,changeCycle=0,myNode=e441c300...,timecost=0.847
info|2019-12-13 22:15:45.697236|[g:1][CONSENSUS][PBFT]checkAndChangeView: Reach consensus,org_view=77,org_changeCycle=0,cur_changeCycle=0,to_view=78
info|2019-12-13 22:15:46.697535|[g:1][CONSENSUS][SEALER]++++++++++++++++ Generating seal on,blkNum=142,tx=0,nodeIdx=3,hash=f8eddb16...
info|2019-12-13 22:15:46.700689|[g:1][CONSENSUS][PBFT]checkTimeout Succ,view=78,toView=79,nodeIdx=3,changeCycle=0,myNode=e441c300...,timecost=1.103
info|2019-12-13 22:15:46.703036|[g:1][CONSENSUS][PBFT]checkAndChangeView: Reach consensus,org_view=78,org_changeCycle=0,cur_changeCycle=0,to_view=79
info|2019-12-13 22:15:47.702176|[g:1][CONSENSUS]addRawPrepare,height=142,reqIdx=0,hash=06a0f042...
info|2019-12-13 22:15:47.702842|[g:1][CONSENSUS][PBFT]checkTimeout Succ,view=79,toView=80,nodeIdx=3,changeCycle=0,myNode=e441c300...,timecost=0.516
info|2019-12-13 22:15:47.704008|[g:1][CONSENSUS][PBFT]checkAndChangeView: Reach consensus,org_view=79,org_changeCycle=0,cur_changeCycle=0,to_view=80
info|2019-12-13 22:15:48.708851|[g:1][CONSENSUS]addRawPrepare,height=142,reqIdx=1,hash=13ff3216...
info|2019-12-13 22:15:48.711000|[g:1][CONSENSUS][PBFT]checkTimeout Succ,view=80,toView=81,nodeIdx=3,changeCycle=0,myNode=e441c300...,timecost=1.717
info|2019-12-13 22:15:48.723840|[g:1][CONSENSUS][PBFT]checkAndChangeView: Reach consensus,org_view=80,org_changeCycle=0,cur_changeCycle=0,to_view=81
info|2019-12-13 22:15:49.718102|[g:1][CONSENSUS]addRawPrepare,height=142,reqIdx=2,hash=c0881e92...
info|2019-12-13 22:15:49.719113|[g:1][CONSENSUS][PBFT]checkTimeout Succ,view=81,toView=82,nodeIdx=3,changeCycle=0,myNode=e441c300...,timecost=0.77
info|2019-12-13 22:15:49.723047|[g:1][CONSENSUS][PBFT]checkAndChangeView: Reach consensus,org_view=81,org_changeCycle=0,cur_changeCycle=0,to_view=82
info|2019-12-13 22:15:50.723772|[g:1][CONSENSUS][SEALER]++++++++++++++++ Generating seal on,blkNum=142,tx=0,nodeIdx=3,hash=1449c353...
info|2019-12-13 22:15:50.727920|[g:1][CONSENSUS][PBFT]checkTimeout Succ,view=82,toView=83,nodeIdx=3,changeCycle=0,myNode=e441c300...,timecost=1.345
info|2019-12-13 22:15:50.728347|[g:1][CONSENSUS][PBFT]checkAndChangeView: Reach consensus,org_view=82,org_changeCycle=0,cur_changeCycle=0,to_view=83
info|2019-12-13 22:15:51.727572|[g:1][CONSENSUS]addRawPrepare,height=142,reqIdx=0,hash=de7dc7cd...
info|2019-12-13 22:15:51.728723|[g:1][CONSENSUS][PBFT]checkTimeout Succ,view=83,toView=84,nodeIdx=3,changeCycle=0,myNode=e441c300...,timecost=0.915
info|2019-12-13 22:15:51.729805|[g:1][CONSENSUS][PBFT]checkAndChangeView: Reach consensus,org_view=83,org_changeCycle=0,cur_changeCycle=0,to_view=84
info|2019-12-13 22:15:52.736177|[g:1][CONSENSUS]addRawPrepare,height=142,reqIdx=1,hash=cac211fd...
info|2019-12-13 22:15:52.739393|[g:1][CONSENSUS][PBFT]checkTimeout Succ,view=84,toView=85,nodeIdx=3,changeCycle=0,myNode=e441c300...,timecost=2.826
info|2019-12-13 22:15:52.743936|[g:1][CONSENSUS][PBFT]checkAndChangeView: Reach consensus,org_view=84,org_changeCycle=0,cur_changeCycle=0,to_view=85
info|2019-12-13 22:15:52.910389|[P2P][Service] heartBeat,connected count=3
info|2019-12-13 22:15:53.745754|[g:1][CONSENSUS]addRawPrepare,height=142,reqIdx=2,hash=95fdc007...
info|2019-12-13 22:15:53.748094|[g:1][CONSENSUS][PBFT]checkTimeout Succ,view=85,toView=86,nodeIdx=3,changeCycle=0,myNode=e441c300...,timecost=2.009
info|2019-12-13 22:15:53.754311|[g:1][CONSENSUS][PBFT]checkAndChangeView: Reach consensus,org_view=85,org_changeCycle=0,cur_changeCycle=0,to_view=86
info|2019-12-13 22:15:54.754694|[g:1][CONSENSUS][SEALER]++++++++++++++++ Generating seal on,blkNum=142,tx=0,nodeIdx=3,hash=7cc1b089...
info|2019-12-13 22:15:54.764273|[g:1][CONSENSUS][PBFT]checkTimeout Succ,view=86,toView=87,nodeIdx=3,changeCycle=0,myNode=e441c300...,timecost=3.887
info|2019-12-13 22:15:54.767276|[g:1][CONSENSUS][PBFT]checkAndChangeView: Reach consensus,org_view=86,org_changeCycle=0,cur_changeCycle=0,to_view=87
info|2019-12-13 22:15:55.766774|[g:1][CONSENSUS]addRawPrepare,height=142,reqIdx=0,hash=ee52f450...
info|2019-12-13 22:15:55.767099|[g:1][CONSENSUS][PBFT]checkTimeout Succ,view=87,toView=88,nodeIdx=3,changeCycle=0,myNode=e441c300...,timecost=0.244
info|2019-12-13 22:15:55.768332|[g:1][CONSENSUS][PBFT]checkAndChangeView: Reach consensus,org_view=87,org_changeCycle=0,cur_changeCycle=0,to_view=88
info|2019-12-13 22:15:56.773451|[g:1][CONSENSUS]addRawPrepare,height=142,reqIdx=1,hash=39b8fe3c...
info|2019-12-13 22:15:56.775122|[g:1][CONSENSUS][PBFT]checkTimeout Succ,view=88,toView=89,nodeIdx=3,changeCycle=0,myNode=e441c300...,timecost=1.302
info|2019-12-13 22:15:56.780801|[g:1][CONSENSUS][PBFT]checkAndChangeView: Reach consensus,org_view=88,org_changeCycle=0,cur_changeCycle=0,to_view=89
info|2019-12-13 22:15:57.786967|[g:1][CONSENSUS]addRawPrepare,height=142,reqIdx=2,hash=2d709104...
info|2019-12-13 22:15:57.789533|[g:1][CONSENSUS][PBFT]checkTimeout Succ,view=89,toView=90,nodeIdx=3,changeCycle=0,myNode=e441c300...,timecost=1.741
info|2019-12-13 22:15:57.794410|[g:1][CONSENSUS][PBFT]checkAndChangeView: Reach consensus,org_view=89,org_changeCycle=0,cur_changeCycle=0,to_view=90
info|2019-12-13 22:15:58.795191|[g:1][CONSENSUS][SEALER]++++++++++++++++ Generating seal on,blkNum=142,tx=0,nodeIdx=3,hash=10052df0...
info|2019-12-13 22:15:58.803104|[g:1][CONSENSUS][PBFT]checkTimeout Succ,view=90,toView=91,nodeIdx=3,changeCycle=0,myNode=e441c300...,timecost=6.477
info|2019-12-13 22:15:58.809100|[g:1][CONSENSUS][PBFT]checkAndChangeView: Reach consensus,org_view=90,org_changeCycle=0,cur_changeCycle=0,to_view=91
info|2019-12-13 22:15:59.814885|[g:1][CONSENSUS]addRawPrepare,height=142,reqIdx=0,hash=3fec3e9f...
info|2019-12-13 22:15:59.819178|[g:1][CONSENSUS][PBFT]checkTimeout Succ,view=91,toView=92,nodeIdx=3,changeCycle=0,myNode=e441c300...,timecost=3.294
info|2019-12-13 22:15:59.824473|[g:1][CONSENSUS][PBFT]checkAndChangeView: Reach consensus,org_view=91,org_changeCycle=0,cur_changeCycle=0,to_view=92
info|2019-12-13 22:16:00.823904|[g:1][CONSENSUS]addRawPrepare,height=142,reqIdx=1,hash=fa6a4455...
info|2019-12-13 22:16:00.824961|[g:1][CONSENSUS][PBFT]checkTimeout Succ,view=92,toView=93,nodeIdx=3,changeCycle=0,myNode=e441c300...,timecost=0.924
info|2019-12-13 22:16:00.829020|[g:1][CONSENSUS][PBFT]checkAndChangeView: Reach consensus,org_view=92,org_changeCycle=0,cur_changeCycle=0,to_view=93
info|2019-12-13 22:16:01.834703|[g:1][CONSENSUS]addRawPrepare,height=142,reqIdx=2,hash=c83c1f0d...
info|2019-12-13 22:16:01.840949|[g:1][CONSENSUS][PBFT]checkTimeout Succ,view=93,toView=94,nodeIdx=3,changeCycle=0,myNode=e441c300...,timecost=2.736
info|2019-12-13 22:16:01.845754|[g:1][CONSENSUS][PBFT]checkAndChangeView: Reach consensus,org_view=93,org_changeCycle=0,cur_changeCycle=0,to_view=94
info|2019-12-13 22:16:02.846286|[g:1][CONSENSUS][SEALER]++++++++++++++++ Generating seal on,blkNum=142,tx=0,nodeIdx=3,hash=441eb2b4...
info|2019-12-13 22:16:02.848996|[g:1][CONSENSUS][PBFT]checkTimeout Succ,view=94,toView=95,nodeIdx=3,changeCycle=0,myNode=e441c300...,timecost=1.382
info|2019-12-13 22:16:02.858154|[g:1][CONSENSUS][PBFT]checkAndChangeView: Reach consensus,org_view=94,org_changeCycle=0,cur_changeCycle=0,to_view=95
info|2019-12-13 22:16:02.910578|[P2P][Service] heartBeat,connected count=3
info|2019-12-13 22:16:03.861163|[g:1][CONSENSUS]addRawPrepare,height=142,reqIdx=0,hash=13de107c...
info|2019-12-13 22:16:03.863311|[g:1][CONSENSUS][PBFT]checkTimeout Succ,view=95,toView=96,nodeIdx=3,changeCycle=0,myNode=e441c300...,timecost=1.644
info|2019-12-13 22:16:03.871509|[g:1][CONSENSUS][PBFT]checkAndChangeView: Reach consensus,org_view=95,org_changeCycle=0,cur_changeCycle=0,to_view=96
info|2019-12-13 22:16:04.870671|[g:1][CONSENSUS]addRawPrepare,height=142,reqIdx=1,hash=3b8440fd...
info|2019-12-13 22:16:04.871221|[g:1][CONSENSUS][PBFT]checkTimeout Succ,view=96,toView=97,nodeIdx=3,changeCycle=0,myNode=e441c300...,timecost=0.31
info|2019-12-13 22:16:04.872295|[g:1][CONSENSUS][PBFT]checkAndChangeView: Reach consensus,org_view=96,org_changeCycle=0,cur_changeCycle=0,to_view=97
info|2019-12-13 22:16:05.875837|[g:1][CONSENSUS]addRawPrepare,height=142,reqIdx=2,hash=7a8e1953...
info|2019-12-13 22:16:05.878757|[g:1][CONSENSUS][PBFT]checkTimeout Succ,view=97,toView=98,nodeIdx=3,changeCycle=0,myNode=e441c300...,timecost=1.984
info|2019-12-13 22:16:05.884766|[g:1][CONSENSUS][PBFT]checkAndChangeView: Reach consensus,org_view=97,org_changeCycle=0,cur_changeCycle=0,to_view=98
info|2019-12-13 22:16:06.885129|[g:1][CONSENSUS][SEALER]++++++++++++++++ Generating seal on,blkNum=142,tx=0,nodeIdx=3,hash=efa394ab...
info|2019-12-13 22:16:06.894241|[g:1][CONSENSUS][PBFT]checkTimeout Succ,view=98,toView=99,nodeIdx=3,changeCycle=0,myNode=e441c300...,timecost=2.677
info|2019-12-13 22:16:06.899504|[g:1][CONSENSUS][PBFT]checkAndChangeView: Reach consensus,org_view=98,org_changeCycle=0,cur_changeCycle=0,to_view=99
info|2019-12-13 22:16:07.901155|[g:1][CONSENSUS]addRawPrepare,height=142,reqIdx=0,hash=3e1c109e...
info|2019-12-13 22:16:07.903215|[g:1][CONSENSUS][PBFT]checkTimeout Succ,view=99,toView=100,nodeIdx=3,changeCycle=0,myNode=e441c300...,timecost=1.763
info|2019-12-13 22:16:07.907955|[g:1][CONSENSUS][PBFT]checkAndChangeView: Reach consensus,org_view=99,org_changeCycle=0,cur_changeCycle=0,to_view=100
info|2019-12-13 22:16:08.910964|[g:1][CONSENSUS]addRawPrepare,height=142,reqIdx=1,hash=bce6a1c1...
info|2019-12-13 22:16:08.911467|[g:1][CONSENSUS][PBFT]checkTimeout Succ,view=100,toView=101,nodeIdx=3,changeCycle=0,myNode=e441c300...,timecost=0.409
info|2019-12-13 22:16:08.912387|[g:1][CONSENSUS][PBFT]checkAndChangeView: Reach consensus,org_view=100,org_changeCycle=0,cur_changeCycle=0,to_view=101
info|2019-12-13 22:16:09.917738|[g:1][CONSENSUS]addRawPrepare,height=142,reqIdx=2,hash=285457c9...
info|2019-12-13 22:16:09.919566|[g:1][CONSENSUS][PBFT]checkTimeout Succ,view=101,toView=102,nodeIdx=3,changeCycle=0,myNode=e441c300...,timecost=1.434
info|2019-12-13 22:16:09.923892|[g:1][CONSENSUS][PBFT]checkAndChangeView: Reach consensus,org_view=101,org_changeCycle=0,cur_changeCycle=0,to_view=102
info|2019-12-13 22:16:10.923639|[g:1][CONSENSUS][SEALER]++++++++++++++++ Generating seal on,blkNum=142,tx=0,nodeIdx=3,hash=62bc558f...
info|2019-12-13 22:16:10.926028|[g:1][CONSENSUS][PBFT]checkTimeout Succ,view=102,toView=103,nodeIdx=3,changeCycle=0,myNode=e441c300...,timecost=0.288
info|2019-12-13 22:16:10.926506|[g:1][CONSENSUS][PBFT]checkAndChangeView: Reach consensus,org_view=102,org_changeCycle=0,cur_changeCycle=0,to_view=103
info|2019-12-13 22:16:11.930505|[g:1][CONSENSUS]addRawPrepare,height=142,reqIdx=0,hash=33a0cf56...
info|2019-12-13 22:16:11.931798|[g:1][CONSENSUS][PBFT]checkTimeout Succ,view=103,toView=104,nodeIdx=3,changeCycle=0,myNode=e441c300...,timecost=1.069
info|2019-12-13 22:16:11.934513|[g:1][CONSENSUS][PBFT]checkAndChangeView: Reach consensus,org_view=103,org_changeCycle=0,cur_changeCycle=0,to_view=104
info|2019-12-13 22:16:12.910829|[P2P][Service] heartBeat,connected count=3
info|2019-12-13 22:16:12.938928|[g:1][CONSENSUS]addRawPrepare,height=142,reqIdx=1,hash=216f4f12...
info|2019-12-13 22:16:12.940678|[g:1][CONSENSUS][PBFT]checkTimeout Succ,view=104,toView=105,nodeIdx=3,changeCycle=0,myNode=e441c300...,timecost=1.069
info|2019-12-13 22:16:12.947781|[g:1][CONSENSUS][PBFT]checkAndChangeView: Reach consensus,org_view=104,org_changeCycle=0,cur_changeCycle=0,to_view=105
info|2019-12-13 22:16:13.949595|[g:1][CONSENSUS]addRawPrepare,height=142,reqIdx=2,hash=e12c8757...
info|2019-12-13 22:16:13.953691|[g:1][CONSENSUS][PBFT]checkTimeout Succ,view=105,toView=106,nodeIdx=3,changeCycle=0,myNode=e441c300...,timecost=3.719
info|2019-12-13 22:16:13.956969|[g:1][CONSENSUS][PBFT]checkAndChangeView: Reach consensus,org_view=105,org_changeCycle=0,cur_changeCycle=0,to_view=106
info|2019-12-13 22:16:14.957990|[g:1][CONSENSUS][SEALER]++++++++++++++++ Generating seal on,blkNum=142,tx=0,nodeIdx=3,hash=83cbfafe...
info|2019-12-13 22:16:14.960979|[g:1][CONSENSUS][PBFT]checkTimeout Succ,view=106,toView=107,nodeIdx=3,changeCycle=0,myNode=e441c300...,timecost=1.974
info|2019-12-13 22:16:14.969186|[g:1][CONSENSUS][PBFT]checkAndChangeView: Reach consensus,org_view=106,org_changeCycle=0,cur_changeCycle=0,to_view=107
info|2019-12-13 22:16:15.973889|[g:1][CONSENSUS]addRawPrepare,height=142,reqIdx=0,hash=8bd5de11...
info|2019-12-13 22:16:15.978554|[g:1][CONSENSUS][PBFT]checkTimeout Succ,view=107,toView=108,nodeIdx=3,changeCycle=0,myNode=e441c300...,timecost=2.206
info|2019-12-13 22:16:15.984050|[g:1][CONSENSUS][PBFT]checkAndChangeView: Reach consensus,org_view=107,org_changeCycle=0,cur_changeCycle=0,to_view=108
info|2019-12-13 22:16:16.984125|[g:1][CONSENSUS]addRawPrepare,height=142,reqIdx=1,hash=ce0c845e...
info|2019-12-13 22:16:16.986516|[g:1][CONSENSUS][PBFT]checkTimeout Succ,view=108,toView=109,nodeIdx=3,changeCycle=0,myNode=e441c300...,timecost=2.021
info|2019-12-13 22:16:16.995828|[g:1][CONSENSUS][PBFT]checkAndChangeView: Reach consensus,org_view=108,org_changeCycle=0,cur_changeCycle=0,to_view=109
info|2019-12-13 22:16:17.997857|[g:1][CONSENSUS]addRawPrepare,height=142,reqIdx=2,hash=230c463f...
info|2019-12-13 22:16:18.000435|[g:1][CONSENSUS][PBFT]checkTimeout Succ,view=109,toView=110,nodeIdx=3,changeCycle=0,myNode=e441c300...,timecost=1.923
info|2019-12-13 22:16:18.005954|[g:1][CONSENSUS][PBFT]checkAndChangeView: Reach consensus,org_view=109,org_changeCycle=0,cur_changeCycle=0,to_view=110
info|2019-12-13 22:16:19.006521|[g:1][CONSENSUS][SEALER]++++++++++++++++ Generating seal on,blkNum=142,tx=0,nodeIdx=3,hash=cf626c30...
info|2019-12-13 22:16:19.009766|[g:1][CONSENSUS][PBFT]checkTimeout Succ,view=110,toView=111,nodeIdx=3,changeCycle=0,myNode=e441c300...,timecost=1.149
info|2019-12-13 22:16:19.010160|[g:1][CONSENSUS][PBFT]checkAndChangeView: Reach consensus,org_view=110,org_changeCycle=0,cur_changeCycle=0,to_view=111
info|2019-12-13 22:16:20.010429|[g:1][CONSENSUS]addRawPrepare,height=142,reqIdx=0,hash=30a43314...
info|2019-12-13 22:16:20.012033|[g:1][CONSENSUS][PBFT]checkTimeout Succ,view=111,toView=112,nodeIdx=3,changeCycle=0,myNode=e441c300...,timecost=1.525
info|2019-12-13 22:16:20.014202|[g:1][CONSENSUS][PBFT]checkAndChangeView: Reach consensus,org_view=111,org_changeCycle=0,cur_changeCycle=0,to_view=112
info|2019-12-13 22:16:21.015728|[g:1][CONSENSUS]addRawPrepare,height=142,reqIdx=1,hash=59efb061...
info|2019-12-13 22:16:21.017943|[g:1][CONSENSUS][PBFT]checkTimeout Succ,view=112,toView=113,nodeIdx=3,changeCycle=0,myNode=e441c300...,timecost=1.802
info|2019-12-13 22:16:21.018902|[g:1][CONSENSUS][PBFT]checkAndChangeView: Reach consensus,org_view=112,org_changeCycle=0,cur_changeCycle=0,to_view=113
info|2019-12-13 22:16:22.020038|[g:1][CONSENSUS]addRawPrepare,height=142,reqIdx=2,hash=65f21b12...
info|2019-12-13 22:16:22.020711|[g:1][CONSENSUS][PBFT]checkTimeout Succ,view=113,toView=114,nodeIdx=3,changeCycle=0,myNode=e441c300...,timecost=0.401
info|2019-12-13 22:16:22.021942|[g:1][CONSENSUS][PBFT]checkAndChangeView: Reach consensus,org_view=113,org_changeCycle=0,cur_changeCycle=0,to_view=114
info|2019-12-13 22:16:22.910954|[P2P][Service] heartBeat,connected count=3
info|2019-12-13 22:16:23.021568|[g:1][CONSENSUS][SEALER]++++++++++++++++ Generating seal on,blkNum=142,tx=0,nodeIdx=3,hash=6ada4e66...
info|2019-12-13 22:16:23.025266|[g:1][CONSENSUS][PBFT]checkTimeout Succ,view=114,toView=115,nodeIdx=3,changeCycle=0,myNode=e441c300...,timecost=2.347
info|2019-12-13 22:16:23.032800|[g:1][CONSENSUS][PBFT]checkAndChangeView: Reach consensus,org_view=114,org_changeCycle=0,cur_changeCycle=0,to_view=115
info|2019-12-13 22:16:24.042249|[g:1][CONSENSUS]addRawPrepare,height=142,reqIdx=0,hash=3e138de1...
info|2019-12-13 22:16:24.045954|[g:1][CONSENSUS][PBFT]checkTimeout Succ,view=115,toView=116,nodeIdx=3,changeCycle=0,myNode=e441c300...,timecost=2.718
info|2019-12-13 22:16:24.049804|[g:1][CONSENSUS][PBFT]checkAndChangeView: Reach consensus,org_view=115,org_changeCycle=0,cur_changeCycle=0,to_view=116
info|2019-12-13 22:16:25.055884|[g:1][CONSENSUS]addRawPrepare,height=142,reqIdx=1,hash=c9a2fe00...
info|2019-12-13 22:16:25.058526|[g:1][CONSENSUS][PBFT]checkTimeout Succ,view=116,toView=117,nodeIdx=3,changeCycle=0,myNode=e441c300...,timecost=2.041
info|2019-12-13 22:16:25.063535|[g:1][CONSENSUS][PBFT]checkAndChangeView: Reach consensus,org_view=116,org_changeCycle=0,cur_changeCycle=0,to_view=117
info|2019-12-13 22:16:26.070438|[g:1][CONSENSUS]addRawPrepare,height=142,reqIdx=2,hash=c73e6794...
info|2019-12-13 22:16:26.073935|[g:1][CONSENSUS][PBFT]checkTimeout Succ,view=117,toView=118,nodeIdx=3,changeCycle=0,myNode=e441c300...,timecost=2.404
info|2019-12-13 22:16:26.079170|[g:1][CONSENSUS][PBFT]checkAndChangeView: Reach consensus,org_view=117,org_changeCycle=0,cur_changeCycle=0,to_view=118
info|2019-12-13 22:16:27.080125|[g:1][CONSENSUS][SEALER]++++++++++++++++ Generating seal on,blkNum=142,tx=0,nodeIdx=3,hash=9f479be6...
info|2019-12-13 22:16:27.088571|[g:1][CONSENSUS][PBFT]checkTimeout Succ,view=118,toView=119,nodeIdx=3,changeCycle=0,myNode=e441c300...,timecost=1.948
info|2019-12-13 22:16:27.093094|[g:1][CONSENSUS][PBFT]checkAndChangeView: Reach consensus,org_view=118,org_changeCycle=0,cur_changeCycle=0,to_view=119
info|2019-12-13 22:16:28.096407|[g:1][CONSENSUS]addRawPrepare,height=142,reqIdx=0,hash=9e4c4177...
info|2019-12-13 22:16:28.099104|[g:1][CONSENSUS][PBFT]checkTimeout Succ,view=119,toView=120,nodeIdx=3,changeCycle=0,myNode=e441c300...,timecost=1.323
info|2019-12-13 22:16:28.103167|[g:1][CONSENSUS][PBFT]checkAndChangeView: Reach consensus,org_view=119,org_changeCycle=0,cur_changeCycle=0,to_view=120
info|2019-12-13 22:16:29.115576|[g:1][CONSENSUS]addRawPrepare,height=142,reqIdx=1,hash=e5cab797...
info|2019-12-13 22:16:29.118949|[g:1][CONSENSUS][PBFT]checkTimeout Succ,view=120,toView=121,nodeIdx=3,changeCycle=0,myNode=e441c300...,timecost=2.565
info|2019-12-13 22:16:29.124905|[g:1][CONSENSUS][PBFT]checkAndChangeView: Reach consensus,org_view=120,org_changeCycle=0,cur_changeCycle=0,to_view=121
info|2019-12-13 22:16:30.127751|[g:1][CONSENSUS]addRawPrepare,height=142,reqIdx=2,hash=f8af7041...
info|2019-12-13 22:16:30.130764|[g:1][CONSENSUS][PBFT]checkTimeout Succ,view=121,toView=122,nodeIdx=3,changeCycle=0,myNode=e441c300...,timecost=1.893
info|2019-12-13 22:16:30.135635|[g:1][CONSENSUS][PBFT]checkAndChangeView: Reach consensus,org_view=121,org_changeCycle=0,cur_changeCycle=0,to_view=122
info|2019-12-13 22:16:31.138611|[g:1][CONSENSUS][SEALER]++++++++++++++++ Generating seal on,blkNum=142,tx=0,nodeIdx=3,hash=e1feb37b...
info|2019-12-13 22:16:31.146938|[g:1][CONSENSUS][PBFT]checkTimeout Succ,view=122,toView=123,nodeIdx=3,changeCycle=0,myNode=e441c300...,timecost=5.868
info|2019-12-13 22:16:31.158865|[g:1][CONSENSUS][PBFT]checkAndChangeView: Reach consensus,org_view=122,org_changeCycle=0,cur_changeCycle=0,to_view=123
info|2019-12-13 22:16:32.179315|[g:1][CONSENSUS]addRawPrepare,height=142,reqIdx=0,hash=9c2b6cf8...
info|2019-12-13 22:16:32.182504|[g:1][CONSENSUS][PBFT]checkTimeout Succ,view=123,toView=124,nodeIdx=3,changeCycle=0,myNode=e441c300...,timecost=2.273
info|2019-12-13 22:16:32.187767|[g:1][CONSENSUS][PBFT]checkAndChangeView: Reach consensus,org_view=123,org_changeCycle=0,cur_changeCycle=0,to_view=124
info|2019-12-13 22:16:32.911169|[P2P][Service] heartBeat,connected count=3
info|2019-12-13 22:16:33.189028|[g:1][CONSENSUS]addRawPrepare,height=142,reqIdx=1,hash=b19beab6...
info|2019-12-13 22:16:33.190728|[g:1][CONSENSUS][PBFT]checkTimeout Succ,view=124,toView=125,nodeIdx=3,changeCycle=0,myNode=e441c300...,timecost=1.353
info|2019-12-13 22:16:33.196530|[g:1][CONSENSUS][PBFT]checkAndChangeView: Reach consensus,org_view=124,org_changeCycle=0,cur_changeCycle=0,to_view=125
info|2019-12-13 22:16:34.206014|[g:1][CONSENSUS]addRawPrepare,height=142,reqIdx=2,hash=836fb8bd...
info|2019-12-13 22:16:34.208883|[g:1][CONSENSUS][PBFT]checkTimeout Succ,view=125,toView=126,nodeIdx=3,changeCycle=0,myNode=e441c300...,timecost=1.422
info|2019-12-13 22:16:34.214132|[g:1][CONSENSUS][PBFT]checkAndChangeView: Reach consensus,org_view=125,org_changeCycle=0,cur_changeCycle=0,to_view=126
info|2019-12-13 22:16:35.214954|[g:1][CONSENSUS][SEALER]++++++++++++++++ Generating seal on,blkNum=142,tx=0,nodeIdx=3,hash=e31aa8a7...
info|2019-12-13 22:16:35.223946|[g:1][CONSENSUS][PBFT]checkTimeout Succ,view=126,toView=127,nodeIdx=3,changeCycle=0,myNode=e441c300...,timecost=1.367
info|2019-12-13 22:16:35.229774|[g:1][CONSENSUS][PBFT]checkAndChangeView: Reach consensus,org_view=126,org_changeCycle=0,cur_changeCycle=0,to_view=127
info|2019-12-13 22:16:36.232008|[g:1][CONSENSUS]addRawPrepare,height=142,reqIdx=0,hash=1afdd9d6...
info|2019-12-13 22:16:36.234400|[g:1][CONSENSUS][PBFT]checkTimeout Succ,view=127,toView=128,nodeIdx=3,changeCycle=0,myNode=e441c300...,timecost=1.889
info|2019-12-13 22:16:36.241217|[g:1][CONSENSUS][PBFT]checkAndChangeView: Reach consensus,org_view=127,org_changeCycle=0,cur_changeCycle=0,to_view=128
info|2019-12-13 22:16:37.243984|[g:1][CONSENSUS]addRawPrepare,height=142,reqIdx=1,hash=e3cda7c4...
info|2019-12-13 22:16:37.246077|[g:1][CONSENSUS][PBFT]checkTimeout Succ,view=128,toView=129,nodeIdx=3,changeCycle=0,myNode=e441c300...,timecost=1.694
info|2019-12-13 22:16:37.252122|[g:1][CONSENSUS][PBFT]checkAndChangeView: Reach consensus,org_view=128,org_changeCycle=0,cur_changeCycle=0,to_view=129
info|2019-12-13 22:16:38.253439|[g:1][CONSENSUS]addRawPrepare,height=142,reqIdx=2,hash=3984d9ef...
info|2019-12-13 22:16:38.255147|[g:1][CONSENSUS][PBFT]checkTimeout Succ,view=129,toView=130,nodeIdx=3,changeCycle=0,myNode=e441c300...,timecost=1.398
info|2019-12-13 22:16:38.261228|[g:1][CONSENSUS][PBFT]checkAndChangeView: Reach consensus,org_view=129,org_changeCycle=0,cur_changeCycle=0,to_view=130
info|2019-12-13 22:16:39.262261|[g:1][CONSENSUS][SEALER]++++++++++++++++ Generating seal on,blkNum=142,tx=0,nodeIdx=3,hash=7d399ea5...
info|2019-12-13 22:16:39.275976|[g:1][CONSENSUS][PBFT]checkTimeout Succ,view=130,toView=131,nodeIdx=3,changeCycle=0,myNode=e441c300...,timecost=1.924
info|2019-12-13 22:16:39.277828|[g:1][CONSENSUS][PBFT]checkAndChangeView: Reach consensus,org_view=130,org_changeCycle=0,cur_changeCycle=0,to_view=131
info|2019-12-13 22:16:40.276786|[g:1][CONSENSUS]addRawPrepare,height=142,reqIdx=0,hash=7be71f96...
info|2019-12-13 22:16:40.278512|[g:1][CONSENSUS][PBFT]checkTimeout Succ,view=131,toView=132,nodeIdx=3,changeCycle=0,myNode=e441c300...,timecost=1.384
info|2019-12-13 22:16:40.283439|[g:1][CONSENSUS][PBFT]checkAndChangeView: Reach consensus,org_view=131,org_changeCycle=0,cur_changeCycle=0,to_view=132
info|2019-12-13 22:16:41.291019|[g:1][CONSENSUS]addRawPrepare,height=142,reqIdx=1,hash=63aa0f9a...
info|2019-12-13 22:16:41.293407|[g:1][CONSENSUS][PBFT]checkTimeout Succ,view=132,toView=133,nodeIdx=3,changeCycle=0,myNode=e441c300...,timecost=2.041
info|2019-12-13 22:16:41.299232|[g:1][CONSENSUS][PBFT]checkAndChangeView: Reach consensus,org_view=132,org_changeCycle=0,cur_changeCycle=0,to_view=133
info|2019-12-13 22:16:42.302379|[g:1][CONSENSUS]addRawPrepare,height=142,reqIdx=2,hash=6da88070...
info|2019-12-13 22:16:42.304376|[g:1][CONSENSUS][PBFT]checkTimeout Succ,view=133,toView=134,nodeIdx=3,changeCycle=0,myNode=e441c300...,timecost=1.533
info|2019-12-13 22:16:42.308834|[g:1][CONSENSUS][PBFT]checkAndChangeView: Reach consensus,org_view=133,org_changeCycle=0,cur_changeCycle=0,to_view=134
info|2019-12-13 22:16:42.911360|[P2P][Service] heartBeat,connected count=3
info|2019-12-13 22:16:43.309231|[g:1][CONSENSUS][SEALER]++++++++++++++++ Generating seal on,blkNum=142,tx=0,nodeIdx=3,hash=5d3c9845...
info|2019-12-13 22:16:43.314038|[g:1][CONSENSUS][PBFT]checkTimeout Succ,view=134,toView=135,nodeIdx=3,changeCycle=0,myNode=e441c300...,timecost=3.668
info|2019-12-13 22:16:43.325700|[g:1][CONSENSUS][PBFT]checkAndChangeView: Reach consensus,org_view=134,org_changeCycle=0,cur_changeCycle=0,to_view=135
info|2019-12-13 22:16:44.326563|[g:1][CONSENSUS]addRawPrepare,height=142,reqIdx=0,hash=99012785...
info|2019-12-13 22:16:44.330889|[g:1][CONSENSUS][PBFT]checkTimeout Succ,view=135,toView=136,nodeIdx=3,changeCycle=0,myNode=e441c300...,timecost=3.984
info|2019-12-13 22:16:44.336630|[g:1][CONSENSUS][PBFT]checkAndChangeView: Reach consensus,org_view=135,org_changeCycle=0,cur_changeCycle=0,to_view=136
info|2019-12-13 22:16:45.331493|[LEDGER]stop sealer,groupID=1
info|2019-12-13 22:16:45.331507|[CONSENSUS][SEALER]Stop sealer module...
info|2019-12-13 22:16:45.339841|[CONSENSUS][ConsensusEngine][Stop ConsensusEngineBase]
info|2019-12-13 22:16:45.345243|[CONSENSUS][ConsensusEngine]ConsensusEngineBase stopped
info|2019-12-13 22:16:45.345254|[LEDGER]sealer stopped. stop sync,groupID=1
info|2019-12-13 22:16:45.539208|[SYNC][id:e441c300...]SyncMaster stopped
info|2019-12-13 22:16:45.539257|[LEDGER]ledger stopped,groupID=1
info|2019-12-13 22:16:45.634177|[EVENT][EventLogFilterManager]stop
info|2019-12-13 22:16:45.634246|[LEDGER]event filter manager stopped,groupID=1
info|2019-12-13 22:16:45.634282|[INITIALIZER]ledgerInitializer stopped
info|2019-12-13 22:16:46.634728|[INITIALIZER]ChannelRPCHttpServer deleted.
info|2019-12-13 22:16:46.635204|[INITIALIZER]JsonrpcHttpServer deleted.
info|2019-12-13 22:16:46.635237|[INITIALIZER]RPCInitializer stopped
info|2019-12-13 22:16:46.635295|[NETWORK][Host]Host exit
info|2019-12-13 22:16:46.636166|[INITIALIZER]P2PInitializer stopped
info|2019-12-13 22:16:46.636219|[LEDGER]stop sealer,groupID=1
info|2019-12-13 22:16:46.636235|[LEDGER]sealer stopped. stop sync,groupID=1
info|2019-12-13 22:16:46.636250|[SYNC][id:e441c300...]SyncMaster stopped
info|2019-12-13 22:16:46.636263|[LEDGER]ledger stopped,groupID=1
info|2019-12-13 22:16:46.636275|[LEDGER]event filter manager stopped,groupID=1
info|2019-12-13 22:16:46.636296|[STORAGE]Stopping flushStorage thread
info|2019-12-13 22:16:47.035444|[STORAGE]flushStorage thread stopped.
info|2019-12-13 22:16:47.035485|[DBINITIALIZER] storage stopped
info|2019-12-13 22:16:47.037065|[SYNC][id:e441c300...]SyncMaster stopped
