info|2019-12-13 22:11:31.765121|[INITIALIZER][initGlobalConfig],enableCompress=true,compatibilityVersion=2.1.0,versionNumber=33619968,chainId=1
info|2019-12-13 22:11:31.785067|[NETWORK][Host]Connecting to node,endpoint=127.0.0.1:30300
info|2019-12-13 22:11:31.785157|[NETWORK][Host]Connecting to node,endpoint=127.0.0.1:30301
info|2019-12-13 22:11:31.785201|[NETWORK][Host]Connecting to node,endpoint=127.0.0.1:30302
info|2019-12-13 22:11:31.785237|[NETWORK][Host]Connecting to node,endpoint=127.0.0.1:30303
info|2019-12-13 22:11:31.785271|[P2P][Service] heartBeat,connected count=0
info|2019-12-13 22:11:31.785780|[CHANNEL]ChannelRPCServer started
info|2019-12-13 22:11:31.785803|[INITIALIZER][RPCInitializer]ChannelRPCHttpServer started.
info|2019-12-13 22:11:31.785825|[LedgerInitializer],groupConfigPath=conf/
info|2019-12-13 22:11:31.785923|[INITIALIZER][initSingleLedger] [GroupId]:  1
info|2019-12-13 22:11:31.785947|[g:1][LEDGER]LedgerConstructor,configPath=conf/group.1.genesis,baseDir=data//group1
info|2019-12-13 22:11:31.785964|[g:1][LEDGER][initGenesisConfig]initConsensusConfig/initDBConfig/initTxConfig,configFile=conf/group.1.genesis
info|2019-12-13 22:11:31.786040|[g:1][LEDGER][initConsensusConfig],it.first=3f806b74841629d37e779f7a16561f4795128b422719444dee6e48722102bad01a03dfcadf6e8d7b25d32d9cd72f07d35f577d57e6f154ef60dfef0f2871167e
info|2019-12-13 22:11:31.786064|[g:1][LEDGER][initConsensusConfig],it.first=729ae2cc88cbfd90be04d286d54cd5281ebd8d448483ffd6bf10f229b3c35f98333a78bf0598277a577e3f79de477f9fe987ed96188d54a81dba946f6facddae
info|2019-12-13 22:11:31.786085|[g:1][LEDGER][initConsensusConfig],it.first=e441c30060737d3968cd6b17533d74a8d04b2268bcc02f5cab296e57a5ca0ee34190c4cfa4d72a7b51061361e093cd83b2e42e0cc6619907aa42b7bfa7496aaa
info|2019-12-13 22:11:31.786104|[g:1][LEDGER][initConsensusConfig],it.first=8d7b93e87e42afb39b5fcb0158fbd2afaa0b15ddb98a26fbb9f6a00d7aa9bcb3567944a9668175e31aed1e4a539d73b9a2c29d711e0f9c60f8ad9fa38b62feed
info|2019-12-13 22:11:31.786146|[g:1][LEDGER][initIniConfig]initTxPoolConfig/initSyncConfig/initTxExecuteConfig,configFile=conf/group.1.ini
info|2019-12-13 22:11:31.786241|[g:1][LEDGER][initLedger][DBInitializer]
info|2019-12-13 22:11:31.786263|[g:1][DBINITIALIZER] [initRocksDBStorage]
info|2019-12-13 22:11:31.786296|[g:1][ROCKSDB]open rocksDB handler
info|2019-12-13 22:11:31.787940|[NETWORK][Host]P2P StartAccept,Host=0.0.0.0:30302
info|2019-12-13 22:11:31.788043|[NETWORK][ASIO]asyncResolveConnect,endpoint=127.0.0.1:30300
info|2019-12-13 22:11:31.788094|[NETWORK][ASIO]asyncResolveConnect,endpoint=127.0.0.1:30301
info|2019-12-13 22:11:31.788138|[NETWORK][ASIO]asyncResolveConnect,endpoint=127.0.0.1:30302
info|2019-12-13 22:11:31.788183|[NETWORK][ASIO]asyncResolveConnect,endpoint=127.0.0.1:30303
info|2019-12-13 22:11:31.788412|[NETWORK][Host]P2P Recv Connect, From=127.0.0.1:52334
info|2019-12-13 22:11:31.788456|[NETWORK][Host]P2P StartAccept,Host=0.0.0.0:30302
info|2019-12-13 22:11:31.798764|[NETWORK][Host]startPeerSession, From=127.0.0.1:52334,nodeID=e441c300...
info|2019-12-13 22:11:31.798952|[NETWORK][Host]startPeerSession, From=127.0.0.1:30302,nodeID=e441c300...
info|2019-12-13 22:11:31.815897|[NETWORK][Host]startPeerSession, From=127.0.0.1:30301,nodeID=729ae2cc...
info|2019-12-13 22:11:31.815958|[P2P][Service] Connection established,nodeID=729ae2cc...,endpoint=127.0.0.1:30301
info|2019-12-13 22:11:31.815981|[NETWORK][Host]startPeerSession, From=127.0.0.1:30300,nodeID=3f806b74...
info|2019-12-13 22:11:31.816032|[P2P][Service] Connection established,nodeID=3f806b74...,endpoint=127.0.0.1:30300
info|2019-12-13 22:11:31.817377|[NETWORK][Host]startPeerSession, From=127.0.0.1:30303,nodeID=8d7b93e8...
info|2019-12-13 22:11:31.817413|[P2P][Service] Connection established,nodeID=8d7b93e8...,endpoint=127.0.0.1:30303
info|2019-12-13 22:11:31.834353|[g:1][g:0][STORAGE][CachedStorage]Init flushStorage thread
info|2019-12-13 22:11:31.834701|[g:1][BLOCKCHAIN][#checkAndBuildGenesisBlock]Already have the 0th block, 0th groupMark is equal to file groupMark.
info|2019-12-13 22:11:31.839716|[g:1][CONSENSUS][PBFT]Register handler for PBFTEngine
info|2019-12-13 22:11:31.839730|[g:1][CONSENSUS][PBFT],minBlockGenerationTime=500
info|2019-12-13 22:11:31.839758|[LedgerInitializer init group succ],groupID=1
info|2019-12-13 22:11:31.839906|[INITIALIZER][RPCInitializer]JsonrpcHttpServer started.
info|2019-12-13 22:11:31.839915|[g:1][LEDGER]startAll...
info|2019-12-13 22:11:31.840273|[g:1][CONSENSUS][PBFT]^^^^^^^^Report,num=141,sealerIdx=3,hash=42223d64...,next=142,tx=1,nodeIdx=3
info|2019-12-13 22:11:31.867380|[g:1][CONSENSUS][PBFT][PBFT init env successfully]
info|2019-12-13 22:11:31.867417|[g:1][CONSENSUS][ConsensusEngine][Start ConsensusEngineBase]
info|2019-12-13 22:11:31.867722|[g:1][CONSENSUS][PBFT][Start PBFTEngine...]
info|2019-12-13 22:11:31.867768|[g:1][CONSENSUS][SEALER][Start sealer module]
info|2019-12-13 22:11:31.868672|[g:1][EVENT][EventLogFilterManager]start,m_maxBlockRange=0,m_maxBlockPerLoopFilter=3
info|2019-12-13 22:11:32.859102|[g:1][CONSENSUS]addRawPrepare,height=142,reqIdx=1,hash=0daa8a93...
info|2019-12-13 22:11:32.861482|[g:1][CONSENSUS][PBFT]checkTimeout Succ,view=0,toView=1,nodeIdx=3,changeCycle=0,myNode=e441c300...,timecost=2.01
info|2019-12-13 22:11:32.867478|[g:1][CONSENSUS][PBFT]checkAndChangeView: Reach consensus,org_view=0,org_changeCycle=0,cur_changeCycle=0,to_view=1
info|2019-12-13 22:11:33.872474|[g:1][CONSENSUS]addRawPrepare,height=142,reqIdx=2,hash=f61942cc...
info|2019-12-13 22:11:33.875888|[g:1][CONSENSUS][PBFT]checkTimeout Succ,view=1,toView=2,nodeIdx=3,changeCycle=0,myNode=e441c300...,timecost=3.047
info|2019-12-13 22:11:33.880503|[g:1][CONSENSUS][PBFT]checkAndChangeView: Reach consensus,org_view=1,org_changeCycle=0,cur_changeCycle=0,to_view=2
info|2019-12-13 22:11:34.881440|[g:1][CONSENSUS][SEALER]++++++++++++++++ Generating seal on,blkNum=142,tx=0,nodeIdx=3,hash=f6fa2f5c...
info|2019-12-13 22:11:34.888846|[g:1][CONSENSUS][PBFT]checkTimeout Succ,view=2,toView=3,nodeIdx=3,changeCycle=0,myNode=e441c300...,timecost=1.578
info|2019-12-13 22:11:34.895311|[g:1][CONSENSUS][PBFT]checkAndChangeView: Reach consensus,org_view=2,org_changeCycle=0,cur_changeCycle=0,to_view=3
info|2019-12-13 22:11:35.897982|[g:1][CONSENSUS]addRawPrepare,height=142,reqIdx=0,hash=f1456d07...
info|2019-12-13 22:11:35.900021|[g:1][CONSENSUS][PBFT]checkTimeout Succ,view=3,toView=4,nodeIdx=3,changeCycle=0,myNode=e441c300...,timecost=1.596
info|2019-12-13 22:11:35.914338|[g:1][CONSENSUS][PBFT]checkAndChangeView: Reach consensus,org_view=3,org_changeCycle=0,cur_changeCycle=0,to_view=4
info|2019-12-13 22:11:36.915404|[g:1][CONSENSUS]addRawPrepare,height=142,reqIdx=1,hash=aee45149...
info|2019-12-13 22:11:36.919115|[g:1][CONSENSUS][PBFT]checkTimeout Succ,view=4,toView=5,nodeIdx=3,changeCycle=0,myNode=e441c300...,timecost=2.68
info|2019-12-13 22:11:36.924773|[g:1][CONSENSUS][PBFT]checkAndChangeView: Reach consensus,org_view=4,org_changeCycle=0,cur_changeCycle=0,to_view=5
info|2019-12-13 22:11:37.928910|[g:1][CONSENSUS]addRawPrepare,height=142,reqIdx=2,hash=ea2259f8...
info|2019-12-13 22:11:37.929313|[g:1][CONSENSUS][PBFT]checkTimeout Succ,view=5,toView=6,nodeIdx=3,changeCycle=0,myNode=e441c300...,timecost=0.262
info|2019-12-13 22:11:37.937208|[g:1][CONSENSUS][PBFT]checkAndChangeView: Reach consensus,org_view=5,org_changeCycle=0,cur_changeCycle=0,to_view=6
info|2019-12-13 22:11:38.937391|[g:1][CONSENSUS][SEALER]++++++++++++++++ Generating seal on,blkNum=142,tx=0,nodeIdx=3,hash=1416c30b...
info|2019-12-13 22:11:38.939468|[g:1][CONSENSUS][PBFT]checkTimeout Succ,view=6,toView=7,nodeIdx=3,changeCycle=0,myNode=e441c300...,timecost=0.286
info|2019-12-13 22:11:38.940739|[g:1][CONSENSUS][PBFT]checkAndChangeView: Reach consensus,org_view=6,org_changeCycle=0,cur_changeCycle=0,to_view=7
info|2019-12-13 22:11:39.944642|[g:1][CONSENSUS]addRawPrepare,height=142,reqIdx=0,hash=0c1aad93...
info|2019-12-13 22:11:39.945087|[g:1][CONSENSUS][PBFT]checkTimeout Succ,view=7,toView=8,nodeIdx=3,changeCycle=0,myNode=e441c300...,timecost=0.354
info|2019-12-13 22:11:39.949343|[g:1][CONSENSUS][PBFT]checkAndChangeView: Reach consensus,org_view=7,org_changeCycle=0,cur_changeCycle=0,to_view=8
info|2019-12-13 22:11:40.954922|[g:1][CONSENSUS]addRawPrepare,height=142,reqIdx=1,hash=1e47ee3a...
info|2019-12-13 22:11:40.958701|[g:1][CONSENSUS][PBFT]checkTimeout Succ,view=8,toView=9,nodeIdx=3,changeCycle=0,myNode=e441c300...,timecost=3.281
info|2019-12-13 22:11:40.966925|[g:1][CONSENSUS][PBFT]checkAndChangeView: Reach consensus,org_view=8,org_changeCycle=0,cur_changeCycle=0,to_view=9
info|2019-12-13 22:11:41.778194|[NETWORK][Host]P2P Recv Connect, From=127.0.0.1:52362
info|2019-12-13 22:11:41.778347|[NETWORK][Host]P2P StartAccept,Host=0.0.0.0:30302
info|2019-12-13 22:11:41.784198|[NETWORK][Host]P2P Recv Connect, From=127.0.0.1:52364
info|2019-12-13 22:11:41.784320|[NETWORK][Host]P2P StartAccept,Host=0.0.0.0:30302
info|2019-12-13 22:11:41.789839|[NETWORK][Host]P2P Recv Connect, From=127.0.0.1:52366
info|2019-12-13 22:11:41.790003|[NETWORK][Host]P2P StartAccept,Host=0.0.0.0:30302
info|2019-12-13 22:11:41.799890|[P2P][Service] heartBeat,connected count=3
info|2019-12-13 22:11:41.809627|[NETWORK][Host]startPeerSession, From=127.0.0.1:52362,nodeID=8d7b93e8...
info|2019-12-13 22:11:41.813363|[NETWORK][Host]startPeerSession, From=127.0.0.1:52364,nodeID=3f806b74...
info|2019-12-13 22:11:41.816606|[NETWORK][Host]startPeerSession, From=127.0.0.1:52366,nodeID=729ae2cc...
info|2019-12-13 22:11:41.982313|[g:1][CONSENSUS]addRawPrepare,height=142,reqIdx=2,hash=c19ac1ba...
info|2019-12-13 22:11:41.985734|[g:1][CONSENSUS][PBFT]checkTimeout Succ,view=9,toView=10,nodeIdx=3,changeCycle=0,myNode=e441c300...,timecost=2.789
info|2019-12-13 22:11:41.993132|[g:1][CONSENSUS][PBFT]checkAndChangeView: Reach consensus,org_view=9,org_changeCycle=0,cur_changeCycle=0,to_view=10
info|2019-12-13 22:11:42.993307|[g:1][CONSENSUS][SEALER]++++++++++++++++ Generating seal on,blkNum=142,tx=0,nodeIdx=3,hash=be79f403...
info|2019-12-13 22:11:42.996011|[g:1][CONSENSUS][PBFT]checkTimeout Succ,view=10,toView=11,nodeIdx=3,changeCycle=0,myNode=e441c300...,timecost=1.697
info|2019-12-13 22:11:43.002612|[g:1][CONSENSUS][PBFT]checkAndChangeView: Reach consensus,org_view=10,org_changeCycle=0,cur_changeCycle=0,to_view=11
info|2019-12-13 22:11:44.009443|[g:1][CONSENSUS]addRawPrepare,height=142,reqIdx=0,hash=61dbe4c2...
info|2019-12-13 22:11:44.011495|[g:1][CONSENSUS][PBFT]checkTimeout Succ,view=11,toView=12,nodeIdx=3,changeCycle=0,myNode=e441c300...,timecost=1.283
info|2019-12-13 22:11:44.019072|[g:1][CONSENSUS][PBFT]checkAndChangeView: Reach consensus,org_view=11,org_changeCycle=0,cur_changeCycle=0,to_view=12
info|2019-12-13 22:11:45.022135|[g:1][CONSENSUS]addRawPrepare,height=142,reqIdx=1,hash=66aaf602...
info|2019-12-13 22:11:45.024375|[g:1][CONSENSUS][PBFT]checkTimeout Succ,view=12,toView=13,nodeIdx=3,changeCycle=0,myNode=e441c300...,timecost=1.844
info|2019-12-13 22:11:45.030112|[g:1][CONSENSUS][PBFT]checkAndChangeView: Reach consensus,org_view=12,org_changeCycle=0,cur_changeCycle=0,to_view=13
info|2019-12-13 22:11:46.039908|[g:1][CONSENSUS]addRawPrepare,height=142,reqIdx=2,hash=048cbdc8...
info|2019-12-13 22:11:46.042996|[g:1][CONSENSUS][PBFT]checkTimeout Succ,view=13,toView=14,nodeIdx=3,changeCycle=0,myNode=e441c300...,timecost=2.017
info|2019-12-13 22:11:46.049229|[g:1][CONSENSUS][PBFT]checkAndChangeView: Reach consensus,org_view=13,org_changeCycle=0,cur_changeCycle=0,to_view=14
info|2019-12-13 22:11:47.049699|[g:1][CONSENSUS][SEALER]++++++++++++++++ Generating seal on,blkNum=142,tx=0,nodeIdx=3,hash=5baf75de...
info|2019-12-13 22:11:47.056848|[g:1][CONSENSUS][PBFT]checkTimeout Succ,view=14,toView=15,nodeIdx=3,changeCycle=0,myNode=e441c300...,timecost=1.381
info|2019-12-13 22:11:47.060219|[g:1][CONSENSUS][PBFT]checkAndChangeView: Reach consensus,org_view=14,org_changeCycle=0,cur_changeCycle=0,to_view=15
info|2019-12-13 22:11:48.066828|[g:1][CONSENSUS]addRawPrepare,height=142,reqIdx=0,hash=ee6a4ed3...
info|2019-12-13 22:11:48.068697|[g:1][CONSENSUS][PBFT]checkTimeout Succ,view=15,toView=16,nodeIdx=3,changeCycle=0,myNode=e441c300...,timecost=1.483
info|2019-12-13 22:11:48.073947|[g:1][CONSENSUS][PBFT]checkAndChangeView: Reach consensus,org_view=15,org_changeCycle=0,cur_changeCycle=0,to_view=16
info|2019-12-13 22:11:49.077651|[g:1][CONSENSUS]addRawPrepare,height=142,reqIdx=1,hash=a570535f...
info|2019-12-13 22:11:49.079199|[g:1][CONSENSUS][PBFT]checkTimeout Succ,view=16,toView=17,nodeIdx=3,changeCycle=0,myNode=e441c300...,timecost=1.196
info|2019-12-13 22:11:49.084580|[g:1][CONSENSUS][PBFT]checkAndChangeView: Reach consensus,org_view=16,org_changeCycle=0,cur_changeCycle=0,to_view=17
info|2019-12-13 22:11:50.088623|[g:1][CONSENSUS]addRawPrepare,height=142,reqIdx=2,hash=9c3728d2...
info|2019-12-13 22:11:50.092520|[g:1][CONSENSUS][PBFT]checkTimeout Succ,view=17,toView=18,nodeIdx=3,changeCycle=0,myNode=e441c300...,timecost=2.846
info|2019-12-13 22:11:50.097831|[g:1][CONSENSUS][PBFT]checkAndChangeView: Reach consensus,org_view=17,org_changeCycle=0,cur_changeCycle=0,to_view=18
info|2019-12-13 22:11:51.097804|[g:1][CONSENSUS][SEALER]++++++++++++++++ Generating seal on,blkNum=142,tx=0,nodeIdx=3,hash=342d1b27...
info|2019-12-13 22:11:51.101216|[g:1][CONSENSUS][PBFT]checkTimeout Succ,view=18,toView=19,nodeIdx=3,changeCycle=0,myNode=e441c300...,timecost=2.202
info|2019-12-13 22:11:51.107274|[g:1][CONSENSUS][PBFT]checkAndChangeView: Reach consensus,org_view=18,org_changeCycle=0,cur_changeCycle=0,to_view=19
info|2019-12-13 22:11:51.800147|[P2P][Service] heartBeat,connected count=3
info|2019-12-13 22:11:52.116043|[g:1][CONSENSUS]addRawPrepare,height=142,reqIdx=0,hash=fd464cba...
info|2019-12-13 22:11:52.120082|[g:1][CONSENSUS][PBFT]checkTimeout Succ,view=19,toView=20,nodeIdx=3,changeCycle=0,myNode=e441c300...,timecost=2.854
info|2019-12-13 22:11:52.124290|[g:1][CONSENSUS][PBFT]checkAndChangeView: Reach consensus,org_view=19,org_changeCycle=0,cur_changeCycle=0,to_view=20
info|2019-12-13 22:11:53.124740|[g:1][CONSENSUS]addRawPrepare,height=142,reqIdx=1,hash=30d479a1...
info|2019-12-13 22:11:53.126848|[g:1][CONSENSUS][PBFT]checkTimeout Succ,view=20,toView=21,nodeIdx=3,changeCycle=0,myNode=e441c300...,timecost=1.176
info|2019-12-13 22:11:53.133315|[g:1][CONSENSUS][PBFT]checkAndChangeView: Reach consensus,org_view=20,org_changeCycle=0,cur_changeCycle=0,to_view=21
info|2019-12-13 22:11:54.136026|[g:1][CONSENSUS]addRawPrepare,height=142,reqIdx=2,hash=833993d3...
info|2019-12-13 22:11:54.139274|[g:1][CONSENSUS][PBFT]checkTimeout Succ,view=21,toView=22,nodeIdx=3,changeCycle=0,myNode=e441c300...,timecost=2.816
info|2019-12-13 22:11:54.143749|[g:1][CONSENSUS][PBFT]checkAndChangeView: Reach consensus,org_view=21,org_changeCycle=0,cur_changeCycle=0,to_view=22
info|2019-12-13 22:11:55.143345|[g:1][CONSENSUS][SEALER]++++++++++++++++ Generating seal on,blkNum=142,tx=0,nodeIdx=3,hash=2d252f03...
info|2019-12-13 22:11:55.150100|[g:1][CONSENSUS][PBFT]checkTimeout Succ,view=22,toView=23,nodeIdx=3,changeCycle=0,myNode=e441c300...,timecost=5.768
info|2019-12-13 22:11:55.154776|[g:1][CONSENSUS][PBFT]checkAndChangeView: Reach consensus,org_view=22,org_changeCycle=0,cur_changeCycle=0,to_view=23
info|2019-12-13 22:11:56.158198|[g:1][CONSENSUS]addRawPrepare,height=142,reqIdx=0,hash=214abcf6...
info|2019-12-13 22:11:56.159548|[g:1][CONSENSUS][PBFT]checkTimeout Succ,view=23,toView=24,nodeIdx=3,changeCycle=0,myNode=e441c300...,timecost=1.092
info|2019-12-13 22:11:56.163495|[g:1][CONSENSUS][PBFT]checkAndChangeView: Reach consensus,org_view=23,org_changeCycle=0,cur_changeCycle=0,to_view=24
info|2019-12-13 22:11:57.168100|[g:1][CONSENSUS]addRawPrepare,height=142,reqIdx=1,hash=f720c199...
info|2019-12-13 22:11:57.172081|[g:1][CONSENSUS][PBFT]checkTimeout Succ,view=24,toView=25,nodeIdx=3,changeCycle=0,myNode=e441c300...,timecost=1.414
info|2019-12-13 22:11:57.176896|[g:1][CONSENSUS][PBFT]checkAndChangeView: Reach consensus,org_view=24,org_changeCycle=0,cur_changeCycle=0,to_view=25
info|2019-12-13 22:11:58.181640|[g:1][CONSENSUS]addRawPrepare,height=142,reqIdx=2,hash=676258c6...
info|2019-12-13 22:11:58.197451|[g:1][CONSENSUS][PBFT]checkTimeout Succ,view=25,toView=26,nodeIdx=3,changeCycle=0,myNode=e441c300...,timecost=14.466
info|2019-12-13 22:11:58.203009|[g:1][CONSENSUS][PBFT]checkAndChangeView: Reach consensus,org_view=25,org_changeCycle=0,cur_changeCycle=0,to_view=26
info|2019-12-13 22:11:59.203477|[g:1][CONSENSUS][SEALER]++++++++++++++++ Generating seal on,blkNum=142,tx=0,nodeIdx=3,hash=1ff6b3d2...
info|2019-12-13 22:11:59.205470|[g:1][CONSENSUS][PBFT]checkTimeout Succ,view=26,toView=27,nodeIdx=3,changeCycle=0,myNode=e441c300...,timecost=1.059
info|2019-12-13 22:11:59.214401|[g:1][CONSENSUS][PBFT]checkAndChangeView: Reach consensus,org_view=26,org_changeCycle=0,cur_changeCycle=0,to_view=27
info|2019-12-13 22:12:00.218807|[g:1][CONSENSUS]addRawPrepare,height=142,reqIdx=0,hash=b31fc22d...
info|2019-12-13 22:12:00.220742|[g:1][CONSENSUS][PBFT]checkTimeout Succ,view=27,toView=28,nodeIdx=3,changeCycle=0,myNode=e441c300...,timecost=1.376
info|2019-12-13 22:12:00.224756|[g:1][CONSENSUS][PBFT]checkAndChangeView: Reach consensus,org_view=27,org_changeCycle=0,cur_changeCycle=0,to_view=28
info|2019-12-13 22:12:01.228226|[g:1][CONSENSUS]addRawPrepare,height=142,reqIdx=1,hash=d05ba15e...
info|2019-12-13 22:12:01.229986|[g:1][CONSENSUS][PBFT]checkTimeout Succ,view=28,toView=29,nodeIdx=3,changeCycle=0,myNode=e441c300...,timecost=1.422
info|2019-12-13 22:12:01.237117|[g:1][CONSENSUS][PBFT]checkAndChangeView: Reach consensus,org_view=28,org_changeCycle=0,cur_changeCycle=0,to_view=29
info|2019-12-13 22:12:01.800334|[P2P][Service] heartBeat,connected count=3
info|2019-12-13 22:12:02.237183|[g:1][CONSENSUS]addRawPrepare,height=142,reqIdx=2,hash=943e4ca2...
info|2019-12-13 22:12:02.238450|[g:1][CONSENSUS][PBFT]checkTimeout Succ,view=29,toView=30,nodeIdx=3,changeCycle=0,myNode=e441c300...,timecost=1.198
info|2019-12-13 22:12:02.241245|[g:1][CONSENSUS][PBFT]checkAndChangeView: Reach consensus,org_view=29,org_changeCycle=0,cur_changeCycle=0,to_view=30
info|2019-12-13 22:12:03.242302|[g:1][CONSENSUS][SEALER]++++++++++++++++ Generating seal on,blkNum=142,tx=0,nodeIdx=3,hash=61ff6732...
info|2019-12-13 22:12:03.246898|[g:1][CONSENSUS][PBFT]checkTimeout Succ,view=30,toView=31,nodeIdx=3,changeCycle=0,myNode=e441c300...,timecost=1.276
info|2019-12-13 22:12:03.264980|[g:1][CONSENSUS][PBFT]checkAndChangeView: Reach consensus,org_view=30,org_changeCycle=0,cur_changeCycle=0,to_view=31
info|2019-12-13 22:12:04.276052|[g:1][CONSENSUS]addRawPrepare,height=142,reqIdx=0,hash=71eaac2f...
info|2019-12-13 22:12:04.281436|[g:1][CONSENSUS][PBFT]checkTimeout Succ,view=31,toView=32,nodeIdx=3,changeCycle=0,myNode=e441c300...,timecost=3.073
info|2019-12-13 22:12:04.286890|[g:1][CONSENSUS][PBFT]checkAndChangeView: Reach consensus,org_view=31,org_changeCycle=0,cur_changeCycle=0,to_view=32
info|2019-12-13 22:12:05.288784|[g:1][CONSENSUS]addRawPrepare,height=142,reqIdx=1,hash=c78f2ea0...
info|2019-12-13 22:12:05.289618|[g:1][CONSENSUS][PBFT]checkTimeout Succ,view=32,toView=33,nodeIdx=3,changeCycle=0,myNode=e441c300...,timecost=0.511
info|2019-12-13 22:12:05.290524|[g:1][CONSENSUS][PBFT]checkAndChangeView: Reach consensus,org_view=32,org_changeCycle=0,cur_changeCycle=0,to_view=33
info|2019-12-13 22:12:06.296756|[g:1][CONSENSUS]addRawPrepare,height=142,reqIdx=2,hash=88936da0...
info|2019-12-13 22:12:06.299535|[g:1][CONSENSUS][PBFT]checkTimeout Succ,view=33,toView=34,nodeIdx=3,changeCycle=0,myNode=e441c300...,timecost=2.164
info|2019-12-13 22:12:06.305606|[g:1][CONSENSUS][PBFT]checkAndChangeView: Reach consensus,org_view=33,org_changeCycle=0,cur_changeCycle=0,to_view=34
info|2019-12-13 22:12:07.305332|[g:1][CONSENSUS][SEALER]++++++++++++++++ Generating seal on,blkNum=142,tx=0,nodeIdx=3,hash=05d44299...
info|2019-12-13 22:12:07.308505|[g:1][CONSENSUS][PBFT]checkTimeout Succ,view=34,toView=35,nodeIdx=3,changeCycle=0,myNode=e441c300...,timecost=0.28
info|2019-12-13 22:12:07.311661|[g:1][CONSENSUS][PBFT]checkAndChangeView: Reach consensus,org_view=34,org_changeCycle=0,cur_changeCycle=0,to_view=35
info|2019-12-13 22:12:08.311548|[g:1][CONSENSUS]addRawPrepare,height=142,reqIdx=0,hash=21532eac...
info|2019-12-13 22:12:08.312497|[g:1][CONSENSUS][PBFT]checkTimeout Succ,view=35,toView=36,nodeIdx=3,changeCycle=0,myNode=e441c300...,timecost=0.625
info|2019-12-13 22:12:08.313823|[g:1][CONSENSUS][PBFT]checkAndChangeView: Reach consensus,org_view=35,org_changeCycle=0,cur_changeCycle=0,to_view=36
info|2019-12-13 22:12:09.319892|[g:1][CONSENSUS]addRawPrepare,height=142,reqIdx=1,hash=47a2365a...
info|2019-12-13 22:12:09.324539|[g:1][CONSENSUS][PBFT]checkTimeout Succ,view=36,toView=37,nodeIdx=3,changeCycle=0,myNode=e441c300...,timecost=2.923
info|2019-12-13 22:12:09.328723|[g:1][CONSENSUS][PBFT]checkAndChangeView: Reach consensus,org_view=36,org_changeCycle=0,cur_changeCycle=0,to_view=37
info|2019-12-13 22:12:10.330381|[g:1][CONSENSUS]addRawPrepare,height=142,reqIdx=2,hash=6bf18faa...
info|2019-12-13 22:12:10.340866|[g:1][CONSENSUS][PBFT]checkTimeout Succ,view=37,toView=38,nodeIdx=3,changeCycle=0,myNode=e441c300...,timecost=5.868
info|2019-12-13 22:12:10.358379|[g:1][CONSENSUS][PBFT]checkAndChangeView: Reach consensus,org_view=37,org_changeCycle=0,cur_changeCycle=0,to_view=38
info|2019-12-13 22:12:11.360396|[g:1][CONSENSUS][SEALER]++++++++++++++++ Generating seal on,blkNum=142,tx=0,nodeIdx=3,hash=510867ca...
info|2019-12-13 22:12:11.371366|[g:1][CONSENSUS][PBFT]checkTimeout Succ,view=38,toView=39,nodeIdx=3,changeCycle=0,myNode=e441c300...,timecost=2.609
info|2019-12-13 22:12:11.378645|[g:1][CONSENSUS][PBFT]checkAndChangeView: Reach consensus,org_view=38,org_changeCycle=0,cur_changeCycle=0,to_view=39
info|2019-12-13 22:12:11.800693|[P2P][Service] heartBeat,connected count=3
info|2019-12-13 22:12:12.379843|[g:1][CONSENSUS]addRawPrepare,height=142,reqIdx=0,hash=f350e7ce...
info|2019-12-13 22:12:12.382106|[g:1][CONSENSUS][PBFT]checkTimeout Succ,view=39,toView=40,nodeIdx=3,changeCycle=0,myNode=e441c300...,timecost=1.945
info|2019-12-13 22:12:12.389020|[g:1][CONSENSUS][PBFT]checkAndChangeView: Reach consensus,org_view=39,org_changeCycle=0,cur_changeCycle=0,to_view=40
info|2019-12-13 22:12:13.397788|[g:1][CONSENSUS]addRawPrepare,height=142,reqIdx=1,hash=c1d39a0b...
info|2019-12-13 22:12:13.398542|[g:1][CONSENSUS][PBFT]checkTimeout Succ,view=40,toView=41,nodeIdx=3,changeCycle=0,myNode=e441c300...,timecost=0.562
info|2019-12-13 22:12:13.400368|[g:1][CONSENSUS][PBFT]checkAndChangeView: Reach consensus,org_view=40,org_changeCycle=0,cur_changeCycle=0,to_view=41
info|2019-12-13 22:12:14.405107|[g:1][CONSENSUS]addRawPrepare,height=142,reqIdx=2,hash=68076db5...
info|2019-12-13 22:12:14.409737|[g:1][CONSENSUS][PBFT]checkTimeout Succ,view=41,toView=42,nodeIdx=3,changeCycle=0,myNode=e441c300...,timecost=3.379
info|2019-12-13 22:12:14.416154|[g:1][CONSENSUS][PBFT]checkAndChangeView: Reach consensus,org_view=41,org_changeCycle=0,cur_changeCycle=0,to_view=42
info|2019-12-13 22:12:15.416618|[g:1][CONSENSUS][SEALER]++++++++++++++++ Generating seal on,blkNum=142,tx=0,nodeIdx=3,hash=b533a81f...
info|2019-12-13 22:12:15.419277|[g:1][CONSENSUS][PBFT]checkTimeout Succ,view=42,toView=43,nodeIdx=3,changeCycle=0,myNode=e441c300...,timecost=1.371
info|2019-12-13 22:12:15.431790|[g:1][CONSENSUS][PBFT]checkAndChangeView: Reach consensus,org_view=42,org_changeCycle=0,cur_changeCycle=0,to_view=43
info|2019-12-13 22:12:16.437011|[g:1][CONSENSUS]addRawPrepare,height=142,reqIdx=0,hash=15b74a5d...
info|2019-12-13 22:12:16.440886|[g:1][CONSENSUS][PBFT]checkTimeout Succ,view=43,toView=44,nodeIdx=3,changeCycle=0,myNode=e441c300...,timecost=3.061
info|2019-12-13 22:12:16.446283|[g:1][CONSENSUS][PBFT]checkAndChangeView: Reach consensus,org_view=43,org_changeCycle=0,cur_changeCycle=0,to_view=44
info|2019-12-13 22:12:17.451505|[g:1][CONSENSUS]addRawPrepare,height=142,reqIdx=1,hash=5c13cf17...
info|2019-12-13 22:12:17.456624|[g:1][CONSENSUS][PBFT]checkTimeout Succ,view=44,toView=45,nodeIdx=3,changeCycle=0,myNode=e441c300...,timecost=3.76
info|2019-12-13 22:12:17.461464|[g:1][CONSENSUS][PBFT]checkAndChangeView: Reach consensus,org_view=44,org_changeCycle=0,cur_changeCycle=0,to_view=45
info|2019-12-13 22:12:18.471558|[g:1][CONSENSUS]addRawPrepare,height=142,reqIdx=2,hash=711f9bd7...
info|2019-12-13 22:12:18.474731|[g:1][CONSENSUS][PBFT]checkTimeout Succ,view=45,toView=46,nodeIdx=3,changeCycle=0,myNode=e441c300...,timecost=2.444
info|2019-12-13 22:12:18.480537|[g:1][CONSENSUS][PBFT]checkAndChangeView: Reach consensus,org_view=45,org_changeCycle=0,cur_changeCycle=0,to_view=46
info|2019-12-13 22:12:19.481083|[g:1][CONSENSUS][SEALER]++++++++++++++++ Generating seal on,blkNum=142,tx=0,nodeIdx=3,hash=9c227ce6...
info|2019-12-13 22:12:19.489926|[g:1][CONSENSUS][PBFT]checkTimeout Succ,view=46,toView=47,nodeIdx=3,changeCycle=0,myNode=e441c300...,timecost=2.807
info|2019-12-13 22:12:19.495845|[g:1][CONSENSUS][PBFT]checkAndChangeView: Reach consensus,org_view=46,org_changeCycle=0,cur_changeCycle=0,to_view=47
info|2019-12-13 22:12:20.495104|[g:1][CONSENSUS]addRawPrepare,height=142,reqIdx=0,hash=3af08b11...
info|2019-12-13 22:12:20.497423|[g:1][CONSENSUS][PBFT]checkTimeout Succ,view=47,toView=48,nodeIdx=3,changeCycle=0,myNode=e441c300...,timecost=1.654
info|2019-12-13 22:12:20.501287|[g:1][CONSENSUS][PBFT]checkAndChangeView: Reach consensus,org_view=47,org_changeCycle=0,cur_changeCycle=0,to_view=48
info|2019-12-13 22:12:21.503153|[g:1][CONSENSUS]addRawPrepare,height=142,reqIdx=1,hash=0654e732...
info|2019-12-13 22:12:21.503806|[g:1][CONSENSUS][PBFT]checkTimeout Succ,view=48,toView=49,nodeIdx=3,changeCycle=0,myNode=e441c300...,timecost=0.556
info|2019-12-13 22:12:21.505449|[g:1][CONSENSUS][PBFT]checkAndChangeView: Reach consensus,org_view=48,org_changeCycle=0,cur_changeCycle=0,to_view=49
info|2019-12-13 22:12:21.800876|[P2P][Service] heartBeat,connected count=3
info|2019-12-13 22:12:22.510135|[g:1][CONSENSUS]addRawPrepare,height=142,reqIdx=2,hash=053351ff...
info|2019-12-13 22:12:22.518970|[g:1][CONSENSUS][PBFT]checkTimeout Succ,view=49,toView=50,nodeIdx=3,changeCycle=0,myNode=e441c300...,timecost=8.32
info|2019-12-13 22:12:22.541037|[g:1][CONSENSUS][PBFT]checkAndChangeView: Reach consensus,org_view=49,org_changeCycle=0,cur_changeCycle=0,to_view=50
info|2019-12-13 22:12:23.542580|[g:1][CONSENSUS][SEALER]++++++++++++++++ Generating seal on,blkNum=142,tx=0,nodeIdx=3,hash=e2c903c3...
info|2019-12-13 22:12:23.552065|[g:1][CONSENSUS][PBFT]checkTimeout Succ,view=50,toView=51,nodeIdx=3,changeCycle=0,myNode=e441c300...,timecost=2.559
info|2019-12-13 22:12:23.557517|[g:1][CONSENSUS][PBFT]checkAndChangeView: Reach consensus,org_view=50,org_changeCycle=0,cur_changeCycle=0,to_view=51
info|2019-12-13 22:12:24.565990|[g:1][CONSENSUS]addRawPrepare,height=142,reqIdx=0,hash=5528b57d...
info|2019-12-13 22:12:24.567959|[g:1][CONSENSUS][PBFT]checkTimeout Succ,view=51,toView=52,nodeIdx=3,changeCycle=0,myNode=e441c300...,timecost=1.484
info|2019-12-13 22:12:24.574820|[g:1][CONSENSUS][PBFT]checkAndChangeView: Reach consensus,org_view=51,org_changeCycle=0,cur_changeCycle=0,to_view=52
info|2019-12-13 22:12:25.582866|[g:1][CONSENSUS]addRawPrepare,height=142,reqIdx=1,hash=e9739981...
info|2019-12-13 22:12:25.593246|[g:1][CONSENSUS][PBFT]checkTimeout Succ,view=52,toView=53,nodeIdx=3,changeCycle=0,myNode=e441c300...,timecost=6.63
info|2019-12-13 22:12:25.596163|[g:1][CONSENSUS][PBFT]checkAndChangeView: Reach consensus,org_view=52,org_changeCycle=0,cur_changeCycle=0,to_view=53
info|2019-12-13 22:12:26.610310|[g:1][CONSENSUS]addRawPrepare,height=142,reqIdx=2,hash=c8584f9b...
info|2019-12-13 22:12:26.612012|[g:1][CONSENSUS][PBFT]checkTimeout Succ,view=53,toView=54,nodeIdx=3,changeCycle=0,myNode=e441c300...,timecost=1.261
info|2019-12-13 22:12:26.616261|[g:1][CONSENSUS][PBFT]checkAndChangeView: Reach consensus,org_view=53,org_changeCycle=0,cur_changeCycle=0,to_view=54
info|2019-12-13 22:12:27.616492|[g:1][CONSENSUS][SEALER]++++++++++++++++ Generating seal on,blkNum=142,tx=0,nodeIdx=3,hash=1b0a9c60...
info|2019-12-13 22:12:27.619264|[g:1][CONSENSUS][PBFT]checkTimeout Succ,view=54,toView=55,nodeIdx=3,changeCycle=0,myNode=e441c300...,timecost=1.468
info|2019-12-13 22:12:27.637186|[g:1][CONSENSUS][PBFT]checkAndChangeView: Reach consensus,org_view=54,org_changeCycle=0,cur_changeCycle=0,to_view=55
info|2019-12-13 22:12:28.634105|[g:1][CONSENSUS]addRawPrepare,height=142,reqIdx=0,hash=7888e309...
info|2019-12-13 22:12:28.634495|[g:1][CONSENSUS][PBFT]checkTimeout Succ,view=55,toView=56,nodeIdx=3,changeCycle=0,myNode=e441c300...,timecost=0.3
info|2019-12-13 22:12:28.636597|[g:1][CONSENSUS][PBFT]checkAndChangeView: Reach consensus,org_view=55,org_changeCycle=0,cur_changeCycle=0,to_view=56
info|2019-12-13 22:12:29.639890|[g:1][CONSENSUS]addRawPrepare,height=142,reqIdx=1,hash=ec229231...
info|2019-12-13 22:12:29.640604|[g:1][CONSENSUS][PBFT]checkTimeout Succ,view=56,toView=57,nodeIdx=3,changeCycle=0,myNode=e441c300...,timecost=0.463
info|2019-12-13 22:12:29.641951|[g:1][CONSENSUS][PBFT]checkAndChangeView: Reach consensus,org_view=56,org_changeCycle=0,cur_changeCycle=0,to_view=57
info|2019-12-13 22:12:30.643154|[g:1][CONSENSUS]addRawPrepare,height=142,reqIdx=2,hash=260f71e4...
info|2019-12-13 22:12:30.643571|[g:1][CONSENSUS][PBFT]checkTimeout Succ,view=57,toView=58,nodeIdx=3,changeCycle=0,myNode=e441c300...,timecost=0.337
info|2019-12-13 22:12:30.645778|[g:1][CONSENSUS][PBFT]checkAndChangeView: Reach consensus,org_view=57,org_changeCycle=0,cur_changeCycle=0,to_view=58
info|2019-12-13 22:12:31.645411|[g:1][CONSENSUS][SEALER]++++++++++++++++ Generating seal on,blkNum=142,tx=0,nodeIdx=3,hash=d4f56a1e...
info|2019-12-13 22:12:31.657232|[g:1][CONSENSUS][PBFT]checkTimeout Succ,view=58,toView=59,nodeIdx=3,changeCycle=0,myNode=e441c300...,timecost=10.815
info|2019-12-13 22:12:31.661278|[g:1][CONSENSUS][PBFT]checkAndChangeView: Reach consensus,org_view=58,org_changeCycle=0,cur_changeCycle=0,to_view=59
info|2019-12-13 22:12:31.801125|[P2P][Service] heartBeat,connected count=3
info|2019-12-13 22:12:32.662287|[g:1][CONSENSUS]addRawPrepare,height=142,reqIdx=0,hash=a80b11dd...
info|2019-12-13 22:12:32.663520|[g:1][CONSENSUS][PBFT]checkTimeout Succ,view=59,toView=60,nodeIdx=3,changeCycle=0,myNode=e441c300...,timecost=0.955
info|2019-12-13 22:12:32.665077|[g:1][CONSENSUS][PBFT]checkAndChangeView: Reach consensus,org_view=59,org_changeCycle=0,cur_changeCycle=0,to_view=60
info|2019-12-13 22:12:33.710889|[g:1][CONSENSUS]addRawPrepare,height=142,reqIdx=1,hash=3bf02299...
info|2019-12-13 22:12:33.715047|[g:1][CONSENSUS][PBFT]checkTimeout Succ,view=60,toView=61,nodeIdx=3,changeCycle=0,myNode=e441c300...,timecost=3.142
info|2019-12-13 22:12:33.720906|[g:1][CONSENSUS][PBFT]checkAndChangeView: Reach consensus,org_view=60,org_changeCycle=0,cur_changeCycle=0,to_view=61
info|2019-12-13 22:12:34.721363|[g:1][CONSENSUS]addRawPrepare,height=142,reqIdx=2,hash=d5ff1a1b...
info|2019-12-13 22:12:34.724508|[g:1][CONSENSUS][PBFT]checkTimeout Succ,view=61,toView=62,nodeIdx=3,changeCycle=0,myNode=e441c300...,timecost=2.818
info|2019-12-13 22:12:34.730742|[g:1][CONSENSUS][PBFT]checkAndChangeView: Reach consensus,org_view=61,org_changeCycle=0,cur_changeCycle=0,to_view=62
info|2019-12-13 22:12:35.730494|[g:1][CONSENSUS][SEALER]++++++++++++++++ Generating seal on,blkNum=142,tx=0,nodeIdx=3,hash=aee5ba93...
info|2019-12-13 22:12:35.734063|[g:1][CONSENSUS][PBFT]checkTimeout Succ,view=62,toView=63,nodeIdx=3,changeCycle=0,myNode=e441c300...,timecost=2.497
info|2019-12-13 22:12:35.743731|[g:1][CONSENSUS][PBFT]checkAndChangeView: Reach consensus,org_view=62,org_changeCycle=0,cur_changeCycle=0,to_view=63
info|2019-12-13 22:12:36.747049|[g:1][CONSENSUS]addRawPrepare,height=142,reqIdx=0,hash=4f82ca6f...
info|2019-12-13 22:12:36.750208|[g:1][CONSENSUS][PBFT]checkTimeout Succ,view=63,toView=64,nodeIdx=3,changeCycle=0,myNode=e441c300...,timecost=1.978
info|2019-12-13 22:12:36.755179|[g:1][CONSENSUS][PBFT]checkAndChangeView: Reach consensus,org_view=63,org_changeCycle=0,cur_changeCycle=0,to_view=64
info|2019-12-13 22:12:37.764106|[g:1][CONSENSUS]addRawPrepare,height=142,reqIdx=1,hash=09eb1e30...
info|2019-12-13 22:12:37.769296|[g:1][CONSENSUS][PBFT]checkTimeout Succ,view=64,toView=65,nodeIdx=3,changeCycle=0,myNode=e441c300...,timecost=3.813
info|2019-12-13 22:12:37.774228|[g:1][CONSENSUS][PBFT]checkAndChangeView: Reach consensus,org_view=64,org_changeCycle=0,cur_changeCycle=0,to_view=65
info|2019-12-13 22:12:38.774231|[g:1][CONSENSUS]addRawPrepare,height=142,reqIdx=2,hash=c28e9df9...
info|2019-12-13 22:12:38.776117|[g:1][CONSENSUS][PBFT]checkTimeout Succ,view=65,toView=66,nodeIdx=3,changeCycle=0,myNode=e441c300...,timecost=1.49
info|2019-12-13 22:12:38.780256|[g:1][CONSENSUS][PBFT]checkAndChangeView: Reach consensus,org_view=65,org_changeCycle=0,cur_changeCycle=0,to_view=66
info|2019-12-13 22:12:39.781520|[g:1][CONSENSUS][SEALER]++++++++++++++++ Generating seal on,blkNum=142,tx=0,nodeIdx=3,hash=fd4d1c6f...
info|2019-12-13 22:12:39.790245|[g:1][CONSENSUS][PBFT]checkTimeout Succ,view=66,toView=67,nodeIdx=3,changeCycle=0,myNode=e441c300...,timecost=2.206
info|2019-12-13 22:12:39.795334|[g:1][CONSENSUS][PBFT]checkAndChangeView: Reach consensus,org_view=66,org_changeCycle=0,cur_changeCycle=0,to_view=67
info|2019-12-13 22:12:40.797941|[g:1][CONSENSUS]addRawPrepare,height=142,reqIdx=0,hash=792e047a...
info|2019-12-13 22:12:40.800653|[g:1][CONSENSUS][PBFT]checkTimeout Succ,view=67,toView=68,nodeIdx=3,changeCycle=0,myNode=e441c300...,timecost=2.282
info|2019-12-13 22:12:40.806218|[g:1][CONSENSUS][PBFT]checkAndChangeView: Reach consensus,org_view=67,org_changeCycle=0,cur_changeCycle=0,to_view=68
info|2019-12-13 22:12:41.801284|[P2P][Service] heartBeat,connected count=3
info|2019-12-13 22:12:41.810153|[g:1][CONSENSUS]addRawPrepare,height=142,reqIdx=1,hash=d14d9b81...
info|2019-12-13 22:12:41.811950|[g:1][CONSENSUS][PBFT]checkTimeout Succ,view=68,toView=69,nodeIdx=3,changeCycle=0,myNode=e441c300...,timecost=1.451
info|2019-12-13 22:12:41.817691|[g:1][CONSENSUS][PBFT]checkAndChangeView: Reach consensus,org_view=68,org_changeCycle=0,cur_changeCycle=0,to_view=69
info|2019-12-13 22:12:42.822961|[g:1][CONSENSUS]addRawPrepare,height=142,reqIdx=2,hash=f556acb3...
info|2019-12-13 22:12:42.826805|[g:1][CONSENSUS][PBFT]checkTimeout Succ,view=69,toView=70,nodeIdx=3,changeCycle=0,myNode=e441c300...,timecost=1.21
info|2019-12-13 22:12:42.831939|[g:1][CONSENSUS][PBFT]checkAndChangeView: Reach consensus,org_view=69,org_changeCycle=0,cur_changeCycle=0,to_view=70
info|2019-12-13 22:12:43.832567|[g:1][CONSENSUS][SEALER]++++++++++++++++ Generating seal on,blkNum=142,tx=0,nodeIdx=3,hash=6d1ccd59...
info|2019-12-13 22:12:43.836049|[g:1][CONSENSUS][PBFT]checkTimeout Succ,view=70,toView=71,nodeIdx=3,changeCycle=0,myNode=e441c300...,timecost=0.482
info|2019-12-13 22:12:43.836740|[g:1][CONSENSUS][PBFT]checkAndChangeView: Reach consensus,org_view=70,org_changeCycle=0,cur_changeCycle=0,to_view=71
info|2019-12-13 22:12:44.841992|[g:1][CONSENSUS]addRawPrepare,height=142,reqIdx=0,hash=9140f8ed...
info|2019-12-13 22:12:44.845720|[g:1][CONSENSUS][PBFT]checkTimeout Succ,view=71,toView=72,nodeIdx=3,changeCycle=0,myNode=e441c300...,timecost=1.446
info|2019-12-13 22:12:44.851163|[g:1][CONSENSUS][PBFT]checkAndChangeView: Reach consensus,org_view=71,org_changeCycle=0,cur_changeCycle=0,to_view=72
info|2019-12-13 22:12:45.856440|[g:1][CONSENSUS]addRawPrepare,height=142,reqIdx=1,hash=f6f008d0...
info|2019-12-13 22:12:45.857514|[g:1][CONSENSUS][PBFT]checkTimeout Succ,view=72,toView=73,nodeIdx=3,changeCycle=0,myNode=e441c300...,timecost=0.529
info|2019-12-13 22:12:45.858856|[g:1][CONSENSUS][PBFT]checkAndChangeView: Reach consensus,org_view=72,org_changeCycle=0,cur_changeCycle=0,to_view=73
info|2019-12-13 22:12:46.859089|[g:1][CONSENSUS]addRawPrepare,height=142,reqIdx=2,hash=34393a61...
info|2019-12-13 22:12:46.860063|[g:1][CONSENSUS][PBFT]checkTimeout Succ,view=73,toView=74,nodeIdx=3,changeCycle=0,myNode=e441c300...,timecost=0.868
info|2019-12-13 22:12:46.862535|[g:1][CONSENSUS][PBFT]checkAndChangeView: Reach consensus,org_view=73,org_changeCycle=0,cur_changeCycle=0,to_view=74
info|2019-12-13 22:12:47.862781|[g:1][CONSENSUS][SEALER]++++++++++++++++ Generating seal on,blkNum=142,tx=0,nodeIdx=3,hash=dad18ede...
info|2019-12-13 22:12:47.880452|[g:1][CONSENSUS][PBFT]checkTimeout Succ,view=74,toView=75,nodeIdx=3,changeCycle=0,myNode=e441c300...,timecost=11.029
info|2019-12-13 22:12:47.889152|[g:1][CONSENSUS][PBFT]checkAndChangeView: Reach consensus,org_view=74,org_changeCycle=0,cur_changeCycle=0,to_view=75
info|2019-12-13 22:12:48.891281|[g:1][CONSENSUS]addRawPrepare,height=142,reqIdx=0,hash=8eb5df86...
info|2019-12-13 22:12:48.894483|[g:1][CONSENSUS][PBFT]checkTimeout Succ,view=75,toView=76,nodeIdx=3,changeCycle=0,myNode=e441c300...,timecost=2.166
info|2019-12-13 22:12:48.900078|[g:1][CONSENSUS][PBFT]checkAndChangeView: Reach consensus,org_view=75,org_changeCycle=0,cur_changeCycle=0,to_view=76
info|2019-12-13 22:12:49.901056|[g:1][CONSENSUS]addRawPrepare,height=142,reqIdx=1,hash=409719b5...
info|2019-12-13 22:12:49.901527|[g:1][CONSENSUS][PBFT]checkTimeout Succ,view=76,toView=77,nodeIdx=3,changeCycle=0,myNode=e441c300...,timecost=0.368
info|2019-12-13 22:12:49.904246|[g:1][CONSENSUS][PBFT]checkAndChangeView: Reach consensus,org_view=76,org_changeCycle=0,cur_changeCycle=0,to_view=77
info|2019-12-13 22:12:50.910743|[g:1][CONSENSUS]addRawPrepare,height=142,reqIdx=2,hash=d6582fe4...
info|2019-12-13 22:12:50.925525|[g:1][CONSENSUS][PBFT]checkTimeout Succ,view=77,toView=78,nodeIdx=3,changeCycle=0,myNode=e441c300...,timecost=12.268
info|2019-12-13 22:12:50.931404|[g:1][CONSENSUS][PBFT]checkAndChangeView: Reach consensus,org_view=77,org_changeCycle=0,cur_changeCycle=0,to_view=78
info|2019-12-13 22:12:51.801468|[P2P][Service] heartBeat,connected count=3
info|2019-12-13 22:12:51.932012|[g:1][CONSENSUS][SEALER]++++++++++++++++ Generating seal on,blkNum=142,tx=0,nodeIdx=3,hash=a2cce726...
info|2019-12-13 22:12:51.934873|[g:1][CONSENSUS][PBFT]checkTimeout Succ,view=78,toView=79,nodeIdx=3,changeCycle=0,myNode=e441c300...,timecost=1.727
info|2019-12-13 22:12:51.943038|[g:1][CONSENSUS][PBFT]checkAndChangeView: Reach consensus,org_view=78,org_changeCycle=0,cur_changeCycle=0,to_view=79
info|2019-12-13 22:12:52.949489|[g:1][CONSENSUS]addRawPrepare,height=142,reqIdx=0,hash=4d93f8b4...
info|2019-12-13 22:12:52.951448|[g:1][CONSENSUS][PBFT]checkTimeout Succ,view=79,toView=80,nodeIdx=3,changeCycle=0,myNode=e441c300...,timecost=1.485
info|2019-12-13 22:12:52.958031|[g:1][CONSENSUS][PBFT]checkAndChangeView: Reach consensus,org_view=79,org_changeCycle=0,cur_changeCycle=0,to_view=80
info|2019-12-13 22:12:53.968522|[g:1][CONSENSUS]addRawPrepare,height=142,reqIdx=1,hash=a14b4572...
info|2019-12-13 22:12:53.969380|[g:1][CONSENSUS][PBFT]checkTimeout Succ,view=80,toView=81,nodeIdx=3,changeCycle=0,myNode=e441c300...,timecost=0.535
info|2019-12-13 22:12:53.972153|[g:1][CONSENSUS][PBFT]checkAndChangeView: Reach consensus,org_view=80,org_changeCycle=0,cur_changeCycle=0,to_view=81
info|2019-12-13 22:12:54.974257|[g:1][CONSENSUS]addRawPrepare,height=142,reqIdx=2,hash=0d262a8e...
info|2019-12-13 22:12:54.976318|[g:1][CONSENSUS][PBFT]checkTimeout Succ,view=81,toView=82,nodeIdx=3,changeCycle=0,myNode=e441c300...,timecost=0.989
info|2019-12-13 22:12:54.977722|[g:1][CONSENSUS][PBFT]checkAndChangeView: Reach consensus,org_view=81,org_changeCycle=0,cur_changeCycle=0,to_view=82
info|2019-12-13 22:12:55.978131|[g:1][CONSENSUS][SEALER]++++++++++++++++ Generating seal on,blkNum=142,tx=0,nodeIdx=3,hash=af8b0371...
info|2019-12-13 22:12:55.982356|[g:1][CONSENSUS][PBFT]checkTimeout Succ,view=82,toView=83,nodeIdx=3,changeCycle=0,myNode=e441c300...,timecost=0.451
info|2019-12-13 22:12:55.984512|[g:1][CONSENSUS][PBFT]checkAndChangeView: Reach consensus,org_view=82,org_changeCycle=0,cur_changeCycle=0,to_view=83
info|2019-12-13 22:12:56.985923|[g:1][CONSENSUS]addRawPrepare,height=142,reqIdx=0,hash=73c781e3...
info|2019-12-13 22:12:56.987862|[g:1][CONSENSUS][PBFT]checkTimeout Succ,view=83,toView=84,nodeIdx=3,changeCycle=0,myNode=e441c300...,timecost=1.461
info|2019-12-13 22:12:56.996157|[g:1][CONSENSUS][PBFT]checkAndChangeView: Reach consensus,org_view=83,org_changeCycle=0,cur_changeCycle=0,to_view=84
info|2019-12-13 22:12:57.999485|[g:1][CONSENSUS]addRawPrepare,height=142,reqIdx=1,hash=566dd1e8...
info|2019-12-13 22:12:58.001146|[g:1][CONSENSUS][PBFT]checkTimeout Succ,view=84,toView=85,nodeIdx=3,changeCycle=0,myNode=e441c300...,timecost=1.225
info|2019-12-13 22:12:58.005585|[g:1][CONSENSUS][PBFT]checkAndChangeView: Reach consensus,org_view=84,org_changeCycle=0,cur_changeCycle=0,to_view=85
info|2019-12-13 22:12:59.014504|[g:1][CONSENSUS]addRawPrepare,height=142,reqIdx=2,hash=afbba045...
info|2019-12-13 22:12:59.017186|[g:1][CONSENSUS][PBFT]checkTimeout Succ,view=85,toView=86,nodeIdx=3,changeCycle=0,myNode=e441c300...,timecost=2.488
info|2019-12-13 22:12:59.023063|[g:1][CONSENSUS][PBFT]checkAndChangeView: Reach consensus,org_view=85,org_changeCycle=0,cur_changeCycle=0,to_view=86
info|2019-12-13 22:13:00.023339|[g:1][CONSENSUS][SEALER]++++++++++++++++ Generating seal on,blkNum=142,tx=0,nodeIdx=3,hash=46a61938...
info|2019-12-13 22:13:00.026210|[g:1][CONSENSUS][PBFT]checkTimeout Succ,view=86,toView=87,nodeIdx=3,changeCycle=0,myNode=e441c300...,timecost=1.807
info|2019-12-13 22:13:00.040039|[g:1][CONSENSUS][PBFT]checkAndChangeView: Reach consensus,org_view=86,org_changeCycle=0,cur_changeCycle=0,to_view=87
info|2019-12-13 22:13:01.037363|[g:1][CONSENSUS]addRawPrepare,height=142,reqIdx=0,hash=f372ae5a...
info|2019-12-13 22:13:01.043870|[g:1][CONSENSUS][PBFT]checkTimeout Succ,view=87,toView=88,nodeIdx=3,changeCycle=0,myNode=e441c300...,timecost=1.988
info|2019-12-13 22:13:01.059311|[g:1][CONSENSUS][PBFT]checkAndChangeView: Reach consensus,org_view=87,org_changeCycle=0,cur_changeCycle=0,to_view=88
info|2019-12-13 22:13:01.801701|[P2P][Service] heartBeat,connected count=3
info|2019-12-13 22:13:02.071606|[g:1][CONSENSUS]addRawPrepare,height=142,reqIdx=1,hash=7aa15d08...
info|2019-12-13 22:13:02.079682|[g:1][CONSENSUS][PBFT]checkTimeout Succ,view=88,toView=89,nodeIdx=3,changeCycle=0,myNode=e441c300...,timecost=7.734
info|2019-12-13 22:13:02.088076|[g:1][CONSENSUS][PBFT]checkAndChangeView: Reach consensus,org_view=88,org_changeCycle=0,cur_changeCycle=0,to_view=89
info|2019-12-13 22:13:03.080638|[g:1][CONSENSUS]addRawPrepare,height=142,reqIdx=2,hash=487cb96b...
info|2019-12-13 22:13:03.082391|[g:1][CONSENSUS][PBFT]checkTimeout Succ,view=89,toView=90,nodeIdx=3,changeCycle=0,myNode=e441c300...,timecost=1.255
info|2019-12-13 22:13:03.093388|[g:1][CONSENSUS][PBFT]checkAndChangeView: Reach consensus,org_view=89,org_changeCycle=0,cur_changeCycle=0,to_view=90
info|2019-12-13 22:13:04.093491|[g:1][CONSENSUS][SEALER]++++++++++++++++ Generating seal on,blkNum=142,tx=0,nodeIdx=3,hash=cc29a17a...
info|2019-12-13 22:13:04.103543|[g:1][CONSENSUS][PBFT]checkTimeout Succ,view=90,toView=91,nodeIdx=3,changeCycle=0,myNode=e441c300...,timecost=3.987
info|2019-12-13 22:13:04.108010|[g:1][CONSENSUS][PBFT]checkAndChangeView: Reach consensus,org_view=90,org_changeCycle=0,cur_changeCycle=0,to_view=91
info|2019-12-13 22:13:05.109168|[g:1][CONSENSUS]addRawPrepare,height=142,reqIdx=0,hash=00a985d0...
info|2019-12-13 22:13:05.110980|[g:1][CONSENSUS][PBFT]checkTimeout Succ,view=91,toView=92,nodeIdx=3,changeCycle=0,myNode=e441c300...,timecost=1.489
info|2019-12-13 22:13:05.116630|[g:1][CONSENSUS][PBFT]checkAndChangeView: Reach consensus,org_view=91,org_changeCycle=0,cur_changeCycle=0,to_view=92
info|2019-12-13 22:13:06.123074|[g:1][CONSENSUS]addRawPrepare,height=142,reqIdx=1,hash=168aa3d3...
info|2019-12-13 22:13:06.125430|[g:1][CONSENSUS][PBFT]checkTimeout Succ,view=92,toView=93,nodeIdx=3,changeCycle=0,myNode=e441c300...,timecost=1.658
info|2019-12-13 22:13:06.130350|[g:1][CONSENSUS][PBFT]checkAndChangeView: Reach consensus,org_view=92,org_changeCycle=0,cur_changeCycle=0,to_view=93
info|2019-12-13 22:13:07.136652|[g:1][CONSENSUS]addRawPrepare,height=142,reqIdx=2,hash=88c5dcf9...
info|2019-12-13 22:13:07.138467|[g:1][CONSENSUS][PBFT]checkTimeout Succ,view=93,toView=94,nodeIdx=3,changeCycle=0,myNode=e441c300...,timecost=1.414
info|2019-12-13 22:13:07.143733|[g:1][CONSENSUS][PBFT]checkAndChangeView: Reach consensus,org_view=93,org_changeCycle=0,cur_changeCycle=0,to_view=94
info|2019-12-13 22:13:08.144206|[g:1][CONSENSUS][SEALER]++++++++++++++++ Generating seal on,blkNum=142,tx=0,nodeIdx=3,hash=a4439649...
info|2019-12-13 22:13:08.153599|[g:1][CONSENSUS][PBFT]checkTimeout Succ,view=94,toView=95,nodeIdx=3,changeCycle=0,myNode=e441c300...,timecost=2.5
info|2019-12-13 22:13:08.157815|[g:1][CONSENSUS][PBFT]checkAndChangeView: Reach consensus,org_view=94,org_changeCycle=0,cur_changeCycle=0,to_view=95
info|2019-12-13 22:13:09.165724|[g:1][CONSENSUS]addRawPrepare,height=142,reqIdx=0,hash=56a1f686...
info|2019-12-13 22:13:09.170464|[g:1][CONSENSUS][PBFT]checkTimeout Succ,view=95,toView=96,nodeIdx=3,changeCycle=0,myNode=e441c300...,timecost=4.409
info|2019-12-13 22:13:09.181330|[g:1][CONSENSUS][PBFT]checkAndChangeView: Reach consensus,org_view=95,org_changeCycle=0,cur_changeCycle=0,to_view=96
info|2019-12-13 22:13:10.175957|[g:1][CONSENSUS]addRawPrepare,height=142,reqIdx=1,hash=6e259f74...
info|2019-12-13 22:13:10.179444|[g:1][CONSENSUS][PBFT]checkTimeout Succ,view=96,toView=97,nodeIdx=3,changeCycle=0,myNode=e441c300...,timecost=2.715
info|2019-12-13 22:13:10.183709|[g:1][CONSENSUS][PBFT]checkAndChangeView: Reach consensus,org_view=96,org_changeCycle=0,cur_changeCycle=0,to_view=97
info|2019-12-13 22:13:11.189082|[g:1][CONSENSUS]addRawPrepare,height=142,reqIdx=2,hash=5859ceb2...
info|2019-12-13 22:13:11.191101|[g:1][CONSENSUS][PBFT]checkTimeout Succ,view=97,toView=98,nodeIdx=3,changeCycle=0,myNode=e441c300...,timecost=1.661
info|2019-12-13 22:13:11.204511|[g:1][CONSENSUS][PBFT]checkAndChangeView: Reach consensus,org_view=97,org_changeCycle=0,cur_changeCycle=0,to_view=98
info|2019-12-13 22:13:11.801922|[P2P][Service] heartBeat,connected count=3
info|2019-12-13 22:13:12.204481|[g:1][CONSENSUS][SEALER]++++++++++++++++ Generating seal on,blkNum=142,tx=0,nodeIdx=3,hash=9871f3ee...
info|2019-12-13 22:13:12.211784|[g:1][CONSENSUS][PBFT]checkTimeout Succ,view=98,toView=99,nodeIdx=3,changeCycle=0,myNode=e441c300...,timecost=1.429
info|2019-12-13 22:13:12.216656|[g:1][CONSENSUS][PBFT]checkAndChangeView: Reach consensus,org_view=98,org_changeCycle=0,cur_changeCycle=0,to_view=99
info|2019-12-13 22:13:13.216663|[g:1][CONSENSUS]addRawPrepare,height=142,reqIdx=0,hash=0beb3807...
info|2019-12-13 22:13:13.217226|[g:1][CONSENSUS][PBFT]checkTimeout Succ,view=99,toView=100,nodeIdx=3,changeCycle=0,myNode=e441c300...,timecost=0.428
info|2019-12-13 22:13:13.218612|[g:1][CONSENSUS][PBFT]checkAndChangeView: Reach consensus,org_view=99,org_changeCycle=0,cur_changeCycle=0,to_view=100
info|2019-12-13 22:13:14.223881|[g:1][CONSENSUS]addRawPrepare,height=142,reqIdx=1,hash=8ee0c383...
info|2019-12-13 22:13:14.226916|[g:1][CONSENSUS][PBFT]checkTimeout Succ,view=100,toView=101,nodeIdx=3,changeCycle=0,myNode=e441c300...,timecost=2.172
info|2019-12-13 22:13:14.232174|[g:1][CONSENSUS][PBFT]checkAndChangeView: Reach consensus,org_view=100,org_changeCycle=0,cur_changeCycle=0,to_view=101
info|2019-12-13 22:13:15.239168|[g:1][CONSENSUS]addRawPrepare,height=142,reqIdx=2,hash=362abffa...
info|2019-12-13 22:13:15.241749|[g:1][CONSENSUS][PBFT]checkTimeout Succ,view=101,toView=102,nodeIdx=3,changeCycle=0,myNode=e441c300...,timecost=1.703
info|2019-12-13 22:13:15.247252|[g:1][CONSENSUS][PBFT]checkAndChangeView: Reach consensus,org_view=101,org_changeCycle=0,cur_changeCycle=0,to_view=102
info|2019-12-13 22:13:16.249475|[g:1][CONSENSUS][SEALER]++++++++++++++++ Generating seal on,blkNum=142,tx=0,nodeIdx=3,hash=c621a3aa...
info|2019-12-13 22:13:16.259545|[g:1][CONSENSUS][PBFT]checkTimeout Succ,view=102,toView=103,nodeIdx=3,changeCycle=0,myNode=e441c300...,timecost=2.462
info|2019-12-13 22:13:16.268205|[g:1][CONSENSUS][PBFT]checkAndChangeView: Reach consensus,org_view=102,org_changeCycle=0,cur_changeCycle=0,to_view=103
info|2019-12-13 22:13:17.275484|[g:1][CONSENSUS]addRawPrepare,height=142,reqIdx=0,hash=8c094846...
info|2019-12-13 22:13:17.279691|[g:1][CONSENSUS][PBFT]checkTimeout Succ,view=103,toView=104,nodeIdx=3,changeCycle=0,myNode=e441c300...,timecost=1.474
info|2019-12-13 22:13:17.286288|[g:1][CONSENSUS][PBFT]checkAndChangeView: Reach consensus,org_view=103,org_changeCycle=0,cur_changeCycle=0,to_view=104
info|2019-12-13 22:13:18.291821|[g:1][CONSENSUS]addRawPrepare,height=142,reqIdx=1,hash=fddc828d...
info|2019-12-13 22:13:18.293465|[g:1][CONSENSUS][PBFT]checkTimeout Succ,view=104,toView=105,nodeIdx=3,changeCycle=0,myNode=e441c300...,timecost=1.344
info|2019-12-13 22:13:18.297538|[g:1][CONSENSUS][PBFT]checkAndChangeView: Reach consensus,org_view=104,org_changeCycle=0,cur_changeCycle=0,to_view=105
info|2019-12-13 22:13:19.299120|[g:1][CONSENSUS]addRawPrepare,height=142,reqIdx=2,hash=56a980e5...
info|2019-12-13 22:13:19.301012|[g:1][CONSENSUS][PBFT]checkTimeout Succ,view=105,toView=106,nodeIdx=3,changeCycle=0,myNode=e441c300...,timecost=1.569
info|2019-12-13 22:13:19.305639|[g:1][CONSENSUS][PBFT]checkAndChangeView: Reach consensus,org_view=105,org_changeCycle=0,cur_changeCycle=0,to_view=106
info|2019-12-13 22:13:20.305945|[g:1][CONSENSUS][SEALER]++++++++++++++++ Generating seal on,blkNum=142,tx=0,nodeIdx=3,hash=c5281375...
info|2019-12-13 22:13:20.312540|[g:1][CONSENSUS][PBFT]checkTimeout Succ,view=106,toView=107,nodeIdx=3,changeCycle=0,myNode=e441c300...,timecost=5.471
info|2019-12-13 22:13:20.319434|[g:1][CONSENSUS][PBFT]checkAndChangeView: Reach consensus,org_view=106,org_changeCycle=0,cur_changeCycle=0,to_view=107
info|2019-12-13 22:13:21.323542|[g:1][CONSENSUS]addRawPrepare,height=142,reqIdx=0,hash=0a066102...
info|2019-12-13 22:13:21.327745|[g:1][CONSENSUS][PBFT]checkTimeout Succ,view=107,toView=108,nodeIdx=3,changeCycle=0,myNode=e441c300...,timecost=3.121
info|2019-12-13 22:13:21.332481|[g:1][CONSENSUS][PBFT]checkAndChangeView: Reach consensus,org_view=107,org_changeCycle=0,cur_changeCycle=0,to_view=108
info|2019-12-13 22:13:21.802052|[P2P][Service] heartBeat,connected count=3
info|2019-12-13 22:13:22.334477|[g:1][CONSENSUS]addRawPrepare,height=142,reqIdx=1,hash=b4e812b3...
info|2019-12-13 22:13:22.336672|[g:1][CONSENSUS][PBFT]checkTimeout Succ,view=108,toView=109,nodeIdx=3,changeCycle=0,myNode=e441c300...,timecost=1.566
info|2019-12-13 22:13:22.340469|[g:1][CONSENSUS][PBFT]checkAndChangeView: Reach consensus,org_view=108,org_changeCycle=0,cur_changeCycle=0,to_view=109
info|2019-12-13 22:13:23.347681|[g:1][CONSENSUS]addRawPrepare,height=142,reqIdx=2,hash=55812e2b...
info|2019-12-13 22:13:23.350249|[g:1][CONSENSUS][PBFT]checkTimeout Succ,view=109,toView=110,nodeIdx=3,changeCycle=0,myNode=e441c300...,timecost=1.907
info|2019-12-13 22:13:23.355946|[g:1][CONSENSUS][PBFT]checkAndChangeView: Reach consensus,org_view=109,org_changeCycle=0,cur_changeCycle=0,to_view=110
info|2019-12-13 22:13:24.357243|[g:1][CONSENSUS][SEALER]++++++++++++++++ Generating seal on,blkNum=142,tx=0,nodeIdx=3,hash=3d5ec647...
info|2019-12-13 22:13:24.359364|[g:1][CONSENSUS][PBFT]checkTimeout Succ,view=110,toView=111,nodeIdx=3,changeCycle=0,myNode=e441c300...,timecost=1.172
info|2019-12-13 22:13:24.366550|[g:1][CONSENSUS][PBFT]checkAndChangeView: Reach consensus,org_view=110,org_changeCycle=0,cur_changeCycle=0,to_view=111
info|2019-12-13 22:13:25.372723|[g:1][CONSENSUS]addRawPrepare,height=142,reqIdx=0,hash=b0363391...
info|2019-12-13 22:13:25.375997|[g:1][CONSENSUS][PBFT]checkTimeout Succ,view=111,toView=112,nodeIdx=3,changeCycle=0,myNode=e441c300...,timecost=1.574
info|2019-12-13 22:13:25.380355|[g:1][CONSENSUS][PBFT]checkAndChangeView: Reach consensus,org_view=111,org_changeCycle=0,cur_changeCycle=0,to_view=112
info|2019-12-13 22:13:26.384266|[g:1][CONSENSUS]addRawPrepare,height=142,reqIdx=1,hash=eb2f22df...
info|2019-12-13 22:13:26.386723|[g:1][CONSENSUS][PBFT]checkTimeout Succ,view=112,toView=113,nodeIdx=3,changeCycle=0,myNode=e441c300...,timecost=1.941
info|2019-12-13 22:13:26.391106|[g:1][CONSENSUS][PBFT]checkAndChangeView: Reach consensus,org_view=112,org_changeCycle=0,cur_changeCycle=0,to_view=113
info|2019-12-13 22:13:27.400210|[g:1][CONSENSUS]addRawPrepare,height=142,reqIdx=2,hash=d337312e...
info|2019-12-13 22:13:27.408788|[g:1][CONSENSUS][PBFT]checkTimeout Succ,view=113,toView=114,nodeIdx=3,changeCycle=0,myNode=e441c300...,timecost=8.266
info|2019-12-13 22:13:27.415607|[g:1][CONSENSUS][PBFT]checkAndChangeView: Reach consensus,org_view=113,org_changeCycle=0,cur_changeCycle=0,to_view=114
info|2019-12-13 22:13:28.415697|[g:1][CONSENSUS][SEALER]++++++++++++++++ Generating seal on,blkNum=142,tx=0,nodeIdx=3,hash=c332fc02...
info|2019-12-13 22:13:28.422689|[g:1][CONSENSUS][PBFT]checkTimeout Succ,view=114,toView=115,nodeIdx=3,changeCycle=0,myNode=e441c300...,timecost=1.454
info|2019-12-13 22:13:28.428437|[g:1][CONSENSUS][PBFT]checkAndChangeView: Reach consensus,org_view=114,org_changeCycle=0,cur_changeCycle=0,to_view=115
info|2019-12-13 22:13:29.434809|[g:1][CONSENSUS]addRawPrepare,height=142,reqIdx=0,hash=9123f352...
info|2019-12-13 22:13:29.437134|[g:1][CONSENSUS][PBFT]checkTimeout Succ,view=115,toView=116,nodeIdx=3,changeCycle=0,myNode=e441c300...,timecost=1.822
info|2019-12-13 22:13:29.445202|[g:1][CONSENSUS][PBFT]checkAndChangeView: Reach consensus,org_view=115,org_changeCycle=0,cur_changeCycle=0,to_view=116
info|2019-12-13 22:13:30.459640|[g:1][CONSENSUS]addRawPrepare,height=142,reqIdx=1,hash=f11a63b6...
info|2019-12-13 22:13:30.469425|[g:1][CONSENSUS][PBFT]checkTimeout Succ,view=116,toView=117,nodeIdx=3,changeCycle=0,myNode=e441c300...,timecost=2.333
info|2019-12-13 22:13:30.475822|[g:1][CONSENSUS][PBFT]checkAndChangeView: Reach consensus,org_view=116,org_changeCycle=0,cur_changeCycle=0,to_view=117
info|2019-12-13 22:13:31.470177|[g:1][CONSENSUS]addRawPrepare,height=142,reqIdx=2,hash=c81b6f67...
info|2019-12-13 22:13:31.473123|[g:1][CONSENSUS][PBFT]checkTimeout Succ,view=117,toView=118,nodeIdx=3,changeCycle=0,myNode=e441c300...,timecost=1.474
info|2019-12-13 22:13:31.479176|[g:1][CONSENSUS][PBFT]checkAndChangeView: Reach consensus,org_view=117,org_changeCycle=0,cur_changeCycle=0,to_view=118
info|2019-12-13 22:13:31.802243|[P2P][Service] heartBeat,connected count=3
info|2019-12-13 22:13:32.480098|[g:1][CONSENSUS][SEALER]++++++++++++++++ Generating seal on,blkNum=142,tx=0,nodeIdx=3,hash=087ffb15...
info|2019-12-13 22:13:32.482636|[g:1][CONSENSUS][PBFT]checkTimeout Succ,view=118,toView=119,nodeIdx=3,changeCycle=0,myNode=e441c300...,timecost=0.999
info|2019-12-13 22:13:32.494607|[g:1][CONSENSUS][PBFT]checkAndChangeView: Reach consensus,org_view=118,org_changeCycle=0,cur_changeCycle=0,to_view=119
info|2019-12-13 22:13:33.496594|[g:1][CONSENSUS]addRawPrepare,height=142,reqIdx=0,hash=a440e541...
info|2019-12-13 22:13:33.500242|[g:1][CONSENSUS][PBFT]checkTimeout Succ,view=119,toView=120,nodeIdx=3,changeCycle=0,myNode=e441c300...,timecost=1.13
info|2019-12-13 22:13:33.502032|[g:1][CONSENSUS][PBFT]checkAndChangeView: Reach consensus,org_view=119,org_changeCycle=0,cur_changeCycle=0,to_view=120
info|2019-12-13 22:13:34.503636|[g:1][CONSENSUS]addRawPrepare,height=142,reqIdx=1,hash=1196b43c...
info|2019-12-13 22:13:34.504115|[g:1][CONSENSUS][PBFT]checkTimeout Succ,view=120,toView=121,nodeIdx=3,changeCycle=0,myNode=e441c300...,timecost=0.318
info|2019-12-13 22:13:34.505086|[g:1][CONSENSUS][PBFT]checkAndChangeView: Reach consensus,org_view=120,org_changeCycle=0,cur_changeCycle=0,to_view=121
info|2019-12-13 22:13:35.509184|[g:1][CONSENSUS]addRawPrepare,height=142,reqIdx=2,hash=17b66202...
info|2019-12-13 22:13:35.518625|[g:1][CONSENSUS][PBFT]checkTimeout Succ,view=121,toView=122,nodeIdx=3,changeCycle=0,myNode=e441c300...,timecost=8.38
info|2019-12-13 22:13:35.526265|[g:1][CONSENSUS][PBFT]checkAndChangeView: Reach consensus,org_view=121,org_changeCycle=0,cur_changeCycle=0,to_view=122
