info|2019-12-13 22:14:22.814361|[INITIALIZER][initGlobalConfig],enableCompress=true,compatibilityVersion=2.1.0,versionNumber=33619968,chainId=1
info|2019-12-13 22:14:22.906537|[NETWORK][Host]Connecting to node,endpoint=127.0.0.1:30300
info|2019-12-13 22:14:22.907127|[NETWORK][Host]P2P StartAccept,Host=0.0.0.0:30301
info|2019-12-13 22:14:22.908404|[NETWORK][Host]Connecting to node,endpoint=127.0.0.1:30301
info|2019-12-13 22:14:22.908565|[NETWORK][Host]Connecting to node,endpoint=127.0.0.1:30302
info|2019-12-13 22:14:22.908683|[NETWORK][Host]Connecting to node,endpoint=127.0.0.1:30303
info|2019-12-13 22:14:22.908789|[P2P][Service] heartBeat,connected count=0
info|2019-12-13 22:14:22.911951|[CHANNEL]ChannelRPCServer started
info|2019-12-13 22:14:22.911999|[INITIALIZER][RPCInitializer]ChannelRPCHttpServer started.
info|2019-12-13 22:14:22.912046|[LedgerInitializer],groupConfigPath=conf/
info|2019-12-13 22:14:22.912968|[INITIALIZER][initSingleLedger] [GroupId]:  1
info|2019-12-13 22:14:22.913025|[g:1][LEDGER]LedgerConstructor,configPath=conf/group.1.genesis,baseDir=data//group1
info|2019-12-13 22:14:22.913048|[g:1][LEDGER][initGenesisConfig]initConsensusConfig/initDBConfig/initTxConfig,configFile=conf/group.1.genesis
info|2019-12-13 22:14:22.913410|[g:1][LEDGER][initConsensusConfig],it.first=3f806b74841629d37e779f7a16561f4795128b422719444dee6e48722102bad01a03dfcadf6e8d7b25d32d9cd72f07d35f577d57e6f154ef60dfef0f2871167e
info|2019-12-13 22:14:22.913451|[g:1][LEDGER][initConsensusConfig],it.first=729ae2cc88cbfd90be04d286d54cd5281ebd8d448483ffd6bf10f229b3c35f98333a78bf0598277a577e3f79de477f9fe987ed96188d54a81dba946f6facddae
info|2019-12-13 22:14:22.913481|[g:1][LEDGER][initConsensusConfig],it.first=e441c30060737d3968cd6b17533d74a8d04b2268bcc02f5cab296e57a5ca0ee34190c4cfa4d72a7b51061361e093cd83b2e42e0cc6619907aa42b7bfa7496aaa
info|2019-12-13 22:14:22.913524|[g:1][LEDGER][initConsensusConfig],it.first=8d7b93e87e42afb39b5fcb0158fbd2afaa0b15ddb98a26fbb9f6a00d7aa9bcb3567944a9668175e31aed1e4a539d73b9a2c29d711e0f9c60f8ad9fa38b62feed
info|2019-12-13 22:14:22.913647|[g:1][LEDGER][initIniConfig]initTxPoolConfig/initSyncConfig/initTxExecuteConfig,configFile=conf/group.1.ini
info|2019-12-13 22:14:22.915793|[g:1][LEDGER][initLedger][DBInitializer]
info|2019-12-13 22:14:22.915834|[g:1][DBINITIALIZER] [initRocksDBStorage]
info|2019-12-13 22:14:22.920621|[g:1][ROCKSDB]open rocksDB handler
info|2019-12-13 22:14:22.909601|[NETWORK][ASIO]asyncResolveConnect,endpoint=127.0.0.1:30300
info|2019-12-13 22:14:22.935738|[NETWORK][ASIO]asyncResolveConnect,endpoint=127.0.0.1:30301
info|2019-12-13 22:14:22.935910|[NETWORK][ASIO]asyncResolveConnect,endpoint=127.0.0.1:30302
info|2019-12-13 22:14:22.936082|[NETWORK][ASIO]asyncResolveConnect,endpoint=127.0.0.1:30303
info|2019-12-13 22:14:22.936589|[NETWORK][Host]P2P Recv Connect, From=127.0.0.1:32984
info|2019-12-13 22:14:22.936725|[NETWORK][Host]P2P StartAccept,Host=0.0.0.0:30301
info|2019-12-13 22:14:22.946597|[NETWORK][Host]P2P Recv Connect, From=127.0.0.1:32986
info|2019-12-13 22:14:22.946668|[NETWORK][Host]P2P StartAccept,Host=0.0.0.0:30301
info|2019-12-13 22:14:22.952027|[NETWORK][Host]P2P Recv Connect, From=127.0.0.1:32990
info|2019-12-13 22:14:22.952133|[NETWORK][Host]P2P StartAccept,Host=0.0.0.0:30301
info|2019-12-13 22:14:22.956971|[NETWORK][Host]P2P Recv Connect, From=127.0.0.1:33002
info|2019-12-13 22:14:22.957050|[NETWORK][Host]P2P StartAccept,Host=0.0.0.0:30301
info|2019-12-13 22:14:22.983482|[NETWORK][Host]startPeerSession, From=127.0.0.1:32984,nodeID=3f806b74...
info|2019-12-13 22:14:22.983526|[NETWORK][Host]startPeerSession, From=127.0.0.1:33002,nodeID=729ae2cc...
info|2019-12-13 22:14:22.983575|[P2P][Service] Connection established,nodeID=3f806b74...,endpoint=127.0.0.1:32984
info|2019-12-13 22:14:22.986102|[NETWORK][Host]startPeerSession, From=127.0.0.1:30301,nodeID=729ae2cc...
info|2019-12-13 22:14:22.989957|[NETWORK][Host]startPeerSession, From=127.0.0.1:32990,nodeID=e441c300...
info|2019-12-13 22:14:22.990008|[P2P][Service] Connection established,nodeID=e441c300...,endpoint=127.0.0.1:32990
info|2019-12-13 22:14:22.991798|[NETWORK][Host]startPeerSession, From=127.0.0.1:30302,nodeID=e441c300...
info|2019-12-13 22:14:22.991919|[NETWORK][Host]startPeerSession, From=127.0.0.1:32986,nodeID=8d7b93e8...
info|2019-12-13 22:14:22.991958|[P2P][Service] Connection established,nodeID=8d7b93e8...,endpoint=127.0.0.1:32986
info|2019-12-13 22:14:22.994517|[NETWORK][Host]startPeerSession, From=127.0.0.1:30303,nodeID=8d7b93e8...
warning|2019-12-13 22:14:22.994537|[NETWORK][Session]doRead error,endpoint=127.0.0.1:32990,message=stream truncated
info|2019-12-13 22:14:22.994544|[NETWORK][Session]drop, call and erase all callbackFunc in this session!,endpoint=127.0.0.1:32990
warning|2019-12-13 22:14:22.994554|[NETWORK][Session][drop] closing remote 0.0.0.0:0,reason=Low-level TCP communication error.,endpoint=127.0.0.1:32990
warning|2019-12-13 22:14:22.994559|[P2P][Service] disconnect error P2PSession,nodeID=e441c300...,endpoint=127.0.0.1:32990,errorCode=3,what=Disconnect
warning|2019-12-13 22:14:22.994573|[P2P][Service] onDisconnect,errorCode=3,what=Dynamic exception type: dev::network::NetworkException
std::exception::what: Disconnect

warning|2019-12-13 22:14:22.994687|[NETWORK][Session]doRead error,endpoint=127.0.0.1:32986,message=stream truncated
info|2019-12-13 22:14:22.994693|[NETWORK][Session]drop, call and erase all callbackFunc in this session!,endpoint=127.0.0.1:32986
warning|2019-12-13 22:14:22.994702|[NETWORK][Session][drop] closing remote 0.0.0.0:0,reason=Low-level TCP communication error.,endpoint=127.0.0.1:32986
warning|2019-12-13 22:14:22.994707|[P2P][Service] disconnect error P2PSession,nodeID=8d7b93e8...,endpoint=127.0.0.1:32986,errorCode=3,what=Disconnect
warning|2019-12-13 22:14:22.994718|[P2P][Service] onDisconnect,errorCode=3,what=Dynamic exception type: dev::network::NetworkException
std::exception::what: Disconnect

warning|2019-12-13 22:14:22.994727|[NETWORK][Session][drop] shutdown failed ,errorValue=9,message=错误的文件描述符
warning|2019-12-13 22:14:22.994740|[NETWORK][Session][drop] shutdown failed ,errorValue=9,message=错误的文件描述符
info|2019-12-13 22:14:22.996043|[NETWORK][Host]startPeerSession, From=127.0.0.1:30300,nodeID=3f806b74...
info|2019-12-13 22:14:22.996444|[g:1][g:0][STORAGE][CachedStorage]Init flushStorage thread
info|2019-12-13 22:14:23.003748|[g:1][BLOCKCHAIN][#checkAndBuildGenesisBlock]Already have the 0th block, 0th groupMark is equal to file groupMark.
info|2019-12-13 22:14:23.013174|[g:1][CONSENSUS][PBFT]Register handler for PBFTEngine
info|2019-12-13 22:14:23.013830|[g:1][CONSENSUS][PBFT],minBlockGenerationTime=500
info|2019-12-13 22:14:23.013851|[LedgerInitializer init group succ],groupID=1
info|2019-12-13 22:14:23.014075|[INITIALIZER][RPCInitializer]JsonrpcHttpServer started.
info|2019-12-13 22:14:23.014087|[g:1][LEDGER]startAll...
info|2019-12-13 22:14:23.014917|[g:1][CONSENSUS][PBFT]^^^^^^^^Report,num=141,sealerIdx=3,hash=42223d64...,next=142,tx=1,nodeIdx=1
info|2019-12-13 22:14:23.051367|[g:1][CONSENSUS][PBFT][PBFT init env successfully]
info|2019-12-13 22:14:23.051383|[g:1][CONSENSUS][ConsensusEngine][Start ConsensusEngineBase]
info|2019-12-13 22:14:23.051487|[g:1][CONSENSUS][PBFT][Start PBFTEngine...]
info|2019-12-13 22:14:23.051499|[g:1][CONSENSUS][SEALER][Start sealer module]
info|2019-12-13 22:14:23.051701|[g:1][EVENT][EventLogFilterManager]start,m_maxBlockRange=0,m_maxBlockPerLoopFilter=3
info|2019-12-13 22:14:24.052262|[g:1][CONSENSUS][SEALER]++++++++++++++++ Generating seal on,blkNum=142,tx=0,nodeIdx=1,hash=9cb02ae4...
info|2019-12-13 22:14:24.059151|[g:1][CONSENSUS][PBFT]checkTimeout Succ,view=0,toView=1,nodeIdx=1,changeCycle=0,myNode=729ae2cc...,timecost=1.349
info|2019-12-13 22:14:24.062214|[g:1][CONSENSUS][PBFT]checkAndChangeView: Reach consensus,org_view=0,org_changeCycle=0,cur_changeCycle=0,to_view=1
warning|2019-12-13 22:14:27.063273|[g:1][CONSENSUS][PBFT]ViewChangeWarning: not caused by omit empty block ,v=1,toV=2,curNum=141,hash=42223d64...,nodeIdx=1,myNode=729ae2cc...
info|2019-12-13 22:14:27.063319|[g:1][CONSENSUS][PBFT]checkTimeout Succ,view=1,toView=2,nodeIdx=1,changeCycle=1,myNode=729ae2cc...,timecost=0.267
info|2019-12-13 22:14:27.064364|[g:1][CONSENSUS][PBFT]checkAndChangeView: Reach consensus,org_view=1,org_changeCycle=1,cur_changeCycle=1,to_view=2
info|2019-12-13 22:14:28.065962|[g:1][CONSENSUS]addRawPrepare,height=142,reqIdx=3,hash=0ff811c4...
info|2019-12-13 22:14:28.066416|[g:1][CONSENSUS][PBFT]checkTimeout Succ,view=2,toView=3,nodeIdx=1,changeCycle=0,myNode=729ae2cc...,timecost=0.395
info|2019-12-13 22:14:28.108754|[g:1][CONSENSUS][PBFT]checkAndChangeView: Reach consensus,org_view=2,org_changeCycle=0,cur_changeCycle=0,to_view=3
info|2019-12-13 22:14:29.068792|[g:1][CONSENSUS]addRawPrepare,height=142,reqIdx=0,hash=b99dbde3...
info|2019-12-13 22:14:29.069209|[g:1][CONSENSUS][PBFT]checkTimeout Succ,view=3,toView=4,nodeIdx=1,changeCycle=0,myNode=729ae2cc...,timecost=0.346
info|2019-12-13 22:14:29.070328|[g:1][CONSENSUS][PBFT]checkAndChangeView: Reach consensus,org_view=3,org_changeCycle=0,cur_changeCycle=0,to_view=4
info|2019-12-13 22:14:30.070416|[g:1][CONSENSUS][SEALER]++++++++++++++++ Generating seal on,blkNum=142,tx=0,nodeIdx=1,hash=8ae94904...
info|2019-12-13 22:14:30.074188|[g:1][CONSENSUS][PBFT]checkTimeout Succ,view=4,toView=5,nodeIdx=1,changeCycle=0,myNode=729ae2cc...,timecost=2.806
info|2019-12-13 22:14:30.083208|[g:1][CONSENSUS][PBFT]checkAndChangeView: Reach consensus,org_view=4,org_changeCycle=0,cur_changeCycle=0,to_view=5
info|2019-12-13 22:14:32.908984|[NETWORK][Host]Connecting to node,endpoint=127.0.0.1:30302
info|2019-12-13 22:14:32.909151|[NETWORK][Host]Connecting to node,endpoint=127.0.0.1:30303
info|2019-12-13 22:14:32.909269|[P2P][Service] heartBeat,connected count=1
info|2019-12-13 22:14:32.909638|[NETWORK][ASIO]asyncResolveConnect,endpoint=127.0.0.1:30302
info|2019-12-13 22:14:32.909824|[NETWORK][ASIO]asyncResolveConnect,endpoint=127.0.0.1:30303
info|2019-12-13 22:14:32.910470|[NETWORK][Host]P2P Recv Connect, From=127.0.0.1:33020
info|2019-12-13 22:14:32.910615|[NETWORK][Host]P2P StartAccept,Host=0.0.0.0:30301
info|2019-12-13 22:14:32.916450|[NETWORK][Host]P2P Recv Connect, From=127.0.0.1:33026
info|2019-12-13 22:14:32.916583|[NETWORK][Host]P2P StartAccept,Host=0.0.0.0:30301
info|2019-12-13 22:14:32.954150|[NETWORK][Host]startPeerSession, From=127.0.0.1:30302,nodeID=e441c300...
info|2019-12-13 22:14:32.954199|[P2P][Service] Connection established,nodeID=e441c300...,endpoint=127.0.0.1:30302
info|2019-12-13 22:14:32.954236|[NETWORK][Host]startPeerSession, From=127.0.0.1:33020,nodeID=e441c300...
info|2019-12-13 22:14:32.963508|[NETWORK][Host]startPeerSession, From=127.0.0.1:33026,nodeID=8d7b93e8...
info|2019-12-13 22:14:32.963563|[P2P][Service] Connection established,nodeID=8d7b93e8...,endpoint=127.0.0.1:33026
info|2019-12-13 22:14:32.966224|[NETWORK][Host]startPeerSession, From=127.0.0.1:30303,nodeID=8d7b93e8...
warning|2019-12-13 22:14:32.973278|[SYNC][id:729ae2cc...][Status]Peer data not found,nodeId=8d7b93e8...
warning|2019-12-13 22:14:33.085104|[SYNC][id:729ae2cc...][Status]Peer data not found,nodeId=e441c300...
warning|2019-12-13 22:14:33.085664|[SYNC][id:729ae2cc...][Status]Peer data not found,nodeId=e441c300...
warning|2019-12-13 22:14:33.086407|[g:1][CONSENSUS][PBFT]ViewChangeWarning: not caused by omit empty block ,v=5,toV=6,curNum=141,hash=42223d64...,nodeIdx=1,myNode=729ae2cc...
info|2019-12-13 22:14:33.086766|[g:1][CONSENSUS][PBFT]checkTimeout Succ,view=5,toView=6,nodeIdx=1,changeCycle=1,myNode=729ae2cc...,timecost=1.432
info|2019-12-13 22:14:33.107532|[g:1][CONSENSUS][PBFT]checkAndChangeView: Reach consensus,org_view=5,org_changeCycle=1,cur_changeCycle=1,to_view=6
info|2019-12-13 22:14:34.112941|[g:1][CONSENSUS]addRawPrepare,height=142,reqIdx=3,hash=5617d349...
info|2019-12-13 22:14:34.115627|[g:1][CONSENSUS][PBFT]checkTimeout Succ,view=6,toView=7,nodeIdx=1,changeCycle=0,myNode=729ae2cc...,timecost=1.778
info|2019-12-13 22:14:34.120745|[g:1][CONSENSUS][PBFT]checkAndChangeView: Reach consensus,org_view=6,org_changeCycle=0,cur_changeCycle=0,to_view=7
info|2019-12-13 22:14:35.124426|[g:1][CONSENSUS]addRawPrepare,height=142,reqIdx=0,hash=d2421f85...
info|2019-12-13 22:14:35.125523|[g:1][CONSENSUS][PBFT]checkTimeout Succ,view=7,toView=8,nodeIdx=1,changeCycle=0,myNode=729ae2cc...,timecost=0.434
info|2019-12-13 22:14:35.126597|[g:1][CONSENSUS][PBFT]checkAndChangeView: Reach consensus,org_view=7,org_changeCycle=0,cur_changeCycle=0,to_view=8
info|2019-12-13 22:14:36.126428|[g:1][CONSENSUS][SEALER]++++++++++++++++ Generating seal on,blkNum=142,tx=0,nodeIdx=1,hash=b648e62f...
info|2019-12-13 22:14:36.135581|[g:1][CONSENSUS][PBFT]checkTimeout Succ,view=8,toView=9,nodeIdx=1,changeCycle=0,myNode=729ae2cc...,timecost=2.246
info|2019-12-13 22:14:36.140836|[g:1][CONSENSUS][PBFT]checkAndChangeView: Reach consensus,org_view=8,org_changeCycle=0,cur_changeCycle=0,to_view=9
info|2019-12-13 22:14:37.139869|[g:1][CONSENSUS]addRawPrepare,height=142,reqIdx=2,hash=58b592b3...
info|2019-12-13 22:14:37.140956|[g:1][CONSENSUS][PBFT]checkTimeout Succ,view=9,toView=10,nodeIdx=1,changeCycle=0,myNode=729ae2cc...,timecost=0.983
info|2019-12-13 22:14:37.142805|[g:1][CONSENSUS][PBFT]checkAndChangeView: Reach consensus,org_view=9,org_changeCycle=0,cur_changeCycle=0,to_view=10
info|2019-12-13 22:14:38.149057|[g:1][CONSENSUS]addRawPrepare,height=142,reqIdx=3,hash=98e849e7...
info|2019-12-13 22:14:38.150952|[g:1][CONSENSUS][PBFT]checkTimeout Succ,view=10,toView=11,nodeIdx=1,changeCycle=0,myNode=729ae2cc...,timecost=1.318
info|2019-12-13 22:14:38.159595|[g:1][CONSENSUS][PBFT]checkAndChangeView: Reach consensus,org_view=10,org_changeCycle=0,cur_changeCycle=0,to_view=11
info|2019-12-13 22:14:39.155669|[g:1][CONSENSUS]addRawPrepare,height=142,reqIdx=0,hash=e299527f...
info|2019-12-13 22:14:39.156564|[g:1][CONSENSUS][PBFT]checkTimeout Succ,view=11,toView=12,nodeIdx=1,changeCycle=0,myNode=729ae2cc...,timecost=0.788
info|2019-12-13 22:14:39.158385|[g:1][CONSENSUS][PBFT]checkAndChangeView: Reach consensus,org_view=11,org_changeCycle=0,cur_changeCycle=0,to_view=12
info|2019-12-13 22:14:40.159235|[g:1][CONSENSUS][SEALER]++++++++++++++++ Generating seal on,blkNum=142,tx=0,nodeIdx=1,hash=34a6df76...
info|2019-12-13 22:14:40.163378|[g:1][CONSENSUS][PBFT]checkTimeout Succ,view=12,toView=13,nodeIdx=1,changeCycle=0,myNode=729ae2cc...,timecost=2.998
info|2019-12-13 22:14:40.169272|[g:1][CONSENSUS][PBFT]checkAndChangeView: Reach consensus,org_view=12,org_changeCycle=0,cur_changeCycle=0,to_view=13
info|2019-12-13 22:14:41.172987|[g:1][CONSENSUS]addRawPrepare,height=142,reqIdx=2,hash=c53f51fc...
info|2019-12-13 22:14:41.173400|[g:1][CONSENSUS][PBFT]checkTimeout Succ,view=13,toView=14,nodeIdx=1,changeCycle=0,myNode=729ae2cc...,timecost=0.334
info|2019-12-13 22:14:41.174627|[g:1][CONSENSUS][PBFT]checkAndChangeView: Reach consensus,org_view=13,org_changeCycle=0,cur_changeCycle=0,to_view=14
info|2019-12-13 22:14:42.175217|[g:1][CONSENSUS]addRawPrepare,height=142,reqIdx=3,hash=dbdb6fc2...
info|2019-12-13 22:14:42.175572|[g:1][CONSENSUS][PBFT]checkTimeout Succ,view=14,toView=15,nodeIdx=1,changeCycle=0,myNode=729ae2cc...,timecost=0.264
info|2019-12-13 22:14:42.177614|[g:1][CONSENSUS][PBFT]checkAndChangeView: Reach consensus,org_view=14,org_changeCycle=0,cur_changeCycle=0,to_view=15
info|2019-12-13 22:14:42.909498|[P2P][Service] heartBeat,connected count=3
info|2019-12-13 22:14:43.177411|[g:1][CONSENSUS]addRawPrepare,height=142,reqIdx=0,hash=cf6e9048...
info|2019-12-13 22:14:43.178125|[g:1][CONSENSUS][PBFT]checkTimeout Succ,view=15,toView=16,nodeIdx=1,changeCycle=0,myNode=729ae2cc...,timecost=0.602
info|2019-12-13 22:14:43.179668|[g:1][CONSENSUS][PBFT]checkAndChangeView: Reach consensus,org_view=15,org_changeCycle=0,cur_changeCycle=0,to_view=16
info|2019-12-13 22:14:44.180061|[g:1][CONSENSUS][SEALER]++++++++++++++++ Generating seal on,blkNum=142,tx=0,nodeIdx=1,hash=b2bb457b...
info|2019-12-13 22:14:44.183158|[g:1][CONSENSUS][PBFT]checkTimeout Succ,view=16,toView=17,nodeIdx=1,changeCycle=0,myNode=729ae2cc...,timecost=2.054
info|2019-12-13 22:14:44.191340|[g:1][CONSENSUS][PBFT]checkAndChangeView: Reach consensus,org_view=16,org_changeCycle=0,cur_changeCycle=0,to_view=17
info|2019-12-13 22:14:45.197840|[g:1][CONSENSUS]addRawPrepare,height=142,reqIdx=2,hash=9438f08d...
info|2019-12-13 22:14:45.200501|[g:1][CONSENSUS][PBFT]checkTimeout Succ,view=17,toView=18,nodeIdx=1,changeCycle=0,myNode=729ae2cc...,timecost=1.348
info|2019-12-13 22:14:45.208275|[g:1][CONSENSUS][PBFT]checkAndChangeView: Reach consensus,org_view=17,org_changeCycle=0,cur_changeCycle=0,to_view=18
info|2019-12-13 22:14:46.207749|[g:1][CONSENSUS]addRawPrepare,height=142,reqIdx=3,hash=f668b431...
info|2019-12-13 22:14:46.209183|[g:1][CONSENSUS][PBFT]checkTimeout Succ,view=18,toView=19,nodeIdx=1,changeCycle=0,myNode=729ae2cc...,timecost=0.906
info|2019-12-13 22:14:46.210418|[g:1][CONSENSUS][PBFT]checkAndChangeView: Reach consensus,org_view=18,org_changeCycle=0,cur_changeCycle=0,to_view=19
info|2019-12-13 22:14:47.210494|[g:1][CONSENSUS]addRawPrepare,height=142,reqIdx=0,hash=f3f4c35f...
info|2019-12-13 22:14:47.211037|[g:1][CONSENSUS][PBFT]checkTimeout Succ,view=19,toView=20,nodeIdx=1,changeCycle=0,myNode=729ae2cc...,timecost=0.428
info|2019-12-13 22:14:47.212150|[g:1][CONSENSUS][PBFT]checkAndChangeView: Reach consensus,org_view=19,org_changeCycle=0,cur_changeCycle=0,to_view=20
info|2019-12-13 22:14:48.212574|[g:1][CONSENSUS][SEALER]++++++++++++++++ Generating seal on,blkNum=142,tx=0,nodeIdx=1,hash=9c8a7f37...
info|2019-12-13 22:14:48.213332|[g:1][CONSENSUS][PBFT]checkTimeout Succ,view=20,toView=21,nodeIdx=1,changeCycle=0,myNode=729ae2cc...,timecost=0.413
info|2019-12-13 22:14:48.215840|[g:1][CONSENSUS][PBFT]checkAndChangeView: Reach consensus,org_view=20,org_changeCycle=0,cur_changeCycle=0,to_view=21
info|2019-12-13 22:14:49.223473|[g:1][CONSENSUS]addRawPrepare,height=142,reqIdx=2,hash=ac86a4d3...
info|2019-12-13 22:14:49.223788|[g:1][CONSENSUS][PBFT]checkTimeout Succ,view=21,toView=22,nodeIdx=1,changeCycle=0,myNode=729ae2cc...,timecost=0.23
info|2019-12-13 22:14:49.226086|[g:1][CONSENSUS][PBFT]checkAndChangeView: Reach consensus,org_view=21,org_changeCycle=0,cur_changeCycle=0,to_view=22
info|2019-12-13 22:14:50.228116|[g:1][CONSENSUS]addRawPrepare,height=142,reqIdx=3,hash=91d1a96c...
info|2019-12-13 22:14:50.230076|[g:1][CONSENSUS][PBFT]checkTimeout Succ,view=22,toView=23,nodeIdx=1,changeCycle=0,myNode=729ae2cc...,timecost=1.727
info|2019-12-13 22:14:50.233744|[g:1][CONSENSUS][PBFT]checkAndChangeView: Reach consensus,org_view=22,org_changeCycle=0,cur_changeCycle=0,to_view=23
info|2019-12-13 22:14:51.236738|[g:1][CONSENSUS]addRawPrepare,height=142,reqIdx=0,hash=01082707...
info|2019-12-13 22:14:51.237407|[g:1][CONSENSUS][PBFT]checkTimeout Succ,view=23,toView=24,nodeIdx=1,changeCycle=0,myNode=729ae2cc...,timecost=0.428
info|2019-12-13 22:14:51.239523|[g:1][CONSENSUS][PBFT]checkAndChangeView: Reach consensus,org_view=23,org_changeCycle=0,cur_changeCycle=0,to_view=24
info|2019-12-13 22:14:52.239855|[g:1][CONSENSUS][SEALER]++++++++++++++++ Generating seal on,blkNum=142,tx=0,nodeIdx=1,hash=ef836386...
info|2019-12-13 22:14:52.241907|[g:1][CONSENSUS][PBFT]checkTimeout Succ,view=24,toView=25,nodeIdx=1,changeCycle=0,myNode=729ae2cc...,timecost=1.806
info|2019-12-13 22:14:52.243018|[g:1][CONSENSUS][PBFT]checkAndChangeView: Reach consensus,org_view=24,org_changeCycle=0,cur_changeCycle=0,to_view=25
info|2019-12-13 22:14:52.909597|[P2P][Service] heartBeat,connected count=3
info|2019-12-13 22:14:53.242990|[g:1][CONSENSUS]addRawPrepare,height=142,reqIdx=2,hash=47023326...
info|2019-12-13 22:14:53.243812|[g:1][CONSENSUS][PBFT]checkTimeout Succ,view=25,toView=26,nodeIdx=1,changeCycle=0,myNode=729ae2cc...,timecost=0.547
info|2019-12-13 22:14:53.245973|[g:1][CONSENSUS][PBFT]checkAndChangeView: Reach consensus,org_view=25,org_changeCycle=0,cur_changeCycle=0,to_view=26
info|2019-12-13 22:14:54.250947|[g:1][CONSENSUS]addRawPrepare,height=142,reqIdx=3,hash=c31583b5...
info|2019-12-13 22:14:54.251883|[g:1][CONSENSUS][PBFT]checkTimeout Succ,view=26,toView=27,nodeIdx=1,changeCycle=0,myNode=729ae2cc...,timecost=0.854
info|2019-12-13 22:14:54.253339|[g:1][CONSENSUS][PBFT]checkAndChangeView: Reach consensus,org_view=26,org_changeCycle=0,cur_changeCycle=0,to_view=27
info|2019-12-13 22:14:55.253498|[g:1][CONSENSUS]addRawPrepare,height=142,reqIdx=0,hash=1d60227a...
info|2019-12-13 22:14:55.253862|[g:1][CONSENSUS][PBFT]checkTimeout Succ,view=27,toView=28,nodeIdx=1,changeCycle=0,myNode=729ae2cc...,timecost=0.276
info|2019-12-13 22:14:55.258162|[g:1][CONSENSUS][PBFT]checkAndChangeView: Reach consensus,org_view=27,org_changeCycle=0,cur_changeCycle=0,to_view=28
info|2019-12-13 22:14:56.259135|[g:1][CONSENSUS][SEALER]++++++++++++++++ Generating seal on,blkNum=142,tx=0,nodeIdx=1,hash=5638e9c6...
info|2019-12-13 22:14:56.260096|[g:1][CONSENSUS][PBFT]checkTimeout Succ,view=28,toView=29,nodeIdx=1,changeCycle=0,myNode=729ae2cc...,timecost=0.284
info|2019-12-13 22:14:56.261805|[g:1][CONSENSUS][PBFT]checkAndChangeView: Reach consensus,org_view=28,org_changeCycle=0,cur_changeCycle=0,to_view=29
info|2019-12-13 22:14:57.266460|[g:1][CONSENSUS]addRawPrepare,height=142,reqIdx=2,hash=9c3ec1b8...
info|2019-12-13 22:14:57.266822|[g:1][CONSENSUS][PBFT]checkTimeout Succ,view=29,toView=30,nodeIdx=1,changeCycle=0,myNode=729ae2cc...,timecost=0.271
info|2019-12-13 22:14:57.268363|[g:1][CONSENSUS][PBFT]checkAndChangeView: Reach consensus,org_view=29,org_changeCycle=0,cur_changeCycle=0,to_view=30
info|2019-12-13 22:14:58.271017|[g:1][CONSENSUS]addRawPrepare,height=142,reqIdx=3,hash=600c0858...
info|2019-12-13 22:14:58.271430|[g:1][CONSENSUS][PBFT]checkTimeout Succ,view=30,toView=31,nodeIdx=1,changeCycle=0,myNode=729ae2cc...,timecost=0.314
info|2019-12-13 22:14:58.275790|[g:1][CONSENSUS][PBFT]checkAndChangeView: Reach consensus,org_view=30,org_changeCycle=0,cur_changeCycle=0,to_view=31
info|2019-12-13 22:14:59.281203|[g:1][CONSENSUS]addRawPrepare,height=142,reqIdx=0,hash=7fce3faa...
info|2019-12-13 22:14:59.281496|[g:1][CONSENSUS][PBFT]checkTimeout Succ,view=31,toView=32,nodeIdx=1,changeCycle=0,myNode=729ae2cc...,timecost=0.263
info|2019-12-13 22:14:59.282852|[g:1][CONSENSUS][PBFT]checkAndChangeView: Reach consensus,org_view=31,org_changeCycle=0,cur_changeCycle=0,to_view=32
info|2019-12-13 22:15:00.282547|[g:1][CONSENSUS][SEALER]++++++++++++++++ Generating seal on,blkNum=142,tx=0,nodeIdx=1,hash=e927f0b9...
info|2019-12-13 22:15:00.283174|[g:1][CONSENSUS][PBFT]checkTimeout Succ,view=32,toView=33,nodeIdx=1,changeCycle=0,myNode=729ae2cc...,timecost=0.293
info|2019-12-13 22:15:00.285745|[g:1][CONSENSUS][PBFT]checkAndChangeView: Reach consensus,org_view=32,org_changeCycle=0,cur_changeCycle=0,to_view=33
info|2019-12-13 22:15:01.288593|[g:1][CONSENSUS]addRawPrepare,height=142,reqIdx=2,hash=51a6cce2...
info|2019-12-13 22:15:01.288947|[g:1][CONSENSUS][PBFT]checkTimeout Succ,view=33,toView=34,nodeIdx=1,changeCycle=0,myNode=729ae2cc...,timecost=0.261
info|2019-12-13 22:15:01.292566|[g:1][CONSENSUS][PBFT]checkAndChangeView: Reach consensus,org_view=33,org_changeCycle=0,cur_changeCycle=0,to_view=34
info|2019-12-13 22:15:02.292985|[g:1][CONSENSUS]addRawPrepare,height=142,reqIdx=3,hash=b3aeeeae...
info|2019-12-13 22:15:02.293369|[g:1][CONSENSUS][PBFT]checkTimeout Succ,view=34,toView=35,nodeIdx=1,changeCycle=0,myNode=729ae2cc...,timecost=0.293
info|2019-12-13 22:15:02.295621|[g:1][CONSENSUS][PBFT]checkAndChangeView: Reach consensus,org_view=34,org_changeCycle=0,cur_changeCycle=0,to_view=35
info|2019-12-13 22:15:02.909664|[P2P][Service] heartBeat,connected count=3
info|2019-12-13 22:15:03.298571|[g:1][CONSENSUS]addRawPrepare,height=142,reqIdx=0,hash=2492e34e...
info|2019-12-13 22:15:03.299012|[g:1][CONSENSUS][PBFT]checkTimeout Succ,view=35,toView=36,nodeIdx=1,changeCycle=0,myNode=729ae2cc...,timecost=0.34
info|2019-12-13 22:15:03.300504|[g:1][CONSENSUS][PBFT]checkAndChangeView: Reach consensus,org_view=35,org_changeCycle=0,cur_changeCycle=0,to_view=36
info|2019-12-13 22:15:04.300254|[g:1][CONSENSUS][SEALER]++++++++++++++++ Generating seal on,blkNum=142,tx=0,nodeIdx=1,hash=1dc41cb5...
info|2019-12-13 22:15:04.302487|[g:1][CONSENSUS][PBFT]checkTimeout Succ,view=36,toView=37,nodeIdx=1,changeCycle=0,myNode=729ae2cc...,timecost=0.59
info|2019-12-13 22:15:04.304196|[g:1][CONSENSUS][PBFT]checkAndChangeView: Reach consensus,org_view=36,org_changeCycle=0,cur_changeCycle=0,to_view=37
info|2019-12-13 22:15:05.307785|[g:1][CONSENSUS]addRawPrepare,height=142,reqIdx=2,hash=55ce931d...
info|2019-12-13 22:15:05.315011|[g:1][CONSENSUS][PBFT]checkTimeout Succ,view=37,toView=38,nodeIdx=1,changeCycle=0,myNode=729ae2cc...,timecost=4.383
info|2019-12-13 22:15:05.320655|[g:1][CONSENSUS][PBFT]checkAndChangeView: Reach consensus,org_view=37,org_changeCycle=0,cur_changeCycle=0,to_view=38
info|2019-12-13 22:15:06.325236|[g:1][CONSENSUS]addRawPrepare,height=142,reqIdx=3,hash=6c376aef...
info|2019-12-13 22:15:06.330404|[g:1][CONSENSUS][PBFT]checkTimeout Succ,view=38,toView=39,nodeIdx=1,changeCycle=0,myNode=729ae2cc...,timecost=3.501
info|2019-12-13 22:15:06.336425|[g:1][CONSENSUS][PBFT]checkAndChangeView: Reach consensus,org_view=38,org_changeCycle=0,cur_changeCycle=0,to_view=39
info|2019-12-13 22:15:07.338288|[g:1][CONSENSUS]addRawPrepare,height=142,reqIdx=0,hash=a687baf7...
info|2019-12-13 22:15:07.347940|[g:1][CONSENSUS][PBFT]checkTimeout Succ,view=39,toView=40,nodeIdx=1,changeCycle=0,myNode=729ae2cc...,timecost=2.193
info|2019-12-13 22:15:07.353328|[g:1][CONSENSUS][PBFT]checkAndChangeView: Reach consensus,org_view=39,org_changeCycle=0,cur_changeCycle=0,to_view=40
info|2019-12-13 22:15:08.353809|[g:1][CONSENSUS][SEALER]++++++++++++++++ Generating seal on,blkNum=142,tx=0,nodeIdx=1,hash=efe14f53...
info|2019-12-13 22:15:08.360933|[g:1][CONSENSUS][PBFT]checkTimeout Succ,view=40,toView=41,nodeIdx=1,changeCycle=0,myNode=729ae2cc...,timecost=3.171
info|2019-12-13 22:15:08.366151|[g:1][CONSENSUS][PBFT]checkAndChangeView: Reach consensus,org_view=40,org_changeCycle=0,cur_changeCycle=0,to_view=41
info|2019-12-13 22:15:09.377300|[g:1][CONSENSUS]addRawPrepare,height=142,reqIdx=2,hash=782c2137...
info|2019-12-13 22:15:09.379358|[g:1][CONSENSUS][PBFT]checkTimeout Succ,view=41,toView=42,nodeIdx=1,changeCycle=0,myNode=729ae2cc...,timecost=1.289
info|2019-12-13 22:15:09.383766|[g:1][CONSENSUS][PBFT]checkAndChangeView: Reach consensus,org_view=41,org_changeCycle=0,cur_changeCycle=0,to_view=42
info|2019-12-13 22:15:10.390714|[g:1][CONSENSUS]addRawPrepare,height=142,reqIdx=3,hash=beb513b3...
info|2019-12-13 22:15:10.392748|[g:1][CONSENSUS][PBFT]checkTimeout Succ,view=42,toView=43,nodeIdx=1,changeCycle=0,myNode=729ae2cc...,timecost=1.576
info|2019-12-13 22:15:10.397735|[g:1][CONSENSUS][PBFT]checkAndChangeView: Reach consensus,org_view=42,org_changeCycle=0,cur_changeCycle=0,to_view=43
info|2019-12-13 22:15:11.403183|[g:1][CONSENSUS]addRawPrepare,height=142,reqIdx=0,hash=ce27512e...
info|2019-12-13 22:15:11.406507|[g:1][CONSENSUS][PBFT]checkTimeout Succ,view=43,toView=44,nodeIdx=1,changeCycle=0,myNode=729ae2cc...,timecost=2.647
info|2019-12-13 22:15:11.414224|[g:1][CONSENSUS][PBFT]checkAndChangeView: Reach consensus,org_view=43,org_changeCycle=0,cur_changeCycle=0,to_view=44
info|2019-12-13 22:15:12.414979|[g:1][CONSENSUS][SEALER]++++++++++++++++ Generating seal on,blkNum=142,tx=0,nodeIdx=1,hash=b2a44699...
info|2019-12-13 22:15:12.418211|[g:1][CONSENSUS][PBFT]checkTimeout Succ,view=44,toView=45,nodeIdx=1,changeCycle=0,myNode=729ae2cc...,timecost=1.818
info|2019-12-13 22:15:12.425779|[g:1][CONSENSUS][PBFT]checkAndChangeView: Reach consensus,org_view=44,org_changeCycle=0,cur_changeCycle=0,to_view=45
info|2019-12-13 22:15:12.909828|[P2P][Service] heartBeat,connected count=3
info|2019-12-13 22:15:13.434256|[g:1][CONSENSUS]addRawPrepare,height=142,reqIdx=2,hash=168014f9...
info|2019-12-13 22:15:13.439413|[g:1][CONSENSUS][PBFT]checkTimeout Succ,view=45,toView=46,nodeIdx=1,changeCycle=0,myNode=729ae2cc...,timecost=4.181
info|2019-12-13 22:15:13.448480|[g:1][CONSENSUS][PBFT]checkAndChangeView: Reach consensus,org_view=45,org_changeCycle=0,cur_changeCycle=0,to_view=46
info|2019-12-13 22:15:14.459167|[g:1][CONSENSUS]addRawPrepare,height=142,reqIdx=3,hash=d199ac4c...
info|2019-12-13 22:15:14.461097|[g:1][CONSENSUS][PBFT]checkTimeout Succ,view=46,toView=47,nodeIdx=1,changeCycle=0,myNode=729ae2cc...,timecost=1.587
info|2019-12-13 22:15:14.466517|[g:1][CONSENSUS][PBFT]checkAndChangeView: Reach consensus,org_view=46,org_changeCycle=0,cur_changeCycle=0,to_view=47
info|2019-12-13 22:15:15.478476|[g:1][CONSENSUS]addRawPrepare,height=142,reqIdx=0,hash=210b960a...
info|2019-12-13 22:15:15.480706|[g:1][CONSENSUS][PBFT]checkTimeout Succ,view=47,toView=48,nodeIdx=1,changeCycle=0,myNode=729ae2cc...,timecost=1.864
info|2019-12-13 22:15:15.488373|[g:1][CONSENSUS][PBFT]checkAndChangeView: Reach consensus,org_view=47,org_changeCycle=0,cur_changeCycle=0,to_view=48
info|2019-12-13 22:15:16.488421|[g:1][CONSENSUS][SEALER]++++++++++++++++ Generating seal on,blkNum=142,tx=0,nodeIdx=1,hash=726765d2...
info|2019-12-13 22:15:16.494223|[g:1][CONSENSUS][PBFT]checkTimeout Succ,view=48,toView=49,nodeIdx=1,changeCycle=0,myNode=729ae2cc...,timecost=0.873
info|2019-12-13 22:15:16.497927|[g:1][CONSENSUS][PBFT]checkAndChangeView: Reach consensus,org_view=48,org_changeCycle=0,cur_changeCycle=0,to_view=49
info|2019-12-13 22:15:17.503405|[g:1][CONSENSUS]addRawPrepare,height=142,reqIdx=2,hash=5b5d57d3...
info|2019-12-13 22:15:17.504641|[g:1][CONSENSUS][PBFT]checkTimeout Succ,view=49,toView=50,nodeIdx=1,changeCycle=0,myNode=729ae2cc...,timecost=0.678
info|2019-12-13 22:15:17.507143|[g:1][CONSENSUS][PBFT]checkAndChangeView: Reach consensus,org_view=49,org_changeCycle=0,cur_changeCycle=0,to_view=50
info|2019-12-13 22:15:18.508039|[g:1][CONSENSUS]addRawPrepare,height=142,reqIdx=3,hash=980410a9...
info|2019-12-13 22:15:18.511228|[g:1][CONSENSUS][PBFT]checkTimeout Succ,view=50,toView=51,nodeIdx=1,changeCycle=0,myNode=729ae2cc...,timecost=3.072
info|2019-12-13 22:15:18.512424|[g:1][CONSENSUS][PBFT]checkAndChangeView: Reach consensus,org_view=50,org_changeCycle=0,cur_changeCycle=0,to_view=51
info|2019-12-13 22:15:19.558904|[g:1][CONSENSUS]addRawPrepare,height=142,reqIdx=0,hash=9876b342...
info|2019-12-13 22:15:19.559655|[g:1][CONSENSUS][PBFT]checkTimeout Succ,view=51,toView=52,nodeIdx=1,changeCycle=0,myNode=729ae2cc...,timecost=0.553
info|2019-12-13 22:15:19.560688|[g:1][CONSENSUS][PBFT]checkAndChangeView: Reach consensus,org_view=51,org_changeCycle=0,cur_changeCycle=0,to_view=52
info|2019-12-13 22:15:20.560770|[g:1][CONSENSUS][SEALER]++++++++++++++++ Generating seal on,blkNum=142,tx=0,nodeIdx=1,hash=f607e567...
info|2019-12-13 22:15:20.562061|[g:1][CONSENSUS][PBFT]checkTimeout Succ,view=52,toView=53,nodeIdx=1,changeCycle=0,myNode=729ae2cc...,timecost=1.07
info|2019-12-13 22:15:20.563247|[g:1][CONSENSUS][PBFT]checkAndChangeView: Reach consensus,org_view=52,org_changeCycle=0,cur_changeCycle=0,to_view=53
info|2019-12-13 22:15:21.566343|[g:1][CONSENSUS]addRawPrepare,height=142,reqIdx=2,hash=13ef0124...
info|2019-12-13 22:15:21.566692|[g:1][CONSENSUS][PBFT]checkTimeout Succ,view=53,toView=54,nodeIdx=1,changeCycle=0,myNode=729ae2cc...,timecost=0.274
info|2019-12-13 22:15:21.567574|[g:1][CONSENSUS][PBFT]checkAndChangeView: Reach consensus,org_view=53,org_changeCycle=0,cur_changeCycle=0,to_view=54
info|2019-12-13 22:15:22.570839|[g:1][CONSENSUS]addRawPrepare,height=142,reqIdx=3,hash=d8fde32b...
info|2019-12-13 22:15:22.571254|[g:1][CONSENSUS][PBFT]checkTimeout Succ,view=54,toView=55,nodeIdx=1,changeCycle=0,myNode=729ae2cc...,timecost=0.278
info|2019-12-13 22:15:22.575334|[g:1][CONSENSUS][PBFT]checkAndChangeView: Reach consensus,org_view=54,org_changeCycle=0,cur_changeCycle=0,to_view=55
info|2019-12-13 22:15:22.909959|[P2P][Service] heartBeat,connected count=3
info|2019-12-13 22:15:23.577978|[g:1][CONSENSUS]addRawPrepare,height=142,reqIdx=0,hash=e375d158...
info|2019-12-13 22:15:23.580954|[g:1][CONSENSUS][PBFT]checkTimeout Succ,view=55,toView=56,nodeIdx=1,changeCycle=0,myNode=729ae2cc...,timecost=3.006
info|2019-12-13 22:15:23.584535|[g:1][CONSENSUS][PBFT]checkAndChangeView: Reach consensus,org_view=55,org_changeCycle=0,cur_changeCycle=0,to_view=56
info|2019-12-13 22:15:24.584816|[g:1][CONSENSUS][SEALER]++++++++++++++++ Generating seal on,blkNum=142,tx=0,nodeIdx=1,hash=bc011cbd...
info|2019-12-13 22:15:24.590013|[g:1][CONSENSUS][PBFT]checkTimeout Succ,view=56,toView=57,nodeIdx=1,changeCycle=0,myNode=729ae2cc...,timecost=0.364
info|2019-12-13 22:15:24.591247|[g:1][CONSENSUS][PBFT]checkAndChangeView: Reach consensus,org_view=56,org_changeCycle=0,cur_changeCycle=0,to_view=57
info|2019-12-13 22:15:25.593682|[g:1][CONSENSUS]addRawPrepare,height=142,reqIdx=2,hash=fa46cf0f...
info|2019-12-13 22:15:25.594422|[g:1][CONSENSUS][PBFT]checkTimeout Succ,view=57,toView=58,nodeIdx=1,changeCycle=0,myNode=729ae2cc...,timecost=0.352
info|2019-12-13 22:15:25.595413|[g:1][CONSENSUS][PBFT]checkAndChangeView: Reach consensus,org_view=57,org_changeCycle=0,cur_changeCycle=0,to_view=58
info|2019-12-13 22:15:26.597456|[g:1][CONSENSUS]addRawPrepare,height=142,reqIdx=3,hash=7effd515...
info|2019-12-13 22:15:26.600151|[g:1][CONSENSUS][PBFT]checkTimeout Succ,view=58,toView=59,nodeIdx=1,changeCycle=0,myNode=729ae2cc...,timecost=2.623
info|2019-12-13 22:15:26.601334|[g:1][CONSENSUS][PBFT]checkAndChangeView: Reach consensus,org_view=58,org_changeCycle=0,cur_changeCycle=0,to_view=59
info|2019-12-13 22:15:27.600598|[g:1][CONSENSUS]addRawPrepare,height=142,reqIdx=0,hash=c4f9b70b...
info|2019-12-13 22:15:27.600975|[g:1][CONSENSUS][PBFT]checkTimeout Succ,view=59,toView=60,nodeIdx=1,changeCycle=0,myNode=729ae2cc...,timecost=0.284
info|2019-12-13 22:15:27.603585|[g:1][CONSENSUS][PBFT]checkAndChangeView: Reach consensus,org_view=59,org_changeCycle=0,cur_changeCycle=0,to_view=60
info|2019-12-13 22:15:28.603380|[g:1][CONSENSUS][SEALER]++++++++++++++++ Generating seal on,blkNum=142,tx=0,nodeIdx=1,hash=dcf786ea...
info|2019-12-13 22:15:28.604312|[g:1][CONSENSUS][PBFT]checkTimeout Succ,view=60,toView=61,nodeIdx=1,changeCycle=0,myNode=729ae2cc...,timecost=0.504
info|2019-12-13 22:15:28.607893|[g:1][CONSENSUS][PBFT]checkAndChangeView: Reach consensus,org_view=60,org_changeCycle=0,cur_changeCycle=0,to_view=61
info|2019-12-13 22:15:29.613339|[g:1][CONSENSUS]addRawPrepare,height=142,reqIdx=2,hash=accc9dc2...
info|2019-12-13 22:15:29.618825|[g:1][CONSENSUS][PBFT]checkTimeout Succ,view=61,toView=62,nodeIdx=1,changeCycle=0,myNode=729ae2cc...,timecost=4.847
info|2019-12-13 22:15:29.630910|[g:1][CONSENSUS][PBFT]checkAndChangeView: Reach consensus,org_view=61,org_changeCycle=0,cur_changeCycle=0,to_view=62
info|2019-12-13 22:15:30.626705|[g:1][CONSENSUS]addRawPrepare,height=142,reqIdx=3,hash=08581e56...
info|2019-12-13 22:15:30.629752|[g:1][CONSENSUS][PBFT]checkTimeout Succ,view=62,toView=63,nodeIdx=1,changeCycle=0,myNode=729ae2cc...,timecost=0.596
info|2019-12-13 22:15:30.631145|[g:1][CONSENSUS][PBFT]checkAndChangeView: Reach consensus,org_view=62,org_changeCycle=0,cur_changeCycle=0,to_view=63
info|2019-12-13 22:15:31.633113|[g:1][CONSENSUS]addRawPrepare,height=142,reqIdx=0,hash=d66a815f...
info|2019-12-13 22:15:31.634846|[g:1][CONSENSUS][PBFT]checkTimeout Succ,view=63,toView=64,nodeIdx=1,changeCycle=0,myNode=729ae2cc...,timecost=1.438
info|2019-12-13 22:15:31.637429|[g:1][CONSENSUS][PBFT]checkAndChangeView: Reach consensus,org_view=63,org_changeCycle=0,cur_changeCycle=0,to_view=64
info|2019-12-13 22:15:32.638170|[g:1][CONSENSUS][SEALER]++++++++++++++++ Generating seal on,blkNum=142,tx=0,nodeIdx=1,hash=4dcb3973...
info|2019-12-13 22:15:32.644761|[g:1][CONSENSUS][PBFT]checkTimeout Succ,view=64,toView=65,nodeIdx=1,changeCycle=0,myNode=729ae2cc...,timecost=0.485
info|2019-12-13 22:15:32.646379|[g:1][CONSENSUS][PBFT]checkAndChangeView: Reach consensus,org_view=64,org_changeCycle=0,cur_changeCycle=0,to_view=65
info|2019-12-13 22:15:32.910041|[P2P][Service] heartBeat,connected count=3
info|2019-12-13 22:15:33.646039|[g:1][CONSENSUS]addRawPrepare,height=142,reqIdx=2,hash=8eb163fe...
info|2019-12-13 22:15:33.646622|[g:1][CONSENSUS][PBFT]checkTimeout Succ,view=65,toView=66,nodeIdx=1,changeCycle=0,myNode=729ae2cc...,timecost=0.52
info|2019-12-13 22:15:33.647362|[g:1][CONSENSUS][PBFT]checkAndChangeView: Reach consensus,org_view=65,org_changeCycle=0,cur_changeCycle=0,to_view=66
info|2019-12-13 22:15:34.649468|[g:1][CONSENSUS]addRawPrepare,height=142,reqIdx=3,hash=3e5f54a8...
info|2019-12-13 22:15:34.649834|[g:1][CONSENSUS][PBFT]checkTimeout Succ,view=66,toView=67,nodeIdx=1,changeCycle=0,myNode=729ae2cc...,timecost=0.272
info|2019-12-13 22:15:34.652333|[g:1][CONSENSUS][PBFT]checkAndChangeView: Reach consensus,org_view=66,org_changeCycle=0,cur_changeCycle=0,to_view=67
info|2019-12-13 22:15:35.654069|[g:1][CONSENSUS]addRawPrepare,height=142,reqIdx=0,hash=36616b0f...
info|2019-12-13 22:15:35.655267|[g:1][CONSENSUS][PBFT]checkTimeout Succ,view=67,toView=68,nodeIdx=1,changeCycle=0,myNode=729ae2cc...,timecost=0.921
info|2019-12-13 22:15:35.656591|[g:1][CONSENSUS][PBFT]checkAndChangeView: Reach consensus,org_view=67,org_changeCycle=0,cur_changeCycle=0,to_view=68
info|2019-12-13 22:15:36.656881|[g:1][CONSENSUS][SEALER]++++++++++++++++ Generating seal on,blkNum=142,tx=0,nodeIdx=1,hash=bff72afc...
info|2019-12-13 22:15:36.657755|[g:1][CONSENSUS][PBFT]checkTimeout Succ,view=68,toView=69,nodeIdx=1,changeCycle=0,myNode=729ae2cc...,timecost=0.494
info|2019-12-13 22:15:36.661230|[g:1][CONSENSUS][PBFT]checkAndChangeView: Reach consensus,org_view=68,org_changeCycle=0,cur_changeCycle=0,to_view=69
info|2019-12-13 22:15:37.661523|[g:1][CONSENSUS]addRawPrepare,height=142,reqIdx=2,hash=c00d7b4c...
info|2019-12-13 22:15:37.662784|[g:1][CONSENSUS][PBFT]checkTimeout Succ,view=69,toView=70,nodeIdx=1,changeCycle=0,myNode=729ae2cc...,timecost=1.166
info|2019-12-13 22:15:37.664816|[g:1][CONSENSUS][PBFT]checkAndChangeView: Reach consensus,org_view=69,org_changeCycle=0,cur_changeCycle=0,to_view=70
info|2019-12-13 22:15:38.664844|[g:1][CONSENSUS]addRawPrepare,height=142,reqIdx=3,hash=21725f01...
info|2019-12-13 22:15:38.665640|[g:1][CONSENSUS][PBFT]checkTimeout Succ,view=70,toView=71,nodeIdx=1,changeCycle=0,myNode=729ae2cc...,timecost=0.384
info|2019-12-13 22:15:38.667959|[g:1][CONSENSUS][PBFT]checkAndChangeView: Reach consensus,org_view=70,org_changeCycle=0,cur_changeCycle=0,to_view=71
info|2019-12-13 22:15:39.669154|[g:1][CONSENSUS]addRawPrepare,height=142,reqIdx=0,hash=dcb93b77...
info|2019-12-13 22:15:39.670045|[g:1][CONSENSUS][PBFT]checkTimeout Succ,view=71,toView=72,nodeIdx=1,changeCycle=0,myNode=729ae2cc...,timecost=0.555
info|2019-12-13 22:15:39.672419|[g:1][CONSENSUS][PBFT]checkAndChangeView: Reach consensus,org_view=71,org_changeCycle=0,cur_changeCycle=0,to_view=72
info|2019-12-13 22:15:40.673328|[g:1][CONSENSUS][SEALER]++++++++++++++++ Generating seal on,blkNum=142,tx=0,nodeIdx=1,hash=dc6db524...
info|2019-12-13 22:15:40.674775|[g:1][CONSENSUS][PBFT]checkTimeout Succ,view=72,toView=73,nodeIdx=1,changeCycle=0,myNode=729ae2cc...,timecost=1.013
info|2019-12-13 22:15:40.678274|[g:1][CONSENSUS][PBFT]checkAndChangeView: Reach consensus,org_view=72,org_changeCycle=0,cur_changeCycle=0,to_view=73
info|2019-12-13 22:15:41.679471|[g:1][CONSENSUS]addRawPrepare,height=142,reqIdx=2,hash=ab96a12f...
info|2019-12-13 22:15:41.679936|[g:1][CONSENSUS][PBFT]checkTimeout Succ,view=73,toView=74,nodeIdx=1,changeCycle=0,myNode=729ae2cc...,timecost=0.361
info|2019-12-13 22:15:41.680911|[g:1][CONSENSUS][PBFT]checkAndChangeView: Reach consensus,org_view=73,org_changeCycle=0,cur_changeCycle=0,to_view=74
info|2019-12-13 22:15:42.682330|[g:1][CONSENSUS]addRawPrepare,height=142,reqIdx=3,hash=e91fc503...
info|2019-12-13 22:15:42.683083|[g:1][CONSENSUS][PBFT]checkTimeout Succ,view=74,toView=75,nodeIdx=1,changeCycle=0,myNode=729ae2cc...,timecost=0.637
info|2019-12-13 22:15:42.684164|[g:1][CONSENSUS][PBFT]checkAndChangeView: Reach consensus,org_view=74,org_changeCycle=0,cur_changeCycle=0,to_view=75
info|2019-12-13 22:15:42.910217|[P2P][Service] heartBeat,connected count=3
info|2019-12-13 22:15:43.684467|[g:1][CONSENSUS]addRawPrepare,height=142,reqIdx=0,hash=4822fb81...
info|2019-12-13 22:15:43.684994|[g:1][CONSENSUS][PBFT]checkTimeout Succ,view=75,toView=76,nodeIdx=1,changeCycle=0,myNode=729ae2cc...,timecost=0.435
info|2019-12-13 22:15:43.688509|[g:1][CONSENSUS][PBFT]checkAndChangeView: Reach consensus,org_view=75,org_changeCycle=0,cur_changeCycle=0,to_view=76
info|2019-12-13 22:15:44.688358|[g:1][CONSENSUS][SEALER]++++++++++++++++ Generating seal on,blkNum=142,tx=0,nodeIdx=1,hash=2cefc3e3...
info|2019-12-13 22:15:44.691013|[g:1][CONSENSUS][PBFT]checkTimeout Succ,view=76,toView=77,nodeIdx=1,changeCycle=0,myNode=729ae2cc...,timecost=0.28
info|2019-12-13 22:15:44.691456|[g:1][CONSENSUS][PBFT]checkAndChangeView: Reach consensus,org_view=76,org_changeCycle=0,cur_changeCycle=0,to_view=77
info|2019-12-13 22:15:45.693903|[g:1][CONSENSUS]addRawPrepare,height=142,reqIdx=2,hash=08696789...
info|2019-12-13 22:15:45.695862|[g:1][CONSENSUS][PBFT]checkTimeout Succ,view=77,toView=78,nodeIdx=1,changeCycle=0,myNode=729ae2cc...,timecost=1.762
info|2019-12-13 22:15:45.698682|[g:1][CONSENSUS][PBFT]checkAndChangeView: Reach consensus,org_view=77,org_changeCycle=0,cur_changeCycle=0,to_view=78
info|2019-12-13 22:15:46.698859|[g:1][CONSENSUS]addRawPrepare,height=142,reqIdx=3,hash=f8eddb16...
info|2019-12-13 22:15:46.699955|[g:1][CONSENSUS][PBFT]checkTimeout Succ,view=78,toView=79,nodeIdx=1,changeCycle=0,myNode=729ae2cc...,timecost=0.72
info|2019-12-13 22:15:46.701834|[g:1][CONSENSUS][PBFT]checkAndChangeView: Reach consensus,org_view=78,org_changeCycle=0,cur_changeCycle=0,to_view=79
info|2019-12-13 22:15:47.702125|[g:1][CONSENSUS]addRawPrepare,height=142,reqIdx=0,hash=06a0f042...
info|2019-12-13 22:15:47.702900|[g:1][CONSENSUS][PBFT]checkTimeout Succ,view=79,toView=80,nodeIdx=1,changeCycle=0,myNode=729ae2cc...,timecost=0.688
info|2019-12-13 22:15:47.704071|[g:1][CONSENSUS][PBFT]checkAndChangeView: Reach consensus,org_view=79,org_changeCycle=0,cur_changeCycle=0,to_view=80
info|2019-12-13 22:15:48.705255|[g:1][CONSENSUS][SEALER]++++++++++++++++ Generating seal on,blkNum=142,tx=0,nodeIdx=1,hash=13ff3216...
info|2019-12-13 22:15:48.720371|[g:1][CONSENSUS][PBFT]checkTimeout Succ,view=80,toView=81,nodeIdx=1,changeCycle=0,myNode=729ae2cc...,timecost=5.922
info|2019-12-13 22:15:48.722755|[g:1][CONSENSUS][PBFT]checkAndChangeView: Reach consensus,org_view=80,org_changeCycle=0,cur_changeCycle=0,to_view=81
info|2019-12-13 22:15:49.718194|[g:1][CONSENSUS]addRawPrepare,height=142,reqIdx=2,hash=c0881e92...
info|2019-12-13 22:15:49.720046|[g:1][CONSENSUS][PBFT]checkTimeout Succ,view=81,toView=82,nodeIdx=1,changeCycle=0,myNode=729ae2cc...,timecost=1.456
info|2019-12-13 22:15:49.722494|[g:1][CONSENSUS][PBFT]checkAndChangeView: Reach consensus,org_view=81,org_changeCycle=0,cur_changeCycle=0,to_view=82
info|2019-12-13 22:15:50.725592|[g:1][CONSENSUS]addRawPrepare,height=142,reqIdx=3,hash=1449c353...
info|2019-12-13 22:15:50.725899|[g:1][CONSENSUS][PBFT]checkTimeout Succ,view=82,toView=83,nodeIdx=1,changeCycle=0,myNode=729ae2cc...,timecost=0.239
info|2019-12-13 22:15:50.728703|[g:1][CONSENSUS][PBFT]checkAndChangeView: Reach consensus,org_view=82,org_changeCycle=0,cur_changeCycle=0,to_view=83
info|2019-12-13 22:15:51.727253|[g:1][CONSENSUS]addRawPrepare,height=142,reqIdx=0,hash=de7dc7cd...
info|2019-12-13 22:15:51.729725|[g:1][CONSENSUS][PBFT]checkTimeout Succ,view=83,toView=84,nodeIdx=1,changeCycle=0,myNode=729ae2cc...,timecost=2.404
info|2019-12-13 22:15:51.730459|[g:1][CONSENSUS][PBFT]checkAndChangeView: Reach consensus,org_view=83,org_changeCycle=0,cur_changeCycle=0,to_view=84
info|2019-12-13 22:15:52.731058|[g:1][CONSENSUS][SEALER]++++++++++++++++ Generating seal on,blkNum=142,tx=0,nodeIdx=1,hash=cac211fd...
info|2019-12-13 22:15:52.733883|[g:1][CONSENSUS][PBFT]checkTimeout Succ,view=84,toView=85,nodeIdx=1,changeCycle=0,myNode=729ae2cc...,timecost=1.458
info|2019-12-13 22:15:52.741364|[g:1][CONSENSUS][PBFT]checkAndChangeView: Reach consensus,org_view=84,org_changeCycle=0,cur_changeCycle=0,to_view=85
info|2019-12-13 22:15:52.910381|[P2P][Service] heartBeat,connected count=3
info|2019-12-13 22:15:53.746385|[g:1][CONSENSUS]addRawPrepare,height=142,reqIdx=2,hash=95fdc007...
info|2019-12-13 22:15:53.749061|[g:1][CONSENSUS][PBFT]checkTimeout Succ,view=85,toView=86,nodeIdx=1,changeCycle=0,myNode=729ae2cc...,timecost=1.724
info|2019-12-13 22:15:53.754142|[g:1][CONSENSUS][PBFT]checkAndChangeView: Reach consensus,org_view=85,org_changeCycle=0,cur_changeCycle=0,to_view=86
info|2019-12-13 22:15:54.759075|[g:1][CONSENSUS]addRawPrepare,height=142,reqIdx=3,hash=7cc1b089...
info|2019-12-13 22:15:54.761122|[g:1][CONSENSUS][PBFT]checkTimeout Succ,view=86,toView=87,nodeIdx=1,changeCycle=0,myNode=729ae2cc...,timecost=1.691
info|2019-12-13 22:15:54.764474|[g:1][CONSENSUS][PBFT]checkAndChangeView: Reach consensus,org_view=86,org_changeCycle=0,cur_changeCycle=0,to_view=87
info|2019-12-13 22:15:55.767051|[g:1][CONSENSUS]addRawPrepare,height=142,reqIdx=0,hash=ee52f450...
info|2019-12-13 22:15:55.767733|[g:1][CONSENSUS][PBFT]checkTimeout Succ,view=87,toView=88,nodeIdx=1,changeCycle=0,myNode=729ae2cc...,timecost=0.452
info|2019-12-13 22:15:55.769146|[g:1][CONSENSUS][PBFT]checkAndChangeView: Reach consensus,org_view=87,org_changeCycle=0,cur_changeCycle=0,to_view=88
info|2019-12-13 22:15:56.769774|[g:1][CONSENSUS][SEALER]++++++++++++++++ Generating seal on,blkNum=142,tx=0,nodeIdx=1,hash=39b8fe3c...
info|2019-12-13 22:15:56.778817|[g:1][CONSENSUS][PBFT]checkTimeout Succ,view=88,toView=89,nodeIdx=1,changeCycle=0,myNode=729ae2cc...,timecost=2.937
info|2019-12-13 22:15:56.784367|[g:1][CONSENSUS][PBFT]checkAndChangeView: Reach consensus,org_view=88,org_changeCycle=0,cur_changeCycle=0,to_view=89
info|2019-12-13 22:15:57.786592|[g:1][CONSENSUS]addRawPrepare,height=142,reqIdx=2,hash=2d709104...
info|2019-12-13 22:15:57.788471|[g:1][CONSENSUS][PBFT]checkTimeout Succ,view=89,toView=90,nodeIdx=1,changeCycle=0,myNode=729ae2cc...,timecost=1.425
info|2019-12-13 22:15:57.797049|[g:1][CONSENSUS][PBFT]checkAndChangeView: Reach consensus,org_view=89,org_changeCycle=0,cur_changeCycle=0,to_view=90
info|2019-12-13 22:15:58.801168|[g:1][CONSENSUS]addRawPrepare,height=142,reqIdx=3,hash=10052df0...
info|2019-12-13 22:15:58.803627|[g:1][CONSENSUS][PBFT]checkTimeout Succ,view=90,toView=91,nodeIdx=1,changeCycle=0,myNode=729ae2cc...,timecost=2.061
info|2019-12-13 22:15:58.810096|[g:1][CONSENSUS][PBFT]checkAndChangeView: Reach consensus,org_view=90,org_changeCycle=0,cur_changeCycle=0,to_view=91
info|2019-12-13 22:15:59.813974|[g:1][CONSENSUS]addRawPrepare,height=142,reqIdx=0,hash=3fec3e9f...
info|2019-12-13 22:15:59.815886|[g:1][CONSENSUS][PBFT]checkTimeout Succ,view=91,toView=92,nodeIdx=1,changeCycle=0,myNode=729ae2cc...,timecost=1.581
info|2019-12-13 22:15:59.822135|[g:1][CONSENSUS][PBFT]checkAndChangeView: Reach consensus,org_view=91,org_changeCycle=0,cur_changeCycle=0,to_view=92
info|2019-12-13 22:16:00.822296|[g:1][CONSENSUS][SEALER]++++++++++++++++ Generating seal on,blkNum=142,tx=0,nodeIdx=1,hash=fa6a4455...
info|2019-12-13 22:16:00.823436|[g:1][CONSENSUS][PBFT]checkTimeout Succ,view=92,toView=93,nodeIdx=1,changeCycle=0,myNode=729ae2cc...,timecost=0.56
info|2019-12-13 22:16:00.827915|[g:1][CONSENSUS][PBFT]checkAndChangeView: Reach consensus,org_view=92,org_changeCycle=0,cur_changeCycle=0,to_view=93
info|2019-12-13 22:16:01.832706|[g:1][CONSENSUS]addRawPrepare,height=142,reqIdx=2,hash=c83c1f0d...
info|2019-12-13 22:16:01.835979|[g:1][CONSENSUS][PBFT]checkTimeout Succ,view=93,toView=94,nodeIdx=1,changeCycle=0,myNode=729ae2cc...,timecost=2.674
info|2019-12-13 22:16:01.841880|[g:1][CONSENSUS][PBFT]checkAndChangeView: Reach consensus,org_view=93,org_changeCycle=0,cur_changeCycle=0,to_view=94
info|2019-12-13 22:16:02.850177|[g:1][CONSENSUS]addRawPrepare,height=142,reqIdx=3,hash=441eb2b4...
info|2019-12-13 22:16:02.853800|[g:1][CONSENSUS][PBFT]checkTimeout Succ,view=94,toView=95,nodeIdx=1,changeCycle=0,myNode=729ae2cc...,timecost=2.838
info|2019-12-13 22:16:02.859395|[g:1][CONSENSUS][PBFT]checkAndChangeView: Reach consensus,org_view=94,org_changeCycle=0,cur_changeCycle=0,to_view=95
info|2019-12-13 22:16:02.910580|[P2P][Service] heartBeat,connected count=3
info|2019-12-13 22:16:03.859596|[g:1][CONSENSUS]addRawPrepare,height=142,reqIdx=0,hash=13de107c...
info|2019-12-13 22:16:03.862299|[g:1][CONSENSUS][PBFT]checkTimeout Succ,view=95,toView=96,nodeIdx=1,changeCycle=0,myNode=729ae2cc...,timecost=2.404
info|2019-12-13 22:16:03.867293|[g:1][CONSENSUS][PBFT]checkAndChangeView: Reach consensus,org_view=95,org_changeCycle=0,cur_changeCycle=0,to_view=96
info|2019-12-13 22:16:04.868035|[g:1][CONSENSUS][SEALER]++++++++++++++++ Generating seal on,blkNum=142,tx=0,nodeIdx=1,hash=3b8440fd...
info|2019-12-13 22:16:04.869983|[g:1][CONSENSUS][PBFT]checkTimeout Succ,view=96,toView=97,nodeIdx=1,changeCycle=0,myNode=729ae2cc...,timecost=1.582
info|2019-12-13 22:16:04.871873|[g:1][CONSENSUS][PBFT]checkAndChangeView: Reach consensus,org_view=96,org_changeCycle=0,cur_changeCycle=0,to_view=97
info|2019-12-13 22:16:05.876135|[g:1][CONSENSUS]addRawPrepare,height=142,reqIdx=2,hash=7a8e1953...
info|2019-12-13 22:16:05.881083|[g:1][CONSENSUS][PBFT]checkTimeout Succ,view=97,toView=98,nodeIdx=1,changeCycle=0,myNode=729ae2cc...,timecost=3.668
info|2019-12-13 22:16:05.886637|[g:1][CONSENSUS][PBFT]checkAndChangeView: Reach consensus,org_view=97,org_changeCycle=0,cur_changeCycle=0,to_view=98
info|2019-12-13 22:16:06.888380|[g:1][CONSENSUS]addRawPrepare,height=142,reqIdx=3,hash=efa394ab...
info|2019-12-13 22:16:06.890296|[g:1][CONSENSUS][PBFT]checkTimeout Succ,view=98,toView=99,nodeIdx=1,changeCycle=0,myNode=729ae2cc...,timecost=1.297
info|2019-12-13 22:16:06.896543|[g:1][CONSENSUS][PBFT]checkAndChangeView: Reach consensus,org_view=98,org_changeCycle=0,cur_changeCycle=0,to_view=99
info|2019-12-13 22:16:07.901807|[g:1][CONSENSUS]addRawPrepare,height=142,reqIdx=0,hash=3e1c109e...
info|2019-12-13 22:16:07.903423|[g:1][CONSENSUS][PBFT]checkTimeout Succ,view=99,toView=100,nodeIdx=1,changeCycle=0,myNode=729ae2cc...,timecost=1.257
info|2019-12-13 22:16:07.909099|[g:1][CONSENSUS][PBFT]checkAndChangeView: Reach consensus,org_view=99,org_changeCycle=0,cur_changeCycle=0,to_view=100
info|2019-12-13 22:16:08.910092|[g:1][CONSENSUS][SEALER]++++++++++++++++ Generating seal on,blkNum=142,tx=0,nodeIdx=1,hash=bce6a1c1...
info|2019-12-13 22:16:08.910728|[g:1][CONSENSUS][PBFT]checkTimeout Succ,view=100,toView=101,nodeIdx=1,changeCycle=0,myNode=729ae2cc...,timecost=0.386
info|2019-12-13 22:16:08.912538|[g:1][CONSENSUS][PBFT]checkAndChangeView: Reach consensus,org_view=100,org_changeCycle=0,cur_changeCycle=0,to_view=101
info|2019-12-13 22:16:09.919169|[g:1][CONSENSUS]addRawPrepare,height=142,reqIdx=2,hash=285457c9...
info|2019-12-13 22:16:09.924554|[g:1][CONSENSUS][PBFT]checkTimeout Succ,view=101,toView=102,nodeIdx=1,changeCycle=0,myNode=729ae2cc...,timecost=3.69
info|2019-12-13 22:16:09.929522|[g:1][CONSENSUS][PBFT]checkAndChangeView: Reach consensus,org_view=101,org_changeCycle=0,cur_changeCycle=0,to_view=102
info|2019-12-13 22:16:10.924607|[g:1][CONSENSUS]addRawPrepare,height=142,reqIdx=3,hash=62bc558f...
info|2019-12-13 22:16:10.925082|[g:1][CONSENSUS][PBFT]checkTimeout Succ,view=102,toView=103,nodeIdx=1,changeCycle=0,myNode=729ae2cc...,timecost=0.389
info|2019-12-13 22:16:10.926901|[g:1][CONSENSUS][PBFT]checkAndChangeView: Reach consensus,org_view=102,org_changeCycle=0,cur_changeCycle=0,to_view=103
info|2019-12-13 22:16:11.930952|[g:1][CONSENSUS]addRawPrepare,height=142,reqIdx=0,hash=33a0cf56...
info|2019-12-13 22:16:11.932648|[g:1][CONSENSUS][PBFT]checkTimeout Succ,view=103,toView=104,nodeIdx=1,changeCycle=0,myNode=729ae2cc...,timecost=1.506
info|2019-12-13 22:16:11.935198|[g:1][CONSENSUS][PBFT]checkAndChangeView: Reach consensus,org_view=103,org_changeCycle=0,cur_changeCycle=0,to_view=104
info|2019-12-13 22:16:12.910692|[P2P][Service] heartBeat,connected count=3
info|2019-12-13 22:16:12.936154|[g:1][CONSENSUS][SEALER]++++++++++++++++ Generating seal on,blkNum=142,tx=0,nodeIdx=1,hash=216f4f12...
info|2019-12-13 22:16:12.939016|[g:1][CONSENSUS][PBFT]checkTimeout Succ,view=104,toView=105,nodeIdx=1,changeCycle=0,myNode=729ae2cc...,timecost=1.959
info|2019-12-13 22:16:12.946468|[g:1][CONSENSUS][PBFT]checkAndChangeView: Reach consensus,org_view=104,org_changeCycle=0,cur_changeCycle=0,to_view=105
info|2019-12-13 22:16:13.949105|[g:1][CONSENSUS]addRawPrepare,height=142,reqIdx=2,hash=e12c8757...
info|2019-12-13 22:16:13.949971|[g:1][CONSENSUS][PBFT]checkTimeout Succ,view=105,toView=106,nodeIdx=1,changeCycle=0,myNode=729ae2cc...,timecost=0.69
info|2019-12-13 22:16:13.955727|[g:1][CONSENSUS][PBFT]checkAndChangeView: Reach consensus,org_view=105,org_changeCycle=0,cur_changeCycle=0,to_view=106
info|2019-12-13 22:16:14.961469|[g:1][CONSENSUS]addRawPrepare,height=142,reqIdx=3,hash=83cbfafe...
info|2019-12-13 22:16:14.965351|[g:1][CONSENSUS][PBFT]checkTimeout Succ,view=106,toView=107,nodeIdx=1,changeCycle=0,myNode=729ae2cc...,timecost=3.126
info|2019-12-13 22:16:14.971754|[g:1][CONSENSUS][PBFT]checkAndChangeView: Reach consensus,org_view=106,org_changeCycle=0,cur_changeCycle=0,to_view=107
info|2019-12-13 22:16:15.972710|[g:1][CONSENSUS]addRawPrepare,height=142,reqIdx=0,hash=8bd5de11...
info|2019-12-13 22:16:15.975426|[g:1][CONSENSUS][PBFT]checkTimeout Succ,view=107,toView=108,nodeIdx=1,changeCycle=0,myNode=729ae2cc...,timecost=1.86
info|2019-12-13 22:16:15.981543|[g:1][CONSENSUS][PBFT]checkAndChangeView: Reach consensus,org_view=107,org_changeCycle=0,cur_changeCycle=0,to_view=108
info|2019-12-13 22:16:16.981559|[g:1][CONSENSUS][SEALER]++++++++++++++++ Generating seal on,blkNum=142,tx=0,nodeIdx=1,hash=ce0c845e...
info|2019-12-13 22:16:16.988541|[g:1][CONSENSUS][PBFT]checkTimeout Succ,view=108,toView=109,nodeIdx=1,changeCycle=0,myNode=729ae2cc...,timecost=1.659
info|2019-12-13 22:16:16.991741|[g:1][CONSENSUS][PBFT]checkAndChangeView: Reach consensus,org_view=108,org_changeCycle=0,cur_changeCycle=0,to_view=109
info|2019-12-13 22:16:18.000043|[g:1][CONSENSUS]addRawPrepare,height=142,reqIdx=2,hash=230c463f...
info|2019-12-13 22:16:18.006262|[g:1][CONSENSUS][PBFT]checkTimeout Succ,view=109,toView=110,nodeIdx=1,changeCycle=0,myNode=729ae2cc...,timecost=5.944
info|2019-12-13 22:16:18.010044|[g:1][CONSENSUS][PBFT]checkAndChangeView: Reach consensus,org_view=109,org_changeCycle=0,cur_changeCycle=0,to_view=110
info|2019-12-13 22:16:19.008077|[g:1][CONSENSUS]addRawPrepare,height=142,reqIdx=3,hash=cf626c30...
info|2019-12-13 22:16:19.008880|[g:1][CONSENSUS][PBFT]checkTimeout Succ,view=110,toView=111,nodeIdx=1,changeCycle=0,myNode=729ae2cc...,timecost=0.733
info|2019-12-13 22:16:19.010117|[g:1][CONSENSUS][PBFT]checkAndChangeView: Reach consensus,org_view=110,org_changeCycle=0,cur_changeCycle=0,to_view=111
info|2019-12-13 22:16:20.011036|[g:1][CONSENSUS]addRawPrepare,height=142,reqIdx=0,hash=30a43314...
info|2019-12-13 22:16:20.012672|[g:1][CONSENSUS][PBFT]checkTimeout Succ,view=111,toView=112,nodeIdx=1,changeCycle=0,myNode=729ae2cc...,timecost=0.941
info|2019-12-13 22:16:20.014515|[g:1][CONSENSUS][PBFT]checkAndChangeView: Reach consensus,org_view=111,org_changeCycle=0,cur_changeCycle=0,to_view=112
info|2019-12-13 22:16:21.014702|[g:1][CONSENSUS][SEALER]++++++++++++++++ Generating seal on,blkNum=142,tx=0,nodeIdx=1,hash=59efb061...
info|2019-12-13 22:16:21.016948|[g:1][CONSENSUS][PBFT]checkTimeout Succ,view=112,toView=113,nodeIdx=1,changeCycle=0,myNode=729ae2cc...,timecost=1.757
info|2019-12-13 22:16:21.018353|[g:1][CONSENSUS][PBFT]checkAndChangeView: Reach consensus,org_view=112,org_changeCycle=0,cur_changeCycle=0,to_view=113
info|2019-12-13 22:16:22.019092|[g:1][CONSENSUS]addRawPrepare,height=142,reqIdx=2,hash=65f21b12...
info|2019-12-13 22:16:22.019635|[g:1][CONSENSUS][PBFT]checkTimeout Succ,view=113,toView=114,nodeIdx=1,changeCycle=0,myNode=729ae2cc...,timecost=0.379
info|2019-12-13 22:16:22.024242|[g:1][CONSENSUS][PBFT]checkAndChangeView: Reach consensus,org_view=113,org_changeCycle=0,cur_changeCycle=0,to_view=114
info|2019-12-13 22:16:22.910913|[P2P][Service] heartBeat,connected count=3
info|2019-12-13 22:16:23.025215|[g:1][CONSENSUS]addRawPrepare,height=142,reqIdx=3,hash=6ada4e66...
info|2019-12-13 22:16:23.027309|[g:1][CONSENSUS][PBFT]checkTimeout Succ,view=114,toView=115,nodeIdx=1,changeCycle=0,myNode=729ae2cc...,timecost=1.301
info|2019-12-13 22:16:23.034613|[g:1][CONSENSUS][PBFT]checkAndChangeView: Reach consensus,org_view=114,org_changeCycle=0,cur_changeCycle=0,to_view=115
info|2019-12-13 22:16:24.042196|[g:1][CONSENSUS]addRawPrepare,height=142,reqIdx=0,hash=3e138de1...
info|2019-12-13 22:16:24.047028|[g:1][CONSENSUS][PBFT]checkTimeout Succ,view=115,toView=116,nodeIdx=1,changeCycle=0,myNode=729ae2cc...,timecost=4.529
info|2019-12-13 22:16:24.052786|[g:1][CONSENSUS][PBFT]checkAndChangeView: Reach consensus,org_view=115,org_changeCycle=0,cur_changeCycle=0,to_view=116
info|2019-12-13 22:16:25.052446|[g:1][CONSENSUS][SEALER]++++++++++++++++ Generating seal on,blkNum=142,tx=0,nodeIdx=1,hash=c9a2fe00...
info|2019-12-13 22:16:25.061176|[g:1][CONSENSUS][PBFT]checkTimeout Succ,view=116,toView=117,nodeIdx=1,changeCycle=0,myNode=729ae2cc...,timecost=3.481
info|2019-12-13 22:16:25.067844|[g:1][CONSENSUS][PBFT]checkAndChangeView: Reach consensus,org_view=116,org_changeCycle=0,cur_changeCycle=0,to_view=117
info|2019-12-13 22:16:26.069441|[g:1][CONSENSUS]addRawPrepare,height=142,reqIdx=2,hash=c73e6794...
info|2019-12-13 22:16:26.071377|[g:1][CONSENSUS][PBFT]checkTimeout Succ,view=117,toView=118,nodeIdx=1,changeCycle=0,myNode=729ae2cc...,timecost=1.287
info|2019-12-13 22:16:26.078876|[g:1][CONSENSUS][PBFT]checkAndChangeView: Reach consensus,org_view=117,org_changeCycle=0,cur_changeCycle=0,to_view=118
info|2019-12-13 22:16:27.083955|[g:1][CONSENSUS]addRawPrepare,height=142,reqIdx=3,hash=9f479be6...
info|2019-12-13 22:16:27.086850|[g:1][CONSENSUS][PBFT]checkTimeout Succ,view=118,toView=119,nodeIdx=1,changeCycle=0,myNode=729ae2cc...,timecost=1.616
info|2019-12-13 22:16:27.092642|[g:1][CONSENSUS][PBFT]checkAndChangeView: Reach consensus,org_view=118,org_changeCycle=0,cur_changeCycle=0,to_view=119
info|2019-12-13 22:16:28.102987|[g:1][CONSENSUS]addRawPrepare,height=142,reqIdx=0,hash=9e4c4177...
info|2019-12-13 22:16:28.107894|[g:1][CONSENSUS][PBFT]checkTimeout Succ,view=119,toView=120,nodeIdx=1,changeCycle=0,myNode=729ae2cc...,timecost=3.289
info|2019-12-13 22:16:28.111239|[g:1][CONSENSUS][PBFT]checkAndChangeView: Reach consensus,org_view=119,org_changeCycle=0,cur_changeCycle=0,to_view=120
info|2019-12-13 22:16:29.111448|[g:1][CONSENSUS][SEALER]++++++++++++++++ Generating seal on,blkNum=142,tx=0,nodeIdx=1,hash=e5cab797...
info|2019-12-13 22:16:29.122211|[g:1][CONSENSUS][PBFT]checkTimeout Succ,view=120,toView=121,nodeIdx=1,changeCycle=0,myNode=729ae2cc...,timecost=2.571
info|2019-12-13 22:16:29.127409|[g:1][CONSENSUS][PBFT]checkAndChangeView: Reach consensus,org_view=120,org_changeCycle=0,cur_changeCycle=0,to_view=121
info|2019-12-13 22:16:30.128024|[g:1][CONSENSUS]addRawPrepare,height=142,reqIdx=2,hash=f8af7041...
info|2019-12-13 22:16:30.131950|[g:1][CONSENSUS][PBFT]checkTimeout Succ,view=121,toView=122,nodeIdx=1,changeCycle=0,myNode=729ae2cc...,timecost=2.349
info|2019-12-13 22:16:30.136433|[g:1][CONSENSUS][PBFT]checkAndChangeView: Reach consensus,org_view=121,org_changeCycle=0,cur_changeCycle=0,to_view=122
info|2019-12-13 22:16:31.144612|[g:1][CONSENSUS]addRawPrepare,height=142,reqIdx=3,hash=e1feb37b...
info|2019-12-13 22:16:31.150134|[g:1][CONSENSUS][PBFT]checkTimeout Succ,view=122,toView=123,nodeIdx=1,changeCycle=0,myNode=729ae2cc...,timecost=3.707
info|2019-12-13 22:16:31.163673|[g:1][CONSENSUS][PBFT]checkAndChangeView: Reach consensus,org_view=122,org_changeCycle=0,cur_changeCycle=0,to_view=123
info|2019-12-13 22:16:32.179105|[g:1][CONSENSUS]addRawPrepare,height=142,reqIdx=0,hash=9c2b6cf8...
info|2019-12-13 22:16:32.180802|[g:1][CONSENSUS][PBFT]checkTimeout Succ,view=123,toView=124,nodeIdx=1,changeCycle=0,myNode=729ae2cc...,timecost=1.338
info|2019-12-13 22:16:32.185807|[g:1][CONSENSUS][PBFT]checkAndChangeView: Reach consensus,org_view=123,org_changeCycle=0,cur_changeCycle=0,to_view=124
info|2019-12-13 22:16:32.911192|[P2P][Service] heartBeat,connected count=3
info|2019-12-13 22:16:33.185772|[g:1][CONSENSUS][SEALER]++++++++++++++++ Generating seal on,blkNum=142,tx=0,nodeIdx=1,hash=b19beab6...
info|2019-12-13 22:16:33.191227|[g:1][CONSENSUS][PBFT]checkTimeout Succ,view=124,toView=125,nodeIdx=1,changeCycle=0,myNode=729ae2cc...,timecost=4.316
info|2019-12-13 22:16:33.195565|[g:1][CONSENSUS][PBFT]checkAndChangeView: Reach consensus,org_view=124,org_changeCycle=0,cur_changeCycle=0,to_view=125
info|2019-12-13 22:16:34.203840|[g:1][CONSENSUS]addRawPrepare,height=142,reqIdx=2,hash=836fb8bd...
info|2019-12-13 22:16:34.205847|[g:1][CONSENSUS][PBFT]checkTimeout Succ,view=125,toView=126,nodeIdx=1,changeCycle=0,myNode=729ae2cc...,timecost=1.547
info|2019-12-13 22:16:34.211749|[g:1][CONSENSUS][PBFT]checkAndChangeView: Reach consensus,org_view=125,org_changeCycle=0,cur_changeCycle=0,to_view=126
info|2019-12-13 22:16:35.218652|[g:1][CONSENSUS]addRawPrepare,height=142,reqIdx=3,hash=e31aa8a7...
info|2019-12-13 22:16:35.220831|[g:1][CONSENSUS][PBFT]checkTimeout Succ,view=126,toView=127,nodeIdx=1,changeCycle=0,myNode=729ae2cc...,timecost=1.731
info|2019-12-13 22:16:35.227003|[g:1][CONSENSUS][PBFT]checkAndChangeView: Reach consensus,org_view=126,org_changeCycle=0,cur_changeCycle=0,to_view=127
info|2019-12-13 22:16:36.232056|[g:1][CONSENSUS]addRawPrepare,height=142,reqIdx=0,hash=1afdd9d6...
info|2019-12-13 22:16:36.234400|[g:1][CONSENSUS][PBFT]checkTimeout Succ,view=127,toView=128,nodeIdx=1,changeCycle=0,myNode=729ae2cc...,timecost=1.889
info|2019-12-13 22:16:36.239717|[g:1][CONSENSUS][PBFT]checkAndChangeView: Reach consensus,org_view=127,org_changeCycle=0,cur_changeCycle=0,to_view=128
info|2019-12-13 22:16:37.240253|[g:1][CONSENSUS][SEALER]++++++++++++++++ Generating seal on,blkNum=142,tx=0,nodeIdx=1,hash=e3cda7c4...
info|2019-12-13 22:16:37.248322|[g:1][CONSENSUS][PBFT]checkTimeout Succ,view=128,toView=129,nodeIdx=1,changeCycle=0,myNode=729ae2cc...,timecost=1.027
info|2019-12-13 22:16:37.252260|[g:1][CONSENSUS][PBFT]checkAndChangeView: Reach consensus,org_view=128,org_changeCycle=0,cur_changeCycle=0,to_view=129
info|2019-12-13 22:16:38.254920|[g:1][CONSENSUS]addRawPrepare,height=142,reqIdx=2,hash=3984d9ef...
info|2019-12-13 22:16:38.262196|[g:1][CONSENSUS][PBFT]checkTimeout Succ,view=129,toView=130,nodeIdx=1,changeCycle=0,myNode=729ae2cc...,timecost=6.305
info|2019-12-13 22:16:38.266362|[g:1][CONSENSUS][PBFT]checkAndChangeView: Reach consensus,org_view=129,org_changeCycle=0,cur_changeCycle=0,to_view=130
info|2019-12-13 22:16:39.265901|[g:1][CONSENSUS]addRawPrepare,height=142,reqIdx=3,hash=7d399ea5...
info|2019-12-13 22:16:39.269193|[g:1][CONSENSUS][PBFT]checkTimeout Succ,view=130,toView=131,nodeIdx=1,changeCycle=0,myNode=729ae2cc...,timecost=2.195
info|2019-12-13 22:16:39.273839|[g:1][CONSENSUS][PBFT]checkAndChangeView: Reach consensus,org_view=130,org_changeCycle=0,cur_changeCycle=0,to_view=131
info|2019-12-13 22:16:40.276380|[g:1][CONSENSUS]addRawPrepare,height=142,reqIdx=0,hash=7be71f96...
info|2019-12-13 22:16:40.282151|[g:1][CONSENSUS][PBFT]checkTimeout Succ,view=131,toView=132,nodeIdx=1,changeCycle=0,myNode=729ae2cc...,timecost=3.781
info|2019-12-13 22:16:40.286410|[g:1][CONSENSUS][PBFT]checkAndChangeView: Reach consensus,org_view=131,org_changeCycle=0,cur_changeCycle=0,to_view=132
info|2019-12-13 22:16:41.287447|[g:1][CONSENSUS][SEALER]++++++++++++++++ Generating seal on,blkNum=142,tx=0,nodeIdx=1,hash=63aa0f9a...
info|2019-12-13 22:16:41.295239|[g:1][CONSENSUS][PBFT]checkTimeout Succ,view=132,toView=133,nodeIdx=1,changeCycle=0,myNode=729ae2cc...,timecost=2.774
info|2019-12-13 22:16:41.300421|[g:1][CONSENSUS][PBFT]checkAndChangeView: Reach consensus,org_view=132,org_changeCycle=0,cur_changeCycle=0,to_view=133
info|2019-12-13 22:16:42.302795|[g:1][CONSENSUS]addRawPrepare,height=142,reqIdx=2,hash=6da88070...
info|2019-12-13 22:16:42.306960|[g:1][CONSENSUS][PBFT]checkTimeout Succ,view=133,toView=134,nodeIdx=1,changeCycle=0,myNode=729ae2cc...,timecost=2.642
info|2019-12-13 22:16:42.311831|[g:1][CONSENSUS][PBFT]checkAndChangeView: Reach consensus,org_view=133,org_changeCycle=0,cur_changeCycle=0,to_view=134
info|2019-12-13 22:16:42.911392|[P2P][Service] heartBeat,connected count=3
info|2019-12-13 22:16:43.312802|[g:1][CONSENSUS]addRawPrepare,height=142,reqIdx=3,hash=5d3c9845...
info|2019-12-13 22:16:43.317630|[g:1][CONSENSUS][PBFT]checkTimeout Succ,view=134,toView=135,nodeIdx=1,changeCycle=0,myNode=729ae2cc...,timecost=4.024
info|2019-12-13 22:16:43.324155|[g:1][CONSENSUS][PBFT]checkAndChangeView: Reach consensus,org_view=134,org_changeCycle=0,cur_changeCycle=0,to_view=135
info|2019-12-13 22:16:44.327092|[g:1][CONSENSUS]addRawPrepare,height=142,reqIdx=0,hash=99012785...
info|2019-12-13 22:16:44.329312|[g:1][CONSENSUS][PBFT]checkTimeout Succ,view=135,toView=136,nodeIdx=1,changeCycle=0,myNode=729ae2cc...,timecost=1.848
info|2019-12-13 22:16:44.335048|[g:1][CONSENSUS][PBFT]checkAndChangeView: Reach consensus,org_view=135,org_changeCycle=0,cur_changeCycle=0,to_view=136
info|2019-12-13 22:16:45.331486|[LEDGER]stop sealer,groupID=1
info|2019-12-13 22:16:45.331508|[CONSENSUS][SEALER]Stop sealer module...
info|2019-12-13 22:16:45.331926|[CONSENSUS][ConsensusEngine][Stop ConsensusEngineBase]
info|2019-12-13 22:16:45.340067|[CONSENSUS][ConsensusEngine]ConsensusEngineBase stopped
info|2019-12-13 22:16:45.340074|[LEDGER]sealer stopped. stop sync,groupID=1
info|2019-12-13 22:16:45.538502|[SYNC][id:729ae2cc...]SyncMaster stopped
info|2019-12-13 22:16:45.538570|[LEDGER]ledger stopped,groupID=1
info|2019-12-13 22:16:45.664111|[EVENT][EventLogFilterManager]stop
info|2019-12-13 22:16:45.664157|[LEDGER]event filter manager stopped,groupID=1
info|2019-12-13 22:16:45.664249|[INITIALIZER]ledgerInitializer stopped
info|2019-12-13 22:16:46.664570|[INITIALIZER]ChannelRPCHttpServer deleted.
info|2019-12-13 22:16:46.664773|[INITIALIZER]JsonrpcHttpServer deleted.
info|2019-12-13 22:16:46.664792|[INITIALIZER]RPCInitializer stopped
info|2019-12-13 22:16:46.664826|[NETWORK][Host]Host exit
info|2019-12-13 22:16:46.665335|[INITIALIZER]P2PInitializer stopped
info|2019-12-13 22:16:46.665355|[LEDGER]stop sealer,groupID=1
info|2019-12-13 22:16:46.665365|[LEDGER]sealer stopped. stop sync,groupID=1
info|2019-12-13 22:16:46.665372|[SYNC][id:729ae2cc...]SyncMaster stopped
info|2019-12-13 22:16:46.665378|[LEDGER]ledger stopped,groupID=1
info|2019-12-13 22:16:46.665384|[LEDGER]event filter manager stopped,groupID=1
info|2019-12-13 22:16:46.665393|[STORAGE]Stopping flushStorage thread
info|2019-12-13 22:16:47.037243|[STORAGE]flushStorage thread stopped.
info|2019-12-13 22:16:47.037285|[DBINITIALIZER] storage stopped
info|2019-12-13 22:16:47.039464|[SYNC][id:729ae2cc...]SyncMaster stopped
