info|2019-12-13 22:06:37.215411|[INITIALIZER][initGlobalConfig],enableCompress=true,compatibilityVersion=2.1.0,versionNumber=33619968,chainId=1
info|2019-12-13 22:06:37.234106|[NETWORK][Host]Connecting to node,endpoint=127.0.0.1:30300
info|2019-12-13 22:06:37.234192|[NETWORK][Host]Connecting to node,endpoint=127.0.0.1:30301
info|2019-12-13 22:06:37.234225|[NETWORK][Host]Connecting to node,endpoint=127.0.0.1:30302
info|2019-12-13 22:06:37.234251|[NETWORK][Host]Connecting to node,endpoint=127.0.0.1:30303
info|2019-12-13 22:06:37.234275|[P2P][Service] heartBeat,connected count=0
info|2019-12-13 22:06:37.234790|[CHANNEL]ChannelRPCServer started
info|2019-12-13 22:06:37.234799|[INITIALIZER][RPCInitializer]ChannelRPCHttpServer started.
info|2019-12-13 22:06:37.234913|[LedgerInitializer],groupConfigPath=conf/
info|2019-12-13 22:06:37.235032|[INITIALIZER][initSingleLedger] [GroupId]:  1
info|2019-12-13 22:06:37.235060|[g:1][LEDGER]LedgerConstructor,configPath=conf/group.1.genesis,baseDir=data//group1
info|2019-12-13 22:06:37.235077|[g:1][LEDGER][initGenesisConfig]initConsensusConfig/initDBConfig/initTxConfig,configFile=conf/group.1.genesis
info|2019-12-13 22:06:37.235152|[g:1][LEDGER][initConsensusConfig],it.first=3f806b74841629d37e779f7a16561f4795128b422719444dee6e48722102bad01a03dfcadf6e8d7b25d32d9cd72f07d35f577d57e6f154ef60dfef0f2871167e
info|2019-12-13 22:06:37.235178|[g:1][LEDGER][initConsensusConfig],it.first=729ae2cc88cbfd90be04d286d54cd5281ebd8d448483ffd6bf10f229b3c35f98333a78bf0598277a577e3f79de477f9fe987ed96188d54a81dba946f6facddae
info|2019-12-13 22:06:37.235199|[g:1][LEDGER][initConsensusConfig],it.first=e441c30060737d3968cd6b17533d74a8d04b2268bcc02f5cab296e57a5ca0ee34190c4cfa4d72a7b51061361e093cd83b2e42e0cc6619907aa42b7bfa7496aaa
info|2019-12-13 22:06:37.235219|[g:1][LEDGER][initConsensusConfig],it.first=8d7b93e87e42afb39b5fcb0158fbd2afaa0b15ddb98a26fbb9f6a00d7aa9bcb3567944a9668175e31aed1e4a539d73b9a2c29d711e0f9c60f8ad9fa38b62feed
info|2019-12-13 22:06:37.235262|[g:1][LEDGER][initIniConfig]initTxPoolConfig/initSyncConfig/initTxExecuteConfig,configFile=conf/group.1.ini
info|2019-12-13 22:06:37.235362|[g:1][LEDGER][initLedger][DBInitializer]
info|2019-12-13 22:06:37.235385|[g:1][DBINITIALIZER] [initRocksDBStorage]
info|2019-12-13 22:06:37.235418|[g:1][ROCKSDB]open rocksDB handler
info|2019-12-13 22:06:37.237088|[NETWORK][Host]P2P StartAccept,Host=0.0.0.0:30301
info|2019-12-13 22:06:37.237213|[NETWORK][ASIO]asyncResolveConnect,endpoint=127.0.0.1:30300
info|2019-12-13 22:06:37.237270|[NETWORK][ASIO]asyncResolveConnect,endpoint=127.0.0.1:30301
info|2019-12-13 22:06:37.237313|[NETWORK][ASIO]asyncResolveConnect,endpoint=127.0.0.1:30302
info|2019-12-13 22:06:37.237353|[NETWORK][ASIO]asyncResolveConnect,endpoint=127.0.0.1:30303
info|2019-12-13 22:06:37.237601|[NETWORK][Host]P2P Recv Connect, From=127.0.0.1:58988
info|2019-12-13 22:06:37.237645|[NETWORK][Host]P2P StartAccept,Host=0.0.0.0:30301
warning|2019-12-13 22:06:37.237680|[NETWORK][Host]TCP Connection refused by node,endpoint=127.0.0.1:30302,message=拒绝连接
warning|2019-12-13 22:06:37.237912|[P2P][Service] onConnect,errorCode=5,what=Connect failed
warning|2019-12-13 22:06:37.240676|[NETWORK][Host]TCP Connection refused by node,endpoint=127.0.0.1:30303,message=拒绝连接
warning|2019-12-13 22:06:37.240781|[P2P][Service] onConnect,errorCode=5,what=Connect failed
info|2019-12-13 22:06:37.246684|[NETWORK][Host]P2P Recv Connect, From=127.0.0.1:58996
info|2019-12-13 22:06:37.246743|[NETWORK][Host]P2P StartAccept,Host=0.0.0.0:30301
info|2019-12-13 22:06:37.257173|[NETWORK][Host]startPeerSession, From=127.0.0.1:58988,nodeID=729ae2cc...
info|2019-12-13 22:06:37.257215|[NETWORK][Host]P2P Recv Connect, From=127.0.0.1:59002
info|2019-12-13 22:06:37.257242|[NETWORK][Host]P2P StartAccept,Host=0.0.0.0:30301
info|2019-12-13 22:06:37.257332|[NETWORK][Host]startPeerSession, From=127.0.0.1:30301,nodeID=729ae2cc...
info|2019-12-13 22:06:37.257863|[P2P][Service] Connection established,nodeID=3f806b74...,endpoint=127.0.0.1:30300
info|2019-12-13 22:06:37.257878|[NETWORK][Host]startPeerSession, From=127.0.0.1:30300,nodeID=3f806b74...
info|2019-12-13 22:06:37.261885|[NETWORK][Host]P2P Recv Connect, From=127.0.0.1:59010
info|2019-12-13 22:06:37.261917|[NETWORK][Host]P2P StartAccept,Host=0.0.0.0:30301
info|2019-12-13 22:06:37.269601|[NETWORK][Host]startPeerSession, From=127.0.0.1:58996,nodeID=e441c300...
info|2019-12-13 22:06:37.269641|[P2P][Service] Connection established,nodeID=e441c300...,endpoint=127.0.0.1:58996
info|2019-12-13 22:06:37.274544|[NETWORK][Host]startPeerSession, From=127.0.0.1:59010,nodeID=8d7b93e8...
info|2019-12-13 22:06:37.274579|[P2P][Service] Connection established,nodeID=8d7b93e8...,endpoint=127.0.0.1:59010
info|2019-12-13 22:06:37.282029|[NETWORK][Host]startPeerSession, From=127.0.0.1:59002,nodeID=3f806b74...
info|2019-12-13 22:06:37.284748|[g:1][g:0][STORAGE][CachedStorage]Init flushStorage thread
info|2019-12-13 22:06:37.285369|[g:1][BLOCKCHAIN][#checkAndBuildGenesisBlock]Already have the 0th block, 0th groupMark is equal to file groupMark.
info|2019-12-13 22:06:37.301153|[g:1][CONSENSUS][PBFT]Register handler for PBFTEngine
info|2019-12-13 22:06:37.301175|[g:1][CONSENSUS][PBFT],minBlockGenerationTime=500
info|2019-12-13 22:06:37.301194|[LedgerInitializer init group succ],groupID=1
info|2019-12-13 22:06:37.301381|[INITIALIZER][RPCInitializer]JsonrpcHttpServer started.
info|2019-12-13 22:06:37.301393|[g:1][LEDGER]startAll...
info|2019-12-13 22:06:37.301978|[g:1][CONSENSUS][PBFT]^^^^^^^^Report,num=141,sealerIdx=3,hash=42223d64...,next=142,tx=1,nodeIdx=1
info|2019-12-13 22:06:37.371936|[g:1][CONSENSUS][PBFT][PBFT init env successfully]
info|2019-12-13 22:06:37.371976|[g:1][CONSENSUS][ConsensusEngine][Start ConsensusEngineBase]
info|2019-12-13 22:06:37.373218|[g:1][CONSENSUS][PBFT][Start PBFTEngine...]
info|2019-12-13 22:06:37.373264|[g:1][CONSENSUS][SEALER][Start sealer module]
info|2019-12-13 22:06:37.374470|[g:1][EVENT][EventLogFilterManager]start,m_maxBlockRange=0,m_maxBlockPerLoopFilter=3
info|2019-12-13 22:06:38.371476|[g:1][CONSENSUS][SEALER]++++++++++++++++ Generating seal on,blkNum=142,tx=0,nodeIdx=1,hash=94f38838...
info|2019-12-13 22:06:38.380373|[g:1][CONSENSUS][PBFT]checkTimeout Succ,view=0,toView=1,nodeIdx=1,changeCycle=0,myNode=729ae2cc...,timecost=3.671
info|2019-12-13 22:06:38.387324|[g:1][CONSENSUS][PBFT]checkAndChangeView: Reach consensus,org_view=0,org_changeCycle=0,cur_changeCycle=0,to_view=1
info|2019-12-13 22:06:39.389003|[g:1][CONSENSUS]addRawPrepare,height=142,reqIdx=2,hash=8345c911...
info|2019-12-13 22:06:39.390746|[g:1][CONSENSUS][PBFT]checkTimeout Succ,view=1,toView=2,nodeIdx=1,changeCycle=0,myNode=729ae2cc...,timecost=1.421
info|2019-12-13 22:06:39.395091|[g:1][CONSENSUS][PBFT]checkAndChangeView: Reach consensus,org_view=1,org_changeCycle=0,cur_changeCycle=0,to_view=2
info|2019-12-13 22:06:40.402269|[g:1][CONSENSUS]addRawPrepare,height=142,reqIdx=3,hash=c2a90b14...
info|2019-12-13 22:06:40.404114|[g:1][CONSENSUS][PBFT]checkTimeout Succ,view=2,toView=3,nodeIdx=1,changeCycle=0,myNode=729ae2cc...,timecost=1.466
info|2019-12-13 22:06:40.411820|[g:1][CONSENSUS][PBFT]checkAndChangeView: Reach consensus,org_view=2,org_changeCycle=0,cur_changeCycle=0,to_view=3
info|2019-12-13 22:06:41.415748|[g:1][CONSENSUS]addRawPrepare,height=142,reqIdx=0,hash=b22083f7...
info|2019-12-13 22:06:41.417789|[g:1][CONSENSUS][PBFT]checkTimeout Succ,view=3,toView=4,nodeIdx=1,changeCycle=0,myNode=729ae2cc...,timecost=1.953
info|2019-12-13 22:06:41.418728|[g:1][CONSENSUS][PBFT]checkAndChangeView: Reach consensus,org_view=3,org_changeCycle=0,cur_changeCycle=0,to_view=4
info|2019-12-13 22:06:42.418910|[g:1][CONSENSUS][SEALER]++++++++++++++++ Generating seal on,blkNum=142,tx=0,nodeIdx=1,hash=86d8242c...
info|2019-12-13 22:06:42.430492|[g:1][CONSENSUS][PBFT]checkTimeout Succ,view=4,toView=5,nodeIdx=1,changeCycle=0,myNode=729ae2cc...,timecost=2.331
info|2019-12-13 22:06:42.439828|[g:1][CONSENSUS][PBFT]checkAndChangeView: Reach consensus,org_view=4,org_changeCycle=0,cur_changeCycle=0,to_view=5
info|2019-12-13 22:06:43.438422|[g:1][CONSENSUS]addRawPrepare,height=142,reqIdx=2,hash=06c2e36c...
info|2019-12-13 22:06:43.438973|[g:1][CONSENSUS][PBFT]checkTimeout Succ,view=5,toView=6,nodeIdx=1,changeCycle=0,myNode=729ae2cc...,timecost=0.515
info|2019-12-13 22:06:43.444168|[g:1][CONSENSUS][PBFT]checkAndChangeView: Reach consensus,org_view=5,org_changeCycle=0,cur_changeCycle=0,to_view=6
info|2019-12-13 22:06:44.444959|[g:1][CONSENSUS]addRawPrepare,height=142,reqIdx=3,hash=8191cfd0...
info|2019-12-13 22:06:44.448501|[g:1][CONSENSUS][PBFT]checkTimeout Succ,view=6,toView=7,nodeIdx=1,changeCycle=0,myNode=729ae2cc...,timecost=2.381
info|2019-12-13 22:06:44.450852|[g:1][CONSENSUS][PBFT]checkAndChangeView: Reach consensus,org_view=6,org_changeCycle=0,cur_changeCycle=0,to_view=7
info|2019-12-13 22:06:45.456497|[g:1][CONSENSUS]addRawPrepare,height=142,reqIdx=0,hash=82d7db2a...
info|2019-12-13 22:06:45.458990|[g:1][CONSENSUS][PBFT]checkTimeout Succ,view=7,toView=8,nodeIdx=1,changeCycle=0,myNode=729ae2cc...,timecost=1.964
info|2019-12-13 22:06:45.464973|[g:1][CONSENSUS][PBFT]checkAndChangeView: Reach consensus,org_view=7,org_changeCycle=0,cur_changeCycle=0,to_view=8
info|2019-12-13 22:06:46.466237|[g:1][CONSENSUS][SEALER]++++++++++++++++ Generating seal on,blkNum=142,tx=0,nodeIdx=1,hash=f50c6495...
info|2019-12-13 22:06:46.469960|[g:1][CONSENSUS][PBFT]checkTimeout Succ,view=8,toView=9,nodeIdx=1,changeCycle=0,myNode=729ae2cc...,timecost=1.673
info|2019-12-13 22:06:46.479720|[g:1][CONSENSUS][PBFT]checkAndChangeView: Reach consensus,org_view=8,org_changeCycle=0,cur_changeCycle=0,to_view=9
info|2019-12-13 22:06:47.234488|[NETWORK][Host]Connecting to node,endpoint=127.0.0.1:30302
info|2019-12-13 22:06:47.234723|[NETWORK][Host]Connecting to node,endpoint=127.0.0.1:30303
info|2019-12-13 22:06:47.234871|[P2P][Service] heartBeat,connected count=3
info|2019-12-13 22:06:47.235111|[NETWORK][ASIO]asyncResolveConnect,endpoint=127.0.0.1:30302
info|2019-12-13 22:06:47.235315|[NETWORK][ASIO]asyncResolveConnect,endpoint=127.0.0.1:30303
info|2019-12-13 22:06:47.285504|[NETWORK][Host]startPeerSession, From=127.0.0.1:30302,nodeID=e441c300...
info|2019-12-13 22:06:47.304683|[NETWORK][Host]startPeerSession, From=127.0.0.1:30303,nodeID=8d7b93e8...
info|2019-12-13 22:06:47.486441|[g:1][CONSENSUS]addRawPrepare,height=142,reqIdx=2,hash=3f5f3861...
info|2019-12-13 22:06:47.490547|[g:1][CONSENSUS][PBFT]checkTimeout Succ,view=9,toView=10,nodeIdx=1,changeCycle=0,myNode=729ae2cc...,timecost=2.173
info|2019-12-13 22:06:47.500691|[g:1][CONSENSUS][PBFT]checkAndChangeView: Reach consensus,org_view=9,org_changeCycle=0,cur_changeCycle=0,to_view=10
info|2019-12-13 22:06:48.508112|[g:1][CONSENSUS]addRawPrepare,height=142,reqIdx=3,hash=47120d94...
info|2019-12-13 22:06:48.510699|[g:1][CONSENSUS][PBFT]checkTimeout Succ,view=10,toView=11,nodeIdx=1,changeCycle=0,myNode=729ae2cc...,timecost=2.137
info|2019-12-13 22:06:48.517881|[g:1][CONSENSUS][PBFT]checkAndChangeView: Reach consensus,org_view=10,org_changeCycle=0,cur_changeCycle=0,to_view=11
info|2019-12-13 22:06:49.522118|[g:1][CONSENSUS]addRawPrepare,height=142,reqIdx=0,hash=6517ffcb...
info|2019-12-13 22:06:49.527041|[g:1][CONSENSUS][PBFT]checkTimeout Succ,view=11,toView=12,nodeIdx=1,changeCycle=0,myNode=729ae2cc...,timecost=3.281
info|2019-12-13 22:06:49.531759|[g:1][CONSENSUS][PBFT]checkAndChangeView: Reach consensus,org_view=11,org_changeCycle=0,cur_changeCycle=0,to_view=12
info|2019-12-13 22:06:50.531368|[g:1][CONSENSUS][SEALER]++++++++++++++++ Generating seal on,blkNum=142,tx=0,nodeIdx=1,hash=879092d2...
info|2019-12-13 22:06:50.540484|[g:1][CONSENSUS][PBFT]checkTimeout Succ,view=12,toView=13,nodeIdx=1,changeCycle=0,myNode=729ae2cc...,timecost=2.195
info|2019-12-13 22:06:50.545737|[g:1][CONSENSUS][PBFT]checkAndChangeView: Reach consensus,org_view=12,org_changeCycle=0,cur_changeCycle=0,to_view=13
info|2019-12-13 22:06:51.544867|[g:1][CONSENSUS]addRawPrepare,height=142,reqIdx=2,hash=974910b1...
info|2019-12-13 22:06:51.546059|[g:1][CONSENSUS][PBFT]checkTimeout Succ,view=13,toView=14,nodeIdx=1,changeCycle=0,myNode=729ae2cc...,timecost=0.653
info|2019-12-13 22:06:51.547807|[g:1][CONSENSUS][PBFT]checkAndChangeView: Reach consensus,org_view=13,org_changeCycle=0,cur_changeCycle=0,to_view=14
info|2019-12-13 22:06:52.551188|[g:1][CONSENSUS]addRawPrepare,height=142,reqIdx=3,hash=dbcdba25...
info|2019-12-13 22:06:52.552455|[g:1][CONSENSUS][PBFT]checkTimeout Succ,view=14,toView=15,nodeIdx=1,changeCycle=0,myNode=729ae2cc...,timecost=0.721
info|2019-12-13 22:06:52.554965|[g:1][CONSENSUS][PBFT]checkAndChangeView: Reach consensus,org_view=14,org_changeCycle=0,cur_changeCycle=0,to_view=15
info|2019-12-13 22:06:53.558064|[g:1][CONSENSUS]addRawPrepare,height=142,reqIdx=0,hash=568e169f...
info|2019-12-13 22:06:53.558809|[g:1][CONSENSUS][PBFT]checkTimeout Succ,view=15,toView=16,nodeIdx=1,changeCycle=0,myNode=729ae2cc...,timecost=0.682
info|2019-12-13 22:06:53.560669|[g:1][CONSENSUS][PBFT]checkAndChangeView: Reach consensus,org_view=15,org_changeCycle=0,cur_changeCycle=0,to_view=16
info|2019-12-13 22:06:54.561224|[g:1][CONSENSUS][SEALER]++++++++++++++++ Generating seal on,blkNum=142,tx=0,nodeIdx=1,hash=f8ac8dd4...
info|2019-12-13 22:06:54.563720|[g:1][CONSENSUS][PBFT]checkTimeout Succ,view=16,toView=17,nodeIdx=1,changeCycle=0,myNode=729ae2cc...,timecost=0.418
info|2019-12-13 22:06:54.564408|[g:1][CONSENSUS][PBFT]checkAndChangeView: Reach consensus,org_view=16,org_changeCycle=0,cur_changeCycle=0,to_view=17
info|2019-12-13 22:06:55.570164|[g:1][CONSENSUS]addRawPrepare,height=142,reqIdx=2,hash=0be1ccb6...
info|2019-12-13 22:06:55.571202|[g:1][CONSENSUS][PBFT]checkTimeout Succ,view=17,toView=18,nodeIdx=1,changeCycle=0,myNode=729ae2cc...,timecost=0.841
info|2019-12-13 22:06:55.574962|[g:1][CONSENSUS][PBFT]checkAndChangeView: Reach consensus,org_view=17,org_changeCycle=0,cur_changeCycle=0,to_view=18
info|2019-12-13 22:06:56.580377|[g:1][CONSENSUS]addRawPrepare,height=142,reqIdx=3,hash=bcde2e52...
info|2019-12-13 22:06:56.587131|[g:1][CONSENSUS][PBFT]checkTimeout Succ,view=18,toView=19,nodeIdx=1,changeCycle=0,myNode=729ae2cc...,timecost=6.31
info|2019-12-13 22:06:56.593781|[g:1][CONSENSUS][PBFT]checkAndChangeView: Reach consensus,org_view=18,org_changeCycle=0,cur_changeCycle=0,to_view=19
info|2019-12-13 22:06:57.235050|[P2P][Service] heartBeat,connected count=3
info|2019-12-13 22:06:57.592317|[g:1][CONSENSUS]addRawPrepare,height=142,reqIdx=0,hash=35690f93...
info|2019-12-13 22:06:57.592815|[g:1][CONSENSUS][PBFT]checkTimeout Succ,view=19,toView=20,nodeIdx=1,changeCycle=0,myNode=729ae2cc...,timecost=0.417
info|2019-12-13 22:06:57.593926|[g:1][CONSENSUS][PBFT]checkAndChangeView: Reach consensus,org_view=19,org_changeCycle=0,cur_changeCycle=0,to_view=20
info|2019-12-13 22:06:58.593920|[g:1][CONSENSUS][SEALER]++++++++++++++++ Generating seal on,blkNum=142,tx=0,nodeIdx=1,hash=c68710f6...
info|2019-12-13 22:06:58.597466|[g:1][CONSENSUS][PBFT]checkTimeout Succ,view=20,toView=21,nodeIdx=1,changeCycle=0,myNode=729ae2cc...,timecost=2.464
info|2019-12-13 22:06:58.607347|[g:1][CONSENSUS][PBFT]checkAndChangeView: Reach consensus,org_view=20,org_changeCycle=0,cur_changeCycle=0,to_view=21
info|2019-12-13 22:06:59.605961|[g:1][CONSENSUS]addRawPrepare,height=142,reqIdx=2,hash=00aefc86...
info|2019-12-13 22:06:59.606557|[g:1][CONSENSUS][PBFT]checkTimeout Succ,view=21,toView=22,nodeIdx=1,changeCycle=0,myNode=729ae2cc...,timecost=0.505
info|2019-12-13 22:06:59.608773|[g:1][CONSENSUS][PBFT]checkAndChangeView: Reach consensus,org_view=21,org_changeCycle=0,cur_changeCycle=0,to_view=22
info|2019-12-13 22:07:00.609964|[g:1][CONSENSUS]addRawPrepare,height=142,reqIdx=3,hash=baf0654a...
info|2019-12-13 22:07:00.610624|[g:1][CONSENSUS][PBFT]checkTimeout Succ,view=22,toView=23,nodeIdx=1,changeCycle=0,myNode=729ae2cc...,timecost=0.505
info|2019-12-13 22:07:00.612334|[g:1][CONSENSUS][PBFT]checkAndChangeView: Reach consensus,org_view=22,org_changeCycle=0,cur_changeCycle=0,to_view=23
info|2019-12-13 22:07:01.615695|[g:1][CONSENSUS]addRawPrepare,height=142,reqIdx=0,hash=782c13b2...
info|2019-12-13 22:07:01.618599|[g:1][CONSENSUS][PBFT]checkTimeout Succ,view=23,toView=24,nodeIdx=1,changeCycle=0,myNode=729ae2cc...,timecost=2.709
info|2019-12-13 22:07:01.620426|[g:1][CONSENSUS][PBFT]checkAndChangeView: Reach consensus,org_view=23,org_changeCycle=0,cur_changeCycle=0,to_view=24
info|2019-12-13 22:07:02.620421|[g:1][CONSENSUS][SEALER]++++++++++++++++ Generating seal on,blkNum=142,tx=0,nodeIdx=1,hash=3aaf1833...
info|2019-12-13 22:07:02.621903|[g:1][CONSENSUS][PBFT]checkTimeout Succ,view=24,toView=25,nodeIdx=1,changeCycle=0,myNode=729ae2cc...,timecost=1.017
info|2019-12-13 22:07:02.626937|[g:1][CONSENSUS][PBFT]checkAndChangeView: Reach consensus,org_view=24,org_changeCycle=0,cur_changeCycle=0,to_view=25
info|2019-12-13 22:07:03.629237|[g:1][CONSENSUS]addRawPrepare,height=142,reqIdx=2,hash=8a5bfa53...
info|2019-12-13 22:07:03.630250|[g:1][CONSENSUS][PBFT]checkTimeout Succ,view=25,toView=26,nodeIdx=1,changeCycle=0,myNode=729ae2cc...,timecost=0.813
info|2019-12-13 22:07:03.634297|[g:1][CONSENSUS][PBFT]checkAndChangeView: Reach consensus,org_view=25,org_changeCycle=0,cur_changeCycle=0,to_view=26
info|2019-12-13 22:07:04.636898|[g:1][CONSENSUS]addRawPrepare,height=142,reqIdx=3,hash=1c7b3c7d...
info|2019-12-13 22:07:04.637609|[g:1][CONSENSUS][PBFT]checkTimeout Succ,view=26,toView=27,nodeIdx=1,changeCycle=0,myNode=729ae2cc...,timecost=0.566
info|2019-12-13 22:07:04.640712|[g:1][CONSENSUS][PBFT]checkAndChangeView: Reach consensus,org_view=26,org_changeCycle=0,cur_changeCycle=0,to_view=27
info|2019-12-13 22:07:05.643149|[g:1][CONSENSUS]addRawPrepare,height=142,reqIdx=0,hash=81bd393b...
info|2019-12-13 22:07:05.646081|[g:1][CONSENSUS][PBFT]checkTimeout Succ,view=27,toView=28,nodeIdx=1,changeCycle=0,myNode=729ae2cc...,timecost=1.768
info|2019-12-13 22:07:05.648266|[g:1][CONSENSUS][PBFT]checkAndChangeView: Reach consensus,org_view=27,org_changeCycle=0,cur_changeCycle=0,to_view=28
info|2019-12-13 22:07:06.649180|[g:1][CONSENSUS][SEALER]++++++++++++++++ Generating seal on,blkNum=142,tx=0,nodeIdx=1,hash=14929e6a...
info|2019-12-13 22:07:06.650255|[g:1][CONSENSUS][PBFT]checkTimeout Succ,view=28,toView=29,nodeIdx=1,changeCycle=0,myNode=729ae2cc...,timecost=0.526
info|2019-12-13 22:07:06.653795|[g:1][CONSENSUS][PBFT]checkAndChangeView: Reach consensus,org_view=28,org_changeCycle=0,cur_changeCycle=0,to_view=29
info|2019-12-13 22:07:07.235263|[P2P][Service] heartBeat,connected count=3
info|2019-12-13 22:07:07.660999|[g:1][CONSENSUS]addRawPrepare,height=142,reqIdx=2,hash=734ca284...
info|2019-12-13 22:07:07.663337|[g:1][CONSENSUS][PBFT]checkTimeout Succ,view=29,toView=30,nodeIdx=1,changeCycle=0,myNode=729ae2cc...,timecost=1.967
info|2019-12-13 22:07:07.669672|[g:1][CONSENSUS][PBFT]checkAndChangeView: Reach consensus,org_view=29,org_changeCycle=0,cur_changeCycle=0,to_view=30
info|2019-12-13 22:07:08.673822|[g:1][CONSENSUS]addRawPrepare,height=142,reqIdx=3,hash=ef78825e...
info|2019-12-13 22:07:08.675975|[g:1][CONSENSUS][PBFT]checkTimeout Succ,view=30,toView=31,nodeIdx=1,changeCycle=0,myNode=729ae2cc...,timecost=1.203
info|2019-12-13 22:07:08.680987|[g:1][CONSENSUS][PBFT]checkAndChangeView: Reach consensus,org_view=30,org_changeCycle=0,cur_changeCycle=0,to_view=31
info|2019-12-13 22:07:09.683823|[g:1][CONSENSUS]addRawPrepare,height=142,reqIdx=0,hash=3a2b9e5c...
info|2019-12-13 22:07:09.684431|[g:1][CONSENSUS][PBFT]checkTimeout Succ,view=31,toView=32,nodeIdx=1,changeCycle=0,myNode=729ae2cc...,timecost=0.466
info|2019-12-13 22:07:09.686398|[g:1][CONSENSUS][PBFT]checkAndChangeView: Reach consensus,org_view=31,org_changeCycle=0,cur_changeCycle=0,to_view=32
info|2019-12-13 22:07:10.687137|[g:1][CONSENSUS][SEALER]++++++++++++++++ Generating seal on,blkNum=142,tx=0,nodeIdx=1,hash=74a93790...
info|2019-12-13 22:07:10.689501|[g:1][CONSENSUS][PBFT]checkTimeout Succ,view=32,toView=33,nodeIdx=1,changeCycle=0,myNode=729ae2cc...,timecost=1.315
info|2019-12-13 22:07:10.698939|[g:1][CONSENSUS][PBFT]checkAndChangeView: Reach consensus,org_view=32,org_changeCycle=0,cur_changeCycle=0,to_view=33
info|2019-12-13 22:07:11.701946|[g:1][CONSENSUS]addRawPrepare,height=142,reqIdx=2,hash=cf8072b3...
info|2019-12-13 22:07:11.704592|[g:1][CONSENSUS][PBFT]checkTimeout Succ,view=33,toView=34,nodeIdx=1,changeCycle=0,myNode=729ae2cc...,timecost=2.306
info|2019-12-13 22:07:11.711712|[g:1][CONSENSUS][PBFT]checkAndChangeView: Reach consensus,org_view=33,org_changeCycle=0,cur_changeCycle=0,to_view=34
info|2019-12-13 22:07:12.725360|[g:1][CONSENSUS]addRawPrepare,height=142,reqIdx=3,hash=2d11e9c5...
info|2019-12-13 22:07:12.728370|[g:1][CONSENSUS][PBFT]checkTimeout Succ,view=34,toView=35,nodeIdx=1,changeCycle=0,myNode=729ae2cc...,timecost=2.623
info|2019-12-13 22:07:12.731874|[g:1][CONSENSUS][PBFT]checkAndChangeView: Reach consensus,org_view=34,org_changeCycle=0,cur_changeCycle=0,to_view=35
info|2019-12-13 22:07:13.730965|[g:1][CONSENSUS]addRawPrepare,height=142,reqIdx=0,hash=c54ccc1d...
info|2019-12-13 22:07:13.733213|[g:1][CONSENSUS][PBFT]checkTimeout Succ,view=35,toView=36,nodeIdx=1,changeCycle=0,myNode=729ae2cc...,timecost=1.582
info|2019-12-13 22:07:13.740256|[g:1][CONSENSUS][PBFT]checkAndChangeView: Reach consensus,org_view=35,org_changeCycle=0,cur_changeCycle=0,to_view=36
info|2019-12-13 22:07:14.741159|[g:1][CONSENSUS][SEALER]++++++++++++++++ Generating seal on,blkNum=142,tx=0,nodeIdx=1,hash=ef3af513...
info|2019-12-13 22:07:14.744191|[g:1][CONSENSUS][PBFT]checkTimeout Succ,view=36,toView=37,nodeIdx=1,changeCycle=0,myNode=729ae2cc...,timecost=1.661
info|2019-12-13 22:07:14.754592|[g:1][CONSENSUS][PBFT]checkAndChangeView: Reach consensus,org_view=36,org_changeCycle=0,cur_changeCycle=0,to_view=37
info|2019-12-13 22:07:15.760585|[g:1][CONSENSUS]addRawPrepare,height=142,reqIdx=2,hash=44791f14...
info|2019-12-13 22:07:15.762796|[g:1][CONSENSUS][PBFT]checkTimeout Succ,view=37,toView=38,nodeIdx=1,changeCycle=0,myNode=729ae2cc...,timecost=1.831
info|2019-12-13 22:07:15.770490|[g:1][CONSENSUS][PBFT]checkAndChangeView: Reach consensus,org_view=37,org_changeCycle=0,cur_changeCycle=0,to_view=38
info|2019-12-13 22:07:16.330110|[LEDGER]stop sealer,groupID=1
info|2019-12-13 22:07:16.330121|[CONSENSUS][SEALER]Stop sealer module...
info|2019-12-13 22:07:16.332600|[CONSENSUS][ConsensusEngine][Stop ConsensusEngineBase]
info|2019-12-13 22:07:16.339973|[CONSENSUS][ConsensusEngine]ConsensusEngineBase stopped
info|2019-12-13 22:07:16.339998|[LEDGER]sealer stopped. stop sync,groupID=1
info|2019-12-13 22:07:16.372344|[SYNC][id:729ae2cc...]SyncMaster stopped
info|2019-12-13 22:07:16.372403|[LEDGER]ledger stopped,groupID=1
info|2019-12-13 22:07:16.445791|[EVENT][EventLogFilterManager]stop
info|2019-12-13 22:07:16.445844|[LEDGER]event filter manager stopped,groupID=1
info|2019-12-13 22:07:16.445872|[INITIALIZER]ledgerInitializer stopped
info|2019-12-13 22:07:17.235440|[P2P][Service] heartBeat,connected count=3
info|2019-12-13 22:07:17.446454|[INITIALIZER]ChannelRPCHttpServer deleted.
info|2019-12-13 22:07:17.446993|[INITIALIZER]JsonrpcHttpServer deleted.
info|2019-12-13 22:07:17.447052|[INITIALIZER]RPCInitializer stopped
info|2019-12-13 22:07:17.447155|[NETWORK][Host]Host exit
info|2019-12-13 22:07:17.448265|[INITIALIZER]P2PInitializer stopped
info|2019-12-13 22:07:17.448328|[LEDGER]stop sealer,groupID=1
info|2019-12-13 22:07:17.448352|[LEDGER]sealer stopped. stop sync,groupID=1
info|2019-12-13 22:07:17.448375|[SYNC][id:729ae2cc...]SyncMaster stopped
info|2019-12-13 22:07:17.448396|[LEDGER]ledger stopped,groupID=1
info|2019-12-13 22:07:17.448416|[LEDGER]event filter manager stopped,groupID=1
info|2019-12-13 22:07:17.448444|[STORAGE]Stopping flushStorage thread
info|2019-12-13 22:07:18.316658|[STORAGE]flushStorage thread stopped.
info|2019-12-13 22:07:18.316675|[DBINITIALIZER] storage stopped
info|2019-12-13 22:07:18.316906|[SYNC][id:729ae2cc...]SyncMaster stopped
