info|2019-12-12 15:00:00.351071|[g:1][CONSENSUS]addRawPrepare,height=6,reqIdx=2,hash=a01e8412...
info|2019-12-12 15:00:00.355172|[g:1][CONSENSUS][PBFT]checkTimeout Succ,view=16053,toView=16054,nodeIdx=1,changeCycle=0,myNode=729ae2cc...,timecost=2.732
info|2019-12-12 15:00:00.360682|[g:1][CONSENSUS][PBFT]checkAndChangeView: Reach consensus,org_view=16053,org_changeCycle=0,cur_changeCycle=0,to_view=16054
info|2019-12-12 15:00:01.368466|[g:1][CONSENSUS]addRawPrepare,height=6,reqIdx=3,hash=7c7f6505...
info|2019-12-12 15:00:01.372029|[g:1][CONSENSUS][PBFT]checkTimeout Succ,view=16054,toView=16055,nodeIdx=1,changeCycle=0,myNode=729ae2cc...,timecost=2.275
info|2019-12-12 15:00:01.377036|[g:1][CONSENSUS][PBFT]checkAndChangeView: Reach consensus,org_view=16054,org_changeCycle=0,cur_changeCycle=0,to_view=16055
info|2019-12-12 15:00:01.932424|[P2P][Service] heartBeat,connected count=3
info|2019-12-12 15:00:02.381214|[g:1][CONSENSUS]addRawPrepare,height=6,reqIdx=0,hash=425e37dc...
info|2019-12-12 15:00:02.381617|[g:1][CONSENSUS][PBFT]checkTimeout Succ,view=16055,toView=16056,nodeIdx=1,changeCycle=0,myNode=729ae2cc...,timecost=0.307
info|2019-12-12 15:00:02.382926|[g:1][CONSENSUS][PBFT]checkAndChangeView: Reach consensus,org_view=16055,org_changeCycle=0,cur_changeCycle=0,to_view=16056
info|2019-12-12 15:00:03.382521|[g:1][CONSENSUS][SEALER]++++++++++++++++ Generating seal on,blkNum=6,tx=0,nodeIdx=1,hash=d0c473d7...
info|2019-12-12 15:00:03.389726|[g:1][CONSENSUS][PBFT]checkTimeout Succ,view=16056,toView=16057,nodeIdx=1,changeCycle=0,myNode=729ae2cc...,timecost=1.385
info|2019-12-12 15:00:03.394304|[g:1][CONSENSUS][PBFT]checkAndChangeView: Reach consensus,org_view=16056,org_changeCycle=0,cur_changeCycle=0,to_view=16057
info|2019-12-12 15:00:04.395557|[g:1][CONSENSUS]addRawPrepare,height=6,reqIdx=2,hash=9e2d5200...
info|2019-12-12 15:00:04.396288|[g:1][CONSENSUS][PBFT]checkTimeout Succ,view=16057,toView=16058,nodeIdx=1,changeCycle=0,myNode=729ae2cc...,timecost=0.574
info|2019-12-12 15:00:04.397893|[g:1][CONSENSUS][PBFT]checkAndChangeView: Reach consensus,org_view=16057,org_changeCycle=0,cur_changeCycle=0,to_view=16058
info|2019-12-12 15:00:05.401503|[g:1][CONSENSUS]addRawPrepare,height=6,reqIdx=3,hash=e9e5daed...
info|2019-12-12 15:00:05.403498|[g:1][CONSENSUS][PBFT]checkTimeout Succ,view=16058,toView=16059,nodeIdx=1,changeCycle=0,myNode=729ae2cc...,timecost=1.672
info|2019-12-12 15:00:05.408284|[g:1][CONSENSUS][PBFT]checkAndChangeView: Reach consensus,org_view=16058,org_changeCycle=0,cur_changeCycle=0,to_view=16059
info|2019-12-12 15:00:06.419538|[g:1][CONSENSUS]addRawPrepare,height=6,reqIdx=0,hash=81015cda...
info|2019-12-12 15:00:06.422364|[g:1][CONSENSUS][PBFT]checkTimeout Succ,view=16059,toView=16060,nodeIdx=1,changeCycle=0,myNode=729ae2cc...,timecost=1.81
info|2019-12-12 15:00:06.426889|[g:1][CONSENSUS][PBFT]checkAndChangeView: Reach consensus,org_view=16059,org_changeCycle=0,cur_changeCycle=0,to_view=16060
info|2019-12-12 15:00:07.428155|[g:1][CONSENSUS][SEALER]++++++++++++++++ Generating seal on,blkNum=6,tx=0,nodeIdx=1,hash=0d1b0dad...
info|2019-12-12 15:00:07.429291|[g:1][CONSENSUS][PBFT]checkTimeout Succ,view=16060,toView=16061,nodeIdx=1,changeCycle=0,myNode=729ae2cc...,timecost=0.831
info|2019-12-12 15:00:07.431629|[g:1][CONSENSUS][PBFT]checkAndChangeView: Reach consensus,org_view=16060,org_changeCycle=0,cur_changeCycle=0,to_view=16061
info|2019-12-12 15:00:08.437386|[g:1][CONSENSUS]addRawPrepare,height=6,reqIdx=2,hash=e5dbfdbc...
info|2019-12-12 15:00:08.440025|[g:1][CONSENSUS][PBFT]checkTimeout Succ,view=16061,toView=16062,nodeIdx=1,changeCycle=0,myNode=729ae2cc...,timecost=2.262
info|2019-12-12 15:00:08.445260|[g:1][CONSENSUS][PBFT]checkAndChangeView: Reach consensus,org_view=16061,org_changeCycle=0,cur_changeCycle=0,to_view=16062
info|2019-12-12 15:00:09.456546|[g:1][CONSENSUS]addRawPrepare,height=6,reqIdx=3,hash=ba0fe6da...
info|2019-12-12 15:00:09.470946|[g:1][CONSENSUS][PBFT]checkTimeout Succ,view=16062,toView=16063,nodeIdx=1,changeCycle=0,myNode=729ae2cc...,timecost=14.052
info|2019-12-12 15:00:09.476116|[g:1][CONSENSUS][PBFT]checkAndChangeView: Reach consensus,org_view=16062,org_changeCycle=0,cur_changeCycle=0,to_view=16063
info|2019-12-12 15:00:10.473415|[g:1][CONSENSUS]addRawPrepare,height=6,reqIdx=0,hash=0805f28c...
info|2019-12-12 15:00:10.475509|[g:1][CONSENSUS][PBFT]checkTimeout Succ,view=16063,toView=16064,nodeIdx=1,changeCycle=0,myNode=729ae2cc...,timecost=1.633
info|2019-12-12 15:00:10.481401|[g:1][CONSENSUS][PBFT]checkAndChangeView: Reach consensus,org_view=16063,org_changeCycle=0,cur_changeCycle=0,to_view=16064
info|2019-12-12 15:00:11.481957|[g:1][CONSENSUS][SEALER]++++++++++++++++ Generating seal on,blkNum=6,tx=0,nodeIdx=1,hash=a26ff22d...
info|2019-12-12 15:00:11.494734|[g:1][CONSENSUS][PBFT]checkTimeout Succ,view=16064,toView=16065,nodeIdx=1,changeCycle=0,myNode=729ae2cc...,timecost=4.444
info|2019-12-12 15:00:11.504018|[g:1][CONSENSUS][PBFT]checkAndChangeView: Reach consensus,org_view=16064,org_changeCycle=0,cur_changeCycle=0,to_view=16065
info|2019-12-12 15:00:11.932716|[P2P][Service] heartBeat,connected count=3
info|2019-12-12 15:00:12.501793|[g:1][CONSENSUS]addRawPrepare,height=6,reqIdx=2,hash=0396909f...
info|2019-12-12 15:00:12.505471|[g:1][CONSENSUS][PBFT]checkTimeout Succ,view=16065,toView=16066,nodeIdx=1,changeCycle=0,myNode=729ae2cc...,timecost=2.8
info|2019-12-12 15:00:12.511082|[g:1][CONSENSUS][PBFT]checkAndChangeView: Reach consensus,org_view=16065,org_changeCycle=0,cur_changeCycle=0,to_view=16066
info|2019-12-12 15:00:13.514101|[g:1][CONSENSUS]addRawPrepare,height=6,reqIdx=3,hash=e430fe4a...
info|2019-12-12 15:00:13.519289|[g:1][CONSENSUS][PBFT]checkTimeout Succ,view=16066,toView=16067,nodeIdx=1,changeCycle=0,myNode=729ae2cc...,timecost=3.997
info|2019-12-12 15:00:13.526867|[g:1][CONSENSUS][PBFT]checkAndChangeView: Reach consensus,org_view=16066,org_changeCycle=0,cur_changeCycle=0,to_view=16067
info|2019-12-12 15:00:14.539276|[g:1][CONSENSUS]addRawPrepare,height=6,reqIdx=0,hash=0eb2aced...
info|2019-12-12 15:00:14.549628|[g:1][CONSENSUS][PBFT]checkTimeout Succ,view=16067,toView=16068,nodeIdx=1,changeCycle=0,myNode=729ae2cc...,timecost=5.931
info|2019-12-12 15:00:14.553432|[g:1][CONSENSUS][PBFT]checkAndChangeView: Reach consensus,org_view=16067,org_changeCycle=0,cur_changeCycle=0,to_view=16068
info|2019-12-12 15:00:15.553478|[g:1][CONSENSUS][SEALER]++++++++++++++++ Generating seal on,blkNum=6,tx=0,nodeIdx=1,hash=4c1afb3f...
info|2019-12-12 15:00:15.556722|[g:1][CONSENSUS][PBFT]checkTimeout Succ,view=16068,toView=16069,nodeIdx=1,changeCycle=0,myNode=729ae2cc...,timecost=2.151
info|2019-12-12 15:00:15.566511|[g:1][CONSENSUS][PBFT]checkAndChangeView: Reach consensus,org_view=16068,org_changeCycle=0,cur_changeCycle=0,to_view=16069
info|2019-12-12 15:00:16.579237|[g:1][CONSENSUS]addRawPrepare,height=6,reqIdx=2,hash=97c8f677...
info|2019-12-12 15:00:16.583095|[g:1][CONSENSUS][PBFT]checkTimeout Succ,view=16069,toView=16070,nodeIdx=1,changeCycle=0,myNode=729ae2cc...,timecost=2.778
info|2019-12-12 15:00:16.587494|[g:1][CONSENSUS][PBFT]checkAndChangeView: Reach consensus,org_view=16069,org_changeCycle=0,cur_changeCycle=0,to_view=16070
info|2019-12-12 15:00:17.589405|[g:1][CONSENSUS]addRawPrepare,height=6,reqIdx=3,hash=03faa8f4...
info|2019-12-12 15:00:17.589802|[g:1][CONSENSUS][PBFT]checkTimeout Succ,view=16070,toView=16071,nodeIdx=1,changeCycle=0,myNode=729ae2cc...,timecost=0.309
info|2019-12-12 15:00:17.590727|[g:1][CONSENSUS][PBFT]checkAndChangeView: Reach consensus,org_view=16070,org_changeCycle=0,cur_changeCycle=0,to_view=16071
info|2019-12-12 15:00:18.596647|[g:1][CONSENSUS]addRawPrepare,height=6,reqIdx=0,hash=aa0c5688...
info|2019-12-12 15:00:18.600174|[g:1][CONSENSUS][PBFT]checkTimeout Succ,view=16071,toView=16072,nodeIdx=1,changeCycle=0,myNode=729ae2cc...,timecost=2.421
info|2019-12-12 15:00:18.607949|[g:1][CONSENSUS][PBFT]checkAndChangeView: Reach consensus,org_view=16071,org_changeCycle=0,cur_changeCycle=0,to_view=16072
info|2019-12-12 15:00:19.608546|[g:1][CONSENSUS][SEALER]++++++++++++++++ Generating seal on,blkNum=6,tx=0,nodeIdx=1,hash=a7f8b50f...
info|2019-12-12 15:00:19.610993|[g:1][CONSENSUS][PBFT]checkTimeout Succ,view=16072,toView=16073,nodeIdx=1,changeCycle=0,myNode=729ae2cc...,timecost=0.343
info|2019-12-12 15:00:19.611673|[g:1][CONSENSUS][PBFT]checkAndChangeView: Reach consensus,org_view=16072,org_changeCycle=0,cur_changeCycle=0,to_view=16073
info|2019-12-12 15:00:20.615908|[g:1][CONSENSUS]addRawPrepare,height=6,reqIdx=2,hash=1cd87f1e...
info|2019-12-12 15:00:20.617540|[g:1][CONSENSUS][PBFT]checkTimeout Succ,view=16073,toView=16074,nodeIdx=1,changeCycle=0,myNode=729ae2cc...,timecost=1.25
info|2019-12-12 15:00:20.622988|[g:1][CONSENSUS][PBFT]checkAndChangeView: Reach consensus,org_view=16073,org_changeCycle=0,cur_changeCycle=0,to_view=16074
info|2019-12-12 15:00:21.630442|[g:1][CONSENSUS]addRawPrepare,height=6,reqIdx=3,hash=03d6d86e...
info|2019-12-12 15:00:21.633534|[g:1][CONSENSUS][PBFT]checkTimeout Succ,view=16074,toView=16075,nodeIdx=1,changeCycle=0,myNode=729ae2cc...,timecost=2.738
info|2019-12-12 15:00:21.639137|[g:1][CONSENSUS][PBFT]checkAndChangeView: Reach consensus,org_view=16074,org_changeCycle=0,cur_changeCycle=0,to_view=16075
info|2019-12-12 15:00:21.933056|[P2P][Service] heartBeat,connected count=3
info|2019-12-12 15:00:22.639088|[g:1][CONSENSUS]addRawPrepare,height=6,reqIdx=0,hash=a40713c9...
info|2019-12-12 15:00:22.641157|[g:1][CONSENSUS][PBFT]checkTimeout Succ,view=16075,toView=16076,nodeIdx=1,changeCycle=0,myNode=729ae2cc...,timecost=1.676
info|2019-12-12 15:00:22.641938|[g:1][CONSENSUS][PBFT]checkAndChangeView: Reach consensus,org_view=16075,org_changeCycle=0,cur_changeCycle=0,to_view=16076
info|2019-12-12 15:00:23.641571|[g:1][CONSENSUS][SEALER]++++++++++++++++ Generating seal on,blkNum=6,tx=0,nodeIdx=1,hash=1c95e228...
info|2019-12-12 15:00:23.646819|[g:1][CONSENSUS][PBFT]checkTimeout Succ,view=16076,toView=16077,nodeIdx=1,changeCycle=0,myNode=729ae2cc...,timecost=2.95
info|2019-12-12 15:00:23.652582|[g:1][CONSENSUS][PBFT]checkAndChangeView: Reach consensus,org_view=16076,org_changeCycle=0,cur_changeCycle=0,to_view=16077
info|2019-12-12 15:00:24.658389|[g:1][CONSENSUS]addRawPrepare,height=6,reqIdx=2,hash=36f54284...
info|2019-12-12 15:00:24.659260|[g:1][CONSENSUS][PBFT]checkTimeout Succ,view=16077,toView=16078,nodeIdx=1,changeCycle=0,myNode=729ae2cc...,timecost=0.746
info|2019-12-12 15:00:24.661074|[g:1][CONSENSUS][PBFT]checkAndChangeView: Reach consensus,org_view=16077,org_changeCycle=0,cur_changeCycle=0,to_view=16078
info|2019-12-12 15:00:25.661748|[g:1][CONSENSUS]addRawPrepare,height=6,reqIdx=3,hash=34d6bf86...
info|2019-12-12 15:00:25.663231|[g:1][CONSENSUS][PBFT]checkTimeout Succ,view=16078,toView=16079,nodeIdx=1,changeCycle=0,myNode=729ae2cc...,timecost=0.335
info|2019-12-12 15:00:25.663875|[g:1][CONSENSUS][PBFT]checkAndChangeView: Reach consensus,org_view=16078,org_changeCycle=0,cur_changeCycle=0,to_view=16079
info|2019-12-12 15:00:26.664174|[g:1][CONSENSUS]addRawPrepare,height=6,reqIdx=0,hash=e367e428...
info|2019-12-12 15:00:26.665049|[g:1][CONSENSUS][PBFT]checkTimeout Succ,view=16079,toView=16080,nodeIdx=1,changeCycle=0,myNode=729ae2cc...,timecost=0.801
info|2019-12-12 15:00:26.666306|[g:1][CONSENSUS][PBFT]checkAndChangeView: Reach consensus,org_view=16079,org_changeCycle=0,cur_changeCycle=0,to_view=16080
info|2019-12-12 15:00:27.666519|[g:1][CONSENSUS][SEALER]++++++++++++++++ Generating seal on,blkNum=6,tx=0,nodeIdx=1,hash=8d362d3c...
info|2019-12-12 15:00:27.673731|[g:1][CONSENSUS][PBFT]checkTimeout Succ,view=16080,toView=16081,nodeIdx=1,changeCycle=0,myNode=729ae2cc...,timecost=1.37
info|2019-12-12 15:00:27.677171|[g:1][CONSENSUS][PBFT]checkAndChangeView: Reach consensus,org_view=16080,org_changeCycle=0,cur_changeCycle=0,to_view=16081
info|2019-12-12 15:00:28.680612|[g:1][CONSENSUS]addRawPrepare,height=6,reqIdx=2,hash=7d0caeb8...
info|2019-12-12 15:00:28.682539|[g:1][CONSENSUS][PBFT]checkTimeout Succ,view=16081,toView=16082,nodeIdx=1,changeCycle=0,myNode=729ae2cc...,timecost=1.448
info|2019-12-12 15:00:28.691299|[g:1][CONSENSUS][PBFT]checkAndChangeView: Reach consensus,org_view=16081,org_changeCycle=0,cur_changeCycle=0,to_view=16082
info|2019-12-12 15:00:29.688147|[g:1][CONSENSUS]addRawPrepare,height=6,reqIdx=3,hash=360ddc03...
info|2019-12-12 15:00:29.688610|[g:1][CONSENSUS][PBFT]checkTimeout Succ,view=16082,toView=16083,nodeIdx=1,changeCycle=0,myNode=729ae2cc...,timecost=0.361
info|2019-12-12 15:00:29.689539|[g:1][CONSENSUS][PBFT]checkAndChangeView: Reach consensus,org_view=16082,org_changeCycle=0,cur_changeCycle=0,to_view=16083
info|2019-12-12 15:00:30.696418|[g:1][CONSENSUS]addRawPrepare,height=6,reqIdx=0,hash=d4d6281f...
info|2019-12-12 15:00:30.701342|[g:1][CONSENSUS][PBFT]checkTimeout Succ,view=16083,toView=16084,nodeIdx=1,changeCycle=0,myNode=729ae2cc...,timecost=2.85
info|2019-12-12 15:00:30.707721|[g:1][CONSENSUS][PBFT]checkAndChangeView: Reach consensus,org_view=16083,org_changeCycle=0,cur_changeCycle=0,to_view=16084
info|2019-12-12 15:00:31.708455|[g:1][CONSENSUS][SEALER]++++++++++++++++ Generating seal on,blkNum=6,tx=0,nodeIdx=1,hash=daabd2e2...
info|2019-12-12 15:00:31.715801|[g:1][CONSENSUS][PBFT]checkTimeout Succ,view=16084,toView=16085,nodeIdx=1,changeCycle=0,myNode=729ae2cc...,timecost=5.765
info|2019-12-12 15:00:31.719224|[g:1][CONSENSUS][PBFT]checkAndChangeView: Reach consensus,org_view=16084,org_changeCycle=0,cur_changeCycle=0,to_view=16085
info|2019-12-12 15:00:31.933273|[P2P][Service] heartBeat,connected count=3
info|2019-12-12 15:00:32.727937|[g:1][CONSENSUS]addRawPrepare,height=6,reqIdx=2,hash=c1088c37...
info|2019-12-12 15:00:32.730442|[g:1][CONSENSUS][PBFT]checkTimeout Succ,view=16085,toView=16086,nodeIdx=1,changeCycle=0,myNode=729ae2cc...,timecost=1.993
info|2019-12-12 15:00:32.735926|[g:1][CONSENSUS][PBFT]checkAndChangeView: Reach consensus,org_view=16085,org_changeCycle=0,cur_changeCycle=0,to_view=16086
info|2019-12-12 15:00:33.738222|[g:1][CONSENSUS]addRawPrepare,height=6,reqIdx=3,hash=3c6f43e9...
info|2019-12-12 15:00:33.740461|[g:1][CONSENSUS][PBFT]checkTimeout Succ,view=16086,toView=16087,nodeIdx=1,changeCycle=0,myNode=729ae2cc...,timecost=1.65
info|2019-12-12 15:00:33.744368|[g:1][CONSENSUS][PBFT]checkAndChangeView: Reach consensus,org_view=16086,org_changeCycle=0,cur_changeCycle=0,to_view=16087
info|2019-12-12 15:00:34.751155|[g:1][CONSENSUS]addRawPrepare,height=6,reqIdx=0,hash=93b8f99a...
info|2019-12-12 15:00:34.759356|[g:1][CONSENSUS][PBFT]checkTimeout Succ,view=16087,toView=16088,nodeIdx=1,changeCycle=0,myNode=729ae2cc...,timecost=7.78
info|2019-12-12 15:00:34.768259|[g:1][CONSENSUS][PBFT]checkAndChangeView: Reach consensus,org_view=16087,org_changeCycle=0,cur_changeCycle=0,to_view=16088
info|2019-12-12 15:00:35.769522|[g:1][CONSENSUS][SEALER]++++++++++++++++ Generating seal on,blkNum=6,tx=0,nodeIdx=1,hash=efd52dcd...
info|2019-12-12 15:00:35.773886|[g:1][CONSENSUS][PBFT]checkTimeout Succ,view=16088,toView=16089,nodeIdx=1,changeCycle=0,myNode=729ae2cc...,timecost=2.907
info|2019-12-12 15:00:35.784054|[g:1][CONSENSUS][PBFT]checkAndChangeView: Reach consensus,org_view=16088,org_changeCycle=0,cur_changeCycle=0,to_view=16089
info|2019-12-12 15:00:36.789711|[g:1][CONSENSUS]addRawPrepare,height=6,reqIdx=2,hash=8fefd11d...
info|2019-12-12 15:00:36.793493|[g:1][CONSENSUS][PBFT]checkTimeout Succ,view=16089,toView=16090,nodeIdx=1,changeCycle=0,myNode=729ae2cc...,timecost=3.194
info|2019-12-12 15:00:36.800906|[g:1][CONSENSUS][PBFT]checkAndChangeView: Reach consensus,org_view=16089,org_changeCycle=0,cur_changeCycle=0,to_view=16090
info|2019-12-12 15:00:37.805238|[g:1][CONSENSUS]addRawPrepare,height=6,reqIdx=3,hash=a012fc91...
info|2019-12-12 15:00:37.807300|[g:1][CONSENSUS][PBFT]checkTimeout Succ,view=16090,toView=16091,nodeIdx=1,changeCycle=0,myNode=729ae2cc...,timecost=1.38
info|2019-12-12 15:00:37.812051|[g:1][CONSENSUS][PBFT]checkAndChangeView: Reach consensus,org_view=16090,org_changeCycle=0,cur_changeCycle=0,to_view=16091
info|2019-12-12 15:00:38.818249|[g:1][CONSENSUS]addRawPrepare,height=6,reqIdx=0,hash=b8f9ac7d...
info|2019-12-12 15:00:38.821514|[g:1][CONSENSUS][PBFT]checkTimeout Succ,view=16091,toView=16092,nodeIdx=1,changeCycle=0,myNode=729ae2cc...,timecost=2.893
info|2019-12-12 15:00:38.826810|[g:1][CONSENSUS][PBFT]checkAndChangeView: Reach consensus,org_view=16091,org_changeCycle=0,cur_changeCycle=0,to_view=16092
info|2019-12-12 15:00:39.827270|[g:1][CONSENSUS][SEALER]++++++++++++++++ Generating seal on,blkNum=6,tx=0,nodeIdx=1,hash=18b4c9a3...
info|2019-12-12 15:00:39.831169|[g:1][CONSENSUS][PBFT]checkTimeout Succ,view=16092,toView=16093,nodeIdx=1,changeCycle=0,myNode=729ae2cc...,timecost=1.829
info|2019-12-12 15:00:39.839904|[g:1][CONSENSUS][PBFT]checkAndChangeView: Reach consensus,org_view=16092,org_changeCycle=0,cur_changeCycle=0,to_view=16093
info|2019-12-12 15:00:40.848831|[g:1][CONSENSUS]addRawPrepare,height=6,reqIdx=2,hash=b7001b60...
info|2019-12-12 15:00:40.851293|[g:1][CONSENSUS][PBFT]checkTimeout Succ,view=16093,toView=16094,nodeIdx=1,changeCycle=0,myNode=729ae2cc...,timecost=1.427
info|2019-12-12 15:00:40.857599|[g:1][CONSENSUS][PBFT]checkAndChangeView: Reach consensus,org_view=16093,org_changeCycle=0,cur_changeCycle=0,to_view=16094
info|2019-12-12 15:00:41.863308|[g:1][CONSENSUS]addRawPrepare,height=6,reqIdx=3,hash=c5f55387...
info|2019-12-12 15:00:41.865799|[g:1][CONSENSUS][PBFT]checkTimeout Succ,view=16094,toView=16095,nodeIdx=1,changeCycle=0,myNode=729ae2cc...,timecost=2.146
info|2019-12-12 15:00:41.870910|[g:1][CONSENSUS][PBFT]checkAndChangeView: Reach consensus,org_view=16094,org_changeCycle=0,cur_changeCycle=0,to_view=16095
info|2019-12-12 15:00:41.933440|[P2P][Service] heartBeat,connected count=3
info|2019-12-12 15:00:42.875787|[g:1][CONSENSUS]addRawPrepare,height=6,reqIdx=0,hash=5a02a2af...
info|2019-12-12 15:00:42.877887|[g:1][CONSENSUS][PBFT]checkTimeout Succ,view=16095,toView=16096,nodeIdx=1,changeCycle=0,myNode=729ae2cc...,timecost=1.801
info|2019-12-12 15:00:42.886633|[g:1][CONSENSUS][PBFT]checkAndChangeView: Reach consensus,org_view=16095,org_changeCycle=0,cur_changeCycle=0,to_view=16096
info|2019-12-12 15:00:43.886486|[g:1][CONSENSUS][SEALER]++++++++++++++++ Generating seal on,blkNum=6,tx=0,nodeIdx=1,hash=c44ac794...
info|2019-12-12 15:00:43.892836|[g:1][CONSENSUS][PBFT]checkTimeout Succ,view=16096,toView=16097,nodeIdx=1,changeCycle=0,myNode=729ae2cc...,timecost=1.336
info|2019-12-12 15:00:43.897475|[g:1][CONSENSUS][PBFT]checkAndChangeView: Reach consensus,org_view=16096,org_changeCycle=0,cur_changeCycle=0,to_view=16097
info|2019-12-12 15:00:44.902895|[g:1][CONSENSUS]addRawPrepare,height=6,reqIdx=2,hash=4fc09306...
info|2019-12-12 15:00:44.904568|[g:1][CONSENSUS][PBFT]checkTimeout Succ,view=16097,toView=16098,nodeIdx=1,changeCycle=0,myNode=729ae2cc...,timecost=1.379
info|2019-12-12 15:00:44.910459|[g:1][CONSENSUS][PBFT]checkAndChangeView: Reach consensus,org_view=16097,org_changeCycle=0,cur_changeCycle=0,to_view=16098
info|2019-12-12 15:00:45.915018|[g:1][CONSENSUS]addRawPrepare,height=6,reqIdx=3,hash=5fce5aa5...
info|2019-12-12 15:00:45.919605|[g:1][CONSENSUS][PBFT]checkTimeout Succ,view=16098,toView=16099,nodeIdx=1,changeCycle=0,myNode=729ae2cc...,timecost=3.975
info|2019-12-12 15:00:45.926173|[g:1][CONSENSUS][PBFT]checkAndChangeView: Reach consensus,org_view=16098,org_changeCycle=0,cur_changeCycle=0,to_view=16099
info|2019-12-12 15:00:46.928265|[g:1][CONSENSUS]addRawPrepare,height=6,reqIdx=0,hash=06b2f403...
info|2019-12-12 15:00:46.930212|[g:1][CONSENSUS][PBFT]checkTimeout Succ,view=16099,toView=16100,nodeIdx=1,changeCycle=0,myNode=729ae2cc...,timecost=1.481
info|2019-12-12 15:00:46.935371|[g:1][CONSENSUS][PBFT]checkAndChangeView: Reach consensus,org_view=16099,org_changeCycle=0,cur_changeCycle=0,to_view=16100
info|2019-12-12 15:00:47.936000|[g:1][CONSENSUS][SEALER]++++++++++++++++ Generating seal on,blkNum=6,tx=0,nodeIdx=1,hash=c04f7a09...
info|2019-12-12 15:00:47.945990|[g:1][CONSENSUS][PBFT]checkTimeout Succ,view=16100,toView=16101,nodeIdx=1,changeCycle=0,myNode=729ae2cc...,timecost=2.226
info|2019-12-12 15:00:47.948447|[g:1][CONSENSUS][PBFT]checkAndChangeView: Reach consensus,org_view=16100,org_changeCycle=0,cur_changeCycle=0,to_view=16101
info|2019-12-12 15:00:48.950684|[g:1][CONSENSUS]addRawPrepare,height=6,reqIdx=2,hash=99ffcdbf...
info|2019-12-12 15:00:48.953291|[g:1][CONSENSUS][PBFT]checkTimeout Succ,view=16101,toView=16102,nodeIdx=1,changeCycle=0,myNode=729ae2cc...,timecost=1.69
info|2019-12-12 15:00:48.960280|[g:1][CONSENSUS][PBFT]checkAndChangeView: Reach consensus,org_view=16101,org_changeCycle=0,cur_changeCycle=0,to_view=16102
info|2019-12-12 15:00:49.962349|[g:1][CONSENSUS]addRawPrepare,height=6,reqIdx=3,hash=7bf641ab...
info|2019-12-12 15:00:49.963597|[g:1][CONSENSUS][PBFT]checkTimeout Succ,view=16102,toView=16103,nodeIdx=1,changeCycle=0,myNode=729ae2cc...,timecost=0.884
info|2019-12-12 15:00:49.965268|[g:1][CONSENSUS][PBFT]checkAndChangeView: Reach consensus,org_view=16102,org_changeCycle=0,cur_changeCycle=0,to_view=16103
info|2019-12-12 15:00:50.971671|[g:1][CONSENSUS]addRawPrepare,height=6,reqIdx=0,hash=dfe0fc89...
info|2019-12-12 15:00:50.974623|[g:1][CONSENSUS][PBFT]checkTimeout Succ,view=16103,toView=16104,nodeIdx=1,changeCycle=0,myNode=729ae2cc...,timecost=2.886
info|2019-12-12 15:00:50.979725|[g:1][CONSENSUS][PBFT]checkAndChangeView: Reach consensus,org_view=16103,org_changeCycle=0,cur_changeCycle=0,to_view=16104
info|2019-12-12 15:00:51.933665|[P2P][Service] heartBeat,connected count=3
info|2019-12-12 15:00:51.979589|[g:1][CONSENSUS][SEALER]++++++++++++++++ Generating seal on,blkNum=6,tx=0,nodeIdx=1,hash=c3dc98ed...
info|2019-12-12 15:00:51.986458|[g:1][CONSENSUS][PBFT]checkTimeout Succ,view=16104,toView=16105,nodeIdx=1,changeCycle=0,myNode=729ae2cc...,timecost=1.413
info|2019-12-12 15:00:51.991503|[g:1][CONSENSUS][PBFT]checkAndChangeView: Reach consensus,org_view=16104,org_changeCycle=0,cur_changeCycle=0,to_view=16105
info|2019-12-12 15:00:52.994879|[g:1][CONSENSUS]addRawPrepare,height=6,reqIdx=2,hash=9502b8c2...
info|2019-12-12 15:00:52.998185|[g:1][CONSENSUS][PBFT]checkTimeout Succ,view=16105,toView=16106,nodeIdx=1,changeCycle=0,myNode=729ae2cc...,timecost=2.922
info|2019-12-12 15:00:53.004871|[g:1][CONSENSUS][PBFT]checkAndChangeView: Reach consensus,org_view=16105,org_changeCycle=0,cur_changeCycle=0,to_view=16106
info|2019-12-12 15:00:54.006251|[g:1][CONSENSUS]addRawPrepare,height=6,reqIdx=3,hash=97d46a96...
info|2019-12-12 15:00:54.008658|[g:1][CONSENSUS][PBFT]checkTimeout Succ,view=16106,toView=16107,nodeIdx=1,changeCycle=0,myNode=729ae2cc...,timecost=2.056
info|2019-12-12 15:00:54.014831|[g:1][CONSENSUS][PBFT]checkAndChangeView: Reach consensus,org_view=16106,org_changeCycle=0,cur_changeCycle=0,to_view=16107
info|2019-12-12 15:00:55.018504|[g:1][CONSENSUS]addRawPrepare,height=6,reqIdx=0,hash=efdac843...
info|2019-12-12 15:00:55.021330|[g:1][CONSENSUS][PBFT]checkTimeout Succ,view=16107,toView=16108,nodeIdx=1,changeCycle=0,myNode=729ae2cc...,timecost=2.332
info|2019-12-12 15:00:55.026703|[g:1][CONSENSUS][PBFT]checkAndChangeView: Reach consensus,org_view=16107,org_changeCycle=0,cur_changeCycle=0,to_view=16108
info|2019-12-12 15:00:56.027539|[g:1][CONSENSUS][SEALER]++++++++++++++++ Generating seal on,blkNum=6,tx=0,nodeIdx=1,hash=9615a467...
info|2019-12-12 15:00:56.036655|[g:1][CONSENSUS][PBFT]checkTimeout Succ,view=16108,toView=16109,nodeIdx=1,changeCycle=0,myNode=729ae2cc...,timecost=3.419
info|2019-12-12 15:00:56.041830|[g:1][CONSENSUS][PBFT]checkAndChangeView: Reach consensus,org_view=16108,org_changeCycle=0,cur_changeCycle=0,to_view=16109
info|2019-12-12 15:00:57.055145|[g:1][CONSENSUS]addRawPrepare,height=6,reqIdx=2,hash=68f4f92f...
info|2019-12-12 15:00:57.062457|[g:1][CONSENSUS][PBFT]checkTimeout Succ,view=16109,toView=16110,nodeIdx=1,changeCycle=0,myNode=729ae2cc...,timecost=6.897
info|2019-12-12 15:00:57.070673|[g:1][CONSENSUS][PBFT]checkAndChangeView: Reach consensus,org_view=16109,org_changeCycle=0,cur_changeCycle=0,to_view=16110
info|2019-12-12 15:00:58.070275|[g:1][CONSENSUS]addRawPrepare,height=6,reqIdx=3,hash=5d700252...
info|2019-12-12 15:00:58.072361|[g:1][CONSENSUS][PBFT]checkTimeout Succ,view=16110,toView=16111,nodeIdx=1,changeCycle=0,myNode=729ae2cc...,timecost=1.693
info|2019-12-12 15:00:58.078625|[g:1][CONSENSUS][PBFT]checkAndChangeView: Reach consensus,org_view=16110,org_changeCycle=0,cur_changeCycle=0,to_view=16111
info|2019-12-12 15:00:59.087959|[g:1][CONSENSUS]addRawPrepare,height=6,reqIdx=0,hash=6cd47060...
info|2019-12-12 15:00:59.102765|[g:1][CONSENSUS][PBFT]checkTimeout Succ,view=16111,toView=16112,nodeIdx=1,changeCycle=0,myNode=729ae2cc...,timecost=13.458
info|2019-12-12 15:00:59.108262|[g:1][CONSENSUS][PBFT]checkAndChangeView: Reach consensus,org_view=16111,org_changeCycle=0,cur_changeCycle=0,to_view=16112
info|2019-12-12 15:01:00.109155|[g:1][CONSENSUS][SEALER]++++++++++++++++ Generating seal on,blkNum=6,tx=0,nodeIdx=1,hash=447384e9...
info|2019-12-12 15:01:00.112277|[g:1][CONSENSUS][PBFT]checkTimeout Succ,view=16112,toView=16113,nodeIdx=1,changeCycle=0,myNode=729ae2cc...,timecost=1.451
info|2019-12-12 15:01:00.125394|[g:1][CONSENSUS][PBFT]checkAndChangeView: Reach consensus,org_view=16112,org_changeCycle=0,cur_changeCycle=0,to_view=16113
info|2019-12-12 15:01:01.131010|[g:1][CONSENSUS]addRawPrepare,height=6,reqIdx=2,hash=0f754661...
info|2019-12-12 15:01:01.134613|[g:1][CONSENSUS][PBFT]checkTimeout Succ,view=16113,toView=16114,nodeIdx=1,changeCycle=0,myNode=729ae2cc...,timecost=3.184
info|2019-12-12 15:01:01.141332|[g:1][CONSENSUS][PBFT]checkAndChangeView: Reach consensus,org_view=16113,org_changeCycle=0,cur_changeCycle=0,to_view=16114
info|2019-12-12 15:01:01.933928|[P2P][Service] heartBeat,connected count=3
info|2019-12-12 15:01:02.144027|[g:1][CONSENSUS]addRawPrepare,height=6,reqIdx=3,hash=f0619e2b...
info|2019-12-12 15:01:02.147255|[g:1][CONSENSUS][PBFT]checkTimeout Succ,view=16114,toView=16115,nodeIdx=1,changeCycle=0,myNode=729ae2cc...,timecost=1.758
info|2019-12-12 15:01:02.159845|[g:1][CONSENSUS][PBFT]checkAndChangeView: Reach consensus,org_view=16114,org_changeCycle=0,cur_changeCycle=0,to_view=16115
info|2019-12-12 15:01:03.167193|[g:1][CONSENSUS]addRawPrepare,height=6,reqIdx=0,hash=c4fce572...
info|2019-12-12 15:01:03.169332|[g:1][CONSENSUS][PBFT]checkTimeout Succ,view=16115,toView=16116,nodeIdx=1,changeCycle=0,myNode=729ae2cc...,timecost=1.708
info|2019-12-12 15:01:03.174265|[g:1][CONSENSUS][PBFT]checkAndChangeView: Reach consensus,org_view=16115,org_changeCycle=0,cur_changeCycle=0,to_view=16116
info|2019-12-12 15:01:04.175080|[g:1][CONSENSUS][SEALER]++++++++++++++++ Generating seal on,blkNum=6,tx=0,nodeIdx=1,hash=fc3146de...
info|2019-12-12 15:01:04.182161|[g:1][CONSENSUS][PBFT]checkTimeout Succ,view=16116,toView=16117,nodeIdx=1,changeCycle=0,myNode=729ae2cc...,timecost=1.361
info|2019-12-12 15:01:04.186101|[g:1][CONSENSUS][PBFT]checkAndChangeView: Reach consensus,org_view=16116,org_changeCycle=0,cur_changeCycle=0,to_view=16117
info|2019-12-12 15:01:05.194549|[g:1][CONSENSUS]addRawPrepare,height=6,reqIdx=2,hash=8bf431ac...
info|2019-12-12 15:01:05.198467|[g:1][CONSENSUS][PBFT]checkTimeout Succ,view=16117,toView=16118,nodeIdx=1,changeCycle=0,myNode=729ae2cc...,timecost=2.363
info|2019-12-12 15:01:05.204488|[g:1][CONSENSUS][PBFT]checkAndChangeView: Reach consensus,org_view=16117,org_changeCycle=0,cur_changeCycle=0,to_view=16118
info|2019-12-12 15:01:06.207839|[g:1][CONSENSUS]addRawPrepare,height=6,reqIdx=3,hash=f51226c3...
info|2019-12-12 15:01:06.212045|[g:1][CONSENSUS][PBFT]checkTimeout Succ,view=16118,toView=16119,nodeIdx=1,changeCycle=0,myNode=729ae2cc...,timecost=3.82
info|2019-12-12 15:01:06.216661|[g:1][CONSENSUS][PBFT]checkAndChangeView: Reach consensus,org_view=16118,org_changeCycle=0,cur_changeCycle=0,to_view=16119
info|2019-12-12 15:01:07.228155|[g:1][CONSENSUS]addRawPrepare,height=6,reqIdx=0,hash=844aee21...
info|2019-12-12 15:01:07.232868|[g:1][CONSENSUS][PBFT]checkTimeout Succ,view=16119,toView=16120,nodeIdx=1,changeCycle=0,myNode=729ae2cc...,timecost=4.41
info|2019-12-12 15:01:07.237071|[g:1][CONSENSUS][PBFT]checkAndChangeView: Reach consensus,org_view=16119,org_changeCycle=0,cur_changeCycle=0,to_view=16120
info|2019-12-12 15:01:08.237728|[g:1][CONSENSUS][SEALER]++++++++++++++++ Generating seal on,blkNum=6,tx=0,nodeIdx=1,hash=4d87e20e...
info|2019-12-12 15:01:08.240081|[g:1][CONSENSUS][PBFT]checkTimeout Succ,view=16120,toView=16121,nodeIdx=1,changeCycle=0,myNode=729ae2cc...,timecost=0.273
info|2019-12-12 15:01:08.240488|[g:1][CONSENSUS][PBFT]checkAndChangeView: Reach consensus,org_view=16120,org_changeCycle=0,cur_changeCycle=0,to_view=16121
info|2019-12-12 15:01:09.245965|[g:1][CONSENSUS]addRawPrepare,height=6,reqIdx=2,hash=ef13bcf6...
info|2019-12-12 15:01:09.249303|[g:1][CONSENSUS][PBFT]checkTimeout Succ,view=16121,toView=16122,nodeIdx=1,changeCycle=0,myNode=729ae2cc...,timecost=2.274
info|2019-12-12 15:01:09.254652|[g:1][CONSENSUS][PBFT]checkAndChangeView: Reach consensus,org_view=16121,org_changeCycle=0,cur_changeCycle=0,to_view=16122
info|2019-12-12 15:01:10.260046|[g:1][CONSENSUS]addRawPrepare,height=6,reqIdx=3,hash=dd990ef0...
info|2019-12-12 15:01:10.262097|[g:1][CONSENSUS][PBFT]checkTimeout Succ,view=16122,toView=16123,nodeIdx=1,changeCycle=0,myNode=729ae2cc...,timecost=1.505
info|2019-12-12 15:01:10.277610|[g:1][CONSENSUS][PBFT]checkAndChangeView: Reach consensus,org_view=16122,org_changeCycle=0,cur_changeCycle=0,to_view=16123
info|2019-12-12 15:01:11.275810|[g:1][CONSENSUS]addRawPrepare,height=6,reqIdx=0,hash=626fcc70...
info|2019-12-12 15:01:11.282286|[g:1][CONSENSUS][PBFT]checkTimeout Succ,view=16123,toView=16124,nodeIdx=1,changeCycle=0,myNode=729ae2cc...,timecost=5.921
info|2019-12-12 15:01:11.288708|[g:1][CONSENSUS][PBFT]checkAndChangeView: Reach consensus,org_view=16123,org_changeCycle=0,cur_changeCycle=0,to_view=16124
info|2019-12-12 15:01:11.934202|[P2P][Service] heartBeat,connected count=3
info|2019-12-12 15:01:12.289138|[g:1][CONSENSUS][SEALER]++++++++++++++++ Generating seal on,blkNum=6,tx=0,nodeIdx=1,hash=bc8a3298...
info|2019-12-12 15:01:12.292563|[g:1][CONSENSUS][PBFT]checkTimeout Succ,view=16124,toView=16125,nodeIdx=1,changeCycle=0,myNode=729ae2cc...,timecost=2.22
info|2019-12-12 15:01:12.302505|[g:1][CONSENSUS][PBFT]checkAndChangeView: Reach consensus,org_view=16124,org_changeCycle=0,cur_changeCycle=0,to_view=16125
info|2019-12-12 15:01:13.308601|[g:1][CONSENSUS]addRawPrepare,height=6,reqIdx=2,hash=4af78f2b...
info|2019-12-12 15:01:13.312523|[g:1][CONSENSUS][PBFT]checkTimeout Succ,view=16125,toView=16126,nodeIdx=1,changeCycle=0,myNode=729ae2cc...,timecost=2.314
info|2019-12-12 15:01:13.318472|[g:1][CONSENSUS][PBFT]checkAndChangeView: Reach consensus,org_view=16125,org_changeCycle=0,cur_changeCycle=0,to_view=16126
info|2019-12-12 15:01:14.320282|[g:1][CONSENSUS]addRawPrepare,height=6,reqIdx=3,hash=8acfc185...
info|2019-12-12 15:01:14.323084|[g:1][CONSENSUS][PBFT]checkTimeout Succ,view=16126,toView=16127,nodeIdx=1,changeCycle=0,myNode=729ae2cc...,timecost=1.85
info|2019-12-12 15:01:14.324643|[g:1][CONSENSUS][PBFT]checkAndChangeView: Reach consensus,org_view=16126,org_changeCycle=0,cur_changeCycle=0,to_view=16127
info|2019-12-12 15:01:15.323348|[g:1][CONSENSUS]addRawPrepare,height=6,reqIdx=0,hash=94ab2e2c...
info|2019-12-12 15:01:15.325839|[g:1][CONSENSUS][PBFT]checkTimeout Succ,view=16127,toView=16128,nodeIdx=1,changeCycle=0,myNode=729ae2cc...,timecost=1.755
info|2019-12-12 15:01:15.326845|[g:1][CONSENSUS][PBFT]checkAndChangeView: Reach consensus,org_view=16127,org_changeCycle=0,cur_changeCycle=0,to_view=16128
info|2019-12-12 15:01:16.327281|[g:1][CONSENSUS][SEALER]++++++++++++++++ Generating seal on,blkNum=6,tx=0,nodeIdx=1,hash=f116c8ed...
info|2019-12-12 15:01:16.328285|[g:1][CONSENSUS][PBFT]checkTimeout Succ,view=16128,toView=16129,nodeIdx=1,changeCycle=0,myNode=729ae2cc...,timecost=0.462
info|2019-12-12 15:01:16.331846|[g:1][CONSENSUS][PBFT]checkAndChangeView: Reach consensus,org_view=16128,org_changeCycle=0,cur_changeCycle=0,to_view=16129
info|2019-12-12 15:01:17.335760|[g:1][CONSENSUS]addRawPrepare,height=6,reqIdx=2,hash=82490e1f...
info|2019-12-12 15:01:17.336151|[g:1][CONSENSUS][PBFT]checkTimeout Succ,view=16129,toView=16130,nodeIdx=1,changeCycle=0,myNode=729ae2cc...,timecost=0.299
info|2019-12-12 15:01:17.337215|[g:1][CONSENSUS][PBFT]checkAndChangeView: Reach consensus,org_view=16129,org_changeCycle=0,cur_changeCycle=0,to_view=16130
info|2019-12-12 15:01:18.337926|[g:1][CONSENSUS]addRawPrepare,height=6,reqIdx=3,hash=b4a7a983...
info|2019-12-12 15:01:18.338742|[g:1][CONSENSUS][PBFT]checkTimeout Succ,view=16130,toView=16131,nodeIdx=1,changeCycle=0,myNode=729ae2cc...,timecost=0.628
info|2019-12-12 15:01:18.341217|[g:1][CONSENSUS][PBFT]checkAndChangeView: Reach consensus,org_view=16130,org_changeCycle=0,cur_changeCycle=0,to_view=16131
info|2019-12-12 15:01:19.349692|[g:1][CONSENSUS]addRawPrepare,height=6,reqIdx=0,hash=26bbf755...
info|2019-12-12 15:01:19.353231|[g:1][CONSENSUS][PBFT]checkTimeout Succ,view=16131,toView=16132,nodeIdx=1,changeCycle=0,myNode=729ae2cc...,timecost=2.062
info|2019-12-12 15:01:19.359551|[g:1][CONSENSUS][PBFT]checkAndChangeView: Reach consensus,org_view=16131,org_changeCycle=0,cur_changeCycle=0,to_view=16132
info|2019-12-12 15:01:20.359690|[g:1][CONSENSUS][SEALER]++++++++++++++++ Generating seal on,blkNum=6,tx=0,nodeIdx=1,hash=4e568bd7...
info|2019-12-12 15:01:20.364597|[g:1][CONSENSUS][PBFT]checkTimeout Succ,view=16132,toView=16133,nodeIdx=1,changeCycle=0,myNode=729ae2cc...,timecost=1.065
info|2019-12-12 15:01:20.365400|[g:1][CONSENSUS][PBFT]checkAndChangeView: Reach consensus,org_view=16132,org_changeCycle=0,cur_changeCycle=0,to_view=16133
info|2019-12-12 15:01:21.369763|[g:1][CONSENSUS]addRawPrepare,height=6,reqIdx=2,hash=c31ea391...
info|2019-12-12 15:01:21.372064|[g:1][CONSENSUS][PBFT]checkTimeout Succ,view=16133,toView=16134,nodeIdx=1,changeCycle=0,myNode=729ae2cc...,timecost=1.898
info|2019-12-12 15:01:21.382577|[g:1][CONSENSUS][PBFT]checkAndChangeView: Reach consensus,org_view=16133,org_changeCycle=0,cur_changeCycle=0,to_view=16134
info|2019-12-12 15:01:21.934399|[P2P][Service] heartBeat,connected count=3
info|2019-12-12 15:01:22.389080|[g:1][CONSENSUS]addRawPrepare,height=6,reqIdx=3,hash=1ba8f4d7...
info|2019-12-12 15:01:22.391804|[g:1][CONSENSUS][PBFT]checkTimeout Succ,view=16134,toView=16135,nodeIdx=1,changeCycle=0,myNode=729ae2cc...,timecost=1.452
info|2019-12-12 15:01:22.401121|[g:1][CONSENSUS][PBFT]checkAndChangeView: Reach consensus,org_view=16134,org_changeCycle=0,cur_changeCycle=0,to_view=16135
info|2019-12-12 15:01:23.408162|[g:1][CONSENSUS]addRawPrepare,height=6,reqIdx=0,hash=eb118339...
info|2019-12-12 15:01:23.425257|[g:1][CONSENSUS][PBFT]checkTimeout Succ,view=16135,toView=16136,nodeIdx=1,changeCycle=0,myNode=729ae2cc...,timecost=16.644
info|2019-12-12 15:01:23.429173|[g:1][CONSENSUS][PBFT]checkAndChangeView: Reach consensus,org_view=16135,org_changeCycle=0,cur_changeCycle=0,to_view=16136
info|2019-12-12 15:01:24.429719|[g:1][CONSENSUS][SEALER]++++++++++++++++ Generating seal on,blkNum=6,tx=0,nodeIdx=1,hash=0b485036...
info|2019-12-12 15:01:24.432914|[g:1][CONSENSUS][PBFT]checkTimeout Succ,view=16136,toView=16137,nodeIdx=1,changeCycle=0,myNode=729ae2cc...,timecost=0.837
info|2019-12-12 15:01:24.434725|[g:1][CONSENSUS][PBFT]checkAndChangeView: Reach consensus,org_view=16136,org_changeCycle=0,cur_changeCycle=0,to_view=16137
info|2019-12-12 15:01:25.439549|[g:1][CONSENSUS]addRawPrepare,height=6,reqIdx=2,hash=d48ccf86...
info|2019-12-12 15:01:25.442489|[g:1][CONSENSUS][PBFT]checkTimeout Succ,view=16137,toView=16138,nodeIdx=1,changeCycle=0,myNode=729ae2cc...,timecost=1.958
info|2019-12-12 15:01:25.446797|[g:1][CONSENSUS][PBFT]checkAndChangeView: Reach consensus,org_view=16137,org_changeCycle=0,cur_changeCycle=0,to_view=16138
info|2019-12-12 15:01:26.449222|[g:1][CONSENSUS]addRawPrepare,height=6,reqIdx=3,hash=c82937c4...
info|2019-12-12 15:01:26.449580|[g:1][CONSENSUS][PBFT]checkTimeout Succ,view=16138,toView=16139,nodeIdx=1,changeCycle=0,myNode=729ae2cc...,timecost=0.275
info|2019-12-12 15:01:26.450906|[g:1][CONSENSUS][PBFT]checkAndChangeView: Reach consensus,org_view=16138,org_changeCycle=0,cur_changeCycle=0,to_view=16139
info|2019-12-12 15:01:27.453629|[g:1][CONSENSUS]addRawPrepare,height=6,reqIdx=0,hash=35cd54ee...
info|2019-12-12 15:01:27.453941|[g:1][CONSENSUS][PBFT]checkTimeout Succ,view=16139,toView=16140,nodeIdx=1,changeCycle=0,myNode=729ae2cc...,timecost=0.217
info|2019-12-12 15:01:27.455378|[g:1][CONSENSUS][PBFT]checkAndChangeView: Reach consensus,org_view=16139,org_changeCycle=0,cur_changeCycle=0,to_view=16140
info|2019-12-12 15:01:28.456030|[g:1][CONSENSUS][SEALER]++++++++++++++++ Generating seal on,blkNum=6,tx=0,nodeIdx=1,hash=15fe8ffc...
info|2019-12-12 15:01:28.456733|[g:1][CONSENSUS][PBFT]checkTimeout Succ,view=16140,toView=16141,nodeIdx=1,changeCycle=0,myNode=729ae2cc...,timecost=0.375
info|2019-12-12 15:01:28.459622|[g:1][CONSENSUS][PBFT]checkAndChangeView: Reach consensus,org_view=16140,org_changeCycle=0,cur_changeCycle=0,to_view=16141
info|2019-12-12 15:01:29.459986|[g:1][CONSENSUS]addRawPrepare,height=6,reqIdx=2,hash=6f7e2535...
info|2019-12-12 15:01:29.460553|[g:1][CONSENSUS][PBFT]checkTimeout Succ,view=16141,toView=16142,nodeIdx=1,changeCycle=0,myNode=729ae2cc...,timecost=0.49
info|2019-12-12 15:01:29.461411|[g:1][CONSENSUS][PBFT]checkAndChangeView: Reach consensus,org_view=16141,org_changeCycle=0,cur_changeCycle=0,to_view=16142
info|2019-12-12 15:01:30.463497|[g:1][CONSENSUS]addRawPrepare,height=6,reqIdx=3,hash=7727bf52...
info|2019-12-12 15:01:30.464054|[g:1][CONSENSUS][PBFT]checkTimeout Succ,view=16142,toView=16143,nodeIdx=1,changeCycle=0,myNode=729ae2cc...,timecost=0.364
info|2019-12-12 15:01:30.465189|[g:1][CONSENSUS][PBFT]checkAndChangeView: Reach consensus,org_view=16142,org_changeCycle=0,cur_changeCycle=0,to_view=16143
info|2019-12-12 15:01:31.465543|[g:1][CONSENSUS]addRawPrepare,height=6,reqIdx=0,hash=2129cd15...
info|2019-12-12 15:01:31.465895|[g:1][CONSENSUS][PBFT]checkTimeout Succ,view=16143,toView=16144,nodeIdx=1,changeCycle=0,myNode=729ae2cc...,timecost=0.279
info|2019-12-12 15:01:31.466690|[g:1][CONSENSUS][PBFT]checkAndChangeView: Reach consensus,org_view=16143,org_changeCycle=0,cur_changeCycle=0,to_view=16144
info|2019-12-12 15:01:31.934604|[P2P][Service] heartBeat,connected count=3
info|2019-12-12 15:01:32.466327|[g:1][CONSENSUS][SEALER]++++++++++++++++ Generating seal on,blkNum=6,tx=0,nodeIdx=1,hash=69b359fa...
info|2019-12-12 15:01:32.466929|[g:1][CONSENSUS][PBFT]checkTimeout Succ,view=16144,toView=16145,nodeIdx=1,changeCycle=0,myNode=729ae2cc...,timecost=0.343
info|2019-12-12 15:01:32.469022|[g:1][CONSENSUS][PBFT]checkAndChangeView: Reach consensus,org_view=16144,org_changeCycle=0,cur_changeCycle=0,to_view=16145
info|2019-12-12 15:01:33.474668|[g:1][CONSENSUS]addRawPrepare,height=6,reqIdx=2,hash=098fd8c4...
info|2019-12-12 15:01:33.481457|[g:1][CONSENSUS][PBFT]checkTimeout Succ,view=16145,toView=16146,nodeIdx=1,changeCycle=0,myNode=729ae2cc...,timecost=5.699
info|2019-12-12 15:01:33.490598|[g:1][CONSENSUS][PBFT]checkAndChangeView: Reach consensus,org_view=16145,org_changeCycle=0,cur_changeCycle=0,to_view=16146
info|2019-12-12 15:01:34.487309|[g:1][CONSENSUS]addRawPrepare,height=6,reqIdx=3,hash=d241cf7b...
info|2019-12-12 15:01:34.490199|[g:1][CONSENSUS][PBFT]checkTimeout Succ,view=16146,toView=16147,nodeIdx=1,changeCycle=0,myNode=729ae2cc...,timecost=2.225
info|2019-12-12 15:01:34.495013|[g:1][CONSENSUS][PBFT]checkAndChangeView: Reach consensus,org_view=16146,org_changeCycle=0,cur_changeCycle=0,to_view=16147
info|2019-12-12 15:01:35.501134|[g:1][CONSENSUS]addRawPrepare,height=6,reqIdx=0,hash=791a79b2...
info|2019-12-12 15:01:35.501611|[g:1][CONSENSUS][PBFT]checkTimeout Succ,view=16147,toView=16148,nodeIdx=1,changeCycle=0,myNode=729ae2cc...,timecost=0.344
info|2019-12-12 15:01:35.502764|[g:1][CONSENSUS][PBFT]checkAndChangeView: Reach consensus,org_view=16147,org_changeCycle=0,cur_changeCycle=0,to_view=16148
info|2019-12-12 15:01:36.503155|[g:1][CONSENSUS][SEALER]++++++++++++++++ Generating seal on,blkNum=6,tx=0,nodeIdx=1,hash=e3f14011...
info|2019-12-12 15:01:36.510839|[g:1][CONSENSUS][PBFT]checkTimeout Succ,view=16148,toView=16149,nodeIdx=1,changeCycle=0,myNode=729ae2cc...,timecost=6.668
info|2019-12-12 15:01:36.516973|[g:1][CONSENSUS][PBFT]checkAndChangeView: Reach consensus,org_view=16148,org_changeCycle=0,cur_changeCycle=0,to_view=16149
info|2019-12-12 15:01:37.517588|[g:1][CONSENSUS]addRawPrepare,height=6,reqIdx=2,hash=fe804dff...
info|2019-12-12 15:01:37.518326|[g:1][CONSENSUS][PBFT]checkTimeout Succ,view=16149,toView=16150,nodeIdx=1,changeCycle=0,myNode=729ae2cc...,timecost=0.592
info|2019-12-12 15:01:37.520055|[g:1][CONSENSUS][PBFT]checkAndChangeView: Reach consensus,org_view=16149,org_changeCycle=0,cur_changeCycle=0,to_view=16150
info|2019-12-12 15:01:38.526863|[g:1][CONSENSUS]addRawPrepare,height=6,reqIdx=3,hash=169f6c5a...
info|2019-12-12 15:01:38.532950|[g:1][CONSENSUS][PBFT]checkTimeout Succ,view=16150,toView=16151,nodeIdx=1,changeCycle=0,myNode=729ae2cc...,timecost=4.081
info|2019-12-12 15:01:38.540435|[g:1][CONSENSUS][PBFT]checkAndChangeView: Reach consensus,org_view=16150,org_changeCycle=0,cur_changeCycle=0,to_view=16151
info|2019-12-12 15:01:39.541467|[g:1][CONSENSUS]addRawPrepare,height=6,reqIdx=0,hash=bbee6692...
info|2019-12-12 15:01:39.549613|[g:1][CONSENSUS][PBFT]checkTimeout Succ,view=16151,toView=16152,nodeIdx=1,changeCycle=0,myNode=729ae2cc...,timecost=4.212
info|2019-12-12 15:01:39.558783|[g:1][CONSENSUS][PBFT]checkAndChangeView: Reach consensus,org_view=16151,org_changeCycle=0,cur_changeCycle=0,to_view=16152
info|2019-12-12 15:01:40.559284|[g:1][CONSENSUS][SEALER]++++++++++++++++ Generating seal on,blkNum=6,tx=0,nodeIdx=1,hash=74de4aaa...
info|2019-12-12 15:01:40.568661|[g:1][CONSENSUS][PBFT]checkTimeout Succ,view=16152,toView=16153,nodeIdx=1,changeCycle=0,myNode=729ae2cc...,timecost=1.812
info|2019-12-12 15:01:40.575367|[g:1][CONSENSUS][PBFT]checkAndChangeView: Reach consensus,org_view=16152,org_changeCycle=0,cur_changeCycle=0,to_view=16153
info|2019-12-12 15:01:41.586296|[g:1][CONSENSUS]addRawPrepare,height=6,reqIdx=2,hash=9b149db5...
info|2019-12-12 15:01:41.590745|[g:1][CONSENSUS][PBFT]checkTimeout Succ,view=16153,toView=16154,nodeIdx=1,changeCycle=0,myNode=729ae2cc...,timecost=2.648
info|2019-12-12 15:01:41.597370|[g:1][CONSENSUS][PBFT]checkAndChangeView: Reach consensus,org_view=16153,org_changeCycle=0,cur_changeCycle=0,to_view=16154
info|2019-12-12 15:01:41.934797|[P2P][Service] heartBeat,connected count=3
info|2019-12-12 15:01:42.603656|[g:1][CONSENSUS]addRawPrepare,height=6,reqIdx=3,hash=00155f32...
info|2019-12-12 15:01:42.603948|[g:1][CONSENSUS][PBFT]checkTimeout Succ,view=16154,toView=16155,nodeIdx=1,changeCycle=0,myNode=729ae2cc...,timecost=0.237
info|2019-12-12 15:01:42.604501|[g:1][CONSENSUS][PBFT]checkAndChangeView: Reach consensus,org_view=16154,org_changeCycle=0,cur_changeCycle=0,to_view=16155
info|2019-12-12 15:01:43.611401|[g:1][CONSENSUS]addRawPrepare,height=6,reqIdx=0,hash=2c517fe0...
info|2019-12-12 15:01:43.618393|[g:1][CONSENSUS][PBFT]checkTimeout Succ,view=16155,toView=16156,nodeIdx=1,changeCycle=0,myNode=729ae2cc...,timecost=6.317
info|2019-12-12 15:01:43.625552|[g:1][CONSENSUS][PBFT]checkAndChangeView: Reach consensus,org_view=16155,org_changeCycle=0,cur_changeCycle=0,to_view=16156
info|2019-12-12 15:01:44.625491|[g:1][CONSENSUS][SEALER]++++++++++++++++ Generating seal on,blkNum=6,tx=0,nodeIdx=1,hash=871b44a8...
info|2019-12-12 15:01:44.632575|[g:1][CONSENSUS][PBFT]checkTimeout Succ,view=16156,toView=16157,nodeIdx=1,changeCycle=0,myNode=729ae2cc...,timecost=3.526
info|2019-12-12 15:01:44.643165|[g:1][CONSENSUS][PBFT]checkAndChangeView: Reach consensus,org_view=16156,org_changeCycle=0,cur_changeCycle=0,to_view=16157
info|2019-12-12 15:01:45.644455|[g:1][CONSENSUS]addRawPrepare,height=6,reqIdx=2,hash=bab56d49...
info|2019-12-12 15:01:45.646678|[g:1][CONSENSUS][PBFT]checkTimeout Succ,view=16157,toView=16158,nodeIdx=1,changeCycle=0,myNode=729ae2cc...,timecost=1.843
info|2019-12-12 15:01:45.653957|[g:1][CONSENSUS][PBFT]checkAndChangeView: Reach consensus,org_view=16157,org_changeCycle=0,cur_changeCycle=0,to_view=16158
info|2019-12-12 15:01:46.666490|[g:1][CONSENSUS]addRawPrepare,height=6,reqIdx=3,hash=0944acc3...
info|2019-12-12 15:01:46.667006|[g:1][CONSENSUS][PBFT]checkTimeout Succ,view=16158,toView=16159,nodeIdx=1,changeCycle=0,myNode=729ae2cc...,timecost=0.4
info|2019-12-12 15:01:46.668758|[g:1][CONSENSUS][PBFT]checkAndChangeView: Reach consensus,org_view=16158,org_changeCycle=0,cur_changeCycle=0,to_view=16159
info|2019-12-12 15:01:47.670990|[g:1][CONSENSUS]addRawPrepare,height=6,reqIdx=0,hash=1133aa42...
info|2019-12-12 15:01:47.672275|[g:1][CONSENSUS][PBFT]checkTimeout Succ,view=16159,toView=16160,nodeIdx=1,changeCycle=0,myNode=729ae2cc...,timecost=0.998
info|2019-12-12 15:01:47.676564|[g:1][CONSENSUS][PBFT]checkAndChangeView: Reach consensus,org_view=16159,org_changeCycle=0,cur_changeCycle=0,to_view=16160
info|2019-12-12 15:01:48.676799|[g:1][CONSENSUS][SEALER]++++++++++++++++ Generating seal on,blkNum=6,tx=0,nodeIdx=1,hash=51a6add6...
info|2019-12-12 15:01:48.679571|[g:1][CONSENSUS][PBFT]checkTimeout Succ,view=16160,toView=16161,nodeIdx=1,changeCycle=0,myNode=729ae2cc...,timecost=1.413
info|2019-12-12 15:01:48.688554|[g:1][CONSENSUS][PBFT]checkAndChangeView: Reach consensus,org_view=16160,org_changeCycle=0,cur_changeCycle=0,to_view=16161
info|2019-12-12 15:01:49.698262|[g:1][CONSENSUS]addRawPrepare,height=6,reqIdx=2,hash=5f53da44...
info|2019-12-12 15:01:49.701262|[g:1][CONSENSUS][PBFT]checkTimeout Succ,view=16161,toView=16162,nodeIdx=1,changeCycle=0,myNode=729ae2cc...,timecost=2.023
info|2019-12-12 15:01:49.707160|[g:1][CONSENSUS][PBFT]checkAndChangeView: Reach consensus,org_view=16161,org_changeCycle=0,cur_changeCycle=0,to_view=16162
info|2019-12-12 15:01:50.715410|[g:1][CONSENSUS]addRawPrepare,height=6,reqIdx=3,hash=bb15b1fb...
info|2019-12-12 15:01:50.719732|[g:1][CONSENSUS][PBFT]checkTimeout Succ,view=16162,toView=16163,nodeIdx=1,changeCycle=0,myNode=729ae2cc...,timecost=3.941
info|2019-12-12 15:01:50.725963|[g:1][CONSENSUS][PBFT]checkAndChangeView: Reach consensus,org_view=16162,org_changeCycle=0,cur_changeCycle=0,to_view=16163
info|2019-12-12 15:01:51.731250|[g:1][CONSENSUS]addRawPrepare,height=6,reqIdx=0,hash=c72f4ba7...
info|2019-12-12 15:01:51.731980|[g:1][CONSENSUS][PBFT]checkTimeout Succ,view=16163,toView=16164,nodeIdx=1,changeCycle=0,myNode=729ae2cc...,timecost=0.573
info|2019-12-12 15:01:51.733533|[g:1][CONSENSUS][PBFT]checkAndChangeView: Reach consensus,org_view=16163,org_changeCycle=0,cur_changeCycle=0,to_view=16164
info|2019-12-12 15:01:51.935000|[P2P][Service] heartBeat,connected count=3
info|2019-12-12 15:01:52.733823|[g:1][CONSENSUS][SEALER]++++++++++++++++ Generating seal on,blkNum=6,tx=0,nodeIdx=1,hash=d6ee8127...
info|2019-12-12 15:01:52.736260|[g:1][CONSENSUS][PBFT]checkTimeout Succ,view=16164,toView=16165,nodeIdx=1,changeCycle=0,myNode=729ae2cc...,timecost=1.118
info|2019-12-12 15:01:52.747519|[g:1][CONSENSUS][PBFT]checkAndChangeView: Reach consensus,org_view=16164,org_changeCycle=0,cur_changeCycle=0,to_view=16165
info|2019-12-12 15:01:53.756579|[g:1][CONSENSUS]addRawPrepare,height=6,reqIdx=2,hash=871d128f...
info|2019-12-12 15:01:53.759197|[g:1][CONSENSUS][PBFT]checkTimeout Succ,view=16165,toView=16166,nodeIdx=1,changeCycle=0,myNode=729ae2cc...,timecost=2.055
info|2019-12-12 15:01:53.765854|[g:1][CONSENSUS][PBFT]checkAndChangeView: Reach consensus,org_view=16165,org_changeCycle=0,cur_changeCycle=0,to_view=16166
info|2019-12-12 15:01:54.771200|[g:1][CONSENSUS]addRawPrepare,height=6,reqIdx=3,hash=8d610e4b...
info|2019-12-12 15:01:54.771737|[g:1][CONSENSUS][PBFT]checkTimeout Succ,view=16166,toView=16167,nodeIdx=1,changeCycle=0,myNode=729ae2cc...,timecost=0.453
info|2019-12-12 15:01:54.774113|[g:1][CONSENSUS][PBFT]checkAndChangeView: Reach consensus,org_view=16166,org_changeCycle=0,cur_changeCycle=0,to_view=16167
info|2019-12-12 15:01:55.783562|[g:1][CONSENSUS]addRawPrepare,height=6,reqIdx=0,hash=134e8512...
info|2019-12-12 15:01:55.794500|[g:1][CONSENSUS][PBFT]checkTimeout Succ,view=16167,toView=16168,nodeIdx=1,changeCycle=0,myNode=729ae2cc...,timecost=9.837
info|2019-12-12 15:01:55.801841|[g:1][CONSENSUS][PBFT]checkAndChangeView: Reach consensus,org_view=16167,org_changeCycle=0,cur_changeCycle=0,to_view=16168
info|2019-12-12 15:01:56.801976|[g:1][CONSENSUS][SEALER]++++++++++++++++ Generating seal on,blkNum=6,tx=0,nodeIdx=1,hash=387e1741...
info|2019-12-12 15:01:56.819581|[g:1][CONSENSUS][PBFT]checkTimeout Succ,view=16168,toView=16169,nodeIdx=1,changeCycle=0,myNode=729ae2cc...,timecost=7.75
info|2019-12-12 15:01:56.824360|[g:1][CONSENSUS][PBFT]checkAndChangeView: Reach consensus,org_view=16168,org_changeCycle=0,cur_changeCycle=0,to_view=16169
info|2019-12-12 15:01:57.837883|[g:1][CONSENSUS]addRawPrepare,height=6,reqIdx=2,hash=4821f12f...
info|2019-12-12 15:01:57.841350|[g:1][CONSENSUS][PBFT]checkTimeout Succ,view=16169,toView=16170,nodeIdx=1,changeCycle=0,myNode=729ae2cc...,timecost=3.239
info|2019-12-12 15:01:57.848487|[g:1][CONSENSUS][PBFT]checkAndChangeView: Reach consensus,org_view=16169,org_changeCycle=0,cur_changeCycle=0,to_view=16170
info|2019-12-12 15:01:58.849664|[g:1][CONSENSUS]addRawPrepare,height=6,reqIdx=3,hash=fbb17923...
info|2019-12-12 15:01:58.852717|[g:1][CONSENSUS][PBFT]checkTimeout Succ,view=16170,toView=16171,nodeIdx=1,changeCycle=0,myNode=729ae2cc...,timecost=2.176
info|2019-12-12 15:01:58.863343|[g:1][CONSENSUS][PBFT]checkAndChangeView: Reach consensus,org_view=16170,org_changeCycle=0,cur_changeCycle=0,to_view=16171
info|2019-12-12 15:01:59.865236|[g:1][CONSENSUS]addRawPrepare,height=6,reqIdx=0,hash=643061d4...
info|2019-12-12 15:01:59.868745|[g:1][CONSENSUS][PBFT]checkTimeout Succ,view=16171,toView=16172,nodeIdx=1,changeCycle=0,myNode=729ae2cc...,timecost=2.406
info|2019-12-12 15:01:59.876370|[g:1][CONSENSUS][PBFT]checkAndChangeView: Reach consensus,org_view=16171,org_changeCycle=0,cur_changeCycle=0,to_view=16172
info|2019-12-12 15:02:00.876908|[g:1][CONSENSUS][SEALER]++++++++++++++++ Generating seal on,blkNum=6,tx=0,nodeIdx=1,hash=c6c770fb...
info|2019-12-12 15:02:00.885889|[g:1][CONSENSUS][PBFT]checkTimeout Succ,view=16172,toView=16173,nodeIdx=1,changeCycle=0,myNode=729ae2cc...,timecost=1.55
info|2019-12-12 15:02:00.891836|[g:1][CONSENSUS][PBFT]checkAndChangeView: Reach consensus,org_view=16172,org_changeCycle=0,cur_changeCycle=0,to_view=16173
info|2019-12-12 15:02:01.896625|[g:1][CONSENSUS]addRawPrepare,height=6,reqIdx=2,hash=e2164c3c...
info|2019-12-12 15:02:01.899450|[g:1][CONSENSUS][PBFT]checkTimeout Succ,view=16173,toView=16174,nodeIdx=1,changeCycle=0,myNode=729ae2cc...,timecost=1.942
info|2019-12-12 15:02:01.906097|[g:1][CONSENSUS][PBFT]checkAndChangeView: Reach consensus,org_view=16173,org_changeCycle=0,cur_changeCycle=0,to_view=16174
info|2019-12-12 15:02:01.935268|[P2P][Service] heartBeat,connected count=3
info|2019-12-12 15:02:02.916919|[g:1][CONSENSUS]addRawPrepare,height=6,reqIdx=3,hash=2e245e18...
info|2019-12-12 15:02:02.918729|[g:1][CONSENSUS][PBFT]checkTimeout Succ,view=16174,toView=16175,nodeIdx=1,changeCycle=0,myNode=729ae2cc...,timecost=1.391
info|2019-12-12 15:02:02.924585|[g:1][CONSENSUS][PBFT]checkAndChangeView: Reach consensus,org_view=16174,org_changeCycle=0,cur_changeCycle=0,to_view=16175
info|2019-12-12 15:02:03.942343|[g:1][CONSENSUS]addRawPrepare,height=6,reqIdx=0,hash=83b0d8b9...
info|2019-12-12 15:02:03.947356|[g:1][CONSENSUS][PBFT]checkTimeout Succ,view=16175,toView=16176,nodeIdx=1,changeCycle=0,myNode=729ae2cc...,timecost=3.388
info|2019-12-12 15:02:03.954507|[g:1][CONSENSUS][PBFT]checkAndChangeView: Reach consensus,org_view=16175,org_changeCycle=0,cur_changeCycle=0,to_view=16176
info|2019-12-12 15:02:04.955214|[g:1][CONSENSUS][SEALER]++++++++++++++++ Generating seal on,blkNum=6,tx=0,nodeIdx=1,hash=7d46e506...
info|2019-12-12 15:02:04.967693|[g:1][CONSENSUS][PBFT]checkTimeout Succ,view=16176,toView=16177,nodeIdx=1,changeCycle=0,myNode=729ae2cc...,timecost=2.074
info|2019-12-12 15:02:04.977941|[g:1][CONSENSUS][PBFT]checkAndChangeView: Reach consensus,org_view=16176,org_changeCycle=0,cur_changeCycle=0,to_view=16177
info|2019-12-12 15:02:05.979399|[g:1][CONSENSUS]addRawPrepare,height=6,reqIdx=2,hash=9c17ee90...
info|2019-12-12 15:02:05.984171|[g:1][CONSENSUS][PBFT]checkTimeout Succ,view=16177,toView=16178,nodeIdx=1,changeCycle=0,myNode=729ae2cc...,timecost=2.852
info|2019-12-12 15:02:05.988436|[g:1][CONSENSUS][PBFT]checkAndChangeView: Reach consensus,org_view=16177,org_changeCycle=0,cur_changeCycle=0,to_view=16178
info|2019-12-12 15:02:06.998625|[g:1][CONSENSUS]addRawPrepare,height=6,reqIdx=3,hash=5697c56f...
info|2019-12-12 15:02:06.999540|[g:1][CONSENSUS][PBFT]checkTimeout Succ,view=16178,toView=16179,nodeIdx=1,changeCycle=0,myNode=729ae2cc...,timecost=0.775
info|2019-12-12 15:02:07.000789|[g:1][CONSENSUS][PBFT]checkAndChangeView: Reach consensus,org_view=16178,org_changeCycle=0,cur_changeCycle=0,to_view=16179
info|2019-12-12 15:02:08.008076|[g:1][CONSENSUS]addRawPrepare,height=6,reqIdx=0,hash=1eaf2cde...
info|2019-12-12 15:02:08.010550|[g:1][CONSENSUS][PBFT]checkTimeout Succ,view=16179,toView=16180,nodeIdx=1,changeCycle=0,myNode=729ae2cc...,timecost=2.096
info|2019-12-12 15:02:08.016342|[g:1][CONSENSUS][PBFT]checkAndChangeView: Reach consensus,org_view=16179,org_changeCycle=0,cur_changeCycle=0,to_view=16180
info|2019-12-12 15:02:09.016829|[g:1][CONSENSUS][SEALER]++++++++++++++++ Generating seal on,blkNum=6,tx=0,nodeIdx=1,hash=a982c6bf...
info|2019-12-12 15:02:09.019911|[g:1][CONSENSUS][PBFT]checkTimeout Succ,view=16180,toView=16181,nodeIdx=1,changeCycle=0,myNode=729ae2cc...,timecost=1.906
info|2019-12-12 15:02:09.032705|[g:1][CONSENSUS][PBFT]checkAndChangeView: Reach consensus,org_view=16180,org_changeCycle=0,cur_changeCycle=0,to_view=16181
info|2019-12-12 15:02:10.039543|[g:1][CONSENSUS]addRawPrepare,height=6,reqIdx=2,hash=f7f9d8e8...
info|2019-12-12 15:02:10.042818|[g:1][CONSENSUS][PBFT]checkTimeout Succ,view=16181,toView=16182,nodeIdx=1,changeCycle=0,myNode=729ae2cc...,timecost=2.322
info|2019-12-12 15:02:10.049790|[g:1][CONSENSUS][PBFT]checkAndChangeView: Reach consensus,org_view=16181,org_changeCycle=0,cur_changeCycle=0,to_view=16182
info|2019-12-12 15:02:11.057141|[g:1][CONSENSUS]addRawPrepare,height=6,reqIdx=3,hash=e6ce23b0...
info|2019-12-12 15:02:11.062969|[g:1][CONSENSUS][PBFT]checkTimeout Succ,view=16182,toView=16183,nodeIdx=1,changeCycle=0,myNode=729ae2cc...,timecost=3.227
info|2019-12-12 15:02:11.069975|[g:1][CONSENSUS][PBFT]checkAndChangeView: Reach consensus,org_view=16182,org_changeCycle=0,cur_changeCycle=0,to_view=16183
info|2019-12-12 15:02:11.935476|[P2P][Service] heartBeat,connected count=3
info|2019-12-12 15:02:12.078557|[g:1][CONSENSUS]addRawPrepare,height=6,reqIdx=0,hash=39c7ce20...
info|2019-12-12 15:02:12.080457|[g:1][CONSENSUS][PBFT]checkTimeout Succ,view=16183,toView=16184,nodeIdx=1,changeCycle=0,myNode=729ae2cc...,timecost=1.496
info|2019-12-12 15:02:12.090093|[g:1][CONSENSUS][PBFT]checkAndChangeView: Reach consensus,org_view=16183,org_changeCycle=0,cur_changeCycle=0,to_view=16184
info|2019-12-12 15:02:13.091374|[g:1][CONSENSUS][SEALER]++++++++++++++++ Generating seal on,blkNum=6,tx=0,nodeIdx=1,hash=d364390b...
info|2019-12-12 15:02:13.103279|[g:1][CONSENSUS][PBFT]checkTimeout Succ,view=16184,toView=16185,nodeIdx=1,changeCycle=0,myNode=729ae2cc...,timecost=4.324
info|2019-12-12 15:02:13.109858|[g:1][CONSENSUS][PBFT]checkAndChangeView: Reach consensus,org_view=16184,org_changeCycle=0,cur_changeCycle=0,to_view=16185
info|2019-12-12 15:02:14.109431|[g:1][CONSENSUS]addRawPrepare,height=6,reqIdx=2,hash=3cc3ef68...
info|2019-12-12 15:02:14.114971|[g:1][CONSENSUS][PBFT]checkTimeout Succ,view=16185,toView=16186,nodeIdx=1,changeCycle=0,myNode=729ae2cc...,timecost=4.004
info|2019-12-12 15:02:14.122373|[g:1][CONSENSUS][PBFT]checkAndChangeView: Reach consensus,org_view=16185,org_changeCycle=0,cur_changeCycle=0,to_view=16186
warning|2019-12-12 15:02:14.668980|[NETWORK][Session]doRead error,endpoint=127.0.0.1:30300,message=stream truncated
info|2019-12-12 15:02:14.669010|[NETWORK][Session]drop, call and erase all callbackFunc in this session!,endpoint=127.0.0.1:30300
warning|2019-12-12 15:02:14.669026|[NETWORK][Session][drop] closing remote 127.0.0.1:30300,reason=Low-level TCP communication error.,endpoint=127.0.0.1:30300
warning|2019-12-12 15:02:14.669038|[P2P][Service] disconnect error P2PSession,nodeID=3f806b74...,endpoint=127.0.0.1:30300,errorCode=3,what=Disconnect
warning|2019-12-12 15:02:14.669055|[P2P][Service] onDisconnect,errorCode=3,what=Dynamic exception type: dev::network::NetworkException
std::exception::what: Disconnect

warning|2019-12-12 15:02:14.669085|[NETWORK][Session][drop] shutdown failed ,errorValue=9,message=
info|2019-12-12 15:02:15.130429|[g:1][CONSENSUS]addRawPrepare,height=6,reqIdx=3,hash=ece3e563...
info|2019-12-12 15:02:15.132071|[g:1][CONSENSUS][PBFT]checkTimeout Succ,view=16186,toView=16187,nodeIdx=1,changeCycle=0,myNode=729ae2cc...,timecost=1.02
info|2019-12-12 15:02:15.136341|[g:1][CONSENSUS][PBFT]checkAndChangeView: Reach consensus,org_view=16186,org_changeCycle=0,cur_changeCycle=0,to_view=16187
warning|2019-12-12 15:02:18.142605|[g:1][CONSENSUS][PBFT]ViewChangeWarning: not caused by omit empty block ,v=16187,toV=16188,curNum=5,hash=701390ee...,nodeIdx=1,myNode=729ae2cc...
info|2019-12-12 15:02:18.143408|[g:1][CONSENSUS][PBFT]checkTimeout Succ,view=16187,toView=16188,nodeIdx=1,changeCycle=1,myNode=729ae2cc...,timecost=2.15
info|2019-12-12 15:02:18.148862|[g:1][CONSENSUS][PBFT]checkAndChangeView: Reach consensus,org_view=16187,org_changeCycle=1,cur_changeCycle=1,to_view=16188
info|2019-12-12 15:02:19.149436|[g:1][CONSENSUS][SEALER]++++++++++++++++ Generating seal on,blkNum=6,tx=0,nodeIdx=1,hash=1f993348...
info|2019-12-12 15:02:19.152131|[g:1][CONSENSUS][PBFT]checkTimeout Succ,view=16188,toView=16189,nodeIdx=1,changeCycle=0,myNode=729ae2cc...,timecost=1.589
info|2019-12-12 15:02:19.160798|[g:1][CONSENSUS][PBFT]checkAndChangeView: Reach consensus,org_view=16188,org_changeCycle=0,cur_changeCycle=0,to_view=16189
